-- Found ament_cmake_auto: 1.3.11 (/opt/ros/humble/share/ament_cmake_auto/cmake)
-- Using all available rosidl_typesupport_c: rosidl_typesupport_fastrtps_c;rosidl_typesupport_introspection_c
-- Found rosidl_adapter: 3.1.6 (/opt/ros/humble/share/rosidl_adapter/cmake)
-- Using all available rosidl_typesupport_cpp: rosidl_typesupport_fastrtps_cpp;rosidl_typesupport_introspection_cpp
-- Found rmw_implementation_cmake: 6.1.2 (/opt/ros/humble/share/rmw_implementation_cmake/cmake)
-- Found rmw_fastrtps_cpp: 6.2.7 (/opt/ros/humble/share/rmw_fastrtps_cpp/cmake)
-- Using RMW implementation 'rmw_fastrtps_cpp' as default
-- Found eigen3_cmake_module: 0.1.1 (/opt/ros/humble/share/eigen3_cmake_module/cmake)
-- Ensuring Eigen3 include directory is part of orocos-kdl CMake target
-- Found ament_cmake_ros: 0.10.0 (/opt/ros/humble/share/ament_cmake_ros/cmake)
-- Using all available rosidl_typesupport_c: rosidl_typesupport_fastrtps_c;rosidl_typesupport_introspection_c
-- Using all available rosidl_typesupport_cpp: rosidl_typesupport_fastrtps_cpp;rosidl_typesupport_introspection_cpp
-- Found python_cmake_module: 0.10.0 (/opt/ros/humble/share/python_cmake_module/cmake)
-- Using PYTHON_EXECUTABLE: /usr/bin/python3
-- Using PYTHON_INCLUDE_DIRS: /usr/include/python3.10
-- Using PYTHON_LIBRARIES: /usr/lib/x86_64-linux-gnu/libpython3.10.so
-- Configuring done
-- Generating done
-- Build files have been written to: /shared_ws/build/baxter_bridge
Consolidate compiler generated dependencies of target baxter_bridge__rosidl_generator_c
[  2%] Building C object CMakeFiles/baxter_bridge__rosidl_generator_c.dir/rosidl_generator_c/baxter_bridge/srv/detail/open__functions.c.o
[  6%] Building C object CMakeFiles/baxter_bridge__rosidl_generator_c.dir/rosidl_generator_c/baxter_bridge/srv/detail/exists__functions.c.o
[  6%] Built target baxter_bridge__cpp
[  6%] Built target ament_cmake_python_copy_baxter_bridge
Consolidate compiler generated dependencies of target baxter_bridge__rosidl_typesupport_cpp
Consolidate compiler generated dependencies of target baxter_bridge__rosidl_typesupport_introspection_cpp
Consolidate compiler generated dependencies of target baxter_bridge__rosidl_typesupport_fastrtps_cpp
[ 12%] Building CXX object CMakeFiles/baxter_bridge__rosidl_typesupport_introspection_cpp.dir/rosidl_typesupport_introspection_cpp/baxter_bridge/srv/detail/open__type_support.cpp.o
[ 12%] Building CXX object CMakeFiles/baxter_bridge__rosidl_typesupport_cpp.dir/rosidl_typesupport_cpp/baxter_bridge/srv/exists__type_support.cpp.o
[ 12%] Building CXX object CMakeFiles/baxter_bridge__rosidl_typesupport_introspection_cpp.dir/rosidl_typesupport_introspection_cpp/baxter_bridge/srv/detail/exists__type_support.cpp.o
[ 14%] Building CXX object CMakeFiles/baxter_bridge__rosidl_typesupport_cpp.dir/rosidl_typesupport_cpp/baxter_bridge/srv/open__type_support.cpp.o
[ 17%] Building CXX object CMakeFiles/baxter_bridge__rosidl_typesupport_fastrtps_cpp.dir/rosidl_typesupport_fastrtps_cpp/baxter_bridge/srv/detail/dds_fastrtps/exists__type_support.cpp.o
[ 19%] Building CXX object CMakeFiles/baxter_bridge__rosidl_typesupport_fastrtps_cpp.dir/rosidl_typesupport_fastrtps_cpp/baxter_bridge/srv/detail/dds_fastrtps/open__type_support.cpp.o
[ 21%] Linking C shared library libbaxter_bridge__rosidl_generator_c.so
[ 23%] Built target baxter_bridge__rosidl_generator_c
running egg_info
writing baxter_bridge.egg-info/PKG-INFO
writing dependency_links to baxter_bridge.egg-info/dependency_links.txt
writing top-level names to baxter_bridge.egg-info/top_level.txt
reading manifest file 'baxter_bridge.egg-info/SOURCES.txt'
writing manifest file 'baxter_bridge.egg-info/SOURCES.txt'
Consolidate compiler generated dependencies of target baxter_bridge__rosidl_typesupport_fastrtps_c
Consolidate compiler generated dependencies of target baxter_bridge__rosidl_typesupport_c
Consolidate compiler generated dependencies of target baxter_bridge__rosidl_typesupport_introspection_c
[ 25%] Building CXX object CMakeFiles/baxter_bridge__rosidl_typesupport_fastrtps_c.dir/rosidl_typesupport_fastrtps_c/baxter_bridge/srv/detail/open__type_support_c.cpp.o
[ 27%] Building CXX object CMakeFiles/baxter_bridge__rosidl_typesupport_fastrtps_c.dir/rosidl_typesupport_fastrtps_c/baxter_bridge/srv/detail/exists__type_support_c.cpp.o
[ 31%] Building CXX object CMakeFiles/baxter_bridge__rosidl_typesupport_c.dir/rosidl_typesupport_c/baxter_bridge/srv/open__type_support.cpp.o
[ 31%] Building CXX object CMakeFiles/baxter_bridge__rosidl_typesupport_c.dir/rosidl_typesupport_c/baxter_bridge/srv/exists__type_support.cpp.o
[ 34%] Building C object CMakeFiles/baxter_bridge__rosidl_typesupport_introspection_c.dir/rosidl_typesupport_introspection_c/baxter_bridge/srv/detail/open__type_support.c.o
[ 36%] Building C object CMakeFiles/baxter_bridge__rosidl_typesupport_introspection_c.dir/rosidl_typesupport_introspection_c/baxter_bridge/srv/detail/exists__type_support.c.o
[ 36%] Built target ament_cmake_python_build_baxter_bridge_egg
[ 38%] Linking CXX shared library libbaxter_bridge__rosidl_typesupport_c.so
[ 40%] Linking C shared library libbaxter_bridge__rosidl_typesupport_introspection_c.so
[ 42%] Built target baxter_bridge__rosidl_typesupport_c
[ 44%] Built target baxter_bridge__rosidl_typesupport_introspection_c
[ 46%] Linking CXX shared library libbaxter_bridge__rosidl_typesupport_cpp.so
[ 48%] Built target baxter_bridge__rosidl_typesupport_cpp
[ 51%] Building CXX object CMakeFiles/bridge.dir/src/topic_poller.cpp.o
[ 53%] Building CXX object CMakeFiles/bridge.dir/src/baxter_bridge.cpp.o
[ 55%] Building CXX object CMakeFiles/bridge.dir/src/factory.cpp.o
[ 57%] Building CXX object CMakeFiles/bridge.dir/src/bridge.cpp.o
[ 61%] Building CXX object CMakeFiles/bridge.dir/src/monitor.cpp.o
[ 61%] Building CXX object CMakeFiles/bridge.dir/src/factory_1to2.cpp.o
[ 63%] Building CXX object CMakeFiles/bridge.dir/src/factory_2to1.cpp.o
[ 65%] Linking CXX shared library libbaxter_bridge__rosidl_typesupport_introspection_cpp.so
[ 68%] Linking CXX shared library libbaxter_bridge__rosidl_typesupport_fastrtps_cpp.so
[ 70%] Built target baxter_bridge__rosidl_typesupport_introspection_cpp
[ 72%] Built target baxter_bridge__rosidl_typesupport_fastrtps_cpp
[ 74%] Linking CXX shared library libbaxter_bridge__rosidl_typesupport_fastrtps_c.so
[ 76%] Built target baxter_bridge__rosidl_typesupport_fastrtps_c
