[0.017s] Invoking command in '/shared_ws/build/baxter_bridge': AMENT_PREFIX_PATH=/shared_ws/install/baxter_maintenance_msgs:/shared_ws/install/baxter_core_msgs:${AMENT_PREFIX_PATH} CMAKE_PREFIX_PATH=/shared_ws/install/baxter_maintenance_msgs:/shared_ws/install/baxter_core_msgs:/opt/ros/humble LD_LIBRARY_PATH=/shared_ws/install/baxter_maintenance_msgs/lib:/shared_ws/install/baxter_core_msgs/lib:${LD_LIBRARY_PATH} PYTHONPATH=/shared_ws/install/baxter_maintenance_msgs/local/lib/python3.10/dist-packages:/shared_ws/install/baxter_core_msgs/local/lib/python3.10/dist-packages:${PYTHONPATH} /usr/bin/cmake /shared_ws/src/baxter_bridge -DCMAKE_INSTALL_PREFIX=/shared_ws/install/baxter_bridge
[0.118s] -- The C compiler identification is GNU 11.4.0
[0.183s] -- The CXX compiler identification is GNU 11.4.0
[0.189s] -- Detecting C compiler ABI info
[0.235s] -- Detecting C compiler ABI info - done
[0.240s] -- Check for working C compiler: /usr/bin/cc - skipped
[0.240s] -- Detecting C compile features
[0.241s] -- Detecting C compile features - done
[0.243s] -- Detecting CXX compiler ABI info
[0.296s] -- Detecting CXX compiler ABI info - done
[0.301s] -- Check for working CXX compiler: /usr/bin/c++ - skipped
[0.301s] -- Detecting CXX compile features
[0.302s] -- Detecting CXX compile features - done
[0.303s] -- Found ament_cmake_auto: 1.3.11 (/opt/ros/humble/share/ament_cmake_auto/cmake)
[0.393s] -- Found Python3: /usr/bin/python3 (found version "3.10.12") found components: Interpreter 
[0.513s] -- Using all available rosidl_typesupport_c: rosidl_typesupport_fastrtps_c;rosidl_typesupport_introspection_c
[0.519s] -- Found rosidl_adapter: 3.1.6 (/opt/ros/humble/share/rosidl_adapter/cmake)
[0.553s] -- Using all available rosidl_typesupport_cpp: rosidl_typesupport_fastrtps_cpp;rosidl_typesupport_introspection_cpp
[0.633s] -- Found rmw_implementation_cmake: 6.1.2 (/opt/ros/humble/share/rmw_implementation_cmake/cmake)
[0.635s] -- Found rmw_fastrtps_cpp: 6.2.7 (/opt/ros/humble/share/rmw_fastrtps_cpp/cmake)
[0.692s] -- Found OpenSSL: /usr/lib/x86_64-linux-gnu/libcrypto.so (found version "3.0.2")  
[0.705s] -- Found FastRTPS: /opt/ros/humble/include  
[0.727s] -- Using RMW implementation 'rmw_fastrtps_cpp' as default
[0.735s] -- Looking for pthread.h
[0.783s] -- Looking for pthread.h - found
[0.783s] -- Performing Test CMAKE_HAVE_LIBC_PTHREAD
[0.827s] -- Performing Test CMAKE_HAVE_LIBC_PTHREAD - Success
[0.827s] -- Found Threads: TRUE  
[0.970s] -- Found eigen3_cmake_module: 0.1.1 (/opt/ros/humble/share/eigen3_cmake_module/cmake)
[0.971s] -- Found Eigen3: TRUE (found version "3.4.0") 
[0.971s] -- Ensuring Eigen3 include directory is part of orocos-kdl CMake target
[1.206s] -- Found ament_cmake_ros: 0.10.0 (/opt/ros/humble/share/ament_cmake_ros/cmake)
[1.314s] -- Using all available rosidl_typesupport_c: rosidl_typesupport_fastrtps_c;rosidl_typesupport_introspection_c
[1.449s] -- Using all available rosidl_typesupport_cpp: rosidl_typesupport_fastrtps_cpp;rosidl_typesupport_introspection_cpp
[1.462s] -- Found PythonInterp: /usr/bin/python3 (found suitable version "3.10.12", minimum required is "3.6") 
[1.463s] -- Found python_cmake_module: 0.10.0 (/opt/ros/humble/share/python_cmake_module/cmake)
[1.477s] -- Found PythonLibs: /usr/lib/x86_64-linux-gnu/libpython3.10.so (found suitable version "3.10.12", minimum required is "3.5") 
[1.477s] -- Using PYTHON_EXECUTABLE: /usr/bin/python3
[1.477s] -- Using PYTHON_INCLUDE_DIRS: /usr/include/python3.10
[1.477s] -- Using PYTHON_LIBRARIES: /usr/lib/x86_64-linux-gnu/libpython3.10.so
[1.487s] -- Found PythonExtra: .so  
[1.512s] CMake Error at CMakeLists.txt:50 (find_package):
[1.512s]   By not providing "FindOpenCV.cmake" in CMAKE_MODULE_PATH this project has
[1.512s]   asked CMake to find a package configuration file provided by "OpenCV", but
[1.512s]   CMake did not find one.
[1.512s] 
[1.512s]   Could not find a package configuration file provided by "OpenCV" with any
[1.513s]   of the following names:
[1.513s] 
[1.513s]     OpenCVConfig.cmake
[1.513s]     opencv-config.cmake
[1.513s] 
[1.513s]   Add the installation prefix of "OpenCV" to CMAKE_PREFIX_PATH or set
[1.513s]   "OpenCV_DIR" to a directory containing one of the above files.  If "OpenCV"
[1.513s]   provides a separate development package or SDK, be sure it has been
[1.513s]   installed.
[1.513s] 
[1.513s] 
[1.513s] -- Configuring incomplete, errors occurred!
[1.513s] See also "/shared_ws/build/baxter_bridge/CMakeFiles/CMakeOutput.log".
[1.519s] Invoked command in '/shared_ws/build/baxter_bridge' returned '1': AMENT_PREFIX_PATH=/shared_ws/install/baxter_maintenance_msgs:/shared_ws/install/baxter_core_msgs:${AMENT_PREFIX_PATH} CMAKE_PREFIX_PATH=/shared_ws/install/baxter_maintenance_msgs:/shared_ws/install/baxter_core_msgs:/opt/ros/humble LD_LIBRARY_PATH=/shared_ws/install/baxter_maintenance_msgs/lib:/shared_ws/install/baxter_core_msgs/lib:${LD_LIBRARY_PATH} PYTHONPATH=/shared_ws/install/baxter_maintenance_msgs/local/lib/python3.10/dist-packages:/shared_ws/install/baxter_core_msgs/local/lib/python3.10/dist-packages:${PYTHONPATH} /usr/bin/cmake /shared_ws/src/baxter_bridge -DCMAKE_INSTALL_PREFIX=/shared_ws/install/baxter_bridge
