[0.012s] Invoking command in '/shared_ws/build/baxter_moveit_config': AMENT_PREFIX_PATH=/shared_ws/install/baxter_description:/shared_ws/install/rethink_ee_description:${AMENT_PREFIX_PATH} CMAKE_PREFIX_PATH=/shared_ws/install/baxter_description:/shared_ws/install/rethink_ee_description:/opt/ros/humble /usr/bin/cmake /shared_ws/src/baxter_moveit_config -DCMAKE_INSTALL_PREFIX=/shared_ws/install/baxter_moveit_config
[0.138s] -- The C compiler identification is GNU 11.4.0
[0.242s] -- The CXX compiler identification is GNU 11.4.0
[0.249s] -- Detecting C compiler ABI info
[0.295s] -- Detecting C compiler ABI info - done
[0.300s] -- Check for working C compiler: /usr/bin/cc - skipped
[0.301s] -- Detecting C compile features
[0.301s] -- Detecting C compile features - done
[0.304s] -- Detecting CXX compiler ABI info
[0.355s] -- Detecting CXX compiler ABI info - done
[0.363s] -- Check for working CXX compiler: /usr/bin/c++ - skipped
[0.363s] -- Detecting CXX compile features
[0.363s] -- Detecting CXX compile features - done
[0.369s] -- Found ament_cmake: 1.3.11 (/opt/ros/humble/share/ament_cmake/cmake)
[0.465s] -- Found Python3: /usr/bin/python3 (found version "3.10.12") found components: Interpreter 
[0.540s] -- Found ament_lint_auto: 0.12.12 (/opt/ros/humble/share/ament_lint_auto/cmake)
[0.598s] -- Added test 'flake8' to check Python code syntax and style conventions
[0.599s] -- Added test 'lint_cmake' to check CMake code style
[0.599s] -- Added test 'pep257' to check Python code against some of the docstring style conventions in PEP 257
[0.600s] -- Added test 'xmllint' to check XML markup files
[0.601s] -- Configuring done
[0.603s] -- Generating done
[0.604s] -- Build files have been written to: /shared_ws/build/baxter_moveit_config
[0.607s] Invoked command in '/shared_ws/build/baxter_moveit_config' returned '0': AMENT_PREFIX_PATH=/shared_ws/install/baxter_description:/shared_ws/install/rethink_ee_description:${AMENT_PREFIX_PATH} CMAKE_PREFIX_PATH=/shared_ws/install/baxter_description:/shared_ws/install/rethink_ee_description:/opt/ros/humble /usr/bin/cmake /shared_ws/src/baxter_moveit_config -DCMAKE_INSTALL_PREFIX=/shared_ws/install/baxter_moveit_config
[0.608s] Invoking command in '/shared_ws/build/baxter_moveit_config': AMENT_PREFIX_PATH=/shared_ws/install/baxter_description:/shared_ws/install/rethink_ee_description:${AMENT_PREFIX_PATH} CMAKE_PREFIX_PATH=/shared_ws/install/baxter_description:/shared_ws/install/rethink_ee_description:/opt/ros/humble /usr/bin/cmake --build /shared_ws/build/baxter_moveit_config -- -j16 -l16
[0.629s] Invoked command in '/shared_ws/build/baxter_moveit_config' returned '0': AMENT_PREFIX_PATH=/shared_ws/install/baxter_description:/shared_ws/install/rethink_ee_description:${AMENT_PREFIX_PATH} CMAKE_PREFIX_PATH=/shared_ws/install/baxter_description:/shared_ws/install/rethink_ee_description:/opt/ros/humble /usr/bin/cmake --build /shared_ws/build/baxter_moveit_config -- -j16 -l16
[0.634s] Invoking command in '/shared_ws/build/baxter_moveit_config': AMENT_PREFIX_PATH=/shared_ws/install/baxter_description:/shared_ws/install/rethink_ee_description:${AMENT_PREFIX_PATH} CMAKE_PREFIX_PATH=/shared_ws/install/baxter_description:/shared_ws/install/rethink_ee_description:/opt/ros/humble /usr/bin/cmake --install /shared_ws/build/baxter_moveit_config
[0.639s] -- Install configuration: ""
[0.639s] -- Installing: /shared_ws/install/baxter_moveit_config/share/baxter_moveit_config/config
[0.639s] -- Installing: /shared_ws/install/baxter_moveit_config/share/baxter_moveit_config/config/moveit_controllers.yaml
[0.639s] -- Installing: /shared_ws/install/baxter_moveit_config/share/baxter_moveit_config/config/joint_limits.yaml
[0.639s] -- Installing: /shared_ws/install/baxter_moveit_config/share/baxter_moveit_config/config/kinematics.yaml
[0.639s] -- Installing: /shared_ws/install/baxter_moveit_config/share/baxter_moveit_config/config/controllers.yaml
[0.639s] -- Installing: /shared_ws/install/baxter_moveit_config/share/baxter_moveit_config/config/ompl_planning.yaml
[0.640s] -- Installing: /shared_ws/install/baxter_moveit_config/share/baxter_moveit_config/launch
[0.640s] -- Installing: /shared_ws/install/baxter_moveit_config/share/baxter_moveit_config/launch/demo.launch.py
[0.640s] -- Installing: /shared_ws/install/baxter_moveit_config/share/baxter_moveit_config/launch/move_group.launch.py
[0.640s] -- Installing: /shared_ws/install/baxter_moveit_config/share/baxter_moveit_config/launch/baxter_real.launch.py
[0.640s] -- Installing: /shared_ws/install/baxter_moveit_config/share/baxter_moveit_config/srdf
[0.640s] -- Installing: /shared_ws/install/baxter_moveit_config/share/baxter_moveit_config/srdf/baxter.srdf
[0.640s] -- Installing: /shared_ws/install/baxter_moveit_config/share/ament_index/resource_index/package_run_dependencies/baxter_moveit_config
[0.640s] -- Installing: /shared_ws/install/baxter_moveit_config/share/ament_index/resource_index/parent_prefix_path/baxter_moveit_config
[0.640s] -- Installing: /shared_ws/install/baxter_moveit_config/share/baxter_moveit_config/environment/ament_prefix_path.sh
[0.641s] -- Installing: /shared_ws/install/baxter_moveit_config/share/baxter_moveit_config/environment/ament_prefix_path.dsv
[0.641s] -- Installing: /shared_ws/install/baxter_moveit_config/share/baxter_moveit_config/environment/path.sh
[0.641s] -- Installing: /shared_ws/install/baxter_moveit_config/share/baxter_moveit_config/environment/path.dsv
[0.641s] -- Installing: /shared_ws/install/baxter_moveit_config/share/baxter_moveit_config/local_setup.bash
[0.641s] -- Installing: /shared_ws/install/baxter_moveit_config/share/baxter_moveit_config/local_setup.sh
[0.641s] -- Installing: /shared_ws/install/baxter_moveit_config/share/baxter_moveit_config/local_setup.zsh
[0.641s] -- Installing: /shared_ws/install/baxter_moveit_config/share/baxter_moveit_config/local_setup.dsv
[0.642s] -- Installing: /shared_ws/install/baxter_moveit_config/share/baxter_moveit_config/package.dsv
[0.642s] -- Installing: /shared_ws/install/baxter_moveit_config/share/ament_index/resource_index/packages/baxter_moveit_config
[0.642s] -- Installing: /shared_ws/install/baxter_moveit_config/share/baxter_moveit_config/cmake/baxter_moveit_configConfig.cmake
[0.642s] -- Installing: /shared_ws/install/baxter_moveit_config/share/baxter_moveit_config/cmake/baxter_moveit_configConfig-version.cmake
[0.642s] -- Installing: /shared_ws/install/baxter_moveit_config/share/baxter_moveit_config/package.xml
[0.642s] Invoked command in '/shared_ws/build/baxter_moveit_config' returned '0': AMENT_PREFIX_PATH=/shared_ws/install/baxter_description:/shared_ws/install/rethink_ee_description:${AMENT_PREFIX_PATH} CMAKE_PREFIX_PATH=/shared_ws/install/baxter_description:/shared_ws/install/rethink_ee_description:/opt/ros/humble /usr/bin/cmake --install /shared_ws/build/baxter_moveit_config
