[0.015s] Invoking command in '/shared_ws/build/baxter_core_msgs': CMAKE_PREFIX_PATH=/opt/ros/humble /usr/bin/cmake --build /shared_ws/build/baxter_core_msgs -- -j16 -l16
[0.220s] [  1%] Generating C code for ROS interfaces
[0.221s] [  1%] Generating C++ code for ROS interfaces
[0.221s] [  1%] Built target ament_cmake_python_copy_baxter_core_msgs
[0.269s] running egg_info
[0.269s] creating baxter_core_msgs.egg-info
[0.269s] writing baxter_core_msgs.egg-info/PKG-INFO
[0.269s] writing dependency_links to baxter_core_msgs.egg-info/dependency_links.txt
[0.269s] writing top-level names to baxter_core_msgs.egg-info/top_level.txt
[0.269s] writing manifest file 'baxter_core_msgs.egg-info/SOURCES.txt'
[0.269s] reading manifest file 'baxter_core_msgs.egg-info/SOURCES.txt'
[0.269s] writing manifest file 'baxter_core_msgs.egg-info/SOURCES.txt'
[0.289s] [  1%] Built target ament_cmake_python_build_baxter_core_msgs_egg
[5.509s] [  1%] Building C object CMakeFiles/baxter_core_msgs__rosidl_generator_c.dir/rosidl_generator_c/baxter_core_msgs/msg/detail/end_effector_properties__functions.c.o
[5.514s] [  2%] Building C object CMakeFiles/baxter_core_msgs__rosidl_generator_c.dir/rosidl_generator_c/baxter_core_msgs/msg/detail/analog_output_command__functions.c.o
[5.515s] [  2%] Building C object CMakeFiles/baxter_core_msgs__rosidl_generator_c.dir/rosidl_generator_c/baxter_core_msgs/msg/detail/end_effector_state__functions.c.o
[5.515s] [  2%] Building C object CMakeFiles/baxter_core_msgs__rosidl_generator_c.dir/rosidl_generator_c/baxter_core_msgs/msg/detail/navigator_state__functions.c.o
[5.517s] [  2%] Building C object CMakeFiles/baxter_core_msgs__rosidl_generator_c.dir/rosidl_generator_c/baxter_core_msgs/msg/detail/end_effector_command__functions.c.o
[5.517s] [  3%] Building C object CMakeFiles/baxter_core_msgs__rosidl_generator_c.dir/rosidl_generator_c/baxter_core_msgs/msg/detail/digital_io_states__functions.c.o
[5.517s] [  3%] Building C object CMakeFiles/baxter_core_msgs__rosidl_generator_c.dir/rosidl_generator_c/baxter_core_msgs/msg/detail/endpoint_state__functions.c.o
[5.529s] [  3%] Building C object CMakeFiles/baxter_core_msgs__rosidl_generator_c.dir/rosidl_generator_c/baxter_core_msgs/msg/detail/collision_detection_state__functions.c.o
[5.533s] [  4%] Building C object CMakeFiles/baxter_core_msgs__rosidl_generator_c.dir/rosidl_generator_c/baxter_core_msgs/msg/detail/sea_joint_state__functions.c.o
[5.583s] [  5%] Building C object CMakeFiles/baxter_core_msgs__rosidl_generator_c.dir/rosidl_generator_c/baxter_core_msgs/msg/detail/urdf_configuration__functions.c.o
[5.583s] [  5%] Building C object CMakeFiles/baxter_core_msgs__rosidl_generator_c.dir/rosidl_generator_c/baxter_core_msgs/msg/detail/camera_control__functions.c.o
[5.583s] [  5%] Building C object CMakeFiles/baxter_core_msgs__rosidl_generator_c.dir/rosidl_generator_c/baxter_core_msgs/msg/detail/collision_avoidance_state__functions.c.o
[5.591s] [  5%] Building C object CMakeFiles/baxter_core_msgs__rosidl_generator_c.dir/rosidl_generator_c/baxter_core_msgs/msg/detail/navigator_states__functions.c.o
[5.603s] [  6%] Building C object CMakeFiles/baxter_core_msgs__rosidl_generator_c.dir/rosidl_generator_c/baxter_core_msgs/msg/detail/analog_io_state__functions.c.o
[5.629s] [  6%] Building C object CMakeFiles/baxter_core_msgs__rosidl_generator_c.dir/rosidl_generator_c/baxter_core_msgs/msg/detail/camera_settings__functions.c.o
[5.638s] [  6%] Building C object CMakeFiles/baxter_core_msgs__rosidl_generator_c.dir/rosidl_generator_c/baxter_core_msgs/msg/detail/joint_command__functions.c.o
[5.646s] [  7%] Building C object CMakeFiles/baxter_core_msgs__rosidl_generator_c.dir/rosidl_generator_c/baxter_core_msgs/msg/detail/digital_io_state__functions.c.o
[5.658s] [  7%] Building C object CMakeFiles/baxter_core_msgs__rosidl_generator_c.dir/rosidl_generator_c/baxter_core_msgs/msg/detail/robust_controller_status__functions.c.o
[5.660s] [  7%] Building C object CMakeFiles/baxter_core_msgs__rosidl_generator_c.dir/rosidl_generator_c/baxter_core_msgs/msg/detail/assembly_states__functions.c.o
[5.666s] [  8%] Building C object CMakeFiles/baxter_core_msgs__rosidl_generator_c.dir/rosidl_generator_c/baxter_core_msgs/msg/detail/digital_output_command__functions.c.o
[5.680s] [  8%] Building C object CMakeFiles/baxter_core_msgs__rosidl_generator_c.dir/rosidl_generator_c/baxter_core_msgs/msg/detail/assembly_state__functions.c.o
[5.682s] [  9%] Building C object CMakeFiles/baxter_core_msgs__rosidl_generator_c.dir/rosidl_generator_c/baxter_core_msgs/msg/detail/head_pan_command__functions.c.o
[5.683s] [  9%] Building C object CMakeFiles/baxter_core_msgs__rosidl_generator_c.dir/rosidl_generator_c/baxter_core_msgs/msg/detail/head_state__functions.c.o
[5.687s] [  9%] Building C object CMakeFiles/baxter_core_msgs__rosidl_generator_c.dir/rosidl_generator_c/baxter_core_msgs/msg/detail/analog_io_states__functions.c.o
[5.694s] [ 10%] Building C object CMakeFiles/baxter_core_msgs__rosidl_generator_c.dir/rosidl_generator_c/baxter_core_msgs/msg/detail/bridge_publisher__functions.c.o
[5.702s] [ 10%] Building C object CMakeFiles/baxter_core_msgs__rosidl_generator_c.dir/rosidl_generator_c/baxter_core_msgs/msg/detail/endpoint_states__functions.c.o
[5.722s] [ 10%] Building C object CMakeFiles/baxter_core_msgs__rosidl_generator_c.dir/rosidl_generator_c/baxter_core_msgs/srv/detail/list_cameras__functions.c.o
[5.735s] [ 11%] Building C object CMakeFiles/baxter_core_msgs__rosidl_generator_c.dir/rosidl_generator_c/baxter_core_msgs/srv/detail/close_camera__functions.c.o
[5.737s] [ 11%] Building C object CMakeFiles/baxter_core_msgs__rosidl_generator_c.dir/rosidl_generator_c/baxter_core_msgs/srv/detail/open_camera__functions.c.o
[5.777s] [ 11%] Building C object CMakeFiles/baxter_core_msgs__rosidl_generator_c.dir/rosidl_generator_c/baxter_core_msgs/srv/detail/bridge_publishers_force__functions.c.o
[5.785s] [ 11%] Building C object CMakeFiles/baxter_core_msgs__rosidl_generator_c.dir/rosidl_generator_c/baxter_core_msgs/srv/detail/solve_position_ik__functions.c.o
[5.792s] [ 12%] Building C object CMakeFiles/baxter_core_msgs__rosidl_generator_c.dir/rosidl_generator_c/baxter_core_msgs/srv/detail/bridge_publishers_auth__functions.c.o
[5.919s] [ 12%] Built target baxter_core_msgs__cpp
[5.926s] [ 12%] Linking C shared library libbaxter_core_msgs__rosidl_generator_c.so
[5.934s] [ 12%] Generating C++ type support dispatch for ROS interfaces
[5.934s] [ 13%] Generating C++ type support for eProsima Fast-RTPS
[5.935s] [ 14%] Generating C++ introspection for ROS interfaces
[5.991s] [ 14%] Built target baxter_core_msgs__rosidl_generator_c
[6.007s] [ 16%] Generating C type support for eProsima Fast-RTPS
[6.008s] [ 16%] Generating C type support dispatch for ROS interfaces
[6.014s] [ 17%] Generating C introspection for ROS interfaces
[9.123s] [ 17%] Building CXX object CMakeFiles/baxter_core_msgs__rosidl_typesupport_c.dir/rosidl_typesupport_c/baxter_core_msgs/msg/end_effector_state__type_support.cpp.o
[9.125s] [ 17%] Building CXX object CMakeFiles/baxter_core_msgs__rosidl_typesupport_c.dir/rosidl_typesupport_c/baxter_core_msgs/msg/end_effector_properties__type_support.cpp.o
[9.125s] [ 18%] Building CXX object CMakeFiles/baxter_core_msgs__rosidl_typesupport_c.dir/rosidl_typesupport_c/baxter_core_msgs/msg/digital_io_states__type_support.cpp.o
[9.126s] [ 18%] Building CXX object CMakeFiles/baxter_core_msgs__rosidl_typesupport_c.dir/rosidl_typesupport_c/baxter_core_msgs/msg/navigator_state__type_support.cpp.o
[9.126s] [ 18%] Building CXX object CMakeFiles/baxter_core_msgs__rosidl_typesupport_c.dir/rosidl_typesupport_c/baxter_core_msgs/msg/end_effector_command__type_support.cpp.o
[9.127s] [ 18%] Building CXX object CMakeFiles/baxter_core_msgs__rosidl_typesupport_c.dir/rosidl_typesupport_c/baxter_core_msgs/msg/endpoint_state__type_support.cpp.o
[9.128s] [ 19%] Building CXX object CMakeFiles/baxter_core_msgs__rosidl_typesupport_c.dir/rosidl_typesupport_c/baxter_core_msgs/msg/analog_output_command__type_support.cpp.o
[9.129s] [ 19%] Building CXX object CMakeFiles/baxter_core_msgs__rosidl_typesupport_c.dir/rosidl_typesupport_c/baxter_core_msgs/msg/collision_avoidance_state__type_support.cpp.o
[9.129s] [ 20%] Building CXX object CMakeFiles/baxter_core_msgs__rosidl_typesupport_c.dir/rosidl_typesupport_c/baxter_core_msgs/msg/sea_joint_state__type_support.cpp.o
[9.131s] [ 21%] Building CXX object CMakeFiles/baxter_core_msgs__rosidl_typesupport_c.dir/rosidl_typesupport_c/baxter_core_msgs/msg/urdf_configuration__type_support.cpp.o
[9.135s] [ 21%] Building CXX object CMakeFiles/baxter_core_msgs__rosidl_typesupport_c.dir/rosidl_typesupport_c/baxter_core_msgs/msg/collision_detection_state__type_support.cpp.o
[9.185s] [ 21%] Building CXX object CMakeFiles/baxter_core_msgs__rosidl_typesupport_c.dir/rosidl_typesupport_c/baxter_core_msgs/msg/navigator_states__type_support.cpp.o
[9.188s] [ 21%] Building CXX object CMakeFiles/baxter_core_msgs__rosidl_typesupport_c.dir/rosidl_typesupport_c/baxter_core_msgs/msg/camera_settings__type_support.cpp.o
[9.188s] [ 21%] Building CXX object CMakeFiles/baxter_core_msgs__rosidl_typesupport_c.dir/rosidl_typesupport_c/baxter_core_msgs/msg/joint_command__type_support.cpp.o
[9.188s] [ 21%] Building CXX object CMakeFiles/baxter_core_msgs__rosidl_typesupport_c.dir/rosidl_typesupport_c/baxter_core_msgs/msg/camera_control__type_support.cpp.o
[9.189s] [ 22%] Building CXX object CMakeFiles/baxter_core_msgs__rosidl_typesupport_c.dir/rosidl_typesupport_c/baxter_core_msgs/msg/analog_io_state__type_support.cpp.o
[9.189s] [ 22%] Building CXX object CMakeFiles/baxter_core_msgs__rosidl_typesupport_c.dir/rosidl_typesupport_c/baxter_core_msgs/msg/robust_controller_status__type_support.cpp.o
[9.189s] [ 23%] Building CXX object CMakeFiles/baxter_core_msgs__rosidl_typesupport_c.dir/rosidl_typesupport_c/baxter_core_msgs/msg/digital_io_state__type_support.cpp.o
[9.202s] [ 23%] Building CXX object CMakeFiles/baxter_core_msgs__rosidl_typesupport_c.dir/rosidl_typesupport_c/baxter_core_msgs/msg/assembly_states__type_support.cpp.o
[9.204s] [ 23%] Building CXX object CMakeFiles/baxter_core_msgs__rosidl_typesupport_c.dir/rosidl_typesupport_c/baxter_core_msgs/msg/head_pan_command__type_support.cpp.o
[9.204s] [ 24%] Building CXX object CMakeFiles/baxter_core_msgs__rosidl_typesupport_c.dir/rosidl_typesupport_c/baxter_core_msgs/msg/digital_output_command__type_support.cpp.o
[9.235s] [ 24%] Building CXX object CMakeFiles/baxter_core_msgs__rosidl_typesupport_c.dir/rosidl_typesupport_c/baxter_core_msgs/msg/assembly_state__type_support.cpp.o
[9.246s] [ 25%] Building CXX object CMakeFiles/baxter_core_msgs__rosidl_typesupport_c.dir/rosidl_typesupport_c/baxter_core_msgs/msg/head_state__type_support.cpp.o
[9.247s] [ 25%] Building CXX object CMakeFiles/baxter_core_msgs__rosidl_typesupport_c.dir/rosidl_typesupport_c/baxter_core_msgs/msg/analog_io_states__type_support.cpp.o
[9.247s] [ 26%] Building CXX object CMakeFiles/baxter_core_msgs__rosidl_typesupport_c.dir/rosidl_typesupport_c/baxter_core_msgs/msg/bridge_publisher__type_support.cpp.o
[9.249s] [ 26%] Building CXX object CMakeFiles/baxter_core_msgs__rosidl_typesupport_c.dir/rosidl_typesupport_c/baxter_core_msgs/msg/endpoint_states__type_support.cpp.o
[9.253s] [ 26%] Building CXX object CMakeFiles/baxter_core_msgs__rosidl_typesupport_c.dir/rosidl_typesupport_c/baxter_core_msgs/srv/list_cameras__type_support.cpp.o
[9.261s] [ 27%] Building CXX object CMakeFiles/baxter_core_msgs__rosidl_typesupport_c.dir/rosidl_typesupport_c/baxter_core_msgs/srv/close_camera__type_support.cpp.o
[9.264s] [ 28%] Building CXX object CMakeFiles/baxter_core_msgs__rosidl_typesupport_c.dir/rosidl_typesupport_c/baxter_core_msgs/srv/bridge_publishers_auth__type_support.cpp.o
[9.264s] [ 28%] Building CXX object CMakeFiles/baxter_core_msgs__rosidl_typesupport_c.dir/rosidl_typesupport_c/baxter_core_msgs/srv/bridge_publishers_force__type_support.cpp.o
[9.264s] [ 28%] Building CXX object CMakeFiles/baxter_core_msgs__rosidl_typesupport_c.dir/rosidl_typesupport_c/baxter_core_msgs/srv/open_camera__type_support.cpp.o
[9.314s] [ 28%] Building CXX object CMakeFiles/baxter_core_msgs__rosidl_typesupport_c.dir/rosidl_typesupport_c/baxter_core_msgs/srv/solve_position_ik__type_support.cpp.o
[9.384s] [ 28%] Linking CXX shared library libbaxter_core_msgs__rosidl_typesupport_c.so
[9.405s] [ 29%] Building CXX object CMakeFiles/baxter_core_msgs__rosidl_typesupport_cpp.dir/rosidl_typesupport_cpp/baxter_core_msgs/msg/digital_io_states__type_support.cpp.o
[9.405s] [ 29%] Building CXX object CMakeFiles/baxter_core_msgs__rosidl_typesupport_cpp.dir/rosidl_typesupport_cpp/baxter_core_msgs/msg/end_effector_properties__type_support.cpp.o
[9.405s] [ 30%] Building CXX object CMakeFiles/baxter_core_msgs__rosidl_typesupport_cpp.dir/rosidl_typesupport_cpp/baxter_core_msgs/msg/end_effector_command__type_support.cpp.o
[9.406s] [ 31%] Building CXX object CMakeFiles/baxter_core_msgs__rosidl_typesupport_cpp.dir/rosidl_typesupport_cpp/baxter_core_msgs/msg/analog_output_command__type_support.cpp.o
[9.406s] [ 31%] Building CXX object CMakeFiles/baxter_core_msgs__rosidl_typesupport_cpp.dir/rosidl_typesupport_cpp/baxter_core_msgs/msg/endpoint_state__type_support.cpp.o
[9.406s] [ 31%] Building CXX object CMakeFiles/baxter_core_msgs__rosidl_typesupport_cpp.dir/rosidl_typesupport_cpp/baxter_core_msgs/msg/collision_detection_state__type_support.cpp.o
[9.406s] [ 31%] Building CXX object CMakeFiles/baxter_core_msgs__rosidl_typesupport_cpp.dir/rosidl_typesupport_cpp/baxter_core_msgs/msg/end_effector_state__type_support.cpp.o
[9.407s] [ 31%] Building CXX object CMakeFiles/baxter_core_msgs__rosidl_typesupport_cpp.dir/rosidl_typesupport_cpp/baxter_core_msgs/msg/collision_avoidance_state__type_support.cpp.o
[9.412s] [ 32%] Building CXX object CMakeFiles/baxter_core_msgs__rosidl_typesupport_cpp.dir/rosidl_typesupport_cpp/baxter_core_msgs/msg/sea_joint_state__type_support.cpp.o
[9.430s] [ 32%] Building CXX object CMakeFiles/baxter_core_msgs__rosidl_typesupport_cpp.dir/rosidl_typesupport_cpp/baxter_core_msgs/msg/navigator_state__type_support.cpp.o
[9.430s] [ 32%] Building CXX object CMakeFiles/baxter_core_msgs__rosidl_typesupport_cpp.dir/rosidl_typesupport_cpp/baxter_core_msgs/msg/urdf_configuration__type_support.cpp.o
[9.479s] [ 32%] Built target baxter_core_msgs__rosidl_typesupport_c
[9.495s] [ 33%] Building CXX object CMakeFiles/baxter_core_msgs__rosidl_typesupport_cpp.dir/rosidl_typesupport_cpp/baxter_core_msgs/msg/camera_control__type_support.cpp.o
[10.139s] [ 33%] Building CXX object CMakeFiles/baxter_core_msgs__rosidl_typesupport_cpp.dir/rosidl_typesupport_cpp/baxter_core_msgs/msg/navigator_states__type_support.cpp.o
[10.140s] [ 34%] Building CXX object CMakeFiles/baxter_core_msgs__rosidl_typesupport_cpp.dir/rosidl_typesupport_cpp/baxter_core_msgs/msg/analog_io_state__type_support.cpp.o
[10.141s] [ 34%] Building CXX object CMakeFiles/baxter_core_msgs__rosidl_typesupport_cpp.dir/rosidl_typesupport_cpp/baxter_core_msgs/msg/camera_settings__type_support.cpp.o
[10.169s] [ 34%] Building CXX object CMakeFiles/baxter_core_msgs__rosidl_typesupport_cpp.dir/rosidl_typesupport_cpp/baxter_core_msgs/msg/joint_command__type_support.cpp.o
[10.206s] [ 35%] Building CXX object CMakeFiles/baxter_core_msgs__rosidl_typesupport_cpp.dir/rosidl_typesupport_cpp/baxter_core_msgs/msg/digital_io_state__type_support.cpp.o
[10.219s] [ 35%] Building CXX object CMakeFiles/baxter_core_msgs__rosidl_typesupport_cpp.dir/rosidl_typesupport_cpp/baxter_core_msgs/msg/robust_controller_status__type_support.cpp.o
[10.264s] [ 35%] Building CXX object CMakeFiles/baxter_core_msgs__rosidl_typesupport_cpp.dir/rosidl_typesupport_cpp/baxter_core_msgs/msg/assembly_states__type_support.cpp.o
[10.271s] [ 36%] Building CXX object CMakeFiles/baxter_core_msgs__rosidl_typesupport_cpp.dir/rosidl_typesupport_cpp/baxter_core_msgs/msg/digital_output_command__type_support.cpp.o
[10.288s] [ 36%] Building CXX object CMakeFiles/baxter_core_msgs__rosidl_typesupport_cpp.dir/rosidl_typesupport_cpp/baxter_core_msgs/msg/head_pan_command__type_support.cpp.o
[10.296s] [ 36%] Building CXX object CMakeFiles/baxter_core_msgs__rosidl_typesupport_cpp.dir/rosidl_typesupport_cpp/baxter_core_msgs/msg/assembly_state__type_support.cpp.o
[10.337s] [ 37%] Building CXX object CMakeFiles/baxter_core_msgs__rosidl_typesupport_cpp.dir/rosidl_typesupport_cpp/baxter_core_msgs/msg/head_state__type_support.cpp.o
[10.446s] [ 37%] Building CXX object CMakeFiles/baxter_core_msgs__rosidl_typesupport_cpp.dir/rosidl_typesupport_cpp/baxter_core_msgs/msg/analog_io_states__type_support.cpp.o
[10.885s] [ 37%] Building CXX object CMakeFiles/baxter_core_msgs__rosidl_typesupport_cpp.dir/rosidl_typesupport_cpp/baxter_core_msgs/msg/bridge_publisher__type_support.cpp.o
[10.932s] [ 38%] Building CXX object CMakeFiles/baxter_core_msgs__rosidl_typesupport_cpp.dir/rosidl_typesupport_cpp/baxter_core_msgs/msg/endpoint_states__type_support.cpp.o
[10.994s] [ 38%] Building CXX object CMakeFiles/baxter_core_msgs__rosidl_typesupport_cpp.dir/rosidl_typesupport_cpp/baxter_core_msgs/srv/list_cameras__type_support.cpp.o
[11.021s] [ 39%] Building CXX object CMakeFiles/baxter_core_msgs__rosidl_typesupport_cpp.dir/rosidl_typesupport_cpp/baxter_core_msgs/srv/close_camera__type_support.cpp.o
[11.035s] [ 39%] Building CXX object CMakeFiles/baxter_core_msgs__rosidl_typesupport_cpp.dir/rosidl_typesupport_cpp/baxter_core_msgs/srv/open_camera__type_support.cpp.o
[11.067s] [ 39%] Building CXX object CMakeFiles/baxter_core_msgs__rosidl_typesupport_cpp.dir/rosidl_typesupport_cpp/baxter_core_msgs/srv/bridge_publishers_force__type_support.cpp.o
[11.068s] [ 40%] Building CXX object CMakeFiles/baxter_core_msgs__rosidl_typesupport_cpp.dir/rosidl_typesupport_cpp/baxter_core_msgs/srv/bridge_publishers_auth__type_support.cpp.o
[11.070s] [ 40%] Building CXX object CMakeFiles/baxter_core_msgs__rosidl_typesupport_cpp.dir/rosidl_typesupport_cpp/baxter_core_msgs/srv/solve_position_ik__type_support.cpp.o
[11.105s] [ 40%] Building C object CMakeFiles/baxter_core_msgs__rosidl_typesupport_introspection_c.dir/rosidl_typesupport_introspection_c/baxter_core_msgs/msg/detail/end_effector_state__type_support.c.o
[11.150s] [ 40%] Building C object CMakeFiles/baxter_core_msgs__rosidl_typesupport_introspection_c.dir/rosidl_typesupport_introspection_c/baxter_core_msgs/msg/detail/end_effector_properties__type_support.c.o
[11.179s] [ 41%] Building C object CMakeFiles/baxter_core_msgs__rosidl_typesupport_introspection_c.dir/rosidl_typesupport_introspection_c/baxter_core_msgs/msg/detail/digital_io_states__type_support.c.o
[11.200s] [ 41%] Building C object CMakeFiles/baxter_core_msgs__rosidl_typesupport_introspection_c.dir/rosidl_typesupport_introspection_c/baxter_core_msgs/msg/detail/end_effector_command__type_support.c.o
[11.289s] [ 42%] Building C object CMakeFiles/baxter_core_msgs__rosidl_typesupport_introspection_c.dir/rosidl_typesupport_introspection_c/baxter_core_msgs/msg/detail/navigator_state__type_support.c.o
[11.302s] [ 42%] Building C object CMakeFiles/baxter_core_msgs__rosidl_typesupport_introspection_c.dir/rosidl_typesupport_introspection_c/baxter_core_msgs/msg/detail/analog_output_command__type_support.c.o
[11.405s] [ 43%] Building C object CMakeFiles/baxter_core_msgs__rosidl_typesupport_introspection_c.dir/rosidl_typesupport_introspection_c/baxter_core_msgs/msg/detail/collision_detection_state__type_support.c.o
[11.410s] [ 43%] Building C object CMakeFiles/baxter_core_msgs__rosidl_typesupport_introspection_c.dir/rosidl_typesupport_introspection_c/baxter_core_msgs/msg/detail/endpoint_state__type_support.c.o
[11.427s] [ 43%] Building C object CMakeFiles/baxter_core_msgs__rosidl_typesupport_introspection_c.dir/rosidl_typesupport_introspection_c/baxter_core_msgs/msg/detail/sea_joint_state__type_support.c.o
[11.504s] [ 43%] Building C object CMakeFiles/baxter_core_msgs__rosidl_typesupport_introspection_c.dir/rosidl_typesupport_introspection_c/baxter_core_msgs/msg/detail/collision_avoidance_state__type_support.c.o
[11.546s] [ 44%] Building C object CMakeFiles/baxter_core_msgs__rosidl_typesupport_introspection_c.dir/rosidl_typesupport_introspection_c/baxter_core_msgs/msg/detail/urdf_configuration__type_support.c.o
[11.584s] [ 44%] Building C object CMakeFiles/baxter_core_msgs__rosidl_typesupport_introspection_c.dir/rosidl_typesupport_introspection_c/baxter_core_msgs/msg/detail/camera_control__type_support.c.o
[11.602s] [ 44%] Building C object CMakeFiles/baxter_core_msgs__rosidl_typesupport_introspection_c.dir/rosidl_typesupport_introspection_c/baxter_core_msgs/msg/detail/navigator_states__type_support.c.o
[11.637s] [ 45%] Building C object CMakeFiles/baxter_core_msgs__rosidl_typesupport_introspection_c.dir/rosidl_typesupport_introspection_c/baxter_core_msgs/msg/detail/analog_io_state__type_support.c.o
[11.638s] [ 45%] Building C object CMakeFiles/baxter_core_msgs__rosidl_typesupport_introspection_c.dir/rosidl_typesupport_introspection_c/baxter_core_msgs/msg/detail/camera_settings__type_support.c.o
[11.641s] [ 46%] Building C object CMakeFiles/baxter_core_msgs__rosidl_typesupport_introspection_c.dir/rosidl_typesupport_introspection_c/baxter_core_msgs/msg/detail/joint_command__type_support.c.o
[11.686s] [ 46%] Building CXX object CMakeFiles/baxter_core_msgs__rosidl_typesupport_fastrtps_c.dir/rosidl_typesupport_fastrtps_c/baxter_core_msgs/msg/detail/end_effector_state__type_support_c.cpp.o
[11.688s] [ 46%] Building C object CMakeFiles/baxter_core_msgs__rosidl_typesupport_introspection_c.dir/rosidl_typesupport_introspection_c/baxter_core_msgs/msg/detail/digital_io_state__type_support.c.o
[11.713s] [ 46%] Building C object CMakeFiles/baxter_core_msgs__rosidl_typesupport_introspection_c.dir/rosidl_typesupport_introspection_c/baxter_core_msgs/msg/detail/robust_controller_status__type_support.c.o
[11.727s] [ 47%] Building C object CMakeFiles/baxter_core_msgs__rosidl_typesupport_introspection_c.dir/rosidl_typesupport_introspection_c/baxter_core_msgs/msg/detail/assembly_states__type_support.c.o
[11.738s] [ 47%] Building C object CMakeFiles/baxter_core_msgs__rosidl_typesupport_introspection_c.dir/rosidl_typesupport_introspection_c/baxter_core_msgs/msg/detail/head_pan_command__type_support.c.o
[11.739s] [ 47%] Building C object CMakeFiles/baxter_core_msgs__rosidl_typesupport_introspection_c.dir/rosidl_typesupport_introspection_c/baxter_core_msgs/msg/detail/digital_output_command__type_support.c.o
[11.768s] [ 48%] Building C object CMakeFiles/baxter_core_msgs__rosidl_typesupport_introspection_c.dir/rosidl_typesupport_introspection_c/baxter_core_msgs/msg/detail/assembly_state__type_support.c.o
[11.786s] [ 48%] Building C object CMakeFiles/baxter_core_msgs__rosidl_typesupport_introspection_c.dir/rosidl_typesupport_introspection_c/baxter_core_msgs/msg/detail/head_state__type_support.c.o
[11.795s] [ 48%] Building CXX object CMakeFiles/baxter_core_msgs__rosidl_typesupport_fastrtps_c.dir/rosidl_typesupport_fastrtps_c/baxter_core_msgs/msg/detail/end_effector_properties__type_support_c.cpp.o
[11.807s] [ 48%] Building C object CMakeFiles/baxter_core_msgs__rosidl_typesupport_introspection_c.dir/rosidl_typesupport_introspection_c/baxter_core_msgs/msg/detail/analog_io_states__type_support.c.o
[11.816s] [ 49%] Building C object CMakeFiles/baxter_core_msgs__rosidl_typesupport_introspection_c.dir/rosidl_typesupport_introspection_c/baxter_core_msgs/msg/detail/bridge_publisher__type_support.c.o
[11.818s] [ 49%] Building C object CMakeFiles/baxter_core_msgs__rosidl_typesupport_introspection_c.dir/rosidl_typesupport_introspection_c/baxter_core_msgs/msg/detail/endpoint_states__type_support.c.o
[11.825s] [ 49%] Building C object CMakeFiles/baxter_core_msgs__rosidl_typesupport_introspection_c.dir/rosidl_typesupport_introspection_c/baxter_core_msgs/srv/detail/list_cameras__type_support.c.o
[11.853s] [ 50%] Building C object CMakeFiles/baxter_core_msgs__rosidl_typesupport_introspection_c.dir/rosidl_typesupport_introspection_c/baxter_core_msgs/srv/detail/close_camera__type_support.c.o
[11.867s] [ 50%] Linking CXX shared library libbaxter_core_msgs__rosidl_typesupport_cpp.so
[11.869s] [ 50%] Building C object CMakeFiles/baxter_core_msgs__rosidl_typesupport_introspection_c.dir/rosidl_typesupport_introspection_c/baxter_core_msgs/srv/detail/open_camera__type_support.c.o
[11.878s] [ 50%] Building C object CMakeFiles/baxter_core_msgs__rosidl_typesupport_introspection_c.dir/rosidl_typesupport_introspection_c/baxter_core_msgs/srv/detail/bridge_publishers_auth__type_support.c.o
[11.881s] [ 51%] Building C object CMakeFiles/baxter_core_msgs__rosidl_typesupport_introspection_c.dir/rosidl_typesupport_introspection_c/baxter_core_msgs/srv/detail/bridge_publishers_force__type_support.c.o
[11.902s] [ 51%] Building C object CMakeFiles/baxter_core_msgs__rosidl_typesupport_introspection_c.dir/rosidl_typesupport_introspection_c/baxter_core_msgs/srv/detail/solve_position_ik__type_support.c.o
[11.917s] [ 52%] Building CXX object CMakeFiles/baxter_core_msgs__rosidl_typesupport_fastrtps_c.dir/rosidl_typesupport_fastrtps_c/baxter_core_msgs/msg/detail/digital_io_states__type_support_c.cpp.o
[11.924s] [ 52%] Building CXX object CMakeFiles/baxter_core_msgs__rosidl_typesupport_fastrtps_c.dir/rosidl_typesupport_fastrtps_c/baxter_core_msgs/msg/detail/end_effector_command__type_support_c.cpp.o
[11.954s] [ 52%] Building CXX object CMakeFiles/baxter_core_msgs__rosidl_typesupport_fastrtps_c.dir/rosidl_typesupport_fastrtps_c/baxter_core_msgs/msg/detail/navigator_state__type_support_c.cpp.o
[11.966s] [ 53%] Building CXX object CMakeFiles/baxter_core_msgs__rosidl_typesupport_fastrtps_c.dir/rosidl_typesupport_fastrtps_c/baxter_core_msgs/msg/detail/analog_output_command__type_support_c.cpp.o
[11.977s] [ 53%] Building CXX object CMakeFiles/baxter_core_msgs__rosidl_typesupport_fastrtps_c.dir/rosidl_typesupport_fastrtps_c/baxter_core_msgs/msg/detail/endpoint_state__type_support_c.cpp.o
[11.990s] [ 53%] Built target baxter_core_msgs__rosidl_typesupport_cpp
[12.018s] [ 54%] Building CXX object CMakeFiles/baxter_core_msgs__rosidl_typesupport_fastrtps_c.dir/rosidl_typesupport_fastrtps_c/baxter_core_msgs/msg/detail/collision_detection_state__type_support_c.cpp.o
[12.050s] [ 55%] Linking C shared library libbaxter_core_msgs__rosidl_typesupport_introspection_c.so
[12.074s] [ 55%] Building CXX object CMakeFiles/baxter_core_msgs__rosidl_typesupport_fastrtps_c.dir/rosidl_typesupport_fastrtps_c/baxter_core_msgs/msg/detail/sea_joint_state__type_support_c.cpp.o
[12.075s] [ 55%] Building CXX object CMakeFiles/baxter_core_msgs__rosidl_typesupport_fastrtps_c.dir/rosidl_typesupport_fastrtps_c/baxter_core_msgs/msg/detail/collision_avoidance_state__type_support_c.cpp.o
[12.079s] [ 55%] Building CXX object CMakeFiles/baxter_core_msgs__rosidl_typesupport_introspection_cpp.dir/rosidl_typesupport_introspection_cpp/baxter_core_msgs/msg/detail/end_effector_state__type_support.cpp.o
[12.090s] [ 55%] Building CXX object CMakeFiles/baxter_core_msgs__rosidl_typesupport_introspection_cpp.dir/rosidl_typesupport_introspection_cpp/baxter_core_msgs/msg/detail/end_effector_properties__type_support.cpp.o
[12.095s] [ 55%] Building CXX object CMakeFiles/baxter_core_msgs__rosidl_typesupport_fastrtps_c.dir/rosidl_typesupport_fastrtps_c/baxter_core_msgs/msg/detail/camera_control__type_support_c.cpp.o
[12.123s] [ 56%] Building CXX object CMakeFiles/baxter_core_msgs__rosidl_typesupport_fastrtps_c.dir/rosidl_typesupport_fastrtps_c/baxter_core_msgs/msg/detail/urdf_configuration__type_support_c.cpp.o
[12.164s] [ 56%] Building CXX object CMakeFiles/baxter_core_msgs__rosidl_typesupport_fastrtps_cpp.dir/rosidl_typesupport_fastrtps_cpp/baxter_core_msgs/msg/detail/dds_fastrtps/end_effector_state__type_support.cpp.o
[12.186s] [ 56%] Built target baxter_core_msgs__rosidl_typesupport_introspection_c
[12.232s] [ 56%] Building CXX object CMakeFiles/baxter_core_msgs__rosidl_typesupport_fastrtps_cpp.dir/rosidl_typesupport_fastrtps_cpp/baxter_core_msgs/msg/detail/dds_fastrtps/end_effector_properties__type_support.cpp.o
[12.816s] [ 56%] Building CXX object CMakeFiles/baxter_core_msgs__rosidl_typesupport_fastrtps_c.dir/rosidl_typesupport_fastrtps_c/baxter_core_msgs/msg/detail/navigator_states__type_support_c.cpp.o
[12.826s] [ 57%] Building CXX object CMakeFiles/baxter_core_msgs__rosidl_typesupport_fastrtps_c.dir/rosidl_typesupport_fastrtps_c/baxter_core_msgs/msg/detail/analog_io_state__type_support_c.cpp.o
[12.887s] [ 57%] Building CXX object CMakeFiles/baxter_core_msgs__rosidl_typesupport_fastrtps_c.dir/rosidl_typesupport_fastrtps_c/baxter_core_msgs/msg/detail/camera_settings__type_support_c.cpp.o
[12.924s] [ 57%] Building CXX object CMakeFiles/baxter_core_msgs__rosidl_typesupport_fastrtps_c.dir/rosidl_typesupport_fastrtps_c/baxter_core_msgs/msg/detail/joint_command__type_support_c.cpp.o
[12.933s] [ 58%] Building CXX object CMakeFiles/baxter_core_msgs__rosidl_typesupport_fastrtps_c.dir/rosidl_typesupport_fastrtps_c/baxter_core_msgs/msg/detail/digital_io_state__type_support_c.cpp.o
[12.943s] [ 58%] Building CXX object CMakeFiles/baxter_core_msgs__rosidl_typesupport_fastrtps_c.dir/rosidl_typesupport_fastrtps_c/baxter_core_msgs/msg/detail/robust_controller_status__type_support_c.cpp.o
[12.943s] [ 58%] Building CXX object CMakeFiles/baxter_core_msgs__rosidl_typesupport_fastrtps_c.dir/rosidl_typesupport_fastrtps_c/baxter_core_msgs/msg/detail/assembly_states__type_support_c.cpp.o
[13.073s] [ 59%] Building CXX object CMakeFiles/baxter_core_msgs__rosidl_typesupport_fastrtps_c.dir/rosidl_typesupport_fastrtps_c/baxter_core_msgs/msg/detail/digital_output_command__type_support_c.cpp.o
[13.128s] [ 59%] Building CXX object CMakeFiles/baxter_core_msgs__rosidl_typesupport_fastrtps_c.dir/rosidl_typesupport_fastrtps_c/baxter_core_msgs/msg/detail/head_pan_command__type_support_c.cpp.o
[13.175s] [ 60%] Building CXX object CMakeFiles/baxter_core_msgs__rosidl_typesupport_fastrtps_c.dir/rosidl_typesupport_fastrtps_c/baxter_core_msgs/msg/detail/assembly_state__type_support_c.cpp.o
[13.178s] [ 60%] Building CXX object CMakeFiles/baxter_core_msgs__rosidl_typesupport_fastrtps_c.dir/rosidl_typesupport_fastrtps_c/baxter_core_msgs/msg/detail/head_state__type_support_c.cpp.o
[13.194s] [ 61%] Building CXX object CMakeFiles/baxter_core_msgs__rosidl_typesupport_introspection_cpp.dir/rosidl_typesupport_introspection_cpp/baxter_core_msgs/msg/detail/digital_io_states__type_support.cpp.o
[13.225s] [ 61%] Building CXX object CMakeFiles/baxter_core_msgs__rosidl_typesupport_fastrtps_c.dir/rosidl_typesupport_fastrtps_c/baxter_core_msgs/msg/detail/analog_io_states__type_support_c.cpp.o
[13.435s] [ 61%] Building CXX object CMakeFiles/baxter_core_msgs__rosidl_typesupport_introspection_cpp.dir/rosidl_typesupport_introspection_cpp/baxter_core_msgs/msg/detail/end_effector_command__type_support.cpp.o
[13.444s] [ 62%] Building CXX object CMakeFiles/baxter_core_msgs__rosidl_typesupport_fastrtps_cpp.dir/rosidl_typesupport_fastrtps_cpp/baxter_core_msgs/msg/detail/dds_fastrtps/digital_io_states__type_support.cpp.o
[13.473s] [ 62%] Building CXX object CMakeFiles/baxter_core_msgs__rosidl_typesupport_fastrtps_cpp.dir/rosidl_typesupport_fastrtps_cpp/baxter_core_msgs/msg/detail/dds_fastrtps/end_effector_command__type_support.cpp.o
[13.831s] [ 63%] Building CXX object CMakeFiles/baxter_core_msgs__rosidl_typesupport_fastrtps_c.dir/rosidl_typesupport_fastrtps_c/baxter_core_msgs/msg/detail/bridge_publisher__type_support_c.cpp.o
[13.856s] [ 63%] Building CXX object CMakeFiles/baxter_core_msgs__rosidl_typesupport_fastrtps_cpp.dir/rosidl_typesupport_fastrtps_cpp/baxter_core_msgs/msg/detail/dds_fastrtps/navigator_state__type_support.cpp.o
[13.874s] [ 63%] Building CXX object CMakeFiles/baxter_core_msgs__rosidl_typesupport_fastrtps_c.dir/rosidl_typesupport_fastrtps_c/baxter_core_msgs/msg/detail/endpoint_states__type_support_c.cpp.o
[13.926s] [ 63%] Building CXX object CMakeFiles/baxter_core_msgs__rosidl_typesupport_fastrtps_c.dir/rosidl_typesupport_fastrtps_c/baxter_core_msgs/srv/detail/list_cameras__type_support_c.cpp.o
[13.969s] [ 64%] Building CXX object CMakeFiles/baxter_core_msgs__rosidl_typesupport_fastrtps_c.dir/rosidl_typesupport_fastrtps_c/baxter_core_msgs/srv/detail/close_camera__type_support_c.cpp.o
[14.093s] [ 65%] Building CXX object CMakeFiles/baxter_core_msgs__rosidl_typesupport_fastrtps_c.dir/rosidl_typesupport_fastrtps_c/baxter_core_msgs/srv/detail/bridge_publishers_auth__type_support_c.cpp.o
[14.093s] [ 65%] Building CXX object CMakeFiles/baxter_core_msgs__rosidl_typesupport_fastrtps_c.dir/rosidl_typesupport_fastrtps_c/baxter_core_msgs/srv/detail/bridge_publishers_force__type_support_c.cpp.o
[14.108s] [ 65%] Building CXX object CMakeFiles/baxter_core_msgs__rosidl_typesupport_fastrtps_c.dir/rosidl_typesupport_fastrtps_c/baxter_core_msgs/srv/detail/open_camera__type_support_c.cpp.o
[14.139s] [ 65%] Building CXX object CMakeFiles/baxter_core_msgs__rosidl_typesupport_fastrtps_c.dir/rosidl_typesupport_fastrtps_c/baxter_core_msgs/srv/detail/solve_position_ik__type_support_c.cpp.o
[14.218s] [ 66%] Building CXX object CMakeFiles/baxter_core_msgs__rosidl_typesupport_fastrtps_cpp.dir/rosidl_typesupport_fastrtps_cpp/baxter_core_msgs/msg/detail/dds_fastrtps/analog_output_command__type_support.cpp.o
[14.307s] [ 66%] Building CXX object CMakeFiles/baxter_core_msgs__rosidl_typesupport_fastrtps_cpp.dir/rosidl_typesupport_fastrtps_cpp/baxter_core_msgs/msg/detail/dds_fastrtps/endpoint_state__type_support.cpp.o
[14.357s] [ 66%] Building CXX object CMakeFiles/baxter_core_msgs__rosidl_typesupport_introspection_cpp.dir/rosidl_typesupport_introspection_cpp/baxter_core_msgs/msg/detail/navigator_state__type_support.cpp.o
[14.522s] [ 67%] Building CXX object CMakeFiles/baxter_core_msgs__rosidl_typesupport_introspection_cpp.dir/rosidl_typesupport_introspection_cpp/baxter_core_msgs/msg/detail/analog_output_command__type_support.cpp.o
[14.622s] [ 67%] Building CXX object CMakeFiles/baxter_core_msgs__rosidl_typesupport_introspection_cpp.dir/rosidl_typesupport_introspection_cpp/baxter_core_msgs/msg/detail/endpoint_state__type_support.cpp.o
[14.741s] [ 67%] Building CXX object CMakeFiles/baxter_core_msgs__rosidl_typesupport_fastrtps_cpp.dir/rosidl_typesupport_fastrtps_cpp/baxter_core_msgs/msg/detail/dds_fastrtps/collision_detection_state__type_support.cpp.o
[14.842s] [ 68%] Building CXX object CMakeFiles/baxter_core_msgs__rosidl_typesupport_fastrtps_cpp.dir/rosidl_typesupport_fastrtps_cpp/baxter_core_msgs/msg/detail/dds_fastrtps/sea_joint_state__type_support.cpp.o
[14.938s] [ 69%] Building CXX object CMakeFiles/baxter_core_msgs__rosidl_typesupport_introspection_cpp.dir/rosidl_typesupport_introspection_cpp/baxter_core_msgs/msg/detail/collision_detection_state__type_support.cpp.o
[14.948s] [ 69%] Building CXX object CMakeFiles/baxter_core_msgs__rosidl_typesupport_introspection_cpp.dir/rosidl_typesupport_introspection_cpp/baxter_core_msgs/msg/detail/sea_joint_state__type_support.cpp.o
[15.013s] [ 69%] Building CXX object CMakeFiles/baxter_core_msgs__rosidl_typesupport_fastrtps_cpp.dir/rosidl_typesupport_fastrtps_cpp/baxter_core_msgs/msg/detail/dds_fastrtps/collision_avoidance_state__type_support.cpp.o
[15.035s] [ 70%] Building CXX object CMakeFiles/baxter_core_msgs__rosidl_typesupport_fastrtps_cpp.dir/rosidl_typesupport_fastrtps_cpp/baxter_core_msgs/msg/detail/dds_fastrtps/urdf_configuration__type_support.cpp.o
[15.067s] [ 70%] Building CXX object CMakeFiles/baxter_core_msgs__rosidl_typesupport_fastrtps_cpp.dir/rosidl_typesupport_fastrtps_cpp/baxter_core_msgs/msg/detail/dds_fastrtps/camera_control__type_support.cpp.o
[15.136s] [ 70%] Building CXX object CMakeFiles/baxter_core_msgs__rosidl_typesupport_fastrtps_cpp.dir/rosidl_typesupport_fastrtps_cpp/baxter_core_msgs/msg/detail/dds_fastrtps/navigator_states__type_support.cpp.o
[15.224s] [ 71%] Building CXX object CMakeFiles/baxter_core_msgs__rosidl_typesupport_fastrtps_cpp.dir/rosidl_typesupport_fastrtps_cpp/baxter_core_msgs/msg/detail/dds_fastrtps/analog_io_state__type_support.cpp.o
[15.268s] [ 72%] Linking CXX shared library libbaxter_core_msgs__rosidl_typesupport_fastrtps_c.so
[15.297s] [ 72%] Building CXX object CMakeFiles/baxter_core_msgs__rosidl_typesupport_introspection_cpp.dir/rosidl_typesupport_introspection_cpp/baxter_core_msgs/msg/detail/collision_avoidance_state__type_support.cpp.o
[15.456s] [ 72%] Building CXX object CMakeFiles/baxter_core_msgs__rosidl_typesupport_fastrtps_cpp.dir/rosidl_typesupport_fastrtps_cpp/baxter_core_msgs/msg/detail/dds_fastrtps/camera_settings__type_support.cpp.o
[15.509s] [ 72%] Built target baxter_core_msgs__rosidl_typesupport_fastrtps_c
[15.528s] [ 73%] Building CXX object CMakeFiles/baxter_core_msgs__rosidl_typesupport_fastrtps_cpp.dir/rosidl_typesupport_fastrtps_cpp/baxter_core_msgs/msg/detail/dds_fastrtps/digital_io_state__type_support.cpp.o
[15.532s] [ 73%] Building CXX object CMakeFiles/baxter_core_msgs__rosidl_typesupport_fastrtps_cpp.dir/rosidl_typesupport_fastrtps_cpp/baxter_core_msgs/msg/detail/dds_fastrtps/joint_command__type_support.cpp.o
[15.621s] [ 74%] Building CXX object CMakeFiles/baxter_core_msgs__rosidl_typesupport_introspection_cpp.dir/rosidl_typesupport_introspection_cpp/baxter_core_msgs/msg/detail/urdf_configuration__type_support.cpp.o
[15.898s] [ 74%] Building CXX object CMakeFiles/baxter_core_msgs__rosidl_typesupport_introspection_cpp.dir/rosidl_typesupport_introspection_cpp/baxter_core_msgs/msg/detail/camera_control__type_support.cpp.o
[15.998s] [ 75%] Building CXX object CMakeFiles/baxter_core_msgs__rosidl_typesupport_introspection_cpp.dir/rosidl_typesupport_introspection_cpp/baxter_core_msgs/msg/detail/analog_io_state__type_support.cpp.o
[16.009s] [ 75%] Building CXX object CMakeFiles/baxter_core_msgs__rosidl_typesupport_introspection_cpp.dir/rosidl_typesupport_introspection_cpp/baxter_core_msgs/msg/detail/navigator_states__type_support.cpp.o
[16.071s] [ 75%] Building CXX object CMakeFiles/baxter_core_msgs__rosidl_typesupport_fastrtps_cpp.dir/rosidl_typesupport_fastrtps_cpp/baxter_core_msgs/msg/detail/dds_fastrtps/robust_controller_status__type_support.cpp.o
[16.194s] [ 75%] Building CXX object CMakeFiles/baxter_core_msgs__rosidl_typesupport_fastrtps_cpp.dir/rosidl_typesupport_fastrtps_cpp/baxter_core_msgs/msg/detail/dds_fastrtps/assembly_states__type_support.cpp.o
[16.362s] [ 76%] Building CXX object CMakeFiles/baxter_core_msgs__rosidl_typesupport_fastrtps_cpp.dir/rosidl_typesupport_fastrtps_cpp/baxter_core_msgs/msg/detail/dds_fastrtps/digital_output_command__type_support.cpp.o
[16.379s] [ 76%] Building CXX object CMakeFiles/baxter_core_msgs__rosidl_typesupport_fastrtps_cpp.dir/rosidl_typesupport_fastrtps_cpp/baxter_core_msgs/msg/detail/dds_fastrtps/head_pan_command__type_support.cpp.o
[16.388s] [ 76%] Building CXX object CMakeFiles/baxter_core_msgs__rosidl_typesupport_fastrtps_cpp.dir/rosidl_typesupport_fastrtps_cpp/baxter_core_msgs/msg/detail/dds_fastrtps/assembly_state__type_support.cpp.o
[16.388s] [ 76%] Building CXX object CMakeFiles/baxter_core_msgs__rosidl_typesupport_introspection_cpp.dir/rosidl_typesupport_introspection_cpp/baxter_core_msgs/msg/detail/camera_settings__type_support.cpp.o
[16.449s] [ 77%] Building CXX object CMakeFiles/baxter_core_msgs__rosidl_typesupport_fastrtps_cpp.dir/rosidl_typesupport_fastrtps_cpp/baxter_core_msgs/msg/detail/dds_fastrtps/head_state__type_support.cpp.o
[16.561s] [ 77%] Building CXX object CMakeFiles/baxter_core_msgs__rosidl_typesupport_fastrtps_cpp.dir/rosidl_typesupport_fastrtps_cpp/baxter_core_msgs/msg/detail/dds_fastrtps/analog_io_states__type_support.cpp.o
[16.668s] [ 77%] Building CXX object CMakeFiles/baxter_core_msgs__rosidl_typesupport_introspection_cpp.dir/rosidl_typesupport_introspection_cpp/baxter_core_msgs/msg/detail/joint_command__type_support.cpp.o
[16.732s] [ 77%] Building CXX object CMakeFiles/baxter_core_msgs__rosidl_typesupport_fastrtps_cpp.dir/rosidl_typesupport_fastrtps_cpp/baxter_core_msgs/msg/detail/dds_fastrtps/endpoint_states__type_support.cpp.o
[16.732s] [ 78%] Building CXX object CMakeFiles/baxter_core_msgs__rosidl_typesupport_fastrtps_cpp.dir/rosidl_typesupport_fastrtps_cpp/baxter_core_msgs/msg/detail/dds_fastrtps/bridge_publisher__type_support.cpp.o
[16.804s] [ 79%] Building CXX object CMakeFiles/baxter_core_msgs__rosidl_typesupport_introspection_cpp.dir/rosidl_typesupport_introspection_cpp/baxter_core_msgs/msg/detail/digital_io_state__type_support.cpp.o
[17.096s] [ 79%] Building CXX object CMakeFiles/baxter_core_msgs__rosidl_typesupport_introspection_cpp.dir/rosidl_typesupport_introspection_cpp/baxter_core_msgs/msg/detail/robust_controller_status__type_support.cpp.o
[17.145s] [ 79%] Building CXX object CMakeFiles/baxter_core_msgs__rosidl_typesupport_introspection_cpp.dir/rosidl_typesupport_introspection_cpp/baxter_core_msgs/msg/detail/assembly_states__type_support.cpp.o
[17.153s] [ 79%] Building CXX object CMakeFiles/baxter_core_msgs__rosidl_typesupport_fastrtps_cpp.dir/rosidl_typesupport_fastrtps_cpp/baxter_core_msgs/srv/detail/dds_fastrtps/list_cameras__type_support.cpp.o
[17.472s] [ 80%] Building CXX object CMakeFiles/baxter_core_msgs__rosidl_typesupport_fastrtps_cpp.dir/rosidl_typesupport_fastrtps_cpp/baxter_core_msgs/srv/detail/dds_fastrtps/close_camera__type_support.cpp.o
[17.596s] [ 80%] Building CXX object CMakeFiles/baxter_core_msgs__rosidl_typesupport_fastrtps_cpp.dir/rosidl_typesupport_fastrtps_cpp/baxter_core_msgs/srv/detail/dds_fastrtps/open_camera__type_support.cpp.o
[17.615s] [ 80%] Building CXX object CMakeFiles/baxter_core_msgs__rosidl_typesupport_fastrtps_cpp.dir/rosidl_typesupport_fastrtps_cpp/baxter_core_msgs/srv/detail/dds_fastrtps/bridge_publishers_force__type_support.cpp.o
[17.666s] [ 81%] Building CXX object CMakeFiles/baxter_core_msgs__rosidl_typesupport_fastrtps_cpp.dir/rosidl_typesupport_fastrtps_cpp/baxter_core_msgs/srv/detail/dds_fastrtps/bridge_publishers_auth__type_support.cpp.o
[17.685s] [ 82%] Building CXX object CMakeFiles/baxter_core_msgs__rosidl_typesupport_introspection_cpp.dir/rosidl_typesupport_introspection_cpp/baxter_core_msgs/msg/detail/digital_output_command__type_support.cpp.o
[17.720s] [ 82%] Building CXX object CMakeFiles/baxter_core_msgs__rosidl_typesupport_introspection_cpp.dir/rosidl_typesupport_introspection_cpp/baxter_core_msgs/msg/detail/head_pan_command__type_support.cpp.o
[17.766s] [ 82%] Building CXX object CMakeFiles/baxter_core_msgs__rosidl_typesupport_fastrtps_cpp.dir/rosidl_typesupport_fastrtps_cpp/baxter_core_msgs/srv/detail/dds_fastrtps/solve_position_ik__type_support.cpp.o
[17.825s] [ 83%] Building CXX object CMakeFiles/baxter_core_msgs__rosidl_typesupport_introspection_cpp.dir/rosidl_typesupport_introspection_cpp/baxter_core_msgs/msg/detail/assembly_state__type_support.cpp.o
[17.919s] [ 83%] Building CXX object CMakeFiles/baxter_core_msgs__rosidl_typesupport_introspection_cpp.dir/rosidl_typesupport_introspection_cpp/baxter_core_msgs/msg/detail/head_state__type_support.cpp.o
[17.993s] [ 83%] Building CXX object CMakeFiles/baxter_core_msgs__rosidl_typesupport_introspection_cpp.dir/rosidl_typesupport_introspection_cpp/baxter_core_msgs/msg/detail/analog_io_states__type_support.cpp.o
[18.258s] [ 84%] Building CXX object CMakeFiles/baxter_core_msgs__rosidl_typesupport_introspection_cpp.dir/rosidl_typesupport_introspection_cpp/baxter_core_msgs/msg/detail/bridge_publisher__type_support.cpp.o
[18.300s] [ 84%] Building CXX object CMakeFiles/baxter_core_msgs__rosidl_typesupport_introspection_cpp.dir/rosidl_typesupport_introspection_cpp/baxter_core_msgs/msg/detail/endpoint_states__type_support.cpp.o
[18.311s] [ 84%] Building CXX object CMakeFiles/baxter_core_msgs__rosidl_typesupport_introspection_cpp.dir/rosidl_typesupport_introspection_cpp/baxter_core_msgs/srv/detail/list_cameras__type_support.cpp.o
[18.486s] [ 85%] Building CXX object CMakeFiles/baxter_core_msgs__rosidl_typesupport_introspection_cpp.dir/rosidl_typesupport_introspection_cpp/baxter_core_msgs/srv/detail/close_camera__type_support.cpp.o
[18.501s] [ 85%] Building CXX object CMakeFiles/baxter_core_msgs__rosidl_typesupport_introspection_cpp.dir/rosidl_typesupport_introspection_cpp/baxter_core_msgs/srv/detail/open_camera__type_support.cpp.o
[18.570s] [ 85%] Building CXX object CMakeFiles/baxter_core_msgs__rosidl_typesupport_introspection_cpp.dir/rosidl_typesupport_introspection_cpp/baxter_core_msgs/srv/detail/bridge_publishers_force__type_support.cpp.o
[18.793s] [ 86%] Building CXX object CMakeFiles/baxter_core_msgs__rosidl_typesupport_introspection_cpp.dir/rosidl_typesupport_introspection_cpp/baxter_core_msgs/srv/detail/bridge_publishers_auth__type_support.cpp.o
[18.809s] [ 86%] Building CXX object CMakeFiles/baxter_core_msgs__rosidl_typesupport_introspection_cpp.dir/rosidl_typesupport_introspection_cpp/baxter_core_msgs/srv/detail/solve_position_ik__type_support.cpp.o
[19.236s] [ 86%] Linking CXX shared library libbaxter_core_msgs__rosidl_typesupport_fastrtps_cpp.so
[19.412s] [ 86%] Built target baxter_core_msgs__rosidl_typesupport_fastrtps_cpp
[19.978s] [ 87%] Linking CXX shared library libbaxter_core_msgs__rosidl_typesupport_introspection_cpp.so
[20.074s] [ 87%] Built target baxter_core_msgs__rosidl_typesupport_introspection_cpp
[20.089s] [ 87%] Built target baxter_core_msgs
[20.105s] [ 87%] Generating Python code for ROS interfaces
[25.178s] [ 87%] Built target baxter_core_msgs__py
[25.195s] [ 87%] Building C object CMakeFiles/baxter_core_msgs__rosidl_generator_py.dir/rosidl_generator_py/baxter_core_msgs/msg/_navigator_state_s.c.o
[25.196s] [ 88%] Building C object CMakeFiles/baxter_core_msgs__rosidl_generator_py.dir/rosidl_generator_py/baxter_core_msgs/msg/_end_effector_state_s.c.o
[25.196s] [ 88%] Building C object CMakeFiles/baxter_core_msgs__rosidl_generator_py.dir/rosidl_generator_py/baxter_core_msgs/msg/_digital_io_states_s.c.o
[25.196s] [ 90%] Building C object CMakeFiles/baxter_core_msgs__rosidl_generator_py.dir/rosidl_generator_py/baxter_core_msgs/msg/_analog_output_command_s.c.o
[25.197s] [ 90%] Building C object CMakeFiles/baxter_core_msgs__rosidl_generator_py.dir/rosidl_generator_py/baxter_core_msgs/msg/_end_effector_command_s.c.o
[25.197s] [ 90%] Building C object CMakeFiles/baxter_core_msgs__rosidl_generator_py.dir/rosidl_generator_py/baxter_core_msgs/msg/_endpoint_state_s.c.o
[25.197s] [ 90%] Building C object CMakeFiles/baxter_core_msgs__rosidl_generator_py.dir/rosidl_generator_py/baxter_core_msgs/msg/_collision_detection_state_s.c.o
[25.197s] [ 90%] Building C object CMakeFiles/baxter_core_msgs__rosidl_generator_py.dir/rosidl_generator_py/baxter_core_msgs/msg/_end_effector_properties_s.c.o
[25.197s] [ 91%] Building C object CMakeFiles/baxter_core_msgs__rosidl_generator_py.dir/rosidl_generator_py/baxter_core_msgs/msg/_sea_joint_state_s.c.o
[25.197s] [ 91%] Building C object CMakeFiles/baxter_core_msgs__rosidl_generator_py.dir/rosidl_generator_py/baxter_core_msgs/msg/_urdf_configuration_s.c.o
[25.198s] [ 91%] Building C object CMakeFiles/baxter_core_msgs__rosidl_generator_py.dir/rosidl_generator_py/baxter_core_msgs/msg/_collision_avoidance_state_s.c.o
[25.198s] [ 92%] Building C object CMakeFiles/baxter_core_msgs__rosidl_generator_py.dir/rosidl_generator_py/baxter_core_msgs/msg/_camera_control_s.c.o
[25.198s] [ 92%] Building C object CMakeFiles/baxter_core_msgs__rosidl_generator_py.dir/rosidl_generator_py/baxter_core_msgs/msg/_navigator_states_s.c.o
[25.198s] [ 92%] Building C object CMakeFiles/baxter_core_msgs__rosidl_generator_py.dir/rosidl_generator_py/baxter_core_msgs/msg/_analog_io_state_s.c.o
[25.203s] [ 93%] Building C object CMakeFiles/baxter_core_msgs__rosidl_generator_py.dir/rosidl_generator_py/baxter_core_msgs/msg/_camera_settings_s.c.o
[25.231s] [ 93%] Building C object CMakeFiles/baxter_core_msgs__rosidl_generator_py.dir/rosidl_generator_py/baxter_core_msgs/msg/_joint_command_s.c.o
[25.387s] [ 93%] Building C object CMakeFiles/baxter_core_msgs__rosidl_generator_py.dir/rosidl_generator_py/baxter_core_msgs/msg/_digital_io_state_s.c.o
[25.396s] [ 94%] Building C object CMakeFiles/baxter_core_msgs__rosidl_generator_py.dir/rosidl_generator_py/baxter_core_msgs/msg/_robust_controller_status_s.c.o
[25.401s] [ 94%] Building C object CMakeFiles/baxter_core_msgs__rosidl_generator_py.dir/rosidl_generator_py/baxter_core_msgs/msg/_assembly_states_s.c.o
[25.409s] [ 94%] Building C object CMakeFiles/baxter_core_msgs__rosidl_generator_py.dir/rosidl_generator_py/baxter_core_msgs/msg/_head_pan_command_s.c.o
[25.409s] [ 95%] Building C object CMakeFiles/baxter_core_msgs__rosidl_generator_py.dir/rosidl_generator_py/baxter_core_msgs/msg/_digital_output_command_s.c.o
[25.413s] [ 95%] Building C object CMakeFiles/baxter_core_msgs__rosidl_generator_py.dir/rosidl_generator_py/baxter_core_msgs/msg/_assembly_state_s.c.o
[25.427s] [ 95%] Building C object CMakeFiles/baxter_core_msgs__rosidl_generator_py.dir/rosidl_generator_py/baxter_core_msgs/msg/_bridge_publisher_s.c.o
[25.427s] [ 95%] Building C object CMakeFiles/baxter_core_msgs__rosidl_generator_py.dir/rosidl_generator_py/baxter_core_msgs/msg/_analog_io_states_s.c.o
[25.433s] [ 96%] Building C object CMakeFiles/baxter_core_msgs__rosidl_generator_py.dir/rosidl_generator_py/baxter_core_msgs/msg/_endpoint_states_s.c.o
[25.438s] [ 97%] Building C object CMakeFiles/baxter_core_msgs__rosidl_generator_py.dir/rosidl_generator_py/baxter_core_msgs/msg/_head_state_s.c.o
[25.438s] [ 97%] Building C object CMakeFiles/baxter_core_msgs__rosidl_generator_py.dir/rosidl_generator_py/baxter_core_msgs/srv/_list_cameras_s.c.o
[25.438s] [ 97%] Building C object CMakeFiles/baxter_core_msgs__rosidl_generator_py.dir/rosidl_generator_py/baxter_core_msgs/srv/_close_camera_s.c.o
[25.481s] [ 98%] Building C object CMakeFiles/baxter_core_msgs__rosidl_generator_py.dir/rosidl_generator_py/baxter_core_msgs/srv/_open_camera_s.c.o
[25.482s] [ 98%] Building C object CMakeFiles/baxter_core_msgs__rosidl_generator_py.dir/rosidl_generator_py/baxter_core_msgs/srv/_bridge_publishers_force_s.c.o
[25.532s] [ 99%] Building C object CMakeFiles/baxter_core_msgs__rosidl_generator_py.dir/rosidl_generator_py/baxter_core_msgs/srv/_bridge_publishers_auth_s.c.o
[25.579s] [ 99%] Building C object CMakeFiles/baxter_core_msgs__rosidl_generator_py.dir/rosidl_generator_py/baxter_core_msgs/srv/_solve_position_ik_s.c.o
[25.799s] [ 99%] Linking C shared library rosidl_generator_py/baxter_core_msgs/libbaxter_core_msgs__rosidl_generator_py.so
[25.867s] [ 99%] Built target baxter_core_msgs__rosidl_generator_py
[25.887s] [ 99%] Building C object CMakeFiles/baxter_core_msgs__rosidl_typesupport_fastrtps_c__pyext.dir/rosidl_generator_py/baxter_core_msgs/_baxter_core_msgs_s.ep.rosidl_typesupport_fastrtps_c.c.o
[25.887s] [100%] Building C object CMakeFiles/baxter_core_msgs__rosidl_typesupport_c__pyext.dir/rosidl_generator_py/baxter_core_msgs/_baxter_core_msgs_s.ep.rosidl_typesupport_c.c.o
[25.892s] [100%] Building C object CMakeFiles/baxter_core_msgs__rosidl_typesupport_introspection_c__pyext.dir/rosidl_generator_py/baxter_core_msgs/_baxter_core_msgs_s.ep.rosidl_typesupport_introspection_c.c.o
[26.142s] [100%] Linking C shared library rosidl_generator_py/baxter_core_msgs/baxter_core_msgs_s__rosidl_typesupport_c.cpython-310-x86_64-linux-gnu.so
[26.143s] [100%] Linking C shared library rosidl_generator_py/baxter_core_msgs/baxter_core_msgs_s__rosidl_typesupport_fastrtps_c.cpython-310-x86_64-linux-gnu.so
[26.149s] [100%] Linking C shared library rosidl_generator_py/baxter_core_msgs/baxter_core_msgs_s__rosidl_typesupport_introspection_c.cpython-310-x86_64-linux-gnu.so
[26.189s] [100%] Built target baxter_core_msgs__rosidl_typesupport_c__pyext
[26.189s] [100%] Built target baxter_core_msgs__rosidl_typesupport_fastrtps_c__pyext
[26.196s] [100%] Built target baxter_core_msgs__rosidl_typesupport_introspection_c__pyext
