[0.097s] DEBUG:colcon:Command line arguments: ['/usr/bin/colcon', 'build']
[0.097s] DEBUG:colcon:Parsed command line arguments: Namespace(log_base=None, log_level=None, verb_name='build', build_base='build', install_base='install', merge_install=False, symlink_install=False, test_result_base=None, continue_on_error=False, executor='parallel', parallel_workers=16, event_handlers=None, ignore_user_meta=False, metas=['./colcon.meta'], base_paths=['.'], packages_ignore=None, packages_ignore_regex=None, paths=None, packages_up_to=None, packages_up_to_regex=None, packages_above=None, packages_above_and_dependencies=None, packages_above_depth=None, packages_select_by_dep=None, packages_skip_by_dep=None, packages_skip_up_to=None, packages_select_build_failed=False, packages_skip_build_finished=False, packages_select_test_failures=False, packages_skip_test_passed=False, packages_select=None, packages_skip=None, packages_select_regex=None, packages_skip_regex=None, packages_start=None, packages_end=None, cmake_args=None, cmake_target=None, cmake_target_skip_unavailable=False, cmake_clean_cache=False, cmake_clean_first=False, cmake_force_configure=False, ament_cmake_args=None, catkin_cmake_args=None, catkin_skip_building_tests=False, mixin_files=None, mixin=None, verb_parser=<colcon_mixin.mixin.mixin_argument.MixinArgumentDecorator object at 0x7fd6e3366590>, verb_extension=<colcon_core.verb.build.BuildVerb object at 0x7fd6e3365930>, main=<bound method BuildVerb.main of <colcon_core.verb.build.BuildVerb object at 0x7fd6e3365930>>, mixin_verb=('build',))
[0.196s] Level 1:colcon.colcon_core.package_discovery:discover_packages(colcon_meta) check parameters
[0.197s] INFO:colcon.colcon_metadata.package_discovery.colcon_meta:Using configuration from '/root/.colcon/metadata/default/Gazebo.meta'
[0.197s] INFO:colcon.colcon_metadata.package_discovery.colcon_meta:Using configuration from '/root/.colcon/metadata/default/fastdds.meta'
[0.197s] INFO:colcon.colcon_metadata.package_discovery.colcon_meta:Using configuration from '/root/.colcon/metadata/default/fastrtps.meta'
[0.198s] Level 1:colcon.colcon_core.package_discovery:discover_packages(recursive) check parameters
[0.198s] Level 1:colcon.colcon_core.package_discovery:discover_packages(ignore) check parameters
[0.198s] Level 1:colcon.colcon_core.package_discovery:discover_packages(path) check parameters
[0.198s] Level 1:colcon.colcon_core.package_discovery:discover_packages(colcon_meta) discover
[0.198s] Level 1:colcon.colcon_core.package_discovery:discover_packages(recursive) discover
[0.198s] INFO:colcon.colcon_core.package_discovery:Crawling recursively for packages in '/shared_ws'
[0.198s] Level 1:colcon.colcon_core.package_identification:_identify(.) by extensions ['ignore', 'ignore_ament_install']
[0.198s] Level 1:colcon.colcon_core.package_identification:_identify(.) by extension 'ignore'
[0.198s] Level 1:colcon.colcon_core.package_identification:_identify(.) by extension 'ignore_ament_install'
[0.198s] Level 1:colcon.colcon_core.package_identification:_identify(.) by extensions ['colcon_pkg']
[0.198s] Level 1:colcon.colcon_core.package_identification:_identify(.) by extension 'colcon_pkg'
[0.198s] Level 1:colcon.colcon_core.package_identification:_identify(.) by extensions ['colcon_meta']
[0.198s] Level 1:colcon.colcon_core.package_identification:_identify(.) by extension 'colcon_meta'
[0.198s] Level 1:colcon.colcon_core.package_identification:_identify(.) by extensions ['ros']
[0.198s] Level 1:colcon.colcon_core.package_identification:_identify(.) by extension 'ros'
[0.206s] Level 1:colcon.colcon_core.package_identification:_identify(.) by extensions ['cmake', 'python']
[0.206s] Level 1:colcon.colcon_core.package_identification:_identify(.) by extension 'cmake'
[0.206s] Level 1:colcon.colcon_core.package_identification:_identify(.) by extension 'python'
[0.206s] Level 1:colcon.colcon_core.package_identification:_identify(.) by extensions ['python_setup_py']
[0.206s] Level 1:colcon.colcon_core.package_identification:_identify(.) by extension 'python_setup_py'
[0.206s] Level 1:colcon.colcon_core.package_identification:_identify(build) by extensions ['ignore', 'ignore_ament_install']
[0.207s] Level 1:colcon.colcon_core.package_identification:_identify(build) by extension 'ignore'
[0.207s] Level 1:colcon.colcon_core.package_identification:_identify(build) ignored
[0.207s] Level 1:colcon.colcon_core.package_identification:_identify(install) by extensions ['ignore', 'ignore_ament_install']
[0.207s] Level 1:colcon.colcon_core.package_identification:_identify(install) by extension 'ignore'
[0.207s] Level 1:colcon.colcon_core.package_identification:_identify(install) ignored
[0.207s] Level 1:colcon.colcon_core.package_identification:_identify(log) by extensions ['ignore', 'ignore_ament_install']
[0.207s] Level 1:colcon.colcon_core.package_identification:_identify(log) by extension 'ignore'
[0.207s] Level 1:colcon.colcon_core.package_identification:_identify(log) ignored
[0.207s] Level 1:colcon.colcon_core.package_identification:_identify(meshes) by extensions ['ignore', 'ignore_ament_install']
[0.207s] Level 1:colcon.colcon_core.package_identification:_identify(meshes) by extension 'ignore'
[0.207s] Level 1:colcon.colcon_core.package_identification:_identify(meshes) by extension 'ignore_ament_install'
[0.207s] Level 1:colcon.colcon_core.package_identification:_identify(meshes) by extensions ['colcon_pkg']
[0.207s] Level 1:colcon.colcon_core.package_identification:_identify(meshes) by extension 'colcon_pkg'
[0.207s] Level 1:colcon.colcon_core.package_identification:_identify(meshes) by extensions ['colcon_meta']
[0.207s] Level 1:colcon.colcon_core.package_identification:_identify(meshes) by extension 'colcon_meta'
[0.207s] Level 1:colcon.colcon_core.package_identification:_identify(meshes) by extensions ['ros']
[0.207s] Level 1:colcon.colcon_core.package_identification:_identify(meshes) by extension 'ros'
[0.207s] Level 1:colcon.colcon_core.package_identification:_identify(meshes) by extensions ['cmake', 'python']
[0.207s] Level 1:colcon.colcon_core.package_identification:_identify(meshes) by extension 'cmake'
[0.208s] Level 1:colcon.colcon_core.package_identification:_identify(meshes) by extension 'python'
[0.208s] Level 1:colcon.colcon_core.package_identification:_identify(meshes) by extensions ['python_setup_py']
[0.208s] Level 1:colcon.colcon_core.package_identification:_identify(meshes) by extension 'python_setup_py'
[0.208s] Level 1:colcon.colcon_core.package_identification:_identify(meshes/base) by extensions ['ignore', 'ignore_ament_install']
[0.208s] Level 1:colcon.colcon_core.package_identification:_identify(meshes/base) by extension 'ignore'
[0.208s] Level 1:colcon.colcon_core.package_identification:_identify(meshes/base) by extension 'ignore_ament_install'
[0.208s] Level 1:colcon.colcon_core.package_identification:_identify(meshes/base) by extensions ['colcon_pkg']
[0.208s] Level 1:colcon.colcon_core.package_identification:_identify(meshes/base) by extension 'colcon_pkg'
[0.208s] Level 1:colcon.colcon_core.package_identification:_identify(meshes/base) by extensions ['colcon_meta']
[0.208s] Level 1:colcon.colcon_core.package_identification:_identify(meshes/base) by extension 'colcon_meta'
[0.208s] Level 1:colcon.colcon_core.package_identification:_identify(meshes/base) by extensions ['ros']
[0.208s] Level 1:colcon.colcon_core.package_identification:_identify(meshes/base) by extension 'ros'
[0.208s] Level 1:colcon.colcon_core.package_identification:_identify(meshes/base) by extensions ['cmake', 'python']
[0.208s] Level 1:colcon.colcon_core.package_identification:_identify(meshes/base) by extension 'cmake'
[0.208s] Level 1:colcon.colcon_core.package_identification:_identify(meshes/base) by extension 'python'
[0.209s] Level 1:colcon.colcon_core.package_identification:_identify(meshes/base) by extensions ['python_setup_py']
[0.209s] Level 1:colcon.colcon_core.package_identification:_identify(meshes/base) by extension 'python_setup_py'
[0.209s] Level 1:colcon.colcon_core.package_identification:_identify(meshes/head) by extensions ['ignore', 'ignore_ament_install']
[0.209s] Level 1:colcon.colcon_core.package_identification:_identify(meshes/head) by extension 'ignore'
[0.209s] Level 1:colcon.colcon_core.package_identification:_identify(meshes/head) by extension 'ignore_ament_install'
[0.209s] Level 1:colcon.colcon_core.package_identification:_identify(meshes/head) by extensions ['colcon_pkg']
[0.209s] Level 1:colcon.colcon_core.package_identification:_identify(meshes/head) by extension 'colcon_pkg'
[0.209s] Level 1:colcon.colcon_core.package_identification:_identify(meshes/head) by extensions ['colcon_meta']
[0.209s] Level 1:colcon.colcon_core.package_identification:_identify(meshes/head) by extension 'colcon_meta'
[0.209s] Level 1:colcon.colcon_core.package_identification:_identify(meshes/head) by extensions ['ros']
[0.209s] Level 1:colcon.colcon_core.package_identification:_identify(meshes/head) by extension 'ros'
[0.209s] Level 1:colcon.colcon_core.package_identification:_identify(meshes/head) by extensions ['cmake', 'python']
[0.209s] Level 1:colcon.colcon_core.package_identification:_identify(meshes/head) by extension 'cmake'
[0.209s] Level 1:colcon.colcon_core.package_identification:_identify(meshes/head) by extension 'python'
[0.209s] Level 1:colcon.colcon_core.package_identification:_identify(meshes/head) by extensions ['python_setup_py']
[0.209s] Level 1:colcon.colcon_core.package_identification:_identify(meshes/head) by extension 'python_setup_py'
[0.209s] Level 1:colcon.colcon_core.package_identification:_identify(meshes/lower_elbow) by extensions ['ignore', 'ignore_ament_install']
[0.209s] Level 1:colcon.colcon_core.package_identification:_identify(meshes/lower_elbow) by extension 'ignore'
[0.209s] Level 1:colcon.colcon_core.package_identification:_identify(meshes/lower_elbow) by extension 'ignore_ament_install'
[0.209s] Level 1:colcon.colcon_core.package_identification:_identify(meshes/lower_elbow) by extensions ['colcon_pkg']
[0.209s] Level 1:colcon.colcon_core.package_identification:_identify(meshes/lower_elbow) by extension 'colcon_pkg'
[0.209s] Level 1:colcon.colcon_core.package_identification:_identify(meshes/lower_elbow) by extensions ['colcon_meta']
[0.209s] Level 1:colcon.colcon_core.package_identification:_identify(meshes/lower_elbow) by extension 'colcon_meta'
[0.209s] Level 1:colcon.colcon_core.package_identification:_identify(meshes/lower_elbow) by extensions ['ros']
[0.209s] Level 1:colcon.colcon_core.package_identification:_identify(meshes/lower_elbow) by extension 'ros'
[0.210s] Level 1:colcon.colcon_core.package_identification:_identify(meshes/lower_elbow) by extensions ['cmake', 'python']
[0.210s] Level 1:colcon.colcon_core.package_identification:_identify(meshes/lower_elbow) by extension 'cmake'
[0.210s] Level 1:colcon.colcon_core.package_identification:_identify(meshes/lower_elbow) by extension 'python'
[0.210s] Level 1:colcon.colcon_core.package_identification:_identify(meshes/lower_elbow) by extensions ['python_setup_py']
[0.210s] Level 1:colcon.colcon_core.package_identification:_identify(meshes/lower_elbow) by extension 'python_setup_py'
[0.210s] Level 1:colcon.colcon_core.package_identification:_identify(meshes/lower_forearm) by extensions ['ignore', 'ignore_ament_install']
[0.210s] Level 1:colcon.colcon_core.package_identification:_identify(meshes/lower_forearm) by extension 'ignore'
[0.210s] Level 1:colcon.colcon_core.package_identification:_identify(meshes/lower_forearm) by extension 'ignore_ament_install'
[0.210s] Level 1:colcon.colcon_core.package_identification:_identify(meshes/lower_forearm) by extensions ['colcon_pkg']
[0.210s] Level 1:colcon.colcon_core.package_identification:_identify(meshes/lower_forearm) by extension 'colcon_pkg'
[0.210s] Level 1:colcon.colcon_core.package_identification:_identify(meshes/lower_forearm) by extensions ['colcon_meta']
[0.210s] Level 1:colcon.colcon_core.package_identification:_identify(meshes/lower_forearm) by extension 'colcon_meta'
[0.210s] Level 1:colcon.colcon_core.package_identification:_identify(meshes/lower_forearm) by extensions ['ros']
[0.210s] Level 1:colcon.colcon_core.package_identification:_identify(meshes/lower_forearm) by extension 'ros'
[0.210s] Level 1:colcon.colcon_core.package_identification:_identify(meshes/lower_forearm) by extensions ['cmake', 'python']
[0.210s] Level 1:colcon.colcon_core.package_identification:_identify(meshes/lower_forearm) by extension 'cmake'
[0.210s] Level 1:colcon.colcon_core.package_identification:_identify(meshes/lower_forearm) by extension 'python'
[0.210s] Level 1:colcon.colcon_core.package_identification:_identify(meshes/lower_forearm) by extensions ['python_setup_py']
[0.210s] Level 1:colcon.colcon_core.package_identification:_identify(meshes/lower_forearm) by extension 'python_setup_py'
[0.210s] Level 1:colcon.colcon_core.package_identification:_identify(meshes/lower_shoulder) by extensions ['ignore', 'ignore_ament_install']
[0.210s] Level 1:colcon.colcon_core.package_identification:_identify(meshes/lower_shoulder) by extension 'ignore'
[0.210s] Level 1:colcon.colcon_core.package_identification:_identify(meshes/lower_shoulder) by extension 'ignore_ament_install'
[0.210s] Level 1:colcon.colcon_core.package_identification:_identify(meshes/lower_shoulder) by extensions ['colcon_pkg']
[0.210s] Level 1:colcon.colcon_core.package_identification:_identify(meshes/lower_shoulder) by extension 'colcon_pkg'
[0.210s] Level 1:colcon.colcon_core.package_identification:_identify(meshes/lower_shoulder) by extensions ['colcon_meta']
[0.210s] Level 1:colcon.colcon_core.package_identification:_identify(meshes/lower_shoulder) by extension 'colcon_meta'
[0.210s] Level 1:colcon.colcon_core.package_identification:_identify(meshes/lower_shoulder) by extensions ['ros']
[0.211s] Level 1:colcon.colcon_core.package_identification:_identify(meshes/lower_shoulder) by extension 'ros'
[0.211s] Level 1:colcon.colcon_core.package_identification:_identify(meshes/lower_shoulder) by extensions ['cmake', 'python']
[0.211s] Level 1:colcon.colcon_core.package_identification:_identify(meshes/lower_shoulder) by extension 'cmake'
[0.211s] Level 1:colcon.colcon_core.package_identification:_identify(meshes/lower_shoulder) by extension 'python'
[0.211s] Level 1:colcon.colcon_core.package_identification:_identify(meshes/lower_shoulder) by extensions ['python_setup_py']
[0.211s] Level 1:colcon.colcon_core.package_identification:_identify(meshes/lower_shoulder) by extension 'python_setup_py'
[0.211s] Level 1:colcon.colcon_core.package_identification:_identify(meshes/torso) by extensions ['ignore', 'ignore_ament_install']
[0.211s] Level 1:colcon.colcon_core.package_identification:_identify(meshes/torso) by extension 'ignore'
[0.211s] Level 1:colcon.colcon_core.package_identification:_identify(meshes/torso) by extension 'ignore_ament_install'
[0.211s] Level 1:colcon.colcon_core.package_identification:_identify(meshes/torso) by extensions ['colcon_pkg']
[0.211s] Level 1:colcon.colcon_core.package_identification:_identify(meshes/torso) by extension 'colcon_pkg'
[0.211s] Level 1:colcon.colcon_core.package_identification:_identify(meshes/torso) by extensions ['colcon_meta']
[0.211s] Level 1:colcon.colcon_core.package_identification:_identify(meshes/torso) by extension 'colcon_meta'
[0.211s] Level 1:colcon.colcon_core.package_identification:_identify(meshes/torso) by extensions ['ros']
[0.211s] Level 1:colcon.colcon_core.package_identification:_identify(meshes/torso) by extension 'ros'
[0.211s] Level 1:colcon.colcon_core.package_identification:_identify(meshes/torso) by extensions ['cmake', 'python']
[0.211s] Level 1:colcon.colcon_core.package_identification:_identify(meshes/torso) by extension 'cmake'
[0.211s] Level 1:colcon.colcon_core.package_identification:_identify(meshes/torso) by extension 'python'
[0.211s] Level 1:colcon.colcon_core.package_identification:_identify(meshes/torso) by extensions ['python_setup_py']
[0.211s] Level 1:colcon.colcon_core.package_identification:_identify(meshes/torso) by extension 'python_setup_py'
[0.211s] Level 1:colcon.colcon_core.package_identification:_identify(meshes/upper_elbow) by extensions ['ignore', 'ignore_ament_install']
[0.211s] Level 1:colcon.colcon_core.package_identification:_identify(meshes/upper_elbow) by extension 'ignore'
[0.211s] Level 1:colcon.colcon_core.package_identification:_identify(meshes/upper_elbow) by extension 'ignore_ament_install'
[0.212s] Level 1:colcon.colcon_core.package_identification:_identify(meshes/upper_elbow) by extensions ['colcon_pkg']
[0.212s] Level 1:colcon.colcon_core.package_identification:_identify(meshes/upper_elbow) by extension 'colcon_pkg'
[0.212s] Level 1:colcon.colcon_core.package_identification:_identify(meshes/upper_elbow) by extensions ['colcon_meta']
[0.212s] Level 1:colcon.colcon_core.package_identification:_identify(meshes/upper_elbow) by extension 'colcon_meta'
[0.212s] Level 1:colcon.colcon_core.package_identification:_identify(meshes/upper_elbow) by extensions ['ros']
[0.212s] Level 1:colcon.colcon_core.package_identification:_identify(meshes/upper_elbow) by extension 'ros'
[0.212s] Level 1:colcon.colcon_core.package_identification:_identify(meshes/upper_elbow) by extensions ['cmake', 'python']
[0.212s] Level 1:colcon.colcon_core.package_identification:_identify(meshes/upper_elbow) by extension 'cmake'
[0.212s] Level 1:colcon.colcon_core.package_identification:_identify(meshes/upper_elbow) by extension 'python'
[0.212s] Level 1:colcon.colcon_core.package_identification:_identify(meshes/upper_elbow) by extensions ['python_setup_py']
[0.212s] Level 1:colcon.colcon_core.package_identification:_identify(meshes/upper_elbow) by extension 'python_setup_py'
[0.212s] Level 1:colcon.colcon_core.package_identification:_identify(meshes/upper_forearm) by extensions ['ignore', 'ignore_ament_install']
[0.212s] Level 1:colcon.colcon_core.package_identification:_identify(meshes/upper_forearm) by extension 'ignore'
[0.212s] Level 1:colcon.colcon_core.package_identification:_identify(meshes/upper_forearm) by extension 'ignore_ament_install'
[0.212s] Level 1:colcon.colcon_core.package_identification:_identify(meshes/upper_forearm) by extensions ['colcon_pkg']
[0.212s] Level 1:colcon.colcon_core.package_identification:_identify(meshes/upper_forearm) by extension 'colcon_pkg'
[0.212s] Level 1:colcon.colcon_core.package_identification:_identify(meshes/upper_forearm) by extensions ['colcon_meta']
[0.212s] Level 1:colcon.colcon_core.package_identification:_identify(meshes/upper_forearm) by extension 'colcon_meta'
[0.212s] Level 1:colcon.colcon_core.package_identification:_identify(meshes/upper_forearm) by extensions ['ros']
[0.212s] Level 1:colcon.colcon_core.package_identification:_identify(meshes/upper_forearm) by extension 'ros'
[0.212s] Level 1:colcon.colcon_core.package_identification:_identify(meshes/upper_forearm) by extensions ['cmake', 'python']
[0.212s] Level 1:colcon.colcon_core.package_identification:_identify(meshes/upper_forearm) by extension 'cmake'
[0.212s] Level 1:colcon.colcon_core.package_identification:_identify(meshes/upper_forearm) by extension 'python'
[0.212s] Level 1:colcon.colcon_core.package_identification:_identify(meshes/upper_forearm) by extensions ['python_setup_py']
[0.212s] Level 1:colcon.colcon_core.package_identification:_identify(meshes/upper_forearm) by extension 'python_setup_py'
[0.212s] Level 1:colcon.colcon_core.package_identification:_identify(meshes/upper_shoulder) by extensions ['ignore', 'ignore_ament_install']
[0.213s] Level 1:colcon.colcon_core.package_identification:_identify(meshes/upper_shoulder) by extension 'ignore'
[0.213s] Level 1:colcon.colcon_core.package_identification:_identify(meshes/upper_shoulder) by extension 'ignore_ament_install'
[0.213s] Level 1:colcon.colcon_core.package_identification:_identify(meshes/upper_shoulder) by extensions ['colcon_pkg']
[0.213s] Level 1:colcon.colcon_core.package_identification:_identify(meshes/upper_shoulder) by extension 'colcon_pkg'
[0.213s] Level 1:colcon.colcon_core.package_identification:_identify(meshes/upper_shoulder) by extensions ['colcon_meta']
[0.213s] Level 1:colcon.colcon_core.package_identification:_identify(meshes/upper_shoulder) by extension 'colcon_meta'
[0.213s] Level 1:colcon.colcon_core.package_identification:_identify(meshes/upper_shoulder) by extensions ['ros']
[0.213s] Level 1:colcon.colcon_core.package_identification:_identify(meshes/upper_shoulder) by extension 'ros'
[0.213s] Level 1:colcon.colcon_core.package_identification:_identify(meshes/upper_shoulder) by extensions ['cmake', 'python']
[0.213s] Level 1:colcon.colcon_core.package_identification:_identify(meshes/upper_shoulder) by extension 'cmake'
[0.213s] Level 1:colcon.colcon_core.package_identification:_identify(meshes/upper_shoulder) by extension 'python'
[0.213s] Level 1:colcon.colcon_core.package_identification:_identify(meshes/upper_shoulder) by extensions ['python_setup_py']
[0.213s] Level 1:colcon.colcon_core.package_identification:_identify(meshes/upper_shoulder) by extension 'python_setup_py'
[0.213s] Level 1:colcon.colcon_core.package_identification:_identify(meshes/wrist) by extensions ['ignore', 'ignore_ament_install']
[0.213s] Level 1:colcon.colcon_core.package_identification:_identify(meshes/wrist) by extension 'ignore'
[0.213s] Level 1:colcon.colcon_core.package_identification:_identify(meshes/wrist) by extension 'ignore_ament_install'
[0.213s] Level 1:colcon.colcon_core.package_identification:_identify(meshes/wrist) by extensions ['colcon_pkg']
[0.213s] Level 1:colcon.colcon_core.package_identification:_identify(meshes/wrist) by extension 'colcon_pkg'
[0.213s] Level 1:colcon.colcon_core.package_identification:_identify(meshes/wrist) by extensions ['colcon_meta']
[0.213s] Level 1:colcon.colcon_core.package_identification:_identify(meshes/wrist) by extension 'colcon_meta'
[0.213s] Level 1:colcon.colcon_core.package_identification:_identify(meshes/wrist) by extensions ['ros']
[0.213s] Level 1:colcon.colcon_core.package_identification:_identify(meshes/wrist) by extension 'ros'
[0.213s] Level 1:colcon.colcon_core.package_identification:_identify(meshes/wrist) by extensions ['cmake', 'python']
[0.213s] Level 1:colcon.colcon_core.package_identification:_identify(meshes/wrist) by extension 'cmake'
[0.213s] Level 1:colcon.colcon_core.package_identification:_identify(meshes/wrist) by extension 'python'
[0.213s] Level 1:colcon.colcon_core.package_identification:_identify(meshes/wrist) by extensions ['python_setup_py']
[0.213s] Level 1:colcon.colcon_core.package_identification:_identify(meshes/wrist) by extension 'python_setup_py'
[0.213s] Level 1:colcon.colcon_core.package_identification:_identify(src) by extensions ['ignore', 'ignore_ament_install']
[0.214s] Level 1:colcon.colcon_core.package_identification:_identify(src) by extension 'ignore'
[0.214s] Level 1:colcon.colcon_core.package_identification:_identify(src) by extension 'ignore_ament_install'
[0.214s] Level 1:colcon.colcon_core.package_identification:_identify(src) by extensions ['colcon_pkg']
[0.214s] Level 1:colcon.colcon_core.package_identification:_identify(src) by extension 'colcon_pkg'
[0.214s] Level 1:colcon.colcon_core.package_identification:_identify(src) by extensions ['colcon_meta']
[0.214s] Level 1:colcon.colcon_core.package_identification:_identify(src) by extension 'colcon_meta'
[0.214s] Level 1:colcon.colcon_core.package_identification:_identify(src) by extensions ['ros']
[0.214s] Level 1:colcon.colcon_core.package_identification:_identify(src) by extension 'ros'
[0.214s] Level 1:colcon.colcon_core.package_identification:_identify(src) by extensions ['cmake', 'python']
[0.214s] Level 1:colcon.colcon_core.package_identification:_identify(src) by extension 'cmake'
[0.214s] Level 1:colcon.colcon_core.package_identification:_identify(src) by extension 'python'
[0.214s] Level 1:colcon.colcon_core.package_identification:_identify(src) by extensions ['python_setup_py']
[0.214s] Level 1:colcon.colcon_core.package_identification:_identify(src) by extension 'python_setup_py'
[0.214s] Level 1:colcon.colcon_core.package_identification:_identify(src/baxter_core_msgs) by extensions ['ignore', 'ignore_ament_install']
[0.214s] Level 1:colcon.colcon_core.package_identification:_identify(src/baxter_core_msgs) by extension 'ignore'
[0.214s] Level 1:colcon.colcon_core.package_identification:_identify(src/baxter_core_msgs) by extension 'ignore_ament_install'
[0.214s] Level 1:colcon.colcon_core.package_identification:_identify(src/baxter_core_msgs) by extensions ['colcon_pkg']
[0.214s] Level 1:colcon.colcon_core.package_identification:_identify(src/baxter_core_msgs) by extension 'colcon_pkg'
[0.214s] Level 1:colcon.colcon_core.package_identification:_identify(src/baxter_core_msgs) by extensions ['colcon_meta']
[0.214s] Level 1:colcon.colcon_core.package_identification:_identify(src/baxter_core_msgs) by extension 'colcon_meta'
[0.214s] Level 1:colcon.colcon_core.package_identification:_identify(src/baxter_core_msgs) by extensions ['ros']
[0.214s] Level 1:colcon.colcon_core.package_identification:_identify(src/baxter_core_msgs) by extension 'ros'
[0.216s] DEBUG:colcon.colcon_core.package_identification:Package 'src/baxter_core_msgs' with type 'ros.ament_cmake' and name 'baxter_core_msgs'
[0.216s] Level 1:colcon.colcon_core.package_identification:_identify(src/baxter_description) by extensions ['ignore', 'ignore_ament_install']
[0.216s] Level 1:colcon.colcon_core.package_identification:_identify(src/baxter_description) by extension 'ignore'
[0.216s] Level 1:colcon.colcon_core.package_identification:_identify(src/baxter_description) by extension 'ignore_ament_install'
[0.217s] Level 1:colcon.colcon_core.package_identification:_identify(src/baxter_description) by extensions ['colcon_pkg']
[0.217s] Level 1:colcon.colcon_core.package_identification:_identify(src/baxter_description) by extension 'colcon_pkg'
[0.217s] Level 1:colcon.colcon_core.package_identification:_identify(src/baxter_description) by extensions ['colcon_meta']
[0.217s] Level 1:colcon.colcon_core.package_identification:_identify(src/baxter_description) by extension 'colcon_meta'
[0.217s] Level 1:colcon.colcon_core.package_identification:_identify(src/baxter_description) by extensions ['ros']
[0.217s] Level 1:colcon.colcon_core.package_identification:_identify(src/baxter_description) by extension 'ros'
[0.217s] DEBUG:colcon.colcon_core.package_identification:Package 'src/baxter_description' with type 'ros.ament_cmake' and name 'baxter_description'
[0.217s] Level 1:colcon.colcon_core.package_identification:_identify(src/baxter_maintenance_msgs) by extensions ['ignore', 'ignore_ament_install']
[0.217s] Level 1:colcon.colcon_core.package_identification:_identify(src/baxter_maintenance_msgs) by extension 'ignore'
[0.217s] Level 1:colcon.colcon_core.package_identification:_identify(src/baxter_maintenance_msgs) by extension 'ignore_ament_install'
[0.217s] Level 1:colcon.colcon_core.package_identification:_identify(src/baxter_maintenance_msgs) by extensions ['colcon_pkg']
[0.217s] Level 1:colcon.colcon_core.package_identification:_identify(src/baxter_maintenance_msgs) by extension 'colcon_pkg'
[0.217s] Level 1:colcon.colcon_core.package_identification:_identify(src/baxter_maintenance_msgs) by extensions ['colcon_meta']
[0.217s] Level 1:colcon.colcon_core.package_identification:_identify(src/baxter_maintenance_msgs) by extension 'colcon_meta'
[0.217s] Level 1:colcon.colcon_core.package_identification:_identify(src/baxter_maintenance_msgs) by extensions ['ros']
[0.218s] Level 1:colcon.colcon_core.package_identification:_identify(src/baxter_maintenance_msgs) by extension 'ros'
[0.218s] DEBUG:colcon.colcon_core.package_identification:Package 'src/baxter_maintenance_msgs' with type 'ros.ament_cmake' and name 'baxter_maintenance_msgs'
[0.218s] Level 1:colcon.colcon_core.package_identification:_identify(src/rethink_ee_description) by extensions ['ignore', 'ignore_ament_install']
[0.218s] Level 1:colcon.colcon_core.package_identification:_identify(src/rethink_ee_description) by extension 'ignore'
[0.218s] Level 1:colcon.colcon_core.package_identification:_identify(src/rethink_ee_description) by extension 'ignore_ament_install'
[0.218s] Level 1:colcon.colcon_core.package_identification:_identify(src/rethink_ee_description) by extensions ['colcon_pkg']
[0.218s] Level 1:colcon.colcon_core.package_identification:_identify(src/rethink_ee_description) by extension 'colcon_pkg'
[0.218s] Level 1:colcon.colcon_core.package_identification:_identify(src/rethink_ee_description) by extensions ['colcon_meta']
[0.218s] Level 1:colcon.colcon_core.package_identification:_identify(src/rethink_ee_description) by extension 'colcon_meta'
[0.218s] Level 1:colcon.colcon_core.package_identification:_identify(src/rethink_ee_description) by extensions ['ros']
[0.218s] Level 1:colcon.colcon_core.package_identification:_identify(src/rethink_ee_description) by extension 'ros'
[0.219s] DEBUG:colcon.colcon_core.package_identification:Package 'src/rethink_ee_description' with type 'ros.ament_cmake' and name 'rethink_ee_description'
[0.219s] Level 1:colcon.colcon_core.package_identification:_identify(urdf) by extensions ['ignore', 'ignore_ament_install']
[0.219s] Level 1:colcon.colcon_core.package_identification:_identify(urdf) by extension 'ignore'
[0.219s] Level 1:colcon.colcon_core.package_identification:_identify(urdf) by extension 'ignore_ament_install'
[0.219s] Level 1:colcon.colcon_core.package_identification:_identify(urdf) by extensions ['colcon_pkg']
[0.219s] Level 1:colcon.colcon_core.package_identification:_identify(urdf) by extension 'colcon_pkg'
[0.219s] Level 1:colcon.colcon_core.package_identification:_identify(urdf) by extensions ['colcon_meta']
[0.219s] Level 1:colcon.colcon_core.package_identification:_identify(urdf) by extension 'colcon_meta'
[0.219s] Level 1:colcon.colcon_core.package_identification:_identify(urdf) by extensions ['ros']
[0.219s] Level 1:colcon.colcon_core.package_identification:_identify(urdf) by extension 'ros'
[0.219s] Level 1:colcon.colcon_core.package_identification:_identify(urdf) by extensions ['cmake', 'python']
[0.219s] Level 1:colcon.colcon_core.package_identification:_identify(urdf) by extension 'cmake'
[0.219s] Level 1:colcon.colcon_core.package_identification:_identify(urdf) by extension 'python'
[0.219s] Level 1:colcon.colcon_core.package_identification:_identify(urdf) by extensions ['python_setup_py']
[0.219s] Level 1:colcon.colcon_core.package_identification:_identify(urdf) by extension 'python_setup_py'
[0.219s] Level 1:colcon.colcon_core.package_identification:_identify(urdf/baxter_base) by extensions ['ignore', 'ignore_ament_install']
[0.220s] Level 1:colcon.colcon_core.package_identification:_identify(urdf/baxter_base) by extension 'ignore'
[0.220s] Level 1:colcon.colcon_core.package_identification:_identify(urdf/baxter_base) by extension 'ignore_ament_install'
[0.220s] Level 1:colcon.colcon_core.package_identification:_identify(urdf/baxter_base) by extensions ['colcon_pkg']
[0.220s] Level 1:colcon.colcon_core.package_identification:_identify(urdf/baxter_base) by extension 'colcon_pkg'
[0.220s] Level 1:colcon.colcon_core.package_identification:_identify(urdf/baxter_base) by extensions ['colcon_meta']
[0.220s] Level 1:colcon.colcon_core.package_identification:_identify(urdf/baxter_base) by extension 'colcon_meta'
[0.220s] Level 1:colcon.colcon_core.package_identification:_identify(urdf/baxter_base) by extensions ['ros']
[0.220s] Level 1:colcon.colcon_core.package_identification:_identify(urdf/baxter_base) by extension 'ros'
[0.220s] Level 1:colcon.colcon_core.package_identification:_identify(urdf/baxter_base) by extensions ['cmake', 'python']
[0.220s] Level 1:colcon.colcon_core.package_identification:_identify(urdf/baxter_base) by extension 'cmake'
[0.220s] Level 1:colcon.colcon_core.package_identification:_identify(urdf/baxter_base) by extension 'python'
[0.220s] Level 1:colcon.colcon_core.package_identification:_identify(urdf/baxter_base) by extensions ['python_setup_py']
[0.220s] Level 1:colcon.colcon_core.package_identification:_identify(urdf/baxter_base) by extension 'python_setup_py'
[0.220s] Level 1:colcon.colcon_core.package_identification:_identify(urdf/pedestal) by extensions ['ignore', 'ignore_ament_install']
[0.220s] Level 1:colcon.colcon_core.package_identification:_identify(urdf/pedestal) by extension 'ignore'
[0.220s] Level 1:colcon.colcon_core.package_identification:_identify(urdf/pedestal) by extension 'ignore_ament_install'
[0.220s] Level 1:colcon.colcon_core.package_identification:_identify(urdf/pedestal) by extensions ['colcon_pkg']
[0.220s] Level 1:colcon.colcon_core.package_identification:_identify(urdf/pedestal) by extension 'colcon_pkg'
[0.220s] Level 1:colcon.colcon_core.package_identification:_identify(urdf/pedestal) by extensions ['colcon_meta']
[0.220s] Level 1:colcon.colcon_core.package_identification:_identify(urdf/pedestal) by extension 'colcon_meta'
[0.220s] Level 1:colcon.colcon_core.package_identification:_identify(urdf/pedestal) by extensions ['ros']
[0.220s] Level 1:colcon.colcon_core.package_identification:_identify(urdf/pedestal) by extension 'ros'
[0.221s] Level 1:colcon.colcon_core.package_identification:_identify(urdf/pedestal) by extensions ['cmake', 'python']
[0.221s] Level 1:colcon.colcon_core.package_identification:_identify(urdf/pedestal) by extension 'cmake'
[0.221s] Level 1:colcon.colcon_core.package_identification:_identify(urdf/pedestal) by extension 'python'
[0.221s] Level 1:colcon.colcon_core.package_identification:_identify(urdf/pedestal) by extensions ['python_setup_py']
[0.221s] Level 1:colcon.colcon_core.package_identification:_identify(urdf/pedestal) by extension 'python_setup_py'
[0.221s] Level 1:colcon.colcon_core.package_discovery:discover_packages(recursive) using defaults
[0.221s] Level 1:colcon.colcon_core.package_discovery:discover_packages(ignore) discover
[0.221s] Level 1:colcon.colcon_core.package_discovery:discover_packages(ignore) using defaults
[0.221s] Level 1:colcon.colcon_core.package_discovery:discover_packages(path) discover
[0.221s] Level 1:colcon.colcon_core.package_discovery:discover_packages(path) using defaults
[0.236s] Level 5:colcon.colcon_core.verb:set package 'baxter_core_msgs' build argument 'cmake_args' from command line to 'None'
[0.236s] Level 5:colcon.colcon_core.verb:set package 'baxter_core_msgs' build argument 'cmake_target' from command line to 'None'
[0.236s] Level 5:colcon.colcon_core.verb:set package 'baxter_core_msgs' build argument 'cmake_target_skip_unavailable' from command line to 'False'
[0.236s] Level 5:colcon.colcon_core.verb:set package 'baxter_core_msgs' build argument 'cmake_clean_cache' from command line to 'False'
[0.236s] Level 5:colcon.colcon_core.verb:set package 'baxter_core_msgs' build argument 'cmake_clean_first' from command line to 'False'
[0.236s] Level 5:colcon.colcon_core.verb:set package 'baxter_core_msgs' build argument 'cmake_force_configure' from command line to 'False'
[0.236s] Level 5:colcon.colcon_core.verb:set package 'baxter_core_msgs' build argument 'ament_cmake_args' from command line to 'None'
[0.236s] Level 5:colcon.colcon_core.verb:set package 'baxter_core_msgs' build argument 'catkin_cmake_args' from command line to 'None'
[0.236s] Level 5:colcon.colcon_core.verb:set package 'baxter_core_msgs' build argument 'catkin_skip_building_tests' from command line to 'False'
[0.236s] DEBUG:colcon.colcon_core.verb:Building package 'baxter_core_msgs' with the following arguments: {'ament_cmake_args': None, 'build_base': '/shared_ws/build/baxter_core_msgs', 'catkin_cmake_args': None, 'catkin_skip_building_tests': False, 'cmake_args': None, 'cmake_clean_cache': False, 'cmake_clean_first': False, 'cmake_force_configure': False, 'cmake_target': None, 'cmake_target_skip_unavailable': False, 'install_base': '/shared_ws/install/baxter_core_msgs', 'merge_install': False, 'path': '/shared_ws/src/baxter_core_msgs', 'symlink_install': False, 'test_result_base': None}
[0.236s] Level 5:colcon.colcon_core.verb:set package 'baxter_maintenance_msgs' build argument 'cmake_args' from command line to 'None'
[0.236s] Level 5:colcon.colcon_core.verb:set package 'baxter_maintenance_msgs' build argument 'cmake_target' from command line to 'None'
[0.236s] Level 5:colcon.colcon_core.verb:set package 'baxter_maintenance_msgs' build argument 'cmake_target_skip_unavailable' from command line to 'False'
[0.236s] Level 5:colcon.colcon_core.verb:set package 'baxter_maintenance_msgs' build argument 'cmake_clean_cache' from command line to 'False'
[0.236s] Level 5:colcon.colcon_core.verb:set package 'baxter_maintenance_msgs' build argument 'cmake_clean_first' from command line to 'False'
[0.237s] Level 5:colcon.colcon_core.verb:set package 'baxter_maintenance_msgs' build argument 'cmake_force_configure' from command line to 'False'
[0.237s] Level 5:colcon.colcon_core.verb:set package 'baxter_maintenance_msgs' build argument 'ament_cmake_args' from command line to 'None'
[0.237s] Level 5:colcon.colcon_core.verb:set package 'baxter_maintenance_msgs' build argument 'catkin_cmake_args' from command line to 'None'
[0.237s] Level 5:colcon.colcon_core.verb:set package 'baxter_maintenance_msgs' build argument 'catkin_skip_building_tests' from command line to 'False'
[0.237s] DEBUG:colcon.colcon_core.verb:Building package 'baxter_maintenance_msgs' with the following arguments: {'ament_cmake_args': None, 'build_base': '/shared_ws/build/baxter_maintenance_msgs', 'catkin_cmake_args': None, 'catkin_skip_building_tests': False, 'cmake_args': None, 'cmake_clean_cache': False, 'cmake_clean_first': False, 'cmake_force_configure': False, 'cmake_target': None, 'cmake_target_skip_unavailable': False, 'install_base': '/shared_ws/install/baxter_maintenance_msgs', 'merge_install': False, 'path': '/shared_ws/src/baxter_maintenance_msgs', 'symlink_install': False, 'test_result_base': None}
[0.237s] Level 5:colcon.colcon_core.verb:set package 'rethink_ee_description' build argument 'cmake_args' from command line to 'None'
[0.237s] Level 5:colcon.colcon_core.verb:set package 'rethink_ee_description' build argument 'cmake_target' from command line to 'None'
[0.237s] Level 5:colcon.colcon_core.verb:set package 'rethink_ee_description' build argument 'cmake_target_skip_unavailable' from command line to 'False'
[0.237s] Level 5:colcon.colcon_core.verb:set package 'rethink_ee_description' build argument 'cmake_clean_cache' from command line to 'False'
[0.237s] Level 5:colcon.colcon_core.verb:set package 'rethink_ee_description' build argument 'cmake_clean_first' from command line to 'False'
[0.237s] Level 5:colcon.colcon_core.verb:set package 'rethink_ee_description' build argument 'cmake_force_configure' from command line to 'False'
[0.237s] Level 5:colcon.colcon_core.verb:set package 'rethink_ee_description' build argument 'ament_cmake_args' from command line to 'None'
[0.237s] Level 5:colcon.colcon_core.verb:set package 'rethink_ee_description' build argument 'catkin_cmake_args' from command line to 'None'
[0.237s] Level 5:colcon.colcon_core.verb:set package 'rethink_ee_description' build argument 'catkin_skip_building_tests' from command line to 'False'
[0.237s] DEBUG:colcon.colcon_core.verb:Building package 'rethink_ee_description' with the following arguments: {'ament_cmake_args': None, 'build_base': '/shared_ws/build/rethink_ee_description', 'catkin_cmake_args': None, 'catkin_skip_building_tests': False, 'cmake_args': None, 'cmake_clean_cache': False, 'cmake_clean_first': False, 'cmake_force_configure': False, 'cmake_target': None, 'cmake_target_skip_unavailable': False, 'install_base': '/shared_ws/install/rethink_ee_description', 'merge_install': False, 'path': '/shared_ws/src/rethink_ee_description', 'symlink_install': False, 'test_result_base': None}
[0.237s] Level 5:colcon.colcon_core.verb:set package 'baxter_description' build argument 'cmake_args' from command line to 'None'
[0.237s] Level 5:colcon.colcon_core.verb:set package 'baxter_description' build argument 'cmake_target' from command line to 'None'
[0.237s] Level 5:colcon.colcon_core.verb:set package 'baxter_description' build argument 'cmake_target_skip_unavailable' from command line to 'False'
[0.237s] Level 5:colcon.colcon_core.verb:set package 'baxter_description' build argument 'cmake_clean_cache' from command line to 'False'
[0.237s] Level 5:colcon.colcon_core.verb:set package 'baxter_description' build argument 'cmake_clean_first' from command line to 'False'
[0.237s] Level 5:colcon.colcon_core.verb:set package 'baxter_description' build argument 'cmake_force_configure' from command line to 'False'
[0.237s] Level 5:colcon.colcon_core.verb:set package 'baxter_description' build argument 'ament_cmake_args' from command line to 'None'
[0.237s] Level 5:colcon.colcon_core.verb:set package 'baxter_description' build argument 'catkin_cmake_args' from command line to 'None'
[0.237s] Level 5:colcon.colcon_core.verb:set package 'baxter_description' build argument 'catkin_skip_building_tests' from command line to 'False'
[0.238s] DEBUG:colcon.colcon_core.verb:Building package 'baxter_description' with the following arguments: {'ament_cmake_args': None, 'build_base': '/shared_ws/build/baxter_description', 'catkin_cmake_args': None, 'catkin_skip_building_tests': False, 'cmake_args': None, 'cmake_clean_cache': False, 'cmake_clean_first': False, 'cmake_force_configure': False, 'cmake_target': None, 'cmake_target_skip_unavailable': False, 'install_base': '/shared_ws/install/baxter_description', 'merge_install': False, 'path': '/shared_ws/src/baxter_description', 'symlink_install': False, 'test_result_base': None}
[0.238s] INFO:colcon.colcon_core.executor:Executing jobs using 'parallel' executor
[0.238s] DEBUG:colcon.colcon_parallel_executor.executor.parallel:run_until_complete
[0.238s] INFO:colcon.colcon_ros.task.ament_cmake.build:Building ROS package in '/shared_ws/src/rethink_ee_description' with build type 'ament_cmake'
[0.238s] INFO:colcon.colcon_cmake.task.cmake.build:Building CMake package in '/shared_ws/src/rethink_ee_description'
[0.240s] INFO:colcon.colcon_core.plugin_system:Skipping extension 'colcon_core.shell.bat': Not used on non-Windows systems
[0.240s] INFO:colcon.colcon_core.shell:Skip shell extension 'powershell' for command environment: Not usable outside of PowerShell
[0.240s] DEBUG:colcon.colcon_core.shell:Skip shell extension 'dsv' for command environment
[0.244s] INFO:colcon.colcon_ros.task.ament_cmake.build:Building ROS package in '/shared_ws/src/baxter_core_msgs' with build type 'ament_cmake'
[0.244s] INFO:colcon.colcon_cmake.task.cmake.build:Building CMake package in '/shared_ws/src/baxter_core_msgs'
[0.244s] INFO:colcon.colcon_core.shell:Skip shell extension 'powershell' for command environment: Not usable outside of PowerShell
[0.244s] DEBUG:colcon.colcon_core.shell:Skip shell extension 'dsv' for command environment
[0.247s] INFO:colcon.colcon_ros.task.ament_cmake.build:Building ROS package in '/shared_ws/src/baxter_maintenance_msgs' with build type 'ament_cmake'
[0.247s] INFO:colcon.colcon_cmake.task.cmake.build:Building CMake package in '/shared_ws/src/baxter_maintenance_msgs'
[0.247s] INFO:colcon.colcon_core.shell:Skip shell extension 'powershell' for command environment: Not usable outside of PowerShell
[0.247s] DEBUG:colcon.colcon_core.shell:Skip shell extension 'dsv' for command environment
[0.253s] DEBUG:colcon.colcon_core.event_handler.log_command:Invoking command in '/shared_ws/build/rethink_ee_description': CMAKE_PREFIX_PATH=/opt/ros/humble /usr/bin/cmake --build /shared_ws/build/rethink_ee_description -- -j16 -l16
[0.254s] DEBUG:colcon.colcon_core.event_handler.log_command:Invoking command in '/shared_ws/build/baxter_core_msgs': CMAKE_PREFIX_PATH=/opt/ros/humble /usr/bin/cmake --build /shared_ws/build/baxter_core_msgs -- -j16 -l16
[0.256s] DEBUG:colcon.colcon_core.event_handler.log_command:Invoking command in '/shared_ws/build/baxter_maintenance_msgs': CMAKE_PREFIX_PATH=/opt/ros/humble /usr/bin/cmake --build /shared_ws/build/baxter_maintenance_msgs -- -j16 -l16
[0.277s] DEBUG:colcon.colcon_core.event_handler.log_command:Invoked command in '/shared_ws/build/rethink_ee_description' returned '0': CMAKE_PREFIX_PATH=/opt/ros/humble /usr/bin/cmake --build /shared_ws/build/rethink_ee_description -- -j16 -l16
[0.284s] DEBUG:colcon.colcon_core.event_handler.log_command:Invoking command in '/shared_ws/build/rethink_ee_description': CMAKE_PREFIX_PATH=/opt/ros/humble /usr/bin/cmake --install /shared_ws/build/rethink_ee_description
[0.293s] Level 1:colcon.colcon_core.environment:create_environment_scripts_only(rethink_ee_description)
[0.300s] DEBUG:colcon.colcon_core.event_handler.log_command:Invoked command in '/shared_ws/build/rethink_ee_description' returned '0': CMAKE_PREFIX_PATH=/opt/ros/humble /usr/bin/cmake --install /shared_ws/build/rethink_ee_description
[0.302s] Level 1:colcon.colcon_core.environment:checking '/shared_ws/install/rethink_ee_description' for CMake module files
[0.303s] Level 1:colcon.colcon_core.environment:checking '/shared_ws/install/rethink_ee_description' for CMake config files
[0.304s] Level 1:colcon.colcon_core.shell:create_environment_hook('rethink_ee_description', 'cmake_prefix_path')
[0.304s] INFO:colcon.colcon_core.shell:Creating environment hook '/shared_ws/install/rethink_ee_description/share/rethink_ee_description/hook/cmake_prefix_path.ps1'
[0.305s] INFO:colcon.colcon_core.shell:Creating environment descriptor '/shared_ws/install/rethink_ee_description/share/rethink_ee_description/hook/cmake_prefix_path.dsv'
[0.306s] INFO:colcon.colcon_core.shell:Creating environment hook '/shared_ws/install/rethink_ee_description/share/rethink_ee_description/hook/cmake_prefix_path.sh'
[0.307s] Level 1:colcon.colcon_core.environment:checking '/shared_ws/install/rethink_ee_description/bin'
[0.307s] Level 1:colcon.colcon_core.environment:checking '/shared_ws/install/rethink_ee_description/lib/pkgconfig/rethink_ee_description.pc'
[0.309s] Level 1:colcon.colcon_core.environment:checking '/shared_ws/install/rethink_ee_description/lib/python3.10/site-packages'
[0.309s] Level 1:colcon.colcon_core.environment:checking '/shared_ws/install/rethink_ee_description/bin'
[0.309s] INFO:colcon.colcon_core.shell:Creating package script '/shared_ws/install/rethink_ee_description/share/rethink_ee_description/package.ps1'
[0.310s] INFO:colcon.colcon_core.shell:Creating package descriptor '/shared_ws/install/rethink_ee_description/share/rethink_ee_description/package.dsv'
[0.311s] INFO:colcon.colcon_core.shell:Creating package script '/shared_ws/install/rethink_ee_description/share/rethink_ee_description/package.sh'
[0.312s] INFO:colcon.colcon_core.shell:Creating package script '/shared_ws/install/rethink_ee_description/share/rethink_ee_description/package.bash'
[0.313s] INFO:colcon.colcon_core.shell:Creating package script '/shared_ws/install/rethink_ee_description/share/rethink_ee_description/package.zsh'
[0.315s] Level 1:colcon.colcon_core.environment:create_file_with_runtime_dependencies(/shared_ws/install/rethink_ee_description/share/colcon-core/packages/rethink_ee_description)
[0.315s] Level 1:colcon.colcon_core.environment:create_environment_scripts_only(rethink_ee_description)
[0.316s] Level 1:colcon.colcon_core.environment:checking '/shared_ws/install/rethink_ee_description' for CMake module files
[0.317s] Level 1:colcon.colcon_core.environment:checking '/shared_ws/install/rethink_ee_description' for CMake config files
[0.317s] Level 1:colcon.colcon_core.shell:create_environment_hook('rethink_ee_description', 'cmake_prefix_path')
[0.318s] INFO:colcon.colcon_core.shell:Creating environment hook '/shared_ws/install/rethink_ee_description/share/rethink_ee_description/hook/cmake_prefix_path.ps1'
[0.318s] INFO:colcon.colcon_core.shell:Creating environment descriptor '/shared_ws/install/rethink_ee_description/share/rethink_ee_description/hook/cmake_prefix_path.dsv'
[0.319s] INFO:colcon.colcon_core.shell:Creating environment hook '/shared_ws/install/rethink_ee_description/share/rethink_ee_description/hook/cmake_prefix_path.sh'
[0.319s] Level 1:colcon.colcon_core.environment:checking '/shared_ws/install/rethink_ee_description/bin'
[0.319s] Level 1:colcon.colcon_core.environment:checking '/shared_ws/install/rethink_ee_description/lib/pkgconfig/rethink_ee_description.pc'
[0.320s] Level 1:colcon.colcon_core.environment:checking '/shared_ws/install/rethink_ee_description/lib/python3.10/site-packages'
[0.320s] Level 1:colcon.colcon_core.environment:checking '/shared_ws/install/rethink_ee_description/bin'
[0.320s] INFO:colcon.colcon_core.shell:Creating package script '/shared_ws/install/rethink_ee_description/share/rethink_ee_description/package.ps1'
[0.321s] INFO:colcon.colcon_core.shell:Creating package descriptor '/shared_ws/install/rethink_ee_description/share/rethink_ee_description/package.dsv'
[0.321s] INFO:colcon.colcon_core.shell:Creating package script '/shared_ws/install/rethink_ee_description/share/rethink_ee_description/package.sh'
[0.321s] INFO:colcon.colcon_core.shell:Creating package script '/shared_ws/install/rethink_ee_description/share/rethink_ee_description/package.bash'
[0.322s] INFO:colcon.colcon_core.shell:Creating package script '/shared_ws/install/rethink_ee_description/share/rethink_ee_description/package.zsh'
[0.322s] Level 1:colcon.colcon_core.environment:create_file_with_runtime_dependencies(/shared_ws/install/rethink_ee_description/share/colcon-core/packages/rethink_ee_description)
[0.322s] INFO:colcon.colcon_ros.task.ament_cmake.build:Building ROS package in '/shared_ws/src/baxter_description' with build type 'ament_cmake'
[0.323s] INFO:colcon.colcon_cmake.task.cmake.build:Building CMake package in '/shared_ws/src/baxter_description'
[0.323s] INFO:colcon.colcon_core.shell:Skip shell extension 'powershell' for command environment: Not usable outside of PowerShell
[0.323s] DEBUG:colcon.colcon_core.shell:Skip shell extension 'dsv' for command environment
[0.330s] DEBUG:colcon.colcon_core.event_handler.log_command:Invoking command in '/shared_ws/build/baxter_description': AMENT_PREFIX_PATH=/shared_ws/install/rethink_ee_description:${AMENT_PREFIX_PATH} CMAKE_PREFIX_PATH=/shared_ws/install/rethink_ee_description:/opt/ros/humble /usr/bin/cmake --build /shared_ws/build/baxter_description -- -j16 -l16
[0.355s] DEBUG:colcon.colcon_core.event_handler.log_command:Invoked command in '/shared_ws/build/baxter_description' returned '0': AMENT_PREFIX_PATH=/shared_ws/install/rethink_ee_description:${AMENT_PREFIX_PATH} CMAKE_PREFIX_PATH=/shared_ws/install/rethink_ee_description:/opt/ros/humble /usr/bin/cmake --build /shared_ws/build/baxter_description -- -j16 -l16
[0.356s] DEBUG:colcon.colcon_core.event_handler.log_command:Invoking command in '/shared_ws/build/baxter_description': AMENT_PREFIX_PATH=/shared_ws/install/rethink_ee_description:${AMENT_PREFIX_PATH} CMAKE_PREFIX_PATH=/shared_ws/install/rethink_ee_description:/opt/ros/humble /usr/bin/cmake --install /shared_ws/build/baxter_description
[0.365s] Level 1:colcon.colcon_core.environment:create_environment_scripts_only(baxter_description)
[0.365s] Level 1:colcon.colcon_core.environment:checking '/shared_ws/install/baxter_description' for CMake module files
[0.366s] Level 1:colcon.colcon_core.environment:checking '/shared_ws/install/baxter_description' for CMake config files
[0.370s] Level 1:colcon.colcon_core.shell:create_environment_hook('baxter_description', 'cmake_prefix_path')
[0.370s] INFO:colcon.colcon_core.shell:Creating environment hook '/shared_ws/install/baxter_description/share/baxter_description/hook/cmake_prefix_path.ps1'
[0.371s] INFO:colcon.colcon_core.shell:Creating environment descriptor '/shared_ws/install/baxter_description/share/baxter_description/hook/cmake_prefix_path.dsv'
[0.372s] INFO:colcon.colcon_core.shell:Creating environment hook '/shared_ws/install/baxter_description/share/baxter_description/hook/cmake_prefix_path.sh'
[0.373s] Level 1:colcon.colcon_core.environment:checking '/shared_ws/install/baxter_description/bin'
[0.373s] Level 1:colcon.colcon_core.environment:checking '/shared_ws/install/baxter_description/lib/pkgconfig/baxter_description.pc'
[0.373s] Level 1:colcon.colcon_core.environment:checking '/shared_ws/install/baxter_description/lib/python3.10/site-packages'
[0.373s] Level 1:colcon.colcon_core.environment:checking '/shared_ws/install/baxter_description/bin'
[0.374s] INFO:colcon.colcon_core.shell:Creating package script '/shared_ws/install/baxter_description/share/baxter_description/package.ps1'
[0.375s] INFO:colcon.colcon_core.shell:Creating package descriptor '/shared_ws/install/baxter_description/share/baxter_description/package.dsv'
[0.376s] INFO:colcon.colcon_core.shell:Creating package script '/shared_ws/install/baxter_description/share/baxter_description/package.sh'
[0.378s] INFO:colcon.colcon_core.shell:Creating package script '/shared_ws/install/baxter_description/share/baxter_description/package.bash'
[0.379s] DEBUG:colcon.colcon_core.event_handler.log_command:Invoked command in '/shared_ws/build/baxter_description' returned '0': AMENT_PREFIX_PATH=/shared_ws/install/rethink_ee_description:${AMENT_PREFIX_PATH} CMAKE_PREFIX_PATH=/shared_ws/install/rethink_ee_description:/opt/ros/humble /usr/bin/cmake --install /shared_ws/build/baxter_description
[0.379s] INFO:colcon.colcon_core.shell:Creating package script '/shared_ws/install/baxter_description/share/baxter_description/package.zsh'
[0.380s] Level 1:colcon.colcon_core.environment:create_file_with_runtime_dependencies(/shared_ws/install/baxter_description/share/colcon-core/packages/baxter_description)
[0.380s] Level 1:colcon.colcon_core.environment:create_environment_scripts_only(baxter_description)
[0.381s] Level 1:colcon.colcon_core.environment:checking '/shared_ws/install/baxter_description' for CMake module files
[0.381s] Level 1:colcon.colcon_core.environment:checking '/shared_ws/install/baxter_description' for CMake config files
[0.382s] Level 1:colcon.colcon_core.shell:create_environment_hook('baxter_description', 'cmake_prefix_path')
[0.382s] INFO:colcon.colcon_core.shell:Creating environment hook '/shared_ws/install/baxter_description/share/baxter_description/hook/cmake_prefix_path.ps1'
[0.382s] INFO:colcon.colcon_core.shell:Creating environment descriptor '/shared_ws/install/baxter_description/share/baxter_description/hook/cmake_prefix_path.dsv'
[0.382s] INFO:colcon.colcon_core.shell:Creating environment hook '/shared_ws/install/baxter_description/share/baxter_description/hook/cmake_prefix_path.sh'
[0.383s] Level 1:colcon.colcon_core.environment:checking '/shared_ws/install/baxter_description/bin'
[0.383s] Level 1:colcon.colcon_core.environment:checking '/shared_ws/install/baxter_description/lib/pkgconfig/baxter_description.pc'
[0.383s] Level 1:colcon.colcon_core.environment:checking '/shared_ws/install/baxter_description/lib/python3.10/site-packages'
[0.384s] Level 1:colcon.colcon_core.environment:checking '/shared_ws/install/baxter_description/bin'
[0.384s] INFO:colcon.colcon_core.shell:Creating package script '/shared_ws/install/baxter_description/share/baxter_description/package.ps1'
[0.384s] INFO:colcon.colcon_core.shell:Creating package descriptor '/shared_ws/install/baxter_description/share/baxter_description/package.dsv'
[0.385s] INFO:colcon.colcon_core.shell:Creating package script '/shared_ws/install/baxter_description/share/baxter_description/package.sh'
[0.385s] INFO:colcon.colcon_core.shell:Creating package script '/shared_ws/install/baxter_description/share/baxter_description/package.bash'
[0.386s] INFO:colcon.colcon_core.shell:Creating package script '/shared_ws/install/baxter_description/share/baxter_description/package.zsh'
[0.386s] Level 1:colcon.colcon_core.environment:create_file_with_runtime_dependencies(/shared_ws/install/baxter_description/share/colcon-core/packages/baxter_description)
[0.516s] DEBUG:colcon.colcon_core.event_handler.log_command:Invoked command in '/shared_ws/build/baxter_maintenance_msgs' returned '0': CMAKE_PREFIX_PATH=/opt/ros/humble /usr/bin/cmake --build /shared_ws/build/baxter_maintenance_msgs -- -j16 -l16
[0.517s] DEBUG:colcon.colcon_core.event_handler.log_command:Invoking command in '/shared_ws/build/baxter_maintenance_msgs': CMAKE_PREFIX_PATH=/opt/ros/humble /usr/bin/cmake --install /shared_ws/build/baxter_maintenance_msgs
[0.538s] DEBUG:colcon.colcon_core.event_handler.log_command:Invoked command in '/shared_ws/build/baxter_core_msgs' returned '0': CMAKE_PREFIX_PATH=/opt/ros/humble /usr/bin/cmake --build /shared_ws/build/baxter_core_msgs -- -j16 -l16
[0.539s] DEBUG:colcon.colcon_core.event_handler.log_command:Invoking command in '/shared_ws/build/baxter_core_msgs': CMAKE_PREFIX_PATH=/opt/ros/humble /usr/bin/cmake --install /shared_ws/build/baxter_core_msgs
[0.563s] Level 1:colcon.colcon_core.environment:create_environment_scripts_only(baxter_maintenance_msgs)
[0.563s] Level 1:colcon.colcon_core.environment:checking '/shared_ws/install/baxter_maintenance_msgs' for CMake module files
[0.567s] Level 1:colcon.colcon_core.environment:checking '/shared_ws/install/baxter_maintenance_msgs' for CMake config files
[0.573s] Level 1:colcon.colcon_core.shell:create_environment_hook('baxter_maintenance_msgs', 'cmake_prefix_path')
[0.573s] INFO:colcon.colcon_core.shell:Creating environment hook '/shared_ws/install/baxter_maintenance_msgs/share/baxter_maintenance_msgs/hook/cmake_prefix_path.ps1'
[0.574s] INFO:colcon.colcon_core.shell:Creating environment descriptor '/shared_ws/install/baxter_maintenance_msgs/share/baxter_maintenance_msgs/hook/cmake_prefix_path.dsv'
[0.575s] INFO:colcon.colcon_core.shell:Creating environment hook '/shared_ws/install/baxter_maintenance_msgs/share/baxter_maintenance_msgs/hook/cmake_prefix_path.sh'
[0.576s] Level 1:colcon.colcon_core.environment:checking '/shared_ws/install/baxter_maintenance_msgs/lib'
[0.577s] Level 1:colcon.colcon_core.shell:create_environment_hook('baxter_maintenance_msgs', 'ld_library_path_lib')
[0.577s] INFO:colcon.colcon_core.shell:Creating environment hook '/shared_ws/install/baxter_maintenance_msgs/share/baxter_maintenance_msgs/hook/ld_library_path_lib.ps1'
[0.578s] INFO:colcon.colcon_core.shell:Creating environment descriptor '/shared_ws/install/baxter_maintenance_msgs/share/baxter_maintenance_msgs/hook/ld_library_path_lib.dsv'
[0.579s] INFO:colcon.colcon_core.shell:Creating environment hook '/shared_ws/install/baxter_maintenance_msgs/share/baxter_maintenance_msgs/hook/ld_library_path_lib.sh'
[0.581s] Level 1:colcon.colcon_core.environment:checking '/shared_ws/install/baxter_maintenance_msgs/bin'
[0.582s] Level 1:colcon.colcon_core.environment:checking '/shared_ws/install/baxter_maintenance_msgs/lib/pkgconfig/baxter_maintenance_msgs.pc'
[0.582s] Level 1:colcon.colcon_core.environment:checking '/shared_ws/install/baxter_maintenance_msgs/lib/python3.10/site-packages'
[0.582s] Level 1:colcon.colcon_core.environment:checking '/shared_ws/install/baxter_maintenance_msgs/bin'
[0.583s] INFO:colcon.colcon_core.shell:Creating package script '/shared_ws/install/baxter_maintenance_msgs/share/baxter_maintenance_msgs/package.ps1'
[0.584s] INFO:colcon.colcon_core.shell:Creating package descriptor '/shared_ws/install/baxter_maintenance_msgs/share/baxter_maintenance_msgs/package.dsv'
[0.585s] INFO:colcon.colcon_core.shell:Creating package script '/shared_ws/install/baxter_maintenance_msgs/share/baxter_maintenance_msgs/package.sh'
[0.586s] INFO:colcon.colcon_core.shell:Creating package script '/shared_ws/install/baxter_maintenance_msgs/share/baxter_maintenance_msgs/package.bash'
[0.586s] INFO:colcon.colcon_core.shell:Creating package script '/shared_ws/install/baxter_maintenance_msgs/share/baxter_maintenance_msgs/package.zsh'
[0.587s] Level 1:colcon.colcon_core.environment:create_file_with_runtime_dependencies(/shared_ws/install/baxter_maintenance_msgs/share/colcon-core/packages/baxter_maintenance_msgs)
[0.589s] Level 1:colcon.colcon_core.environment:create_environment_scripts_only(baxter_maintenance_msgs)
[0.589s] Level 1:colcon.colcon_core.environment:checking '/shared_ws/install/baxter_maintenance_msgs' for CMake module files
[0.591s] Level 1:colcon.colcon_core.environment:checking '/shared_ws/install/baxter_maintenance_msgs' for CMake config files
[0.595s] Level 1:colcon.colcon_core.shell:create_environment_hook('baxter_maintenance_msgs', 'cmake_prefix_path')
[0.595s] INFO:colcon.colcon_core.shell:Creating environment hook '/shared_ws/install/baxter_maintenance_msgs/share/baxter_maintenance_msgs/hook/cmake_prefix_path.ps1'
[0.596s] INFO:colcon.colcon_core.shell:Creating environment descriptor '/shared_ws/install/baxter_maintenance_msgs/share/baxter_maintenance_msgs/hook/cmake_prefix_path.dsv'
[0.596s] INFO:colcon.colcon_core.shell:Creating environment hook '/shared_ws/install/baxter_maintenance_msgs/share/baxter_maintenance_msgs/hook/cmake_prefix_path.sh'
[0.598s] Level 1:colcon.colcon_core.environment:checking '/shared_ws/install/baxter_maintenance_msgs/lib'
[0.598s] Level 1:colcon.colcon_core.shell:create_environment_hook('baxter_maintenance_msgs', 'ld_library_path_lib')
[0.598s] INFO:colcon.colcon_core.shell:Creating environment hook '/shared_ws/install/baxter_maintenance_msgs/share/baxter_maintenance_msgs/hook/ld_library_path_lib.ps1'
[0.599s] INFO:colcon.colcon_core.shell:Creating environment descriptor '/shared_ws/install/baxter_maintenance_msgs/share/baxter_maintenance_msgs/hook/ld_library_path_lib.dsv'
[0.600s] INFO:colcon.colcon_core.shell:Creating environment hook '/shared_ws/install/baxter_maintenance_msgs/share/baxter_maintenance_msgs/hook/ld_library_path_lib.sh'
[0.602s] Level 1:colcon.colcon_core.environment:checking '/shared_ws/install/baxter_maintenance_msgs/bin'
[0.602s] Level 1:colcon.colcon_core.environment:checking '/shared_ws/install/baxter_maintenance_msgs/lib/pkgconfig/baxter_maintenance_msgs.pc'
[0.602s] Level 1:colcon.colcon_core.environment:checking '/shared_ws/install/baxter_maintenance_msgs/lib/python3.10/site-packages'
[0.603s] Level 1:colcon.colcon_core.environment:checking '/shared_ws/install/baxter_maintenance_msgs/bin'
[0.603s] INFO:colcon.colcon_core.shell:Creating package script '/shared_ws/install/baxter_maintenance_msgs/share/baxter_maintenance_msgs/package.ps1'
[0.605s] INFO:colcon.colcon_core.shell:Creating package descriptor '/shared_ws/install/baxter_maintenance_msgs/share/baxter_maintenance_msgs/package.dsv'
[0.606s] INFO:colcon.colcon_core.shell:Creating package script '/shared_ws/install/baxter_maintenance_msgs/share/baxter_maintenance_msgs/package.sh'
[0.607s] INFO:colcon.colcon_core.shell:Creating package script '/shared_ws/install/baxter_maintenance_msgs/share/baxter_maintenance_msgs/package.bash'
[0.608s] INFO:colcon.colcon_core.shell:Creating package script '/shared_ws/install/baxter_maintenance_msgs/share/baxter_maintenance_msgs/package.zsh'
[0.610s] Level 1:colcon.colcon_core.environment:create_file_with_runtime_dependencies(/shared_ws/install/baxter_maintenance_msgs/share/colcon-core/packages/baxter_maintenance_msgs)
[0.611s] Level 1:colcon.colcon_core.environment:create_environment_scripts_only(baxter_core_msgs)
[0.611s] Level 1:colcon.colcon_core.environment:checking '/shared_ws/install/baxter_core_msgs' for CMake module files
[0.615s] Level 1:colcon.colcon_core.environment:checking '/shared_ws/install/baxter_core_msgs' for CMake config files
[0.617s] DEBUG:colcon.colcon_core.event_handler.log_command:Invoked command in '/shared_ws/build/baxter_maintenance_msgs' returned '0': CMAKE_PREFIX_PATH=/opt/ros/humble /usr/bin/cmake --install /shared_ws/build/baxter_maintenance_msgs
[0.624s] DEBUG:colcon.colcon_core.event_handler.log_command:Invoked command in '/shared_ws/build/baxter_core_msgs' returned '0': CMAKE_PREFIX_PATH=/opt/ros/humble /usr/bin/cmake --install /shared_ws/build/baxter_core_msgs
[0.624s] Level 1:colcon.colcon_core.shell:create_environment_hook('baxter_core_msgs', 'cmake_prefix_path')
[0.624s] INFO:colcon.colcon_core.shell:Creating environment hook '/shared_ws/install/baxter_core_msgs/share/baxter_core_msgs/hook/cmake_prefix_path.ps1'
[0.625s] INFO:colcon.colcon_core.shell:Creating environment descriptor '/shared_ws/install/baxter_core_msgs/share/baxter_core_msgs/hook/cmake_prefix_path.dsv'
[0.625s] INFO:colcon.colcon_core.shell:Creating environment hook '/shared_ws/install/baxter_core_msgs/share/baxter_core_msgs/hook/cmake_prefix_path.sh'
[0.626s] Level 1:colcon.colcon_core.environment:checking '/shared_ws/install/baxter_core_msgs/lib'
[0.626s] Level 1:colcon.colcon_core.shell:create_environment_hook('baxter_core_msgs', 'ld_library_path_lib')
[0.626s] INFO:colcon.colcon_core.shell:Creating environment hook '/shared_ws/install/baxter_core_msgs/share/baxter_core_msgs/hook/ld_library_path_lib.ps1'
[0.627s] INFO:colcon.colcon_core.shell:Creating environment descriptor '/shared_ws/install/baxter_core_msgs/share/baxter_core_msgs/hook/ld_library_path_lib.dsv'
[0.627s] INFO:colcon.colcon_core.shell:Creating environment hook '/shared_ws/install/baxter_core_msgs/share/baxter_core_msgs/hook/ld_library_path_lib.sh'
[0.627s] Level 1:colcon.colcon_core.environment:checking '/shared_ws/install/baxter_core_msgs/bin'
[0.628s] Level 1:colcon.colcon_core.environment:checking '/shared_ws/install/baxter_core_msgs/lib/pkgconfig/baxter_core_msgs.pc'
[0.628s] Level 1:colcon.colcon_core.environment:checking '/shared_ws/install/baxter_core_msgs/lib/python3.10/site-packages'
[0.628s] Level 1:colcon.colcon_core.environment:checking '/shared_ws/install/baxter_core_msgs/bin'
[0.628s] INFO:colcon.colcon_core.shell:Creating package script '/shared_ws/install/baxter_core_msgs/share/baxter_core_msgs/package.ps1'
[0.629s] INFO:colcon.colcon_core.shell:Creating package descriptor '/shared_ws/install/baxter_core_msgs/share/baxter_core_msgs/package.dsv'
[0.629s] INFO:colcon.colcon_core.shell:Creating package script '/shared_ws/install/baxter_core_msgs/share/baxter_core_msgs/package.sh'
[0.630s] INFO:colcon.colcon_core.shell:Creating package script '/shared_ws/install/baxter_core_msgs/share/baxter_core_msgs/package.bash'
[0.630s] INFO:colcon.colcon_core.shell:Creating package script '/shared_ws/install/baxter_core_msgs/share/baxter_core_msgs/package.zsh'
[0.630s] Level 1:colcon.colcon_core.environment:create_file_with_runtime_dependencies(/shared_ws/install/baxter_core_msgs/share/colcon-core/packages/baxter_core_msgs)
[0.631s] Level 1:colcon.colcon_core.environment:create_environment_scripts_only(baxter_core_msgs)
[0.631s] Level 1:colcon.colcon_core.environment:checking '/shared_ws/install/baxter_core_msgs' for CMake module files
[0.632s] Level 1:colcon.colcon_core.environment:checking '/shared_ws/install/baxter_core_msgs' for CMake config files
[0.633s] Level 1:colcon.colcon_core.shell:create_environment_hook('baxter_core_msgs', 'cmake_prefix_path')
[0.633s] INFO:colcon.colcon_core.shell:Creating environment hook '/shared_ws/install/baxter_core_msgs/share/baxter_core_msgs/hook/cmake_prefix_path.ps1'
[0.634s] INFO:colcon.colcon_core.shell:Creating environment descriptor '/shared_ws/install/baxter_core_msgs/share/baxter_core_msgs/hook/cmake_prefix_path.dsv'
[0.634s] INFO:colcon.colcon_core.shell:Creating environment hook '/shared_ws/install/baxter_core_msgs/share/baxter_core_msgs/hook/cmake_prefix_path.sh'
[0.635s] Level 1:colcon.colcon_core.environment:checking '/shared_ws/install/baxter_core_msgs/lib'
[0.635s] Level 1:colcon.colcon_core.shell:create_environment_hook('baxter_core_msgs', 'ld_library_path_lib')
[0.635s] INFO:colcon.colcon_core.shell:Creating environment hook '/shared_ws/install/baxter_core_msgs/share/baxter_core_msgs/hook/ld_library_path_lib.ps1'
[0.636s] INFO:colcon.colcon_core.shell:Creating environment descriptor '/shared_ws/install/baxter_core_msgs/share/baxter_core_msgs/hook/ld_library_path_lib.dsv'
[0.636s] INFO:colcon.colcon_core.shell:Creating environment hook '/shared_ws/install/baxter_core_msgs/share/baxter_core_msgs/hook/ld_library_path_lib.sh'
[0.636s] Level 1:colcon.colcon_core.environment:checking '/shared_ws/install/baxter_core_msgs/bin'
[0.636s] Level 1:colcon.colcon_core.environment:checking '/shared_ws/install/baxter_core_msgs/lib/pkgconfig/baxter_core_msgs.pc'
[0.637s] Level 1:colcon.colcon_core.environment:checking '/shared_ws/install/baxter_core_msgs/lib/python3.10/site-packages'
[0.637s] Level 1:colcon.colcon_core.environment:checking '/shared_ws/install/baxter_core_msgs/bin'
[0.637s] INFO:colcon.colcon_core.shell:Creating package script '/shared_ws/install/baxter_core_msgs/share/baxter_core_msgs/package.ps1'
[0.637s] INFO:colcon.colcon_core.shell:Creating package descriptor '/shared_ws/install/baxter_core_msgs/share/baxter_core_msgs/package.dsv'
[0.638s] INFO:colcon.colcon_core.shell:Creating package script '/shared_ws/install/baxter_core_msgs/share/baxter_core_msgs/package.sh'
[0.638s] INFO:colcon.colcon_core.shell:Creating package script '/shared_ws/install/baxter_core_msgs/share/baxter_core_msgs/package.bash'
[0.639s] INFO:colcon.colcon_core.shell:Creating package script '/shared_ws/install/baxter_core_msgs/share/baxter_core_msgs/package.zsh'
[0.639s] Level 1:colcon.colcon_core.environment:create_file_with_runtime_dependencies(/shared_ws/install/baxter_core_msgs/share/colcon-core/packages/baxter_core_msgs)
[0.639s] DEBUG:colcon.colcon_parallel_executor.executor.parallel:closing loop
[0.639s] DEBUG:colcon.colcon_parallel_executor.executor.parallel:loop closed
[0.639s] DEBUG:colcon.colcon_parallel_executor.executor.parallel:run_until_complete finished with '0'
[0.639s] DEBUG:colcon.colcon_core.event_reactor:joining thread
[0.644s] INFO:colcon.colcon_core.plugin_system:Skipping extension 'colcon_notification.desktop_notification.notify_send': Could not find 'notify-send'
[0.644s] INFO:colcon.colcon_core.plugin_system:Skipping extension 'colcon_notification.desktop_notification.terminal_notifier': Not used on non-Darwin systems
[0.644s] INFO:colcon.colcon_core.plugin_system:Skipping extension 'colcon_notification.desktop_notification.win32': Not used on non-Windows systems
[0.644s] INFO:colcon.colcon_notification.desktop_notification:Sending desktop notification using 'notify2'
[0.645s] DEBUG:colcon.colcon_notification.desktop_notification.notify2:Failed to initialize notify2: org.freedesktop.DBus.Error.Spawn.ExecFailed: /usr/bin/dbus-launch terminated abnormally without any error message
[0.645s] DEBUG:colcon.colcon_core.event_reactor:joined thread
[0.645s] INFO:colcon.colcon_core.shell:Creating prefix script '/shared_ws/install/local_setup.ps1'
[0.646s] INFO:colcon.colcon_core.shell:Creating prefix util module '/shared_ws/install/_local_setup_util_ps1.py'
[0.654s] INFO:colcon.colcon_core.shell:Creating prefix chain script '/shared_ws/install/setup.ps1'
[0.655s] INFO:colcon.colcon_core.shell:Creating prefix script '/shared_ws/install/local_setup.sh'
[0.656s] INFO:colcon.colcon_core.shell:Creating prefix util module '/shared_ws/install/_local_setup_util_sh.py'
[0.656s] INFO:colcon.colcon_core.shell:Creating prefix chain script '/shared_ws/install/setup.sh'
[0.657s] INFO:colcon.colcon_core.shell:Creating prefix script '/shared_ws/install/local_setup.bash'
[0.657s] INFO:colcon.colcon_core.shell:Creating prefix chain script '/shared_ws/install/setup.bash'
[0.658s] INFO:colcon.colcon_core.shell:Creating prefix script '/shared_ws/install/local_setup.zsh'
[0.658s] INFO:colcon.colcon_core.shell:Creating prefix chain script '/shared_ws/install/setup.zsh'
