-- Found ament_cmake_auto: 1.3.11 (/opt/ros/humble/share/ament_cmake_auto/cmake)
-- Using all available rosidl_typesupport_c: rosidl_typesupport_fastrtps_c;rosidl_typesupport_introspection_c
-- Found rosidl_adapter: 3.1.6 (/opt/ros/humble/share/rosidl_adapter/cmake)
-- Using all available rosidl_typesupport_cpp: rosidl_typesupport_fastrtps_cpp;rosidl_typesupport_introspection_cpp
-- Found rmw_implementation_cmake: 6.1.2 (/opt/ros/humble/share/rmw_implementation_cmake/cmake)
-- Found rmw_fastrtps_cpp: 6.2.7 (/opt/ros/humble/share/rmw_fastrtps_cpp/cmake)
-- Using RMW implementation 'rmw_fastrtps_cpp' as default
-- Found eigen3_cmake_module: 0.1.1 (/opt/ros/humble/share/eigen3_cmake_module/cmake)
-- Ensuring Eigen3 include directory is part of orocos-kdl CMake target
-- Found ament_cmake_ros: 0.10.0 (/opt/ros/humble/share/ament_cmake_ros/cmake)
-- Using all available rosidl_typesupport_c: rosidl_typesupport_fastrtps_c;rosidl_typesupport_introspection_c
-- Using all available rosidl_typesupport_cpp: rosidl_typesupport_fastrtps_cpp;rosidl_typesupport_introspection_cpp
-- Found python_cmake_module: 0.10.0 (/opt/ros/humble/share/python_cmake_module/cmake)
-- Using PYTHON_EXECUTABLE: /usr/bin/python3
-- Using PYTHON_INCLUDE_DIRS: /usr/include/python3.10
-- Using PYTHON_LIBRARIES: /usr/lib/x86_64-linux-gnu/libpython3.10.so
-- Found OpenCV: /usr (found version "4.5.4") 
-- Configuring done
-- Generating done
-- Build files have been written to: /shared_ws/build/baxter_bridge
[  2%] Generating C code for ROS interfaces
[  4%] Generating C++ code for ROS interfaces
[  4%] Built target ament_cmake_python_copy_baxter_bridge
running egg_info
creating baxter_bridge.egg-info
writing baxter_bridge.egg-info/PKG-INFO
writing dependency_links to baxter_bridge.egg-info/dependency_links.txt
writing top-level names to baxter_bridge.egg-info/top_level.txt
writing manifest file 'baxter_bridge.egg-info/SOURCES.txt'
reading manifest file 'baxter_bridge.egg-info/SOURCES.txt'
writing manifest file 'baxter_bridge.egg-info/SOURCES.txt'
[  4%] Built target ament_cmake_python_build_baxter_bridge_egg
[  8%] Building C object CMakeFiles/baxter_bridge__rosidl_generator_c.dir/rosidl_generator_c/baxter_bridge/srv/detail/exists__functions.c.o
[  8%] Building C object CMakeFiles/baxter_bridge__rosidl_generator_c.dir/rosidl_generator_c/baxter_bridge/srv/detail/open__functions.c.o
[ 10%] Linking C shared library libbaxter_bridge__rosidl_generator_c.so
[ 10%] Built target baxter_bridge__rosidl_generator_c
[ 14%] Generating C introspection for ROS interfaces
[ 14%] Generating C type support dispatch for ROS interfaces
[ 17%] Generating C type support for eProsima Fast-RTPS
[ 17%] Built target baxter_bridge__cpp
[ 23%] Generating C++ type support dispatch for ROS interfaces
[ 23%] Generating C++ introspection for ROS interfaces
[ 23%] Generating C++ type support for eProsima Fast-RTPS
[ 27%] Building CXX object CMakeFiles/baxter_bridge__rosidl_typesupport_c.dir/rosidl_typesupport_c/baxter_bridge/srv/open__type_support.cpp.o
[ 27%] Building CXX object CMakeFiles/baxter_bridge__rosidl_typesupport_c.dir/rosidl_typesupport_c/baxter_bridge/srv/exists__type_support.cpp.o
[ 29%] Linking CXX shared library libbaxter_bridge__rosidl_typesupport_c.so
[ 34%] Building CXX object CMakeFiles/baxter_bridge__rosidl_typesupport_cpp.dir/rosidl_typesupport_cpp/baxter_bridge/srv/open__type_support.cpp.o
[ 34%] Building CXX object CMakeFiles/baxter_bridge__rosidl_typesupport_cpp.dir/rosidl_typesupport_cpp/baxter_bridge/srv/exists__type_support.cpp.o
[ 36%] Building CXX object CMakeFiles/baxter_bridge__rosidl_typesupport_introspection_cpp.dir/rosidl_typesupport_introspection_cpp/baxter_bridge/srv/detail/exists__type_support.cpp.o
[ 38%] Building CXX object CMakeFiles/baxter_bridge__rosidl_typesupport_introspection_cpp.dir/rosidl_typesupport_introspection_cpp/baxter_bridge/srv/detail/open__type_support.cpp.o
[ 38%] Built target baxter_bridge__rosidl_typesupport_c
[ 40%] Building C object CMakeFiles/baxter_bridge__rosidl_typesupport_introspection_c.dir/rosidl_typesupport_introspection_c/baxter_bridge/srv/detail/open__type_support.c.o
[ 44%] Building CXX object CMakeFiles/baxter_bridge__rosidl_typesupport_fastrtps_c.dir/rosidl_typesupport_fastrtps_c/baxter_bridge/srv/detail/exists__type_support_c.cpp.o
[ 44%] Building CXX object CMakeFiles/baxter_bridge__rosidl_typesupport_fastrtps_c.dir/rosidl_typesupport_fastrtps_c/baxter_bridge/srv/detail/open__type_support_c.cpp.o
[ 46%] Building C object CMakeFiles/baxter_bridge__rosidl_typesupport_introspection_c.dir/rosidl_typesupport_introspection_c/baxter_bridge/srv/detail/exists__type_support.c.o
[ 48%] Building CXX object CMakeFiles/baxter_bridge__rosidl_typesupport_fastrtps_cpp.dir/rosidl_typesupport_fastrtps_cpp/baxter_bridge/srv/detail/dds_fastrtps/open__type_support.cpp.o
[ 51%] Building CXX object CMakeFiles/baxter_bridge__rosidl_typesupport_fastrtps_cpp.dir/rosidl_typesupport_fastrtps_cpp/baxter_bridge/srv/detail/dds_fastrtps/exists__type_support.cpp.o
[ 53%] Linking C shared library libbaxter_bridge__rosidl_typesupport_introspection_c.so
[ 53%] Built target baxter_bridge__rosidl_typesupport_introspection_c
[ 55%] Linking CXX shared library libbaxter_bridge__rosidl_typesupport_cpp.so
[ 55%] Built target baxter_bridge__rosidl_typesupport_cpp
[ 57%] Building CXX object CMakeFiles/bridge.dir/src/monitor.cpp.o
[ 59%] Building CXX object CMakeFiles/bridge.dir/src/factory.cpp.o
[ 63%] Building CXX object CMakeFiles/bridge.dir/src/baxter_bridge.cpp.o
[ 63%] Building CXX object CMakeFiles/bridge.dir/src/bridge.cpp.o
[ 65%] Building CXX object CMakeFiles/bridge.dir/src/factory_1to2.cpp.o
[ 68%] Building CXX object CMakeFiles/bridge.dir/src/factory_2to1.cpp.o
[ 70%] Building CXX object CMakeFiles/bridge.dir/src/topic_poller.cpp.o
In file included from /shared_ws/src/baxter_bridge/src/monitor.cpp:1:
/shared_ws/src/baxter_bridge/include/baxter_bridge/monitor.h:4:10: fatal error: ros/ros.h: No such file or directory
    4 | #include <ros/ros.h>
      |          ^~~~~~~~~~~
compilation terminated.
gmake[2]: *** [CMakeFiles/bridge.dir/build.make:104: CMakeFiles/bridge.dir/src/monitor.cpp.o] Error 1
gmake[2]: *** Waiting for unfinished jobs....
In file included from /shared_ws/src/baxter_bridge/include/baxter_bridge/bridge_1to2.h:4,
                 from /shared_ws/src/baxter_bridge/src/factory_1to2.cpp:2:
/shared_ws/src/baxter_bridge/include/baxter_bridge/bridge.h:4:10: fatal error: ros/node_handle.h: No such file or directory
    4 | #include <ros/node_handle.h>
      |          ^~~~~~~~~~~~~~~~~~~
compilation terminated.
In file included from /shared_ws/src/baxter_bridge/include/baxter_bridge/solve_ik.h:7,
                 from /shared_ws/src/baxter_bridge/src/baxter_bridge.cpp:1:
/shared_ws/src/baxter_bridge/ros1_msgs/baxter_core_msgs/SolvePositionIK.h:8:10: fatal error: ros/service_traits.h: No such file or directory
    8 | #include <ros/service_traits.h>
      |          ^~~~~~~~~~~~~~~~~~~~~~
compilation terminated.
/shared_ws/src/baxter_bridge/src/bridge.cpp:1:10: fatal error: ros/node_handle.h: No such file or directory
    1 | #include <ros/node_handle.h>
      |          ^~~~~~~~~~~~~~~~~~~
compilation terminated.
In file included from /shared_ws/src/baxter_bridge/include/baxter_bridge/bridge_2to1.h:4,
                 from /shared_ws/src/baxter_bridge/src/factory_2to1.cpp:2:
/shared_ws/src/baxter_bridge/include/baxter_bridge/bridge.h:4:10: fatal error: ros/node_handle.h: No such file or directory
    4 | #include <ros/node_handle.h>
      |          ^~~~~~~~~~~~~~~~~~~
compilation terminated.
gmake[2]: *** [CMakeFiles/bridge.dir/build.make:132: CMakeFiles/bridge.dir/src/factory_1to2.cpp.o] Error 1
gmake[2]: *** [CMakeFiles/bridge.dir/build.make:76: CMakeFiles/bridge.dir/src/baxter_bridge.cpp.o] Error 1
gmake[2]: *** [CMakeFiles/bridge.dir/build.make:90: CMakeFiles/bridge.dir/src/bridge.cpp.o] Error 1
gmake[2]: *** [CMakeFiles/bridge.dir/build.make:146: CMakeFiles/bridge.dir/src/factory_2to1.cpp.o] Error 1
In file included from /shared_ws/src/baxter_bridge/src/topic_poller.cpp:1:
/shared_ws/src/baxter_bridge/include/baxter_bridge/topic_poller.h:6:10: fatal error: ros/ros.h: No such file or directory
    6 | #include <ros/ros.h>
      |          ^~~~~~~~~~~
compilation terminated.
gmake[2]: *** [CMakeFiles/bridge.dir/build.make:160: CMakeFiles/bridge.dir/src/topic_poller.cpp.o] Error 1
[ 72%] Linking CXX shared library libbaxter_bridge__rosidl_typesupport_introspection_cpp.so
[ 72%] Built target baxter_bridge__rosidl_typesupport_introspection_cpp
[ 74%] Linking CXX shared library libbaxter_bridge__rosidl_typesupport_fastrtps_cpp.so
In file included from /shared_ws/src/baxter_bridge/include/baxter_bridge/factory.h:8,
                 from /shared_ws/src/baxter_bridge/src/factory.cpp:1:
/shared_ws/src/baxter_bridge/include/baxter_bridge/bridge.h:4:10: fatal error: ros/node_handle.h: No such file or directory
    4 | #include <ros/node_handle.h>
      |          ^~~~~~~~~~~~~~~~~~~
compilation terminated.
gmake[2]: *** [CMakeFiles/bridge.dir/build.make:118: CMakeFiles/bridge.dir/src/factory.cpp.o] Error 1
gmake[1]: *** [CMakeFiles/Makefile2:593: CMakeFiles/bridge.dir/all] Error 2
gmake[1]: *** Waiting for unfinished jobs....
[ 76%] Linking CXX shared library libbaxter_bridge__rosidl_typesupport_fastrtps_c.so
[ 76%] Built target baxter_bridge__rosidl_typesupport_fastrtps_cpp
[ 76%] Built target baxter_bridge__rosidl_typesupport_fastrtps_c
gmake: *** [Makefile:146: all] Error 2
