[0.009s] Invoking command in '/shared_ws/build/baxter_bridge': AMENT_PREFIX_PATH=/shared_ws/install/baxter_maintenance_msgs:/shared_ws/install/baxter_core_msgs:${AMENT_PREFIX_PATH} CMAKE_PREFIX_PATH=/shared_ws/install/baxter_maintenance_msgs:/shared_ws/install/baxter_core_msgs:/opt/ros/humble LD_LIBRARY_PATH=/shared_ws/install/baxter_maintenance_msgs/lib:/shared_ws/install/baxter_core_msgs/lib:${LD_LIBRARY_PATH} PYTHONPATH=/shared_ws/install/baxter_maintenance_msgs/local/lib/python3.10/dist-packages:/shared_ws/install/baxter_core_msgs/local/lib/python3.10/dist-packages:${PYTHONPATH} /usr/bin/cmake /shared_ws/src/baxter_bridge -DCMAKE_INSTALL_PREFIX=/shared_ws/install/baxter_bridge
[0.020s] -- Found ament_cmake_auto: 1.3.11 (/opt/ros/humble/share/ament_cmake_auto/cmake)
[0.199s] -- Using all available rosidl_typesupport_c: rosidl_typesupport_fastrtps_c;rosidl_typesupport_introspection_c
[0.201s] -- Found rosidl_adapter: 3.1.6 (/opt/ros/humble/share/rosidl_adapter/cmake)
[0.231s] -- Using all available rosidl_typesupport_cpp: rosidl_typesupport_fastrtps_cpp;rosidl_typesupport_introspection_cpp
[0.296s] -- Found rmw_implementation_cmake: 6.1.2 (/opt/ros/humble/share/rmw_implementation_cmake/cmake)
[0.298s] -- Found rmw_fastrtps_cpp: 6.2.7 (/opt/ros/humble/share/rmw_fastrtps_cpp/cmake)
[0.389s] -- Using RMW implementation 'rmw_fastrtps_cpp' as default
[0.528s] -- Found eigen3_cmake_module: 0.1.1 (/opt/ros/humble/share/eigen3_cmake_module/cmake)
[0.529s] -- Ensuring Eigen3 include directory is part of orocos-kdl CMake target
[0.773s] -- Found ament_cmake_ros: 0.10.0 (/opt/ros/humble/share/ament_cmake_ros/cmake)
[0.902s] -- Using all available rosidl_typesupport_c: rosidl_typesupport_fastrtps_c;rosidl_typesupport_introspection_c
[1.071s] -- Using all available rosidl_typesupport_cpp: rosidl_typesupport_fastrtps_cpp;rosidl_typesupport_introspection_cpp
[1.086s] -- Found python_cmake_module: 0.10.0 (/opt/ros/humble/share/python_cmake_module/cmake)
[1.100s] -- Using PYTHON_EXECUTABLE: /usr/bin/python3
[1.100s] -- Using PYTHON_INCLUDE_DIRS: /usr/include/python3.10
[1.100s] -- Using PYTHON_LIBRARIES: /usr/lib/x86_64-linux-gnu/libpython3.10.so
[1.118s] -- Found OpenCV: /usr (found version "4.5.4") 
[1.128s] -- Configuring done
[1.170s] -- Generating done
[1.182s] -- Build files have been written to: /shared_ws/build/baxter_bridge
[1.189s] Invoked command in '/shared_ws/build/baxter_bridge' returned '0': AMENT_PREFIX_PATH=/shared_ws/install/baxter_maintenance_msgs:/shared_ws/install/baxter_core_msgs:${AMENT_PREFIX_PATH} CMAKE_PREFIX_PATH=/shared_ws/install/baxter_maintenance_msgs:/shared_ws/install/baxter_core_msgs:/opt/ros/humble LD_LIBRARY_PATH=/shared_ws/install/baxter_maintenance_msgs/lib:/shared_ws/install/baxter_core_msgs/lib:${LD_LIBRARY_PATH} PYTHONPATH=/shared_ws/install/baxter_maintenance_msgs/local/lib/python3.10/dist-packages:/shared_ws/install/baxter_core_msgs/local/lib/python3.10/dist-packages:${PYTHONPATH} /usr/bin/cmake /shared_ws/src/baxter_bridge -DCMAKE_INSTALL_PREFIX=/shared_ws/install/baxter_bridge
[1.190s] Invoking command in '/shared_ws/build/baxter_bridge': AMENT_PREFIX_PATH=/shared_ws/install/baxter_maintenance_msgs:/shared_ws/install/baxter_core_msgs:${AMENT_PREFIX_PATH} CMAKE_PREFIX_PATH=/shared_ws/install/baxter_maintenance_msgs:/shared_ws/install/baxter_core_msgs:/opt/ros/humble LD_LIBRARY_PATH=/shared_ws/install/baxter_maintenance_msgs/lib:/shared_ws/install/baxter_core_msgs/lib:${LD_LIBRARY_PATH} PYTHONPATH=/shared_ws/install/baxter_maintenance_msgs/local/lib/python3.10/dist-packages:/shared_ws/install/baxter_core_msgs/local/lib/python3.10/dist-packages:${PYTHONPATH} /usr/bin/cmake --build /shared_ws/build/baxter_bridge -- -j16 -l16
[1.221s] [  2%] Generating C code for ROS interfaces
[1.231s] [  4%] Generating C++ code for ROS interfaces
[1.232s] [  4%] Built target ament_cmake_python_copy_baxter_bridge
[1.421s] running egg_info
[1.422s] creating baxter_bridge.egg-info
[1.422s] writing baxter_bridge.egg-info/PKG-INFO
[1.422s] writing dependency_links to baxter_bridge.egg-info/dependency_links.txt
[1.422s] writing top-level names to baxter_bridge.egg-info/top_level.txt
[1.422s] writing manifest file 'baxter_bridge.egg-info/SOURCES.txt'
[1.424s] reading manifest file 'baxter_bridge.egg-info/SOURCES.txt'
[1.424s] writing manifest file 'baxter_bridge.egg-info/SOURCES.txt'
[1.445s] [  4%] Built target ament_cmake_python_build_baxter_bridge_egg
[1.567s] [  8%] Building C object CMakeFiles/baxter_bridge__rosidl_generator_c.dir/rosidl_generator_c/baxter_bridge/srv/detail/exists__functions.c.o
[1.567s] [  8%] Building C object CMakeFiles/baxter_bridge__rosidl_generator_c.dir/rosidl_generator_c/baxter_bridge/srv/detail/open__functions.c.o
[1.621s] [ 10%] Linking C shared library libbaxter_bridge__rosidl_generator_c.so
[1.650s] [ 10%] Built target baxter_bridge__rosidl_generator_c
[1.658s] [ 14%] Generating C introspection for ROS interfaces
[1.658s] [ 14%] Generating C type support dispatch for ROS interfaces
[1.658s] [ 17%] Generating C type support for eProsima Fast-RTPS
[1.677s] [ 17%] Built target baxter_bridge__cpp
[1.685s] [ 23%] Generating C++ type support dispatch for ROS interfaces
[1.685s] [ 23%] Generating C++ introspection for ROS interfaces
[1.685s] [ 23%] Generating C++ type support for eProsima Fast-RTPS
[1.967s] [ 27%] Building CXX object CMakeFiles/baxter_bridge__rosidl_typesupport_c.dir/rosidl_typesupport_c/baxter_bridge/srv/open__type_support.cpp.o
[1.967s] [ 27%] Building CXX object CMakeFiles/baxter_bridge__rosidl_typesupport_c.dir/rosidl_typesupport_c/baxter_bridge/srv/exists__type_support.cpp.o
[2.007s] [ 29%] Linking CXX shared library libbaxter_bridge__rosidl_typesupport_c.so
[2.014s] [ 34%] Building CXX object CMakeFiles/baxter_bridge__rosidl_typesupport_cpp.dir/rosidl_typesupport_cpp/baxter_bridge/srv/open__type_support.cpp.o
[2.014s] [ 34%] Building CXX object CMakeFiles/baxter_bridge__rosidl_typesupport_cpp.dir/rosidl_typesupport_cpp/baxter_bridge/srv/exists__type_support.cpp.o
[2.058s] [ 36%] Building CXX object CMakeFiles/baxter_bridge__rosidl_typesupport_introspection_cpp.dir/rosidl_typesupport_introspection_cpp/baxter_bridge/srv/detail/exists__type_support.cpp.o
[2.059s] [ 38%] Building CXX object CMakeFiles/baxter_bridge__rosidl_typesupport_introspection_cpp.dir/rosidl_typesupport_introspection_cpp/baxter_bridge/srv/detail/open__type_support.cpp.o
[2.062s] [ 38%] Built target baxter_bridge__rosidl_typesupport_c
[2.071s] [ 40%] Building C object CMakeFiles/baxter_bridge__rosidl_typesupport_introspection_c.dir/rosidl_typesupport_introspection_c/baxter_bridge/srv/detail/open__type_support.c.o
[2.071s] [ 44%] Building CXX object CMakeFiles/baxter_bridge__rosidl_typesupport_fastrtps_c.dir/rosidl_typesupport_fastrtps_c/baxter_bridge/srv/detail/exists__type_support_c.cpp.o
[2.071s] [ 44%] Building CXX object CMakeFiles/baxter_bridge__rosidl_typesupport_fastrtps_c.dir/rosidl_typesupport_fastrtps_c/baxter_bridge/srv/detail/open__type_support_c.cpp.o
[2.072s] [ 46%] Building C object CMakeFiles/baxter_bridge__rosidl_typesupport_introspection_c.dir/rosidl_typesupport_introspection_c/baxter_bridge/srv/detail/exists__type_support.c.o
[2.102s] [ 48%] Building CXX object CMakeFiles/baxter_bridge__rosidl_typesupport_fastrtps_cpp.dir/rosidl_typesupport_fastrtps_cpp/baxter_bridge/srv/detail/dds_fastrtps/open__type_support.cpp.o
[2.105s] [ 51%] Building CXX object CMakeFiles/baxter_bridge__rosidl_typesupport_fastrtps_cpp.dir/rosidl_typesupport_fastrtps_cpp/baxter_bridge/srv/detail/dds_fastrtps/exists__type_support.cpp.o
[2.170s] [ 53%] Linking C shared library libbaxter_bridge__rosidl_typesupport_introspection_c.so
[2.225s] [ 53%] Built target baxter_bridge__rosidl_typesupport_introspection_c
[2.420s] [ 55%] Linking CXX shared library libbaxter_bridge__rosidl_typesupport_cpp.so
[2.472s] [ 55%] Built target baxter_bridge__rosidl_typesupport_cpp
[2.498s] [ 57%] Building CXX object CMakeFiles/bridge.dir/src/monitor.cpp.o
[2.500s] [ 59%] Building CXX object CMakeFiles/bridge.dir/src/factory.cpp.o
[2.502s] [ 63%] Building CXX object CMakeFiles/bridge.dir/src/baxter_bridge.cpp.o
[2.502s] [ 63%] Building CXX object CMakeFiles/bridge.dir/src/bridge.cpp.o
[2.502s] [ 65%] Building CXX object CMakeFiles/bridge.dir/src/factory_1to2.cpp.o
[2.503s] [ 68%] Building CXX object CMakeFiles/bridge.dir/src/factory_2to1.cpp.o
[2.503s] [ 70%] Building CXX object CMakeFiles/bridge.dir/src/topic_poller.cpp.o
[2.515s] In file included from /shared_ws/src/baxter_bridge/src/monitor.cpp:1:
[2.516s] /shared_ws/src/baxter_bridge/include/baxter_bridge/monitor.h:4:10: fatal error: ros/ros.h: No such file or directory
[2.516s]     4 | #include <ros/ros.h>
[2.516s]       |          ^~~~~~~~~~~
[2.516s] compilation terminated.
[2.517s] gmake[2]: *** [CMakeFiles/bridge.dir/build.make:104: CMakeFiles/bridge.dir/src/monitor.cpp.o] Error 1
[2.518s] gmake[2]: *** Waiting for unfinished jobs....
[2.519s] In file included from /shared_ws/src/baxter_bridge/include/baxter_bridge/bridge_1to2.h:4,
[2.519s]                  from /shared_ws/src/baxter_bridge/src/factory_1to2.cpp:2:
[2.519s] /shared_ws/src/baxter_bridge/include/baxter_bridge/bridge.h:4:10: fatal error: ros/node_handle.h: No such file or directory
[2.519s]     4 | #include <ros/node_handle.h>
[2.520s]       |          ^~~~~~~~~~~~~~~~~~~
[2.520s] compilation terminated.
[2.520s] In file included from /shared_ws/src/baxter_bridge/include/baxter_bridge/solve_ik.h:7,
[2.520s]                  from /shared_ws/src/baxter_bridge/src/baxter_bridge.cpp:1:
[2.520s] /shared_ws/src/baxter_bridge/ros1_msgs/baxter_core_msgs/SolvePositionIK.h:8:10: fatal error: ros/service_traits.h: No such file or directory
[2.521s]     8 | #include <ros/service_traits.h>
[2.521s]       |          ^~~~~~~~~~~~~~~~~~~~~~
[2.521s] compilation terminated.
[2.521s] /shared_ws/src/baxter_bridge/src/bridge.cpp:1:10: fatal error: ros/node_handle.h: No such file or directory
[2.521s]     1 | #include <ros/node_handle.h>
[2.521s]       |          ^~~~~~~~~~~~~~~~~~~
[2.522s] compilation terminated.
[2.522s] In file included from /shared_ws/src/baxter_bridge/include/baxter_bridge/bridge_2to1.h:4,
[2.522s]                  from /shared_ws/src/baxter_bridge/src/factory_2to1.cpp:2:
[2.522s] /shared_ws/src/baxter_bridge/include/baxter_bridge/bridge.h:4:10: fatal error: ros/node_handle.h: No such file or directory
[2.522s]     4 | #include <ros/node_handle.h>
[2.522s]       |          ^~~~~~~~~~~~~~~~~~~
[2.523s] compilation terminated.
[2.523s] gmake[2]: *** [CMakeFiles/bridge.dir/build.make:132: CMakeFiles/bridge.dir/src/factory_1to2.cpp.o] Error 1
[2.523s] gmake[2]: *** [CMakeFiles/bridge.dir/build.make:76: CMakeFiles/bridge.dir/src/baxter_bridge.cpp.o] Error 1
[2.523s] gmake[2]: *** [CMakeFiles/bridge.dir/build.make:90: CMakeFiles/bridge.dir/src/bridge.cpp.o] Error 1
[2.523s] gmake[2]: *** [CMakeFiles/bridge.dir/build.make:146: CMakeFiles/bridge.dir/src/factory_2to1.cpp.o] Error 1
[2.643s] In file included from /shared_ws/src/baxter_bridge/src/topic_poller.cpp:1:
[2.643s] /shared_ws/src/baxter_bridge/include/baxter_bridge/topic_poller.h:6:10: fatal error: ros/ros.h: No such file or directory
[2.643s]     6 | #include <ros/ros.h>
[2.644s]       |          ^~~~~~~~~~~
[2.644s] compilation terminated.
[2.644s] gmake[2]: *** [CMakeFiles/bridge.dir/build.make:160: CMakeFiles/bridge.dir/src/topic_poller.cpp.o] Error 1
[2.649s] [ 72%] Linking CXX shared library libbaxter_bridge__rosidl_typesupport_introspection_cpp.so
[2.725s] [ 72%] Built target baxter_bridge__rosidl_typesupport_introspection_cpp
[2.730s] [ 74%] Linking CXX shared library libbaxter_bridge__rosidl_typesupport_fastrtps_cpp.so
[2.736s] In file included from /shared_ws/src/baxter_bridge/include/baxter_bridge/factory.h:8,
[2.736s]                  from /shared_ws/src/baxter_bridge/src/factory.cpp:1:
[2.736s] /shared_ws/src/baxter_bridge/include/baxter_bridge/bridge.h:4:10: fatal error: ros/node_handle.h: No such file or directory
[2.736s]     4 | #include <ros/node_handle.h>
[2.736s]       |          ^~~~~~~~~~~~~~~~~~~
[2.736s] compilation terminated.
[2.737s] gmake[2]: *** [CMakeFiles/bridge.dir/build.make:118: CMakeFiles/bridge.dir/src/factory.cpp.o] Error 1
[2.737s] gmake[1]: *** [CMakeFiles/Makefile2:593: CMakeFiles/bridge.dir/all] Error 2
[2.737s] gmake[1]: *** Waiting for unfinished jobs....
[2.771s] [ 76%] Linking CXX shared library libbaxter_bridge__rosidl_typesupport_fastrtps_c.so
[2.813s] [ 76%] Built target baxter_bridge__rosidl_typesupport_fastrtps_cpp
[2.857s] [ 76%] Built target baxter_bridge__rosidl_typesupport_fastrtps_c
[2.858s] gmake: *** [Makefile:146: all] Error 2
[2.859s] Invoked command in '/shared_ws/build/baxter_bridge' returned '2': AMENT_PREFIX_PATH=/shared_ws/install/baxter_maintenance_msgs:/shared_ws/install/baxter_core_msgs:${AMENT_PREFIX_PATH} CMAKE_PREFIX_PATH=/shared_ws/install/baxter_maintenance_msgs:/shared_ws/install/baxter_core_msgs:/opt/ros/humble LD_LIBRARY_PATH=/shared_ws/install/baxter_maintenance_msgs/lib:/shared_ws/install/baxter_core_msgs/lib:${LD_LIBRARY_PATH} PYTHONPATH=/shared_ws/install/baxter_maintenance_msgs/local/lib/python3.10/dist-packages:/shared_ws/install/baxter_core_msgs/local/lib/python3.10/dist-packages:${PYTHONPATH} /usr/bin/cmake --build /shared_ws/build/baxter_bridge -- -j16 -l16
