[0.000000] (-) TimerEvent: {}
[0.000396] (-) JobUnselected: {'identifier': 'baxter_core_msgs'}
[0.000435] (-) JobUnselected: {'identifier': 'baxter_description'}
[0.000449] (-) JobUnselected: {'identifier': 'baxter_maintenance_msgs'}
[0.000461] (-) JobUnselected: {'identifier': 'my_ros2_test_package'}
[0.000473] (-) JobUnselected: {'identifier': 'rethink_ee_description'}
[0.000486] (baxter_moveit_config) JobQueued: {'identifier': 'baxter_moveit_config', 'dependencies': OrderedDict([('rethink_ee_description', '/shared_ws/install/rethink_ee_description'), ('baxter_description', '/shared_ws/install/baxter_description')])}
[0.000503] (baxter_moveit_config) JobStarted: {'identifier': 'baxter_moveit_config'}
[0.011071] (baxter_moveit_config) JobProgress: {'identifier': 'baxter_moveit_config', 'progress': 'cmake'}
[0.012043] (baxter_moveit_config) Command: {'cmd': ['/usr/bin/cmake', '/shared_ws/src/baxter_moveit_config', '-DCMAKE_INSTALL_PREFIX=/shared_ws/install/baxter_moveit_config'], 'cwd': '/shared_ws/build/baxter_moveit_config', 'env': OrderedDict([('HOSTNAME', 'haileesComputer'), ('SHLVL', '0'), ('LD_LIBRARY_PATH', '/opt/ros/humble/opt/rviz_ogre_vendor/lib:/opt/ros/humble/lib/x86_64-linux-gnu:/opt/ros/humble/lib'), ('HOME', '/root'), ('OLDPWD', '/ros/ws_moveit2'), ('ROS_PYTHON_VERSION', '3'), ('ROS_DISTRO', 'humble'), ('_', '/usr/bin/colcon'), ('ROS_VERSION', '2'), ('ROS_LOCALHOST_ONLY', '0'), ('PATH', '/opt/ros/humble/bin:/usr/local/sbin:/usr/local/bin:/usr/sbin:/usr/bin:/sbin:/bin'), ('LANG', 'C.UTF-8'), ('AMENT_PREFIX_PATH', '/shared_ws/install/baxter_description:/shared_ws/install/rethink_ee_description:/opt/ros/humble'), ('PWD', '/shared_ws/build/baxter_moveit_config'), ('LC_ALL', 'C.UTF-8'), ('PYTHONPATH', '/opt/ros/humble/lib/python3.10/site-packages:/opt/ros/humble/local/lib/python3.10/dist-packages'), ('COLCON', '1'), ('CMAKE_PREFIX_PATH', '/shared_ws/install/baxter_description:/shared_ws/install/rethink_ee_description:/opt/ros/humble')]), 'shell': False}
[0.099785] (-) TimerEvent: {}
[0.138511] (baxter_moveit_config) StdoutLine: {'line': b'-- The C compiler identification is GNU 11.4.0\n'}
[0.199994] (-) TimerEvent: {}
[0.242163] (baxter_moveit_config) StdoutLine: {'line': b'-- The CXX compiler identification is GNU 11.4.0\n'}
[0.249156] (baxter_moveit_config) StdoutLine: {'line': b'-- Detecting C compiler ABI info\n'}
[0.295233] (baxter_moveit_config) StdoutLine: {'line': b'-- Detecting C compiler ABI info - done\n'}
[0.300059] (-) TimerEvent: {}
[0.300750] (baxter_moveit_config) StdoutLine: {'line': b'-- Check for working C compiler: /usr/bin/cc - skipped\n'}
[0.301118] (baxter_moveit_config) StdoutLine: {'line': b'-- Detecting C compile features\n'}
[0.301709] (baxter_moveit_config) StdoutLine: {'line': b'-- Detecting C compile features - done\n'}
[0.304239] (baxter_moveit_config) StdoutLine: {'line': b'-- Detecting CXX compiler ABI info\n'}
[0.355881] (baxter_moveit_config) StdoutLine: {'line': b'-- Detecting CXX compiler ABI info - done\n'}
[0.362968] (baxter_moveit_config) StdoutLine: {'line': b'-- Check for working CXX compiler: /usr/bin/c++ - skipped\n'}
[0.363228] (baxter_moveit_config) StdoutLine: {'line': b'-- Detecting CXX compile features\n'}
[0.363629] (baxter_moveit_config) StdoutLine: {'line': b'-- Detecting CXX compile features - done\n'}
[0.369722] (baxter_moveit_config) StdoutLine: {'line': b'-- Found ament_cmake: 1.3.11 (/opt/ros/humble/share/ament_cmake/cmake)\n'}
[0.400167] (-) TimerEvent: {}
[0.465772] (baxter_moveit_config) StdoutLine: {'line': b'-- Found Python3: /usr/bin/python3 (found version "3.10.12") found components: Interpreter \n'}
[0.500255] (-) TimerEvent: {}
[0.540381] (baxter_moveit_config) StdoutLine: {'line': b'-- Found ament_lint_auto: 0.12.12 (/opt/ros/humble/share/ament_lint_auto/cmake)\n'}
[0.598861] (baxter_moveit_config) StdoutLine: {'line': b"-- Added test 'flake8' to check Python code syntax and style conventions\n"}
[0.599287] (baxter_moveit_config) StdoutLine: {'line': b"-- Added test 'lint_cmake' to check CMake code style\n"}
[0.599712] (baxter_moveit_config) StdoutLine: {'line': b"-- Added test 'pep257' to check Python code against some of the docstring style conventions in PEP 257\n"}
[0.600307] (-) TimerEvent: {}
[0.600728] (baxter_moveit_config) StdoutLine: {'line': b"-- Added test 'xmllint' to check XML markup files\n"}
[0.601894] (baxter_moveit_config) StdoutLine: {'line': b'-- Configuring done\n'}
[0.603690] (baxter_moveit_config) StdoutLine: {'line': b'-- Generating done\n'}
[0.604801] (baxter_moveit_config) StdoutLine: {'line': b'-- Build files have been written to: /shared_ws/build/baxter_moveit_config\n'}
[0.607658] (baxter_moveit_config) CommandEnded: {'returncode': 0}
[0.608148] (baxter_moveit_config) JobProgress: {'identifier': 'baxter_moveit_config', 'progress': 'build'}
[0.608183] (baxter_moveit_config) Command: {'cmd': ['/usr/bin/cmake', '--build', '/shared_ws/build/baxter_moveit_config', '--', '-j16', '-l16'], 'cwd': '/shared_ws/build/baxter_moveit_config', 'env': OrderedDict([('HOSTNAME', 'haileesComputer'), ('SHLVL', '0'), ('LD_LIBRARY_PATH', '/opt/ros/humble/opt/rviz_ogre_vendor/lib:/opt/ros/humble/lib/x86_64-linux-gnu:/opt/ros/humble/lib'), ('HOME', '/root'), ('OLDPWD', '/ros/ws_moveit2'), ('ROS_PYTHON_VERSION', '3'), ('ROS_DISTRO', 'humble'), ('_', '/usr/bin/colcon'), ('ROS_VERSION', '2'), ('ROS_LOCALHOST_ONLY', '0'), ('PATH', '/opt/ros/humble/bin:/usr/local/sbin:/usr/local/bin:/usr/sbin:/usr/bin:/sbin:/bin'), ('LANG', 'C.UTF-8'), ('AMENT_PREFIX_PATH', '/shared_ws/install/baxter_description:/shared_ws/install/rethink_ee_description:/opt/ros/humble'), ('PWD', '/shared_ws/build/baxter_moveit_config'), ('LC_ALL', 'C.UTF-8'), ('PYTHONPATH', '/opt/ros/humble/lib/python3.10/site-packages:/opt/ros/humble/local/lib/python3.10/dist-packages'), ('COLCON', '1'), ('CMAKE_PREFIX_PATH', '/shared_ws/install/baxter_description:/shared_ws/install/rethink_ee_description:/opt/ros/humble')]), 'shell': False}
[0.629188] (baxter_moveit_config) CommandEnded: {'returncode': 0}
[0.629719] (baxter_moveit_config) JobProgress: {'identifier': 'baxter_moveit_config', 'progress': 'install'}
[0.634427] (baxter_moveit_config) Command: {'cmd': ['/usr/bin/cmake', '--install', '/shared_ws/build/baxter_moveit_config'], 'cwd': '/shared_ws/build/baxter_moveit_config', 'env': OrderedDict([('HOSTNAME', 'haileesComputer'), ('SHLVL', '0'), ('LD_LIBRARY_PATH', '/opt/ros/humble/opt/rviz_ogre_vendor/lib:/opt/ros/humble/lib/x86_64-linux-gnu:/opt/ros/humble/lib'), ('HOME', '/root'), ('OLDPWD', '/ros/ws_moveit2'), ('ROS_PYTHON_VERSION', '3'), ('ROS_DISTRO', 'humble'), ('_', '/usr/bin/colcon'), ('ROS_VERSION', '2'), ('ROS_LOCALHOST_ONLY', '0'), ('PATH', '/opt/ros/humble/bin:/usr/local/sbin:/usr/local/bin:/usr/sbin:/usr/bin:/sbin:/bin'), ('LANG', 'C.UTF-8'), ('AMENT_PREFIX_PATH', '/shared_ws/install/baxter_description:/shared_ws/install/rethink_ee_description:/opt/ros/humble'), ('PWD', '/shared_ws/build/baxter_moveit_config'), ('LC_ALL', 'C.UTF-8'), ('PYTHONPATH', '/opt/ros/humble/lib/python3.10/site-packages:/opt/ros/humble/local/lib/python3.10/dist-packages'), ('COLCON', '1'), ('CMAKE_PREFIX_PATH', '/shared_ws/install/baxter_description:/shared_ws/install/rethink_ee_description:/opt/ros/humble')]), 'shell': False}
[0.638989] (baxter_moveit_config) StdoutLine: {'line': b'-- Install configuration: ""\n'}
[0.639224] (baxter_moveit_config) StdoutLine: {'line': b'-- Installing: /shared_ws/install/baxter_moveit_config/share/baxter_moveit_config/config\n'}
[0.639365] (baxter_moveit_config) StdoutLine: {'line': b'-- Installing: /shared_ws/install/baxter_moveit_config/share/baxter_moveit_config/config/moveit_controllers.yaml\n'}
[0.639518] (baxter_moveit_config) StdoutLine: {'line': b'-- Installing: /shared_ws/install/baxter_moveit_config/share/baxter_moveit_config/config/joint_limits.yaml\n'}
[0.639681] (baxter_moveit_config) StdoutLine: {'line': b'-- Installing: /shared_ws/install/baxter_moveit_config/share/baxter_moveit_config/config/kinematics.yaml\n'}
[0.639787] (baxter_moveit_config) StdoutLine: {'line': b'-- Installing: /shared_ws/install/baxter_moveit_config/share/baxter_moveit_config/config/controllers.yaml\n'}
[0.639893] (baxter_moveit_config) StdoutLine: {'line': b'-- Installing: /shared_ws/install/baxter_moveit_config/share/baxter_moveit_config/config/ompl_planning.yaml\n'}
[0.639996] (baxter_moveit_config) StdoutLine: {'line': b'-- Installing: /shared_ws/install/baxter_moveit_config/share/baxter_moveit_config/launch\n'}
[0.640103] (baxter_moveit_config) StdoutLine: {'line': b'-- Installing: /shared_ws/install/baxter_moveit_config/share/baxter_moveit_config/launch/demo.launch.py\n'}
[0.640241] (baxter_moveit_config) StdoutLine: {'line': b'-- Installing: /shared_ws/install/baxter_moveit_config/share/baxter_moveit_config/launch/move_group.launch.py\n'}
[0.640346] (baxter_moveit_config) StdoutLine: {'line': b'-- Installing: /shared_ws/install/baxter_moveit_config/share/baxter_moveit_config/launch/baxter_real.launch.py\n'}
[0.640480] (baxter_moveit_config) StdoutLine: {'line': b'-- Installing: /shared_ws/install/baxter_moveit_config/share/baxter_moveit_config/srdf\n'}
[0.640584] (baxter_moveit_config) StdoutLine: {'line': b'-- Installing: /shared_ws/install/baxter_moveit_config/share/baxter_moveit_config/srdf/baxter.srdf\n'}
[0.640714] (baxter_moveit_config) StdoutLine: {'line': b'-- Installing: /shared_ws/install/baxter_moveit_config/share/ament_index/resource_index/package_run_dependencies/baxter_moveit_config\n'}
[0.640817] (baxter_moveit_config) StdoutLine: {'line': b'-- Installing: /shared_ws/install/baxter_moveit_config/share/ament_index/resource_index/parent_prefix_path/baxter_moveit_config\n'}
[0.640948] (baxter_moveit_config) StdoutLine: {'line': b'-- Installing: /shared_ws/install/baxter_moveit_config/share/baxter_moveit_config/environment/ament_prefix_path.sh\n'}
[0.641021] (baxter_moveit_config) StdoutLine: {'line': b'-- Installing: /shared_ws/install/baxter_moveit_config/share/baxter_moveit_config/environment/ament_prefix_path.dsv\n'}
[0.641090] (baxter_moveit_config) StdoutLine: {'line': b'-- Installing: /shared_ws/install/baxter_moveit_config/share/baxter_moveit_config/environment/path.sh\n'}
[0.641158] (baxter_moveit_config) StdoutLine: {'line': b'-- Installing: /shared_ws/install/baxter_moveit_config/share/baxter_moveit_config/environment/path.dsv\n'}
[0.641260] (baxter_moveit_config) StdoutLine: {'line': b'-- Installing: /shared_ws/install/baxter_moveit_config/share/baxter_moveit_config/local_setup.bash\n'}
[0.641381] (baxter_moveit_config) StdoutLine: {'line': b'-- Installing: /shared_ws/install/baxter_moveit_config/share/baxter_moveit_config/local_setup.sh\n'}
[0.641486] (baxter_moveit_config) StdoutLine: {'line': b'-- Installing: /shared_ws/install/baxter_moveit_config/share/baxter_moveit_config/local_setup.zsh\n'}
[0.641708] (baxter_moveit_config) StdoutLine: {'line': b'-- Installing: /shared_ws/install/baxter_moveit_config/share/baxter_moveit_config/local_setup.dsv\n'}
[0.641863] (baxter_moveit_config) StdoutLine: {'line': b'-- Installing: /shared_ws/install/baxter_moveit_config/share/baxter_moveit_config/package.dsv\n'}
[0.642162] (baxter_moveit_config) StdoutLine: {'line': b'-- Installing: /shared_ws/install/baxter_moveit_config/share/ament_index/resource_index/packages/baxter_moveit_config\n'}
[0.642380] (baxter_moveit_config) StdoutLine: {'line': b'-- Installing: /shared_ws/install/baxter_moveit_config/share/baxter_moveit_config/cmake/baxter_moveit_configConfig.cmake\n'}
[0.642486] (baxter_moveit_config) StdoutLine: {'line': b'-- Installing: /shared_ws/install/baxter_moveit_config/share/baxter_moveit_config/cmake/baxter_moveit_configConfig-version.cmake\n'}
[0.642555] (baxter_moveit_config) StdoutLine: {'line': b'-- Installing: /shared_ws/install/baxter_moveit_config/share/baxter_moveit_config/package.xml\n'}
[0.642687] (baxter_moveit_config) CommandEnded: {'returncode': 0}
[0.657975] (baxter_moveit_config) JobEnded: {'identifier': 'baxter_moveit_config', 'rc': 0}
[0.658355] (-) EventReactorShutdown: {}
