-- Found ament_cmake_auto: 1.3.11 (/opt/ros/humble/share/ament_cmake_auto/cmake)
-- Using all available rosidl_typesupport_c: rosidl_typesupport_fastrtps_c;rosidl_typesupport_introspection_c
-- Found rosidl_adapter: 3.1.6 (/opt/ros/humble/share/rosidl_adapter/cmake)
-- Using all available rosidl_typesupport_cpp: rosidl_typesupport_fastrtps_cpp;rosidl_typesupport_introspection_cpp
-- Found rmw_implementation_cmake: 6.1.2 (/opt/ros/humble/share/rmw_implementation_cmake/cmake)
-- Found rmw_fastrtps_cpp: 6.2.7 (/opt/ros/humble/share/rmw_fastrtps_cpp/cmake)
-- Using RMW implementation 'rmw_fastrtps_cpp' as default
-- Found eigen3_cmake_module: 0.1.1 (/opt/ros/humble/share/eigen3_cmake_module/cmake)
-- Ensuring Eigen3 include directory is part of orocos-kdl CMake target
-- Found ament_cmake_ros: 0.10.0 (/opt/ros/humble/share/ament_cmake_ros/cmake)
-- Using all available rosidl_typesupport_c: rosidl_typesupport_fastrtps_c;rosidl_typesupport_introspection_c
-- Using all available rosidl_typesupport_cpp: rosidl_typesupport_fastrtps_cpp;rosidl_typesupport_introspection_cpp
-- Found python_cmake_module: 0.10.0 (/opt/ros/humble/share/python_cmake_module/cmake)
-- Using PYTHON_EXECUTABLE: /usr/bin/python3
-- Using PYTHON_INCLUDE_DIRS: /usr/include/python3.10
-- Using PYTHON_LIBRARIES: /usr/lib/x86_64-linux-gnu/libpython3.10.so
-- Configuring done
-- Generating done
-- Build files have been written to: /shared_ws/build/baxter_bridge
Consolidate compiler generated dependencies of target baxter_bridge__rosidl_generator_c
[  2%] Built target baxter_bridge__cpp
[ 10%] Built target baxter_bridge__rosidl_generator_c
[ 10%] Built target ament_cmake_python_copy_baxter_bridge
Consolidate compiler generated dependencies of target baxter_bridge__rosidl_typesupport_cpp
Consolidate compiler generated dependencies of target baxter_bridge__rosidl_typesupport_introspection_cpp
Consolidate compiler generated dependencies of target baxter_bridge__rosidl_typesupport_fastrtps_cpp
Consolidate compiler generated dependencies of target baxter_bridge__rosidl_typesupport_c
Consolidate compiler generated dependencies of target baxter_bridge__rosidl_typesupport_introspection_c
Consolidate compiler generated dependencies of target baxter_bridge__rosidl_typesupport_fastrtps_c
[ 21%] Built target baxter_bridge__rosidl_typesupport_cpp
[ 27%] Built target baxter_bridge__rosidl_typesupport_introspection_cpp
[ 36%] Built target baxter_bridge__rosidl_typesupport_c
[ 44%] Built target baxter_bridge__rosidl_typesupport_fastrtps_cpp
[ 53%] Built target baxter_bridge__rosidl_typesupport_introspection_c
[ 61%] Built target baxter_bridge__rosidl_typesupport_fastrtps_c
[ 63%] Building CXX object CMakeFiles/bridge.dir/src/baxter_bridge.cpp.o
[ 65%] Building CXX object CMakeFiles/bridge.dir/src/monitor.cpp.o
[ 70%] Building CXX object CMakeFiles/bridge.dir/src/bridge.cpp.o
[ 68%] Building CXX object CMakeFiles/bridge.dir/src/factory.cpp.o
[ 72%] Building CXX object CMakeFiles/bridge.dir/src/topic_poller.cpp.o
[ 74%] Building CXX object CMakeFiles/bridge.dir/src/factory_1to2.cpp.o
[ 76%] Building CXX object CMakeFiles/bridge.dir/src/factory_2to1.cpp.o
[ 76%] Built target baxter_bridge
[ 78%] Generating Python code for ROS interfaces
running egg_info
writing baxter_bridge.egg-info/PKG-INFO
writing dependency_links to baxter_bridge.egg-info/dependency_links.txt
writing top-level names to baxter_bridge.egg-info/top_level.txt
reading manifest file 'baxter_bridge.egg-info/SOURCES.txt'
writing manifest file 'baxter_bridge.egg-info/SOURCES.txt'
[ 78%] Built target ament_cmake_python_build_baxter_bridge_egg
[ 78%] Built target baxter_bridge__py
