[0.176s] DEBUG:colcon:Command line arguments: ['/usr/bin/colcon', 'build', '--packages-select', 'baxter_bridge', 'baxter_core_msgs', 'baxter_maintenance_msgs', 'baxter_description', 'baxter_moveit_config']
[0.177s] DEBUG:colcon:Parsed command line arguments: Namespace(log_base=None, log_level=None, verb_name='build', build_base='build', install_base='install', merge_install=False, symlink_install=False, test_result_base=None, continue_on_error=False, executor='parallel', parallel_workers=16, event_handlers=None, ignore_user_meta=False, metas=['./colcon.meta'], base_paths=['.'], packages_ignore=None, packages_ignore_regex=None, paths=None, packages_up_to=None, packages_up_to_regex=None, packages_above=None, packages_above_and_dependencies=None, packages_above_depth=None, packages_select_by_dep=None, packages_skip_by_dep=None, packages_skip_up_to=None, packages_select_build_failed=False, packages_skip_build_finished=False, packages_select_test_failures=False, packages_skip_test_passed=False, packages_select=['baxter_bridge', 'baxter_core_msgs', 'baxter_maintenance_msgs', 'baxter_description', 'baxter_moveit_config'], packages_skip=None, packages_select_regex=None, packages_skip_regex=None, packages_start=None, packages_end=None, cmake_args=None, cmake_target=None, cmake_target_skip_unavailable=False, cmake_clean_cache=False, cmake_clean_first=False, cmake_force_configure=False, ament_cmake_args=None, catkin_cmake_args=None, catkin_skip_building_tests=False, mixin_files=None, mixin=None, verb_parser=<colcon_mixin.mixin.mixin_argument.MixinArgumentDecorator object at 0x7fd90c0525c0>, verb_extension=<colcon_core.verb.build.BuildVerb object at 0x7fd90c051960>, main=<bound method BuildVerb.main of <colcon_core.verb.build.BuildVerb object at 0x7fd90c051960>>, mixin_verb=('build',))
[0.307s] Level 1:colcon.colcon_core.package_discovery:discover_packages(colcon_meta) check parameters
[0.308s] INFO:colcon.colcon_metadata.package_discovery.colcon_meta:Using configuration from '/root/.colcon/metadata/default/Gazebo.meta'
[0.308s] INFO:colcon.colcon_metadata.package_discovery.colcon_meta:Using configuration from '/root/.colcon/metadata/default/fastdds.meta'
[0.309s] INFO:colcon.colcon_metadata.package_discovery.colcon_meta:Using configuration from '/root/.colcon/metadata/default/fastrtps.meta'
[0.309s] Level 1:colcon.colcon_core.package_discovery:discover_packages(recursive) check parameters
[0.309s] Level 1:colcon.colcon_core.package_discovery:discover_packages(ignore) check parameters
[0.309s] Level 1:colcon.colcon_core.package_discovery:discover_packages(path) check parameters
[0.309s] Level 1:colcon.colcon_core.package_discovery:discover_packages(colcon_meta) discover
[0.309s] Level 1:colcon.colcon_core.package_discovery:discover_packages(recursive) discover
[0.309s] INFO:colcon.colcon_core.package_discovery:Crawling recursively for packages in '/shared_ws'
[0.309s] Level 1:colcon.colcon_core.package_identification:_identify(.) by extensions ['ignore', 'ignore_ament_install']
[0.309s] Level 1:colcon.colcon_core.package_identification:_identify(.) by extension 'ignore'
[0.309s] Level 1:colcon.colcon_core.package_identification:_identify(.) by extension 'ignore_ament_install'
[0.309s] Level 1:colcon.colcon_core.package_identification:_identify(.) by extensions ['colcon_pkg']
[0.309s] Level 1:colcon.colcon_core.package_identification:_identify(.) by extension 'colcon_pkg'
[0.309s] Level 1:colcon.colcon_core.package_identification:_identify(.) by extensions ['colcon_meta']
[0.309s] Level 1:colcon.colcon_core.package_identification:_identify(.) by extension 'colcon_meta'
[0.309s] Level 1:colcon.colcon_core.package_identification:_identify(.) by extensions ['ros']
[0.309s] Level 1:colcon.colcon_core.package_identification:_identify(.) by extension 'ros'
[0.319s] Level 1:colcon.colcon_core.package_identification:_identify(.) by extensions ['cmake', 'python']
[0.319s] Level 1:colcon.colcon_core.package_identification:_identify(.) by extension 'cmake'
[0.319s] Level 1:colcon.colcon_core.package_identification:_identify(.) by extension 'python'
[0.319s] Level 1:colcon.colcon_core.package_identification:_identify(.) by extensions ['python_setup_py']
[0.319s] Level 1:colcon.colcon_core.package_identification:_identify(.) by extension 'python_setup_py'
[0.319s] Level 1:colcon.colcon_core.package_identification:_identify(build) by extensions ['ignore', 'ignore_ament_install']
[0.319s] Level 1:colcon.colcon_core.package_identification:_identify(build) by extension 'ignore'
[0.319s] Level 1:colcon.colcon_core.package_identification:_identify(build) ignored
[0.319s] Level 1:colcon.colcon_core.package_identification:_identify(install) by extensions ['ignore', 'ignore_ament_install']
[0.319s] Level 1:colcon.colcon_core.package_identification:_identify(install) by extension 'ignore'
[0.319s] Level 1:colcon.colcon_core.package_identification:_identify(install) ignored
[0.319s] Level 1:colcon.colcon_core.package_identification:_identify(log) by extensions ['ignore', 'ignore_ament_install']
[0.320s] Level 1:colcon.colcon_core.package_identification:_identify(log) by extension 'ignore'
[0.320s] Level 1:colcon.colcon_core.package_identification:_identify(log) ignored
[0.320s] Level 1:colcon.colcon_core.package_identification:_identify(meshes) by extensions ['ignore', 'ignore_ament_install']
[0.320s] Level 1:colcon.colcon_core.package_identification:_identify(meshes) by extension 'ignore'
[0.320s] Level 1:colcon.colcon_core.package_identification:_identify(meshes) by extension 'ignore_ament_install'
[0.320s] Level 1:colcon.colcon_core.package_identification:_identify(meshes) by extensions ['colcon_pkg']
[0.320s] Level 1:colcon.colcon_core.package_identification:_identify(meshes) by extension 'colcon_pkg'
[0.320s] Level 1:colcon.colcon_core.package_identification:_identify(meshes) by extensions ['colcon_meta']
[0.320s] Level 1:colcon.colcon_core.package_identification:_identify(meshes) by extension 'colcon_meta'
[0.320s] Level 1:colcon.colcon_core.package_identification:_identify(meshes) by extensions ['ros']
[0.320s] Level 1:colcon.colcon_core.package_identification:_identify(meshes) by extension 'ros'
[0.320s] Level 1:colcon.colcon_core.package_identification:_identify(meshes) by extensions ['cmake', 'python']
[0.320s] Level 1:colcon.colcon_core.package_identification:_identify(meshes) by extension 'cmake'
[0.320s] Level 1:colcon.colcon_core.package_identification:_identify(meshes) by extension 'python'
[0.320s] Level 1:colcon.colcon_core.package_identification:_identify(meshes) by extensions ['python_setup_py']
[0.320s] Level 1:colcon.colcon_core.package_identification:_identify(meshes) by extension 'python_setup_py'
[0.320s] Level 1:colcon.colcon_core.package_identification:_identify(meshes/base) by extensions ['ignore', 'ignore_ament_install']
[0.320s] Level 1:colcon.colcon_core.package_identification:_identify(meshes/base) by extension 'ignore'
[0.320s] Level 1:colcon.colcon_core.package_identification:_identify(meshes/base) by extension 'ignore_ament_install'
[0.320s] Level 1:colcon.colcon_core.package_identification:_identify(meshes/base) by extensions ['colcon_pkg']
[0.320s] Level 1:colcon.colcon_core.package_identification:_identify(meshes/base) by extension 'colcon_pkg'
[0.320s] Level 1:colcon.colcon_core.package_identification:_identify(meshes/base) by extensions ['colcon_meta']
[0.320s] Level 1:colcon.colcon_core.package_identification:_identify(meshes/base) by extension 'colcon_meta'
[0.320s] Level 1:colcon.colcon_core.package_identification:_identify(meshes/base) by extensions ['ros']
[0.320s] Level 1:colcon.colcon_core.package_identification:_identify(meshes/base) by extension 'ros'
[0.321s] Level 1:colcon.colcon_core.package_identification:_identify(meshes/base) by extensions ['cmake', 'python']
[0.321s] Level 1:colcon.colcon_core.package_identification:_identify(meshes/base) by extension 'cmake'
[0.321s] Level 1:colcon.colcon_core.package_identification:_identify(meshes/base) by extension 'python'
[0.321s] Level 1:colcon.colcon_core.package_identification:_identify(meshes/base) by extensions ['python_setup_py']
[0.321s] Level 1:colcon.colcon_core.package_identification:_identify(meshes/base) by extension 'python_setup_py'
[0.321s] Level 1:colcon.colcon_core.package_identification:_identify(meshes/head) by extensions ['ignore', 'ignore_ament_install']
[0.321s] Level 1:colcon.colcon_core.package_identification:_identify(meshes/head) by extension 'ignore'
[0.321s] Level 1:colcon.colcon_core.package_identification:_identify(meshes/head) by extension 'ignore_ament_install'
[0.321s] Level 1:colcon.colcon_core.package_identification:_identify(meshes/head) by extensions ['colcon_pkg']
[0.321s] Level 1:colcon.colcon_core.package_identification:_identify(meshes/head) by extension 'colcon_pkg'
[0.321s] Level 1:colcon.colcon_core.package_identification:_identify(meshes/head) by extensions ['colcon_meta']
[0.321s] Level 1:colcon.colcon_core.package_identification:_identify(meshes/head) by extension 'colcon_meta'
[0.321s] Level 1:colcon.colcon_core.package_identification:_identify(meshes/head) by extensions ['ros']
[0.321s] Level 1:colcon.colcon_core.package_identification:_identify(meshes/head) by extension 'ros'
[0.321s] Level 1:colcon.colcon_core.package_identification:_identify(meshes/head) by extensions ['cmake', 'python']
[0.321s] Level 1:colcon.colcon_core.package_identification:_identify(meshes/head) by extension 'cmake'
[0.321s] Level 1:colcon.colcon_core.package_identification:_identify(meshes/head) by extension 'python'
[0.321s] Level 1:colcon.colcon_core.package_identification:_identify(meshes/head) by extensions ['python_setup_py']
[0.321s] Level 1:colcon.colcon_core.package_identification:_identify(meshes/head) by extension 'python_setup_py'
[0.321s] Level 1:colcon.colcon_core.package_identification:_identify(meshes/lower_elbow) by extensions ['ignore', 'ignore_ament_install']
[0.321s] Level 1:colcon.colcon_core.package_identification:_identify(meshes/lower_elbow) by extension 'ignore'
[0.321s] Level 1:colcon.colcon_core.package_identification:_identify(meshes/lower_elbow) by extension 'ignore_ament_install'
[0.321s] Level 1:colcon.colcon_core.package_identification:_identify(meshes/lower_elbow) by extensions ['colcon_pkg']
[0.321s] Level 1:colcon.colcon_core.package_identification:_identify(meshes/lower_elbow) by extension 'colcon_pkg'
[0.321s] Level 1:colcon.colcon_core.package_identification:_identify(meshes/lower_elbow) by extensions ['colcon_meta']
[0.321s] Level 1:colcon.colcon_core.package_identification:_identify(meshes/lower_elbow) by extension 'colcon_meta'
[0.322s] Level 1:colcon.colcon_core.package_identification:_identify(meshes/lower_elbow) by extensions ['ros']
[0.322s] Level 1:colcon.colcon_core.package_identification:_identify(meshes/lower_elbow) by extension 'ros'
[0.322s] Level 1:colcon.colcon_core.package_identification:_identify(meshes/lower_elbow) by extensions ['cmake', 'python']
[0.322s] Level 1:colcon.colcon_core.package_identification:_identify(meshes/lower_elbow) by extension 'cmake'
[0.322s] Level 1:colcon.colcon_core.package_identification:_identify(meshes/lower_elbow) by extension 'python'
[0.322s] Level 1:colcon.colcon_core.package_identification:_identify(meshes/lower_elbow) by extensions ['python_setup_py']
[0.322s] Level 1:colcon.colcon_core.package_identification:_identify(meshes/lower_elbow) by extension 'python_setup_py'
[0.322s] Level 1:colcon.colcon_core.package_identification:_identify(meshes/lower_forearm) by extensions ['ignore', 'ignore_ament_install']
[0.322s] Level 1:colcon.colcon_core.package_identification:_identify(meshes/lower_forearm) by extension 'ignore'
[0.322s] Level 1:colcon.colcon_core.package_identification:_identify(meshes/lower_forearm) by extension 'ignore_ament_install'
[0.322s] Level 1:colcon.colcon_core.package_identification:_identify(meshes/lower_forearm) by extensions ['colcon_pkg']
[0.322s] Level 1:colcon.colcon_core.package_identification:_identify(meshes/lower_forearm) by extension 'colcon_pkg'
[0.322s] Level 1:colcon.colcon_core.package_identification:_identify(meshes/lower_forearm) by extensions ['colcon_meta']
[0.322s] Level 1:colcon.colcon_core.package_identification:_identify(meshes/lower_forearm) by extension 'colcon_meta'
[0.322s] Level 1:colcon.colcon_core.package_identification:_identify(meshes/lower_forearm) by extensions ['ros']
[0.322s] Level 1:colcon.colcon_core.package_identification:_identify(meshes/lower_forearm) by extension 'ros'
[0.322s] Level 1:colcon.colcon_core.package_identification:_identify(meshes/lower_forearm) by extensions ['cmake', 'python']
[0.322s] Level 1:colcon.colcon_core.package_identification:_identify(meshes/lower_forearm) by extension 'cmake'
[0.322s] Level 1:colcon.colcon_core.package_identification:_identify(meshes/lower_forearm) by extension 'python'
[0.322s] Level 1:colcon.colcon_core.package_identification:_identify(meshes/lower_forearm) by extensions ['python_setup_py']
[0.322s] Level 1:colcon.colcon_core.package_identification:_identify(meshes/lower_forearm) by extension 'python_setup_py'
[0.322s] Level 1:colcon.colcon_core.package_identification:_identify(meshes/lower_shoulder) by extensions ['ignore', 'ignore_ament_install']
[0.322s] Level 1:colcon.colcon_core.package_identification:_identify(meshes/lower_shoulder) by extension 'ignore'
[0.322s] Level 1:colcon.colcon_core.package_identification:_identify(meshes/lower_shoulder) by extension 'ignore_ament_install'
[0.322s] Level 1:colcon.colcon_core.package_identification:_identify(meshes/lower_shoulder) by extensions ['colcon_pkg']
[0.322s] Level 1:colcon.colcon_core.package_identification:_identify(meshes/lower_shoulder) by extension 'colcon_pkg'
[0.323s] Level 1:colcon.colcon_core.package_identification:_identify(meshes/lower_shoulder) by extensions ['colcon_meta']
[0.323s] Level 1:colcon.colcon_core.package_identification:_identify(meshes/lower_shoulder) by extension 'colcon_meta'
[0.323s] Level 1:colcon.colcon_core.package_identification:_identify(meshes/lower_shoulder) by extensions ['ros']
[0.323s] Level 1:colcon.colcon_core.package_identification:_identify(meshes/lower_shoulder) by extension 'ros'
[0.323s] Level 1:colcon.colcon_core.package_identification:_identify(meshes/lower_shoulder) by extensions ['cmake', 'python']
[0.323s] Level 1:colcon.colcon_core.package_identification:_identify(meshes/lower_shoulder) by extension 'cmake'
[0.323s] Level 1:colcon.colcon_core.package_identification:_identify(meshes/lower_shoulder) by extension 'python'
[0.323s] Level 1:colcon.colcon_core.package_identification:_identify(meshes/lower_shoulder) by extensions ['python_setup_py']
[0.323s] Level 1:colcon.colcon_core.package_identification:_identify(meshes/lower_shoulder) by extension 'python_setup_py'
[0.323s] Level 1:colcon.colcon_core.package_identification:_identify(meshes/torso) by extensions ['ignore', 'ignore_ament_install']
[0.323s] Level 1:colcon.colcon_core.package_identification:_identify(meshes/torso) by extension 'ignore'
[0.323s] Level 1:colcon.colcon_core.package_identification:_identify(meshes/torso) by extension 'ignore_ament_install'
[0.323s] Level 1:colcon.colcon_core.package_identification:_identify(meshes/torso) by extensions ['colcon_pkg']
[0.323s] Level 1:colcon.colcon_core.package_identification:_identify(meshes/torso) by extension 'colcon_pkg'
[0.323s] Level 1:colcon.colcon_core.package_identification:_identify(meshes/torso) by extensions ['colcon_meta']
[0.323s] Level 1:colcon.colcon_core.package_identification:_identify(meshes/torso) by extension 'colcon_meta'
[0.323s] Level 1:colcon.colcon_core.package_identification:_identify(meshes/torso) by extensions ['ros']
[0.323s] Level 1:colcon.colcon_core.package_identification:_identify(meshes/torso) by extension 'ros'
[0.323s] Level 1:colcon.colcon_core.package_identification:_identify(meshes/torso) by extensions ['cmake', 'python']
[0.323s] Level 1:colcon.colcon_core.package_identification:_identify(meshes/torso) by extension 'cmake'
[0.323s] Level 1:colcon.colcon_core.package_identification:_identify(meshes/torso) by extension 'python'
[0.323s] Level 1:colcon.colcon_core.package_identification:_identify(meshes/torso) by extensions ['python_setup_py']
[0.323s] Level 1:colcon.colcon_core.package_identification:_identify(meshes/torso) by extension 'python_setup_py'
[0.323s] Level 1:colcon.colcon_core.package_identification:_identify(meshes/upper_elbow) by extensions ['ignore', 'ignore_ament_install']
[0.323s] Level 1:colcon.colcon_core.package_identification:_identify(meshes/upper_elbow) by extension 'ignore'
[0.323s] Level 1:colcon.colcon_core.package_identification:_identify(meshes/upper_elbow) by extension 'ignore_ament_install'
[0.324s] Level 1:colcon.colcon_core.package_identification:_identify(meshes/upper_elbow) by extensions ['colcon_pkg']
[0.324s] Level 1:colcon.colcon_core.package_identification:_identify(meshes/upper_elbow) by extension 'colcon_pkg'
[0.324s] Level 1:colcon.colcon_core.package_identification:_identify(meshes/upper_elbow) by extensions ['colcon_meta']
[0.324s] Level 1:colcon.colcon_core.package_identification:_identify(meshes/upper_elbow) by extension 'colcon_meta'
[0.324s] Level 1:colcon.colcon_core.package_identification:_identify(meshes/upper_elbow) by extensions ['ros']
[0.324s] Level 1:colcon.colcon_core.package_identification:_identify(meshes/upper_elbow) by extension 'ros'
[0.324s] Level 1:colcon.colcon_core.package_identification:_identify(meshes/upper_elbow) by extensions ['cmake', 'python']
[0.324s] Level 1:colcon.colcon_core.package_identification:_identify(meshes/upper_elbow) by extension 'cmake'
[0.324s] Level 1:colcon.colcon_core.package_identification:_identify(meshes/upper_elbow) by extension 'python'
[0.324s] Level 1:colcon.colcon_core.package_identification:_identify(meshes/upper_elbow) by extensions ['python_setup_py']
[0.324s] Level 1:colcon.colcon_core.package_identification:_identify(meshes/upper_elbow) by extension 'python_setup_py'
[0.324s] Level 1:colcon.colcon_core.package_identification:_identify(meshes/upper_forearm) by extensions ['ignore', 'ignore_ament_install']
[0.324s] Level 1:colcon.colcon_core.package_identification:_identify(meshes/upper_forearm) by extension 'ignore'
[0.324s] Level 1:colcon.colcon_core.package_identification:_identify(meshes/upper_forearm) by extension 'ignore_ament_install'
[0.324s] Level 1:colcon.colcon_core.package_identification:_identify(meshes/upper_forearm) by extensions ['colcon_pkg']
[0.324s] Level 1:colcon.colcon_core.package_identification:_identify(meshes/upper_forearm) by extension 'colcon_pkg'
[0.324s] Level 1:colcon.colcon_core.package_identification:_identify(meshes/upper_forearm) by extensions ['colcon_meta']
[0.324s] Level 1:colcon.colcon_core.package_identification:_identify(meshes/upper_forearm) by extension 'colcon_meta'
[0.324s] Level 1:colcon.colcon_core.package_identification:_identify(meshes/upper_forearm) by extensions ['ros']
[0.324s] Level 1:colcon.colcon_core.package_identification:_identify(meshes/upper_forearm) by extension 'ros'
[0.324s] Level 1:colcon.colcon_core.package_identification:_identify(meshes/upper_forearm) by extensions ['cmake', 'python']
[0.324s] Level 1:colcon.colcon_core.package_identification:_identify(meshes/upper_forearm) by extension 'cmake'
[0.324s] Level 1:colcon.colcon_core.package_identification:_identify(meshes/upper_forearm) by extension 'python'
[0.324s] Level 1:colcon.colcon_core.package_identification:_identify(meshes/upper_forearm) by extensions ['python_setup_py']
[0.324s] Level 1:colcon.colcon_core.package_identification:_identify(meshes/upper_forearm) by extension 'python_setup_py'
[0.324s] Level 1:colcon.colcon_core.package_identification:_identify(meshes/upper_shoulder) by extensions ['ignore', 'ignore_ament_install']
[0.325s] Level 1:colcon.colcon_core.package_identification:_identify(meshes/upper_shoulder) by extension 'ignore'
[0.325s] Level 1:colcon.colcon_core.package_identification:_identify(meshes/upper_shoulder) by extension 'ignore_ament_install'
[0.325s] Level 1:colcon.colcon_core.package_identification:_identify(meshes/upper_shoulder) by extensions ['colcon_pkg']
[0.325s] Level 1:colcon.colcon_core.package_identification:_identify(meshes/upper_shoulder) by extension 'colcon_pkg'
[0.325s] Level 1:colcon.colcon_core.package_identification:_identify(meshes/upper_shoulder) by extensions ['colcon_meta']
[0.325s] Level 1:colcon.colcon_core.package_identification:_identify(meshes/upper_shoulder) by extension 'colcon_meta'
[0.325s] Level 1:colcon.colcon_core.package_identification:_identify(meshes/upper_shoulder) by extensions ['ros']
[0.325s] Level 1:colcon.colcon_core.package_identification:_identify(meshes/upper_shoulder) by extension 'ros'
[0.325s] Level 1:colcon.colcon_core.package_identification:_identify(meshes/upper_shoulder) by extensions ['cmake', 'python']
[0.325s] Level 1:colcon.colcon_core.package_identification:_identify(meshes/upper_shoulder) by extension 'cmake'
[0.325s] Level 1:colcon.colcon_core.package_identification:_identify(meshes/upper_shoulder) by extension 'python'
[0.325s] Level 1:colcon.colcon_core.package_identification:_identify(meshes/upper_shoulder) by extensions ['python_setup_py']
[0.325s] Level 1:colcon.colcon_core.package_identification:_identify(meshes/upper_shoulder) by extension 'python_setup_py'
[0.325s] Level 1:colcon.colcon_core.package_identification:_identify(meshes/wrist) by extensions ['ignore', 'ignore_ament_install']
[0.325s] Level 1:colcon.colcon_core.package_identification:_identify(meshes/wrist) by extension 'ignore'
[0.325s] Level 1:colcon.colcon_core.package_identification:_identify(meshes/wrist) by extension 'ignore_ament_install'
[0.325s] Level 1:colcon.colcon_core.package_identification:_identify(meshes/wrist) by extensions ['colcon_pkg']
[0.325s] Level 1:colcon.colcon_core.package_identification:_identify(meshes/wrist) by extension 'colcon_pkg'
[0.325s] Level 1:colcon.colcon_core.package_identification:_identify(meshes/wrist) by extensions ['colcon_meta']
[0.325s] Level 1:colcon.colcon_core.package_identification:_identify(meshes/wrist) by extension 'colcon_meta'
[0.325s] Level 1:colcon.colcon_core.package_identification:_identify(meshes/wrist) by extensions ['ros']
[0.325s] Level 1:colcon.colcon_core.package_identification:_identify(meshes/wrist) by extension 'ros'
[0.325s] Level 1:colcon.colcon_core.package_identification:_identify(meshes/wrist) by extensions ['cmake', 'python']
[0.325s] Level 1:colcon.colcon_core.package_identification:_identify(meshes/wrist) by extension 'cmake'
[0.325s] Level 1:colcon.colcon_core.package_identification:_identify(meshes/wrist) by extension 'python'
[0.325s] Level 1:colcon.colcon_core.package_identification:_identify(meshes/wrist) by extensions ['python_setup_py']
[0.325s] Level 1:colcon.colcon_core.package_identification:_identify(meshes/wrist) by extension 'python_setup_py'
[0.326s] Level 1:colcon.colcon_core.package_identification:_identify(src) by extensions ['ignore', 'ignore_ament_install']
[0.326s] Level 1:colcon.colcon_core.package_identification:_identify(src) by extension 'ignore'
[0.326s] Level 1:colcon.colcon_core.package_identification:_identify(src) by extension 'ignore_ament_install'
[0.326s] Level 1:colcon.colcon_core.package_identification:_identify(src) by extensions ['colcon_pkg']
[0.326s] Level 1:colcon.colcon_core.package_identification:_identify(src) by extension 'colcon_pkg'
[0.326s] Level 1:colcon.colcon_core.package_identification:_identify(src) by extensions ['colcon_meta']
[0.326s] Level 1:colcon.colcon_core.package_identification:_identify(src) by extension 'colcon_meta'
[0.326s] Level 1:colcon.colcon_core.package_identification:_identify(src) by extensions ['ros']
[0.326s] Level 1:colcon.colcon_core.package_identification:_identify(src) by extension 'ros'
[0.326s] Level 1:colcon.colcon_core.package_identification:_identify(src) by extensions ['cmake', 'python']
[0.326s] Level 1:colcon.colcon_core.package_identification:_identify(src) by extension 'cmake'
[0.326s] Level 1:colcon.colcon_core.package_identification:_identify(src) by extension 'python'
[0.326s] Level 1:colcon.colcon_core.package_identification:_identify(src) by extensions ['python_setup_py']
[0.326s] Level 1:colcon.colcon_core.package_identification:_identify(src) by extension 'python_setup_py'
[0.326s] Level 1:colcon.colcon_core.package_identification:_identify(src/baxter_bridge) by extensions ['ignore', 'ignore_ament_install']
[0.326s] Level 1:colcon.colcon_core.package_identification:_identify(src/baxter_bridge) by extension 'ignore'
[0.326s] Level 1:colcon.colcon_core.package_identification:_identify(src/baxter_bridge) by extension 'ignore_ament_install'
[0.326s] Level 1:colcon.colcon_core.package_identification:_identify(src/baxter_bridge) by extensions ['colcon_pkg']
[0.326s] Level 1:colcon.colcon_core.package_identification:_identify(src/baxter_bridge) by extension 'colcon_pkg'
[0.326s] Level 1:colcon.colcon_core.package_identification:_identify(src/baxter_bridge) by extensions ['colcon_meta']
[0.326s] Level 1:colcon.colcon_core.package_identification:_identify(src/baxter_bridge) by extension 'colcon_meta'
[0.326s] Level 1:colcon.colcon_core.package_identification:_identify(src/baxter_bridge) by extensions ['ros']
[0.326s] Level 1:colcon.colcon_core.package_identification:_identify(src/baxter_bridge) by extension 'ros'
[0.329s] DEBUG:colcon.colcon_core.package_identification:Package 'src/baxter_bridge' with type 'ros.ament_cmake' and name 'baxter_bridge'
[0.329s] Level 1:colcon.colcon_core.package_identification:_identify(src/baxter_core_msgs) by extensions ['ignore', 'ignore_ament_install']
[0.329s] Level 1:colcon.colcon_core.package_identification:_identify(src/baxter_core_msgs) by extension 'ignore'
[0.329s] Level 1:colcon.colcon_core.package_identification:_identify(src/baxter_core_msgs) by extension 'ignore_ament_install'
[0.329s] Level 1:colcon.colcon_core.package_identification:_identify(src/baxter_core_msgs) by extensions ['colcon_pkg']
[0.329s] Level 1:colcon.colcon_core.package_identification:_identify(src/baxter_core_msgs) by extension 'colcon_pkg'
[0.329s] Level 1:colcon.colcon_core.package_identification:_identify(src/baxter_core_msgs) by extensions ['colcon_meta']
[0.329s] Level 1:colcon.colcon_core.package_identification:_identify(src/baxter_core_msgs) by extension 'colcon_meta'
[0.329s] Level 1:colcon.colcon_core.package_identification:_identify(src/baxter_core_msgs) by extensions ['ros']
[0.329s] Level 1:colcon.colcon_core.package_identification:_identify(src/baxter_core_msgs) by extension 'ros'
[0.330s] DEBUG:colcon.colcon_core.package_identification:Package 'src/baxter_core_msgs' with type 'ros.ament_cmake' and name 'baxter_core_msgs'
[0.330s] Level 1:colcon.colcon_core.package_identification:_identify(src/baxter_description) by extensions ['ignore', 'ignore_ament_install']
[0.330s] Level 1:colcon.colcon_core.package_identification:_identify(src/baxter_description) by extension 'ignore'
[0.330s] Level 1:colcon.colcon_core.package_identification:_identify(src/baxter_description) by extension 'ignore_ament_install'
[0.330s] Level 1:colcon.colcon_core.package_identification:_identify(src/baxter_description) by extensions ['colcon_pkg']
[0.330s] Level 1:colcon.colcon_core.package_identification:_identify(src/baxter_description) by extension 'colcon_pkg'
[0.330s] Level 1:colcon.colcon_core.package_identification:_identify(src/baxter_description) by extensions ['colcon_meta']
[0.330s] Level 1:colcon.colcon_core.package_identification:_identify(src/baxter_description) by extension 'colcon_meta'
[0.330s] Level 1:colcon.colcon_core.package_identification:_identify(src/baxter_description) by extensions ['ros']
[0.330s] Level 1:colcon.colcon_core.package_identification:_identify(src/baxter_description) by extension 'ros'
[0.330s] DEBUG:colcon.colcon_core.package_identification:Package 'src/baxter_description' with type 'ros.ament_cmake' and name 'baxter_description'
[0.331s] Level 1:colcon.colcon_core.package_identification:_identify(src/baxter_maintenance_msgs) by extensions ['ignore', 'ignore_ament_install']
[0.331s] Level 1:colcon.colcon_core.package_identification:_identify(src/baxter_maintenance_msgs) by extension 'ignore'
[0.331s] Level 1:colcon.colcon_core.package_identification:_identify(src/baxter_maintenance_msgs) by extension 'ignore_ament_install'
[0.331s] Level 1:colcon.colcon_core.package_identification:_identify(src/baxter_maintenance_msgs) by extensions ['colcon_pkg']
[0.331s] Level 1:colcon.colcon_core.package_identification:_identify(src/baxter_maintenance_msgs) by extension 'colcon_pkg'
[0.331s] Level 1:colcon.colcon_core.package_identification:_identify(src/baxter_maintenance_msgs) by extensions ['colcon_meta']
[0.331s] Level 1:colcon.colcon_core.package_identification:_identify(src/baxter_maintenance_msgs) by extension 'colcon_meta'
[0.331s] Level 1:colcon.colcon_core.package_identification:_identify(src/baxter_maintenance_msgs) by extensions ['ros']
[0.331s] Level 1:colcon.colcon_core.package_identification:_identify(src/baxter_maintenance_msgs) by extension 'ros'
[0.331s] DEBUG:colcon.colcon_core.package_identification:Package 'src/baxter_maintenance_msgs' with type 'ros.ament_cmake' and name 'baxter_maintenance_msgs'
[0.331s] Level 1:colcon.colcon_core.package_identification:_identify(src/baxter_moveit_config) by extensions ['ignore', 'ignore_ament_install']
[0.331s] Level 1:colcon.colcon_core.package_identification:_identify(src/baxter_moveit_config) by extension 'ignore'
[0.331s] Level 1:colcon.colcon_core.package_identification:_identify(src/baxter_moveit_config) by extension 'ignore_ament_install'
[0.332s] Level 1:colcon.colcon_core.package_identification:_identify(src/baxter_moveit_config) by extensions ['colcon_pkg']
[0.332s] Level 1:colcon.colcon_core.package_identification:_identify(src/baxter_moveit_config) by extension 'colcon_pkg'
[0.332s] Level 1:colcon.colcon_core.package_identification:_identify(src/baxter_moveit_config) by extensions ['colcon_meta']
[0.332s] Level 1:colcon.colcon_core.package_identification:_identify(src/baxter_moveit_config) by extension 'colcon_meta'
[0.332s] Level 1:colcon.colcon_core.package_identification:_identify(src/baxter_moveit_config) by extensions ['ros']
[0.332s] Level 1:colcon.colcon_core.package_identification:_identify(src/baxter_moveit_config) by extension 'ros'
[0.332s] DEBUG:colcon.colcon_core.package_identification:Package 'src/baxter_moveit_config' with type 'ros.ament_cmake' and name 'baxter_moveit_config'
[0.332s] Level 1:colcon.colcon_core.package_identification:_identify(src/my_custom_msgs) by extensions ['ignore', 'ignore_ament_install']
[0.332s] Level 1:colcon.colcon_core.package_identification:_identify(src/my_custom_msgs) by extension 'ignore'
[0.332s] Level 1:colcon.colcon_core.package_identification:_identify(src/my_custom_msgs) by extension 'ignore_ament_install'
[0.332s] Level 1:colcon.colcon_core.package_identification:_identify(src/my_custom_msgs) by extensions ['colcon_pkg']
[0.332s] Level 1:colcon.colcon_core.package_identification:_identify(src/my_custom_msgs) by extension 'colcon_pkg'
[0.332s] Level 1:colcon.colcon_core.package_identification:_identify(src/my_custom_msgs) by extensions ['colcon_meta']
[0.332s] Level 1:colcon.colcon_core.package_identification:_identify(src/my_custom_msgs) by extension 'colcon_meta'
[0.332s] Level 1:colcon.colcon_core.package_identification:_identify(src/my_custom_msgs) by extensions ['ros']
[0.332s] Level 1:colcon.colcon_core.package_identification:_identify(src/my_custom_msgs) by extension 'ros'
[0.333s] Level 1:colcon.colcon_core.package_identification:_identify(src/my_custom_msgs) by extensions ['cmake', 'python']
[0.333s] Level 1:colcon.colcon_core.package_identification:_identify(src/my_custom_msgs) by extension 'cmake'
[0.333s] Level 1:colcon.colcon_core.package_identification:_identify(src/my_custom_msgs) by extension 'python'
[0.333s] Level 1:colcon.colcon_core.package_identification:_identify(src/my_custom_msgs) by extensions ['python_setup_py']
[0.333s] Level 1:colcon.colcon_core.package_identification:_identify(src/my_custom_msgs) by extension 'python_setup_py'
[0.333s] Level 1:colcon.colcon_core.package_identification:_identify(src/my_custom_msgs/msg) by extensions ['ignore', 'ignore_ament_install']
[0.333s] Level 1:colcon.colcon_core.package_identification:_identify(src/my_custom_msgs/msg) by extension 'ignore'
[0.333s] Level 1:colcon.colcon_core.package_identification:_identify(src/my_custom_msgs/msg) by extension 'ignore_ament_install'
[0.333s] Level 1:colcon.colcon_core.package_identification:_identify(src/my_custom_msgs/msg) by extensions ['colcon_pkg']
[0.333s] Level 1:colcon.colcon_core.package_identification:_identify(src/my_custom_msgs/msg) by extension 'colcon_pkg'
[0.333s] Level 1:colcon.colcon_core.package_identification:_identify(src/my_custom_msgs/msg) by extensions ['colcon_meta']
[0.333s] Level 1:colcon.colcon_core.package_identification:_identify(src/my_custom_msgs/msg) by extension 'colcon_meta'
[0.333s] Level 1:colcon.colcon_core.package_identification:_identify(src/my_custom_msgs/msg) by extensions ['ros']
[0.333s] Level 1:colcon.colcon_core.package_identification:_identify(src/my_custom_msgs/msg) by extension 'ros'
[0.333s] Level 1:colcon.colcon_core.package_identification:_identify(src/my_custom_msgs/msg) by extensions ['cmake', 'python']
[0.333s] Level 1:colcon.colcon_core.package_identification:_identify(src/my_custom_msgs/msg) by extension 'cmake'
[0.333s] Level 1:colcon.colcon_core.package_identification:_identify(src/my_custom_msgs/msg) by extension 'python'
[0.333s] Level 1:colcon.colcon_core.package_identification:_identify(src/my_custom_msgs/msg) by extensions ['python_setup_py']
[0.333s] Level 1:colcon.colcon_core.package_identification:_identify(src/my_custom_msgs/msg) by extension 'python_setup_py'
[0.333s] Level 1:colcon.colcon_core.package_identification:_identify(src/my_ros2_test_package) by extensions ['ignore', 'ignore_ament_install']
[0.333s] Level 1:colcon.colcon_core.package_identification:_identify(src/my_ros2_test_package) by extension 'ignore'
[0.333s] Level 1:colcon.colcon_core.package_identification:_identify(src/my_ros2_test_package) by extension 'ignore_ament_install'
[0.333s] Level 1:colcon.colcon_core.package_identification:_identify(src/my_ros2_test_package) by extensions ['colcon_pkg']
[0.333s] Level 1:colcon.colcon_core.package_identification:_identify(src/my_ros2_test_package) by extension 'colcon_pkg'
[0.333s] Level 1:colcon.colcon_core.package_identification:_identify(src/my_ros2_test_package) by extensions ['colcon_meta']
[0.334s] Level 1:colcon.colcon_core.package_identification:_identify(src/my_ros2_test_package) by extension 'colcon_meta'
[0.334s] Level 1:colcon.colcon_core.package_identification:_identify(src/my_ros2_test_package) by extensions ['ros']
[0.334s] Level 1:colcon.colcon_core.package_identification:_identify(src/my_ros2_test_package) by extension 'ros'
[0.334s] DEBUG:colcon.colcon_core.package_identification:Package 'src/my_ros2_test_package' with type 'ros.ament_python' and name 'my_ros2_test_package'
[0.334s] Level 1:colcon.colcon_core.package_identification:_identify(src/rethink_ee_description) by extensions ['ignore', 'ignore_ament_install']
[0.334s] Level 1:colcon.colcon_core.package_identification:_identify(src/rethink_ee_description) by extension 'ignore'
[0.334s] Level 1:colcon.colcon_core.package_identification:_identify(src/rethink_ee_description) by extension 'ignore_ament_install'
[0.334s] Level 1:colcon.colcon_core.package_identification:_identify(src/rethink_ee_description) by extensions ['colcon_pkg']
[0.334s] Level 1:colcon.colcon_core.package_identification:_identify(src/rethink_ee_description) by extension 'colcon_pkg'
[0.334s] Level 1:colcon.colcon_core.package_identification:_identify(src/rethink_ee_description) by extensions ['colcon_meta']
[0.334s] Level 1:colcon.colcon_core.package_identification:_identify(src/rethink_ee_description) by extension 'colcon_meta'
[0.334s] Level 1:colcon.colcon_core.package_identification:_identify(src/rethink_ee_description) by extensions ['ros']
[0.334s] Level 1:colcon.colcon_core.package_identification:_identify(src/rethink_ee_description) by extension 'ros'
[0.335s] DEBUG:colcon.colcon_core.package_identification:Package 'src/rethink_ee_description' with type 'ros.ament_cmake' and name 'rethink_ee_description'
[0.335s] Level 1:colcon.colcon_core.package_identification:_identify(urdf) by extensions ['ignore', 'ignore_ament_install']
[0.335s] Level 1:colcon.colcon_core.package_identification:_identify(urdf) by extension 'ignore'
[0.335s] Level 1:colcon.colcon_core.package_identification:_identify(urdf) by extension 'ignore_ament_install'
[0.335s] Level 1:colcon.colcon_core.package_identification:_identify(urdf) by extensions ['colcon_pkg']
[0.335s] Level 1:colcon.colcon_core.package_identification:_identify(urdf) by extension 'colcon_pkg'
[0.335s] Level 1:colcon.colcon_core.package_identification:_identify(urdf) by extensions ['colcon_meta']
[0.335s] Level 1:colcon.colcon_core.package_identification:_identify(urdf) by extension 'colcon_meta'
[0.335s] Level 1:colcon.colcon_core.package_identification:_identify(urdf) by extensions ['ros']
[0.335s] Level 1:colcon.colcon_core.package_identification:_identify(urdf) by extension 'ros'
[0.335s] Level 1:colcon.colcon_core.package_identification:_identify(urdf) by extensions ['cmake', 'python']
[0.335s] Level 1:colcon.colcon_core.package_identification:_identify(urdf) by extension 'cmake'
[0.335s] Level 1:colcon.colcon_core.package_identification:_identify(urdf) by extension 'python'
[0.335s] Level 1:colcon.colcon_core.package_identification:_identify(urdf) by extensions ['python_setup_py']
[0.335s] Level 1:colcon.colcon_core.package_identification:_identify(urdf) by extension 'python_setup_py'
[0.335s] Level 1:colcon.colcon_core.package_identification:_identify(urdf/baxter_base) by extensions ['ignore', 'ignore_ament_install']
[0.336s] Level 1:colcon.colcon_core.package_identification:_identify(urdf/baxter_base) by extension 'ignore'
[0.336s] Level 1:colcon.colcon_core.package_identification:_identify(urdf/baxter_base) by extension 'ignore_ament_install'
[0.336s] Level 1:colcon.colcon_core.package_identification:_identify(urdf/baxter_base) by extensions ['colcon_pkg']
[0.336s] Level 1:colcon.colcon_core.package_identification:_identify(urdf/baxter_base) by extension 'colcon_pkg'
[0.336s] Level 1:colcon.colcon_core.package_identification:_identify(urdf/baxter_base) by extensions ['colcon_meta']
[0.336s] Level 1:colcon.colcon_core.package_identification:_identify(urdf/baxter_base) by extension 'colcon_meta'
[0.336s] Level 1:colcon.colcon_core.package_identification:_identify(urdf/baxter_base) by extensions ['ros']
[0.336s] Level 1:colcon.colcon_core.package_identification:_identify(urdf/baxter_base) by extension 'ros'
[0.336s] Level 1:colcon.colcon_core.package_identification:_identify(urdf/baxter_base) by extensions ['cmake', 'python']
[0.336s] Level 1:colcon.colcon_core.package_identification:_identify(urdf/baxter_base) by extension 'cmake'
[0.336s] Level 1:colcon.colcon_core.package_identification:_identify(urdf/baxter_base) by extension 'python'
[0.336s] Level 1:colcon.colcon_core.package_identification:_identify(urdf/baxter_base) by extensions ['python_setup_py']
[0.336s] Level 1:colcon.colcon_core.package_identification:_identify(urdf/baxter_base) by extension 'python_setup_py'
[0.336s] Level 1:colcon.colcon_core.package_identification:_identify(urdf/pedestal) by extensions ['ignore', 'ignore_ament_install']
[0.336s] Level 1:colcon.colcon_core.package_identification:_identify(urdf/pedestal) by extension 'ignore'
[0.336s] Level 1:colcon.colcon_core.package_identification:_identify(urdf/pedestal) by extension 'ignore_ament_install'
[0.336s] Level 1:colcon.colcon_core.package_identification:_identify(urdf/pedestal) by extensions ['colcon_pkg']
[0.336s] Level 1:colcon.colcon_core.package_identification:_identify(urdf/pedestal) by extension 'colcon_pkg'
[0.336s] Level 1:colcon.colcon_core.package_identification:_identify(urdf/pedestal) by extensions ['colcon_meta']
[0.336s] Level 1:colcon.colcon_core.package_identification:_identify(urdf/pedestal) by extension 'colcon_meta'
[0.336s] Level 1:colcon.colcon_core.package_identification:_identify(urdf/pedestal) by extensions ['ros']
[0.336s] Level 1:colcon.colcon_core.package_identification:_identify(urdf/pedestal) by extension 'ros'
[0.336s] Level 1:colcon.colcon_core.package_identification:_identify(urdf/pedestal) by extensions ['cmake', 'python']
[0.336s] Level 1:colcon.colcon_core.package_identification:_identify(urdf/pedestal) by extension 'cmake'
[0.336s] Level 1:colcon.colcon_core.package_identification:_identify(urdf/pedestal) by extension 'python'
[0.337s] Level 1:colcon.colcon_core.package_identification:_identify(urdf/pedestal) by extensions ['python_setup_py']
[0.337s] Level 1:colcon.colcon_core.package_identification:_identify(urdf/pedestal) by extension 'python_setup_py'
[0.337s] Level 1:colcon.colcon_core.package_discovery:discover_packages(recursive) using defaults
[0.337s] Level 1:colcon.colcon_core.package_discovery:discover_packages(ignore) discover
[0.337s] Level 1:colcon.colcon_core.package_discovery:discover_packages(ignore) using defaults
[0.337s] Level 1:colcon.colcon_core.package_discovery:discover_packages(path) discover
[0.337s] Level 1:colcon.colcon_core.package_discovery:discover_packages(path) using defaults
[0.359s] INFO:colcon.colcon_core.package_selection:Skipping not selected package 'my_ros2_test_package' in 'src/my_ros2_test_package'
[0.359s] INFO:colcon.colcon_core.package_selection:Skipping not selected package 'rethink_ee_description' in 'src/rethink_ee_description'
[0.359s] Level 5:colcon.colcon_core.verb:set package 'baxter_core_msgs' build argument 'cmake_args' from command line to 'None'
[0.359s] Level 5:colcon.colcon_core.verb:set package 'baxter_core_msgs' build argument 'cmake_target' from command line to 'None'
[0.359s] Level 5:colcon.colcon_core.verb:set package 'baxter_core_msgs' build argument 'cmake_target_skip_unavailable' from command line to 'False'
[0.359s] Level 5:colcon.colcon_core.verb:set package 'baxter_core_msgs' build argument 'cmake_clean_cache' from command line to 'False'
[0.359s] Level 5:colcon.colcon_core.verb:set package 'baxter_core_msgs' build argument 'cmake_clean_first' from command line to 'False'
[0.359s] Level 5:colcon.colcon_core.verb:set package 'baxter_core_msgs' build argument 'cmake_force_configure' from command line to 'False'
[0.359s] Level 5:colcon.colcon_core.verb:set package 'baxter_core_msgs' build argument 'ament_cmake_args' from command line to 'None'
[0.359s] Level 5:colcon.colcon_core.verb:set package 'baxter_core_msgs' build argument 'catkin_cmake_args' from command line to 'None'
[0.359s] Level 5:colcon.colcon_core.verb:set package 'baxter_core_msgs' build argument 'catkin_skip_building_tests' from command line to 'False'
[0.359s] DEBUG:colcon.colcon_core.verb:Building package 'baxter_core_msgs' with the following arguments: {'ament_cmake_args': None, 'build_base': '/shared_ws/build/baxter_core_msgs', 'catkin_cmake_args': None, 'catkin_skip_building_tests': False, 'cmake_args': None, 'cmake_clean_cache': False, 'cmake_clean_first': False, 'cmake_force_configure': False, 'cmake_target': None, 'cmake_target_skip_unavailable': False, 'install_base': '/shared_ws/install/baxter_core_msgs', 'merge_install': False, 'path': '/shared_ws/src/baxter_core_msgs', 'symlink_install': False, 'test_result_base': None}
[0.359s] Level 5:colcon.colcon_core.verb:set package 'baxter_maintenance_msgs' build argument 'cmake_args' from command line to 'None'
[0.359s] Level 5:colcon.colcon_core.verb:set package 'baxter_maintenance_msgs' build argument 'cmake_target' from command line to 'None'
[0.360s] Level 5:colcon.colcon_core.verb:set package 'baxter_maintenance_msgs' build argument 'cmake_target_skip_unavailable' from command line to 'False'
[0.360s] Level 5:colcon.colcon_core.verb:set package 'baxter_maintenance_msgs' build argument 'cmake_clean_cache' from command line to 'False'
[0.360s] Level 5:colcon.colcon_core.verb:set package 'baxter_maintenance_msgs' build argument 'cmake_clean_first' from command line to 'False'
[0.360s] Level 5:colcon.colcon_core.verb:set package 'baxter_maintenance_msgs' build argument 'cmake_force_configure' from command line to 'False'
[0.360s] Level 5:colcon.colcon_core.verb:set package 'baxter_maintenance_msgs' build argument 'ament_cmake_args' from command line to 'None'
[0.360s] Level 5:colcon.colcon_core.verb:set package 'baxter_maintenance_msgs' build argument 'catkin_cmake_args' from command line to 'None'
[0.360s] Level 5:colcon.colcon_core.verb:set package 'baxter_maintenance_msgs' build argument 'catkin_skip_building_tests' from command line to 'False'
[0.360s] DEBUG:colcon.colcon_core.verb:Building package 'baxter_maintenance_msgs' with the following arguments: {'ament_cmake_args': None, 'build_base': '/shared_ws/build/baxter_maintenance_msgs', 'catkin_cmake_args': None, 'catkin_skip_building_tests': False, 'cmake_args': None, 'cmake_clean_cache': False, 'cmake_clean_first': False, 'cmake_force_configure': False, 'cmake_target': None, 'cmake_target_skip_unavailable': False, 'install_base': '/shared_ws/install/baxter_maintenance_msgs', 'merge_install': False, 'path': '/shared_ws/src/baxter_maintenance_msgs', 'symlink_install': False, 'test_result_base': None}
[0.360s] Level 5:colcon.colcon_core.verb:set package 'baxter_bridge' build argument 'cmake_args' from command line to 'None'
[0.360s] Level 5:colcon.colcon_core.verb:set package 'baxter_bridge' build argument 'cmake_target' from command line to 'None'
[0.360s] Level 5:colcon.colcon_core.verb:set package 'baxter_bridge' build argument 'cmake_target_skip_unavailable' from command line to 'False'
[0.360s] Level 5:colcon.colcon_core.verb:set package 'baxter_bridge' build argument 'cmake_clean_cache' from command line to 'False'
[0.360s] Level 5:colcon.colcon_core.verb:set package 'baxter_bridge' build argument 'cmake_clean_first' from command line to 'False'
[0.360s] Level 5:colcon.colcon_core.verb:set package 'baxter_bridge' build argument 'cmake_force_configure' from command line to 'False'
[0.360s] Level 5:colcon.colcon_core.verb:set package 'baxter_bridge' build argument 'ament_cmake_args' from command line to 'None'
[0.360s] Level 5:colcon.colcon_core.verb:set package 'baxter_bridge' build argument 'catkin_cmake_args' from command line to 'None'
[0.360s] Level 5:colcon.colcon_core.verb:set package 'baxter_bridge' build argument 'catkin_skip_building_tests' from command line to 'False'
[0.360s] DEBUG:colcon.colcon_core.verb:Building package 'baxter_bridge' with the following arguments: {'ament_cmake_args': None, 'build_base': '/shared_ws/build/baxter_bridge', 'catkin_cmake_args': None, 'catkin_skip_building_tests': False, 'cmake_args': None, 'cmake_clean_cache': False, 'cmake_clean_first': False, 'cmake_force_configure': False, 'cmake_target': None, 'cmake_target_skip_unavailable': False, 'install_base': '/shared_ws/install/baxter_bridge', 'merge_install': False, 'path': '/shared_ws/src/baxter_bridge', 'symlink_install': False, 'test_result_base': None}
[0.360s] Level 5:colcon.colcon_core.verb:set package 'baxter_description' build argument 'cmake_args' from command line to 'None'
[0.360s] Level 5:colcon.colcon_core.verb:set package 'baxter_description' build argument 'cmake_target' from command line to 'None'
[0.360s] Level 5:colcon.colcon_core.verb:set package 'baxter_description' build argument 'cmake_target_skip_unavailable' from command line to 'False'
[0.360s] Level 5:colcon.colcon_core.verb:set package 'baxter_description' build argument 'cmake_clean_cache' from command line to 'False'
[0.360s] Level 5:colcon.colcon_core.verb:set package 'baxter_description' build argument 'cmake_clean_first' from command line to 'False'
[0.361s] Level 5:colcon.colcon_core.verb:set package 'baxter_description' build argument 'cmake_force_configure' from command line to 'False'
[0.361s] Level 5:colcon.colcon_core.verb:set package 'baxter_description' build argument 'ament_cmake_args' from command line to 'None'
[0.361s] Level 5:colcon.colcon_core.verb:set package 'baxter_description' build argument 'catkin_cmake_args' from command line to 'None'
[0.361s] Level 5:colcon.colcon_core.verb:set package 'baxter_description' build argument 'catkin_skip_building_tests' from command line to 'False'
[0.361s] DEBUG:colcon.colcon_core.verb:Building package 'baxter_description' with the following arguments: {'ament_cmake_args': None, 'build_base': '/shared_ws/build/baxter_description', 'catkin_cmake_args': None, 'catkin_skip_building_tests': False, 'cmake_args': None, 'cmake_clean_cache': False, 'cmake_clean_first': False, 'cmake_force_configure': False, 'cmake_target': None, 'cmake_target_skip_unavailable': False, 'install_base': '/shared_ws/install/baxter_description', 'merge_install': False, 'path': '/shared_ws/src/baxter_description', 'symlink_install': False, 'test_result_base': None}
[0.361s] Level 5:colcon.colcon_core.verb:set package 'baxter_moveit_config' build argument 'cmake_args' from command line to 'None'
[0.361s] Level 5:colcon.colcon_core.verb:set package 'baxter_moveit_config' build argument 'cmake_target' from command line to 'None'
[0.361s] Level 5:colcon.colcon_core.verb:set package 'baxter_moveit_config' build argument 'cmake_target_skip_unavailable' from command line to 'False'
[0.361s] Level 5:colcon.colcon_core.verb:set package 'baxter_moveit_config' build argument 'cmake_clean_cache' from command line to 'False'
[0.361s] Level 5:colcon.colcon_core.verb:set package 'baxter_moveit_config' build argument 'cmake_clean_first' from command line to 'False'
[0.361s] Level 5:colcon.colcon_core.verb:set package 'baxter_moveit_config' build argument 'cmake_force_configure' from command line to 'False'
[0.361s] Level 5:colcon.colcon_core.verb:set package 'baxter_moveit_config' build argument 'ament_cmake_args' from command line to 'None'
[0.361s] Level 5:colcon.colcon_core.verb:set package 'baxter_moveit_config' build argument 'catkin_cmake_args' from command line to 'None'
[0.361s] Level 5:colcon.colcon_core.verb:set package 'baxter_moveit_config' build argument 'catkin_skip_building_tests' from command line to 'False'
[0.361s] DEBUG:colcon.colcon_core.verb:Building package 'baxter_moveit_config' with the following arguments: {'ament_cmake_args': None, 'build_base': '/shared_ws/build/baxter_moveit_config', 'catkin_cmake_args': None, 'catkin_skip_building_tests': False, 'cmake_args': None, 'cmake_clean_cache': False, 'cmake_clean_first': False, 'cmake_force_configure': False, 'cmake_target': None, 'cmake_target_skip_unavailable': False, 'install_base': '/shared_ws/install/baxter_moveit_config', 'merge_install': False, 'path': '/shared_ws/src/baxter_moveit_config', 'symlink_install': False, 'test_result_base': None}
[0.361s] INFO:colcon.colcon_core.executor:Executing jobs using 'parallel' executor
[0.362s] DEBUG:colcon.colcon_parallel_executor.executor.parallel:run_until_complete
[0.362s] INFO:colcon.colcon_ros.task.ament_cmake.build:Building ROS package in '/shared_ws/src/baxter_core_msgs' with build type 'ament_cmake'
[0.362s] INFO:colcon.colcon_cmake.task.cmake.build:Building CMake package in '/shared_ws/src/baxter_core_msgs'
[0.365s] INFO:colcon.colcon_core.plugin_system:Skipping extension 'colcon_core.shell.bat': Not used on non-Windows systems
[0.365s] INFO:colcon.colcon_core.shell:Skip shell extension 'powershell' for command environment: Not usable outside of PowerShell
[0.365s] DEBUG:colcon.colcon_core.shell:Skip shell extension 'dsv' for command environment
[0.369s] INFO:colcon.colcon_ros.task.ament_cmake.build:Building ROS package in '/shared_ws/src/baxter_maintenance_msgs' with build type 'ament_cmake'
[0.369s] INFO:colcon.colcon_cmake.task.cmake.build:Building CMake package in '/shared_ws/src/baxter_maintenance_msgs'
[0.370s] INFO:colcon.colcon_core.shell:Skip shell extension 'powershell' for command environment: Not usable outside of PowerShell
[0.370s] DEBUG:colcon.colcon_core.shell:Skip shell extension 'dsv' for command environment
[0.372s] INFO:colcon.colcon_ros.task.ament_cmake.build:Building ROS package in '/shared_ws/src/baxter_description' with build type 'ament_cmake'
[0.372s] INFO:colcon.colcon_cmake.task.cmake.build:Building CMake package in '/shared_ws/src/baxter_description'
[0.372s] INFO:colcon.colcon_core.shell:Skip shell extension 'powershell' for command environment: Not usable outside of PowerShell
[0.372s] DEBUG:colcon.colcon_core.shell:Skip shell extension 'dsv' for command environment
[0.377s] DEBUG:colcon.colcon_core.event_handler.log_command:Invoking command in '/shared_ws/build/baxter_core_msgs': CMAKE_PREFIX_PATH=/opt/ros/humble /usr/bin/cmake --build /shared_ws/build/baxter_core_msgs -- -j16 -l16
[0.379s] DEBUG:colcon.colcon_core.event_handler.log_command:Invoking command in '/shared_ws/build/baxter_maintenance_msgs': CMAKE_PREFIX_PATH=/opt/ros/humble /usr/bin/cmake --build /shared_ws/build/baxter_maintenance_msgs -- -j16 -l16
[0.381s] DEBUG:colcon.colcon_core.event_handler.log_command:Invoking command in '/shared_ws/build/baxter_description': AMENT_PREFIX_PATH=/shared_ws/install/rethink_ee_description:${AMENT_PREFIX_PATH} CMAKE_PREFIX_PATH=/shared_ws/install/rethink_ee_description:/opt/ros/humble /usr/bin/cmake --build /shared_ws/build/baxter_description -- -j16 -l16
[0.651s] DEBUG:colcon.colcon_core.event_handler.log_command:Invoked command in '/shared_ws/build/baxter_description' returned '0': AMENT_PREFIX_PATH=/shared_ws/install/rethink_ee_description:${AMENT_PREFIX_PATH} CMAKE_PREFIX_PATH=/shared_ws/install/rethink_ee_description:/opt/ros/humble /usr/bin/cmake --build /shared_ws/build/baxter_description -- -j16 -l16
[0.658s] DEBUG:colcon.colcon_core.event_handler.log_command:Invoking command in '/shared_ws/build/baxter_description': AMENT_PREFIX_PATH=/shared_ws/install/rethink_ee_description:${AMENT_PREFIX_PATH} CMAKE_PREFIX_PATH=/shared_ws/install/rethink_ee_description:/opt/ros/humble /usr/bin/cmake --install /shared_ws/build/baxter_description
[0.692s] Level 1:colcon.colcon_core.environment:create_environment_scripts_only(baxter_description)
[0.693s] DEBUG:colcon.colcon_core.event_handler.log_command:Invoked command in '/shared_ws/build/baxter_description' returned '0': AMENT_PREFIX_PATH=/shared_ws/install/rethink_ee_description:${AMENT_PREFIX_PATH} CMAKE_PREFIX_PATH=/shared_ws/install/rethink_ee_description:/opt/ros/humble /usr/bin/cmake --install /shared_ws/build/baxter_description
[0.697s] Level 1:colcon.colcon_core.environment:checking '/shared_ws/install/baxter_description' for CMake module files
[0.697s] Level 1:colcon.colcon_core.environment:checking '/shared_ws/install/baxter_description' for CMake config files
[0.697s] Level 1:colcon.colcon_core.shell:create_environment_hook('baxter_description', 'cmake_prefix_path')
[0.698s] INFO:colcon.colcon_core.shell:Creating environment hook '/shared_ws/install/baxter_description/share/baxter_description/hook/cmake_prefix_path.ps1'
[0.698s] INFO:colcon.colcon_core.shell:Creating environment descriptor '/shared_ws/install/baxter_description/share/baxter_description/hook/cmake_prefix_path.dsv'
[0.699s] INFO:colcon.colcon_core.shell:Creating environment hook '/shared_ws/install/baxter_description/share/baxter_description/hook/cmake_prefix_path.sh'
[0.700s] Level 1:colcon.colcon_core.environment:checking '/shared_ws/install/baxter_description/bin'
[0.700s] Level 1:colcon.colcon_core.environment:checking '/shared_ws/install/baxter_description/lib/pkgconfig/baxter_description.pc'
[0.701s] Level 1:colcon.colcon_core.environment:checking '/shared_ws/install/baxter_description/lib/python3.10/site-packages'
[0.702s] Level 1:colcon.colcon_core.environment:checking '/shared_ws/install/baxter_description/bin'
[0.702s] INFO:colcon.colcon_core.shell:Creating package script '/shared_ws/install/baxter_description/share/baxter_description/package.ps1'
[0.703s] INFO:colcon.colcon_core.shell:Creating package descriptor '/shared_ws/install/baxter_description/share/baxter_description/package.dsv'
[0.703s] INFO:colcon.colcon_core.shell:Creating package script '/shared_ws/install/baxter_description/share/baxter_description/package.sh'
[0.704s] INFO:colcon.colcon_core.shell:Creating package script '/shared_ws/install/baxter_description/share/baxter_description/package.bash'
[0.705s] INFO:colcon.colcon_core.shell:Creating package script '/shared_ws/install/baxter_description/share/baxter_description/package.zsh'
[0.706s] Level 1:colcon.colcon_core.environment:create_file_with_runtime_dependencies(/shared_ws/install/baxter_description/share/colcon-core/packages/baxter_description)
[0.706s] Level 1:colcon.colcon_core.environment:create_environment_scripts_only(baxter_description)
[0.706s] Level 1:colcon.colcon_core.environment:checking '/shared_ws/install/baxter_description' for CMake module files
[0.707s] Level 1:colcon.colcon_core.environment:checking '/shared_ws/install/baxter_description' for CMake config files
[0.707s] Level 1:colcon.colcon_core.shell:create_environment_hook('baxter_description', 'cmake_prefix_path')
[0.707s] INFO:colcon.colcon_core.shell:Creating environment hook '/shared_ws/install/baxter_description/share/baxter_description/hook/cmake_prefix_path.ps1'
[0.708s] INFO:colcon.colcon_core.shell:Creating environment descriptor '/shared_ws/install/baxter_description/share/baxter_description/hook/cmake_prefix_path.dsv'
[0.708s] INFO:colcon.colcon_core.shell:Creating environment hook '/shared_ws/install/baxter_description/share/baxter_description/hook/cmake_prefix_path.sh'
[0.708s] Level 1:colcon.colcon_core.environment:checking '/shared_ws/install/baxter_description/bin'
[0.708s] Level 1:colcon.colcon_core.environment:checking '/shared_ws/install/baxter_description/lib/pkgconfig/baxter_description.pc'
[0.709s] Level 1:colcon.colcon_core.environment:checking '/shared_ws/install/baxter_description/lib/python3.10/site-packages'
[0.709s] Level 1:colcon.colcon_core.environment:checking '/shared_ws/install/baxter_description/bin'
[0.709s] INFO:colcon.colcon_core.shell:Creating package script '/shared_ws/install/baxter_description/share/baxter_description/package.ps1'
[0.710s] INFO:colcon.colcon_core.shell:Creating package descriptor '/shared_ws/install/baxter_description/share/baxter_description/package.dsv'
[0.710s] INFO:colcon.colcon_core.shell:Creating package script '/shared_ws/install/baxter_description/share/baxter_description/package.sh'
[0.710s] INFO:colcon.colcon_core.shell:Creating package script '/shared_ws/install/baxter_description/share/baxter_description/package.bash'
[0.711s] INFO:colcon.colcon_core.shell:Creating package script '/shared_ws/install/baxter_description/share/baxter_description/package.zsh'
[0.711s] Level 1:colcon.colcon_core.environment:create_file_with_runtime_dependencies(/shared_ws/install/baxter_description/share/colcon-core/packages/baxter_description)
[0.711s] INFO:colcon.colcon_ros.task.ament_cmake.build:Building ROS package in '/shared_ws/src/baxter_moveit_config' with build type 'ament_cmake'
[0.711s] INFO:colcon.colcon_cmake.task.cmake.build:Building CMake package in '/shared_ws/src/baxter_moveit_config'
[0.712s] INFO:colcon.colcon_core.shell:Skip shell extension 'powershell' for command environment: Not usable outside of PowerShell
[0.712s] DEBUG:colcon.colcon_core.shell:Skip shell extension 'dsv' for command environment
[0.718s] DEBUG:colcon.colcon_core.event_handler.log_command:Invoking command in '/shared_ws/build/baxter_moveit_config': AMENT_PREFIX_PATH=/shared_ws/install/baxter_description:/shared_ws/install/rethink_ee_description:${AMENT_PREFIX_PATH} CMAKE_PREFIX_PATH=/shared_ws/install/baxter_description:/shared_ws/install/rethink_ee_description:/opt/ros/humble /usr/bin/cmake --build /shared_ws/build/baxter_moveit_config -- -j16 -l16
[0.745s] DEBUG:colcon.colcon_core.event_handler.log_command:Invoked command in '/shared_ws/build/baxter_moveit_config' returned '0': AMENT_PREFIX_PATH=/shared_ws/install/baxter_description:/shared_ws/install/rethink_ee_description:${AMENT_PREFIX_PATH} CMAKE_PREFIX_PATH=/shared_ws/install/baxter_description:/shared_ws/install/rethink_ee_description:/opt/ros/humble /usr/bin/cmake --build /shared_ws/build/baxter_moveit_config -- -j16 -l16
[0.745s] DEBUG:colcon.colcon_core.event_handler.log_command:Invoking command in '/shared_ws/build/baxter_moveit_config': AMENT_PREFIX_PATH=/shared_ws/install/baxter_description:/shared_ws/install/rethink_ee_description:${AMENT_PREFIX_PATH} CMAKE_PREFIX_PATH=/shared_ws/install/baxter_description:/shared_ws/install/rethink_ee_description:/opt/ros/humble /usr/bin/cmake --install /shared_ws/build/baxter_moveit_config
[0.753s] Level 1:colcon.colcon_core.environment:create_environment_scripts_only(baxter_moveit_config)
[0.753s] Level 1:colcon.colcon_core.environment:checking '/shared_ws/install/baxter_moveit_config' for CMake module files
[0.754s] DEBUG:colcon.colcon_core.event_handler.log_command:Invoked command in '/shared_ws/build/baxter_moveit_config' returned '0': AMENT_PREFIX_PATH=/shared_ws/install/baxter_description:/shared_ws/install/rethink_ee_description:${AMENT_PREFIX_PATH} CMAKE_PREFIX_PATH=/shared_ws/install/baxter_description:/shared_ws/install/rethink_ee_description:/opt/ros/humble /usr/bin/cmake --install /shared_ws/build/baxter_moveit_config
[0.754s] Level 1:colcon.colcon_core.environment:checking '/shared_ws/install/baxter_moveit_config' for CMake config files
[0.754s] Level 1:colcon.colcon_core.shell:create_environment_hook('baxter_moveit_config', 'cmake_prefix_path')
[0.755s] INFO:colcon.colcon_core.shell:Creating environment hook '/shared_ws/install/baxter_moveit_config/share/baxter_moveit_config/hook/cmake_prefix_path.ps1'
[0.755s] INFO:colcon.colcon_core.shell:Creating environment descriptor '/shared_ws/install/baxter_moveit_config/share/baxter_moveit_config/hook/cmake_prefix_path.dsv'
[0.755s] INFO:colcon.colcon_core.shell:Creating environment hook '/shared_ws/install/baxter_moveit_config/share/baxter_moveit_config/hook/cmake_prefix_path.sh'
[0.756s] Level 1:colcon.colcon_core.environment:checking '/shared_ws/install/baxter_moveit_config/bin'
[0.756s] Level 1:colcon.colcon_core.environment:checking '/shared_ws/install/baxter_moveit_config/lib/pkgconfig/baxter_moveit_config.pc'
[0.756s] Level 1:colcon.colcon_core.environment:checking '/shared_ws/install/baxter_moveit_config/lib/python3.10/site-packages'
[0.756s] Level 1:colcon.colcon_core.environment:checking '/shared_ws/install/baxter_moveit_config/bin'
[0.756s] INFO:colcon.colcon_core.shell:Creating package script '/shared_ws/install/baxter_moveit_config/share/baxter_moveit_config/package.ps1'
[0.757s] INFO:colcon.colcon_core.shell:Creating package descriptor '/shared_ws/install/baxter_moveit_config/share/baxter_moveit_config/package.dsv'
[0.757s] INFO:colcon.colcon_core.shell:Creating package script '/shared_ws/install/baxter_moveit_config/share/baxter_moveit_config/package.sh'
[0.758s] INFO:colcon.colcon_core.shell:Creating package script '/shared_ws/install/baxter_moveit_config/share/baxter_moveit_config/package.bash'
[0.758s] INFO:colcon.colcon_core.shell:Creating package script '/shared_ws/install/baxter_moveit_config/share/baxter_moveit_config/package.zsh'
[0.758s] Level 1:colcon.colcon_core.environment:create_file_with_runtime_dependencies(/shared_ws/install/baxter_moveit_config/share/colcon-core/packages/baxter_moveit_config)
[0.759s] Level 1:colcon.colcon_core.environment:create_environment_scripts_only(baxter_moveit_config)
[0.759s] Level 1:colcon.colcon_core.environment:checking '/shared_ws/install/baxter_moveit_config' for CMake module files
[0.759s] Level 1:colcon.colcon_core.environment:checking '/shared_ws/install/baxter_moveit_config' for CMake config files
[0.759s] Level 1:colcon.colcon_core.shell:create_environment_hook('baxter_moveit_config', 'cmake_prefix_path')
[0.760s] INFO:colcon.colcon_core.shell:Creating environment hook '/shared_ws/install/baxter_moveit_config/share/baxter_moveit_config/hook/cmake_prefix_path.ps1'
[0.760s] INFO:colcon.colcon_core.shell:Creating environment descriptor '/shared_ws/install/baxter_moveit_config/share/baxter_moveit_config/hook/cmake_prefix_path.dsv'
[0.760s] INFO:colcon.colcon_core.shell:Creating environment hook '/shared_ws/install/baxter_moveit_config/share/baxter_moveit_config/hook/cmake_prefix_path.sh'
[0.761s] Level 1:colcon.colcon_core.environment:checking '/shared_ws/install/baxter_moveit_config/bin'
[0.761s] Level 1:colcon.colcon_core.environment:checking '/shared_ws/install/baxter_moveit_config/lib/pkgconfig/baxter_moveit_config.pc'
[0.761s] Level 1:colcon.colcon_core.environment:checking '/shared_ws/install/baxter_moveit_config/lib/python3.10/site-packages'
[0.761s] Level 1:colcon.colcon_core.environment:checking '/shared_ws/install/baxter_moveit_config/bin'
[0.761s] INFO:colcon.colcon_core.shell:Creating package script '/shared_ws/install/baxter_moveit_config/share/baxter_moveit_config/package.ps1'
[0.762s] INFO:colcon.colcon_core.shell:Creating package descriptor '/shared_ws/install/baxter_moveit_config/share/baxter_moveit_config/package.dsv'
[0.762s] INFO:colcon.colcon_core.shell:Creating package script '/shared_ws/install/baxter_moveit_config/share/baxter_moveit_config/package.sh'
[0.763s] INFO:colcon.colcon_core.shell:Creating package script '/shared_ws/install/baxter_moveit_config/share/baxter_moveit_config/package.bash'
[0.763s] INFO:colcon.colcon_core.shell:Creating package script '/shared_ws/install/baxter_moveit_config/share/baxter_moveit_config/package.zsh'
[0.763s] Level 1:colcon.colcon_core.environment:create_file_with_runtime_dependencies(/shared_ws/install/baxter_moveit_config/share/colcon-core/packages/baxter_moveit_config)
[1.448s] DEBUG:colcon.colcon_core.event_handler.log_command:Invoked command in '/shared_ws/build/baxter_maintenance_msgs' returned '0': CMAKE_PREFIX_PATH=/opt/ros/humble /usr/bin/cmake --build /shared_ws/build/baxter_maintenance_msgs -- -j16 -l16
[1.449s] DEBUG:colcon.colcon_core.event_handler.log_command:Invoking command in '/shared_ws/build/baxter_maintenance_msgs': CMAKE_PREFIX_PATH=/opt/ros/humble /usr/bin/cmake --install /shared_ws/build/baxter_maintenance_msgs
[1.496s] Level 1:colcon.colcon_core.environment:create_environment_scripts_only(baxter_maintenance_msgs)
[1.497s] Level 1:colcon.colcon_core.environment:checking '/shared_ws/install/baxter_maintenance_msgs' for CMake module files
[1.497s] DEBUG:colcon.colcon_core.event_handler.log_command:Invoked command in '/shared_ws/build/baxter_maintenance_msgs' returned '0': CMAKE_PREFIX_PATH=/opt/ros/humble /usr/bin/cmake --install /shared_ws/build/baxter_maintenance_msgs
[1.497s] Level 1:colcon.colcon_core.environment:checking '/shared_ws/install/baxter_maintenance_msgs' for CMake config files
[1.498s] Level 1:colcon.colcon_core.shell:create_environment_hook('baxter_maintenance_msgs', 'cmake_prefix_path')
[1.498s] INFO:colcon.colcon_core.shell:Creating environment hook '/shared_ws/install/baxter_maintenance_msgs/share/baxter_maintenance_msgs/hook/cmake_prefix_path.ps1'
[1.498s] INFO:colcon.colcon_core.shell:Creating environment descriptor '/shared_ws/install/baxter_maintenance_msgs/share/baxter_maintenance_msgs/hook/cmake_prefix_path.dsv'
[1.499s] INFO:colcon.colcon_core.shell:Creating environment hook '/shared_ws/install/baxter_maintenance_msgs/share/baxter_maintenance_msgs/hook/cmake_prefix_path.sh'
[1.499s] Level 1:colcon.colcon_core.environment:checking '/shared_ws/install/baxter_maintenance_msgs/lib'
[1.499s] Level 1:colcon.colcon_core.shell:create_environment_hook('baxter_maintenance_msgs', 'ld_library_path_lib')
[1.500s] INFO:colcon.colcon_core.shell:Creating environment hook '/shared_ws/install/baxter_maintenance_msgs/share/baxter_maintenance_msgs/hook/ld_library_path_lib.ps1'
[1.500s] INFO:colcon.colcon_core.shell:Creating environment descriptor '/shared_ws/install/baxter_maintenance_msgs/share/baxter_maintenance_msgs/hook/ld_library_path_lib.dsv'
[1.500s] INFO:colcon.colcon_core.shell:Creating environment hook '/shared_ws/install/baxter_maintenance_msgs/share/baxter_maintenance_msgs/hook/ld_library_path_lib.sh'
[1.501s] Level 1:colcon.colcon_core.environment:checking '/shared_ws/install/baxter_maintenance_msgs/bin'
[1.501s] Level 1:colcon.colcon_core.environment:checking '/shared_ws/install/baxter_maintenance_msgs/lib/pkgconfig/baxter_maintenance_msgs.pc'
[1.501s] Level 1:colcon.colcon_core.environment:checking '/shared_ws/install/baxter_maintenance_msgs/lib/python3.10/site-packages'
[1.501s] Level 1:colcon.colcon_core.environment:checking '/shared_ws/install/baxter_maintenance_msgs/bin'
[1.501s] INFO:colcon.colcon_core.shell:Creating package script '/shared_ws/install/baxter_maintenance_msgs/share/baxter_maintenance_msgs/package.ps1'
[1.502s] INFO:colcon.colcon_core.shell:Creating package descriptor '/shared_ws/install/baxter_maintenance_msgs/share/baxter_maintenance_msgs/package.dsv'
[1.502s] INFO:colcon.colcon_core.shell:Creating package script '/shared_ws/install/baxter_maintenance_msgs/share/baxter_maintenance_msgs/package.sh'
[1.503s] INFO:colcon.colcon_core.shell:Creating package script '/shared_ws/install/baxter_maintenance_msgs/share/baxter_maintenance_msgs/package.bash'
[1.503s] INFO:colcon.colcon_core.shell:Creating package script '/shared_ws/install/baxter_maintenance_msgs/share/baxter_maintenance_msgs/package.zsh'
[1.503s] Level 1:colcon.colcon_core.environment:create_file_with_runtime_dependencies(/shared_ws/install/baxter_maintenance_msgs/share/colcon-core/packages/baxter_maintenance_msgs)
[1.504s] Level 1:colcon.colcon_core.environment:create_environment_scripts_only(baxter_maintenance_msgs)
[1.504s] Level 1:colcon.colcon_core.environment:checking '/shared_ws/install/baxter_maintenance_msgs' for CMake module files
[1.504s] Level 1:colcon.colcon_core.environment:checking '/shared_ws/install/baxter_maintenance_msgs' for CMake config files
[1.505s] Level 1:colcon.colcon_core.shell:create_environment_hook('baxter_maintenance_msgs', 'cmake_prefix_path')
[1.505s] INFO:colcon.colcon_core.shell:Creating environment hook '/shared_ws/install/baxter_maintenance_msgs/share/baxter_maintenance_msgs/hook/cmake_prefix_path.ps1'
[1.505s] INFO:colcon.colcon_core.shell:Creating environment descriptor '/shared_ws/install/baxter_maintenance_msgs/share/baxter_maintenance_msgs/hook/cmake_prefix_path.dsv'
[1.506s] INFO:colcon.colcon_core.shell:Creating environment hook '/shared_ws/install/baxter_maintenance_msgs/share/baxter_maintenance_msgs/hook/cmake_prefix_path.sh'
[1.506s] Level 1:colcon.colcon_core.environment:checking '/shared_ws/install/baxter_maintenance_msgs/lib'
[1.506s] Level 1:colcon.colcon_core.shell:create_environment_hook('baxter_maintenance_msgs', 'ld_library_path_lib')
[1.506s] INFO:colcon.colcon_core.shell:Creating environment hook '/shared_ws/install/baxter_maintenance_msgs/share/baxter_maintenance_msgs/hook/ld_library_path_lib.ps1'
[1.507s] INFO:colcon.colcon_core.shell:Creating environment descriptor '/shared_ws/install/baxter_maintenance_msgs/share/baxter_maintenance_msgs/hook/ld_library_path_lib.dsv'
[1.507s] INFO:colcon.colcon_core.shell:Creating environment hook '/shared_ws/install/baxter_maintenance_msgs/share/baxter_maintenance_msgs/hook/ld_library_path_lib.sh'
[1.507s] Level 1:colcon.colcon_core.environment:checking '/shared_ws/install/baxter_maintenance_msgs/bin'
[1.508s] Level 1:colcon.colcon_core.environment:checking '/shared_ws/install/baxter_maintenance_msgs/lib/pkgconfig/baxter_maintenance_msgs.pc'
[1.508s] Level 1:colcon.colcon_core.environment:checking '/shared_ws/install/baxter_maintenance_msgs/lib/python3.10/site-packages'
[1.508s] Level 1:colcon.colcon_core.environment:checking '/shared_ws/install/baxter_maintenance_msgs/bin'
[1.508s] INFO:colcon.colcon_core.shell:Creating package script '/shared_ws/install/baxter_maintenance_msgs/share/baxter_maintenance_msgs/package.ps1'
[1.509s] INFO:colcon.colcon_core.shell:Creating package descriptor '/shared_ws/install/baxter_maintenance_msgs/share/baxter_maintenance_msgs/package.dsv'
[1.509s] INFO:colcon.colcon_core.shell:Creating package script '/shared_ws/install/baxter_maintenance_msgs/share/baxter_maintenance_msgs/package.sh'
[1.510s] INFO:colcon.colcon_core.shell:Creating package script '/shared_ws/install/baxter_maintenance_msgs/share/baxter_maintenance_msgs/package.bash'
[1.510s] INFO:colcon.colcon_core.shell:Creating package script '/shared_ws/install/baxter_maintenance_msgs/share/baxter_maintenance_msgs/package.zsh'
[1.510s] Level 1:colcon.colcon_core.environment:create_file_with_runtime_dependencies(/shared_ws/install/baxter_maintenance_msgs/share/colcon-core/packages/baxter_maintenance_msgs)
[2.041s] DEBUG:colcon.colcon_core.event_handler.log_command:Invoked command in '/shared_ws/build/baxter_core_msgs' returned '0': CMAKE_PREFIX_PATH=/opt/ros/humble /usr/bin/cmake --build /shared_ws/build/baxter_core_msgs -- -j16 -l16
[2.043s] DEBUG:colcon.colcon_core.event_handler.log_command:Invoking command in '/shared_ws/build/baxter_core_msgs': CMAKE_PREFIX_PATH=/opt/ros/humble /usr/bin/cmake --install /shared_ws/build/baxter_core_msgs
[2.103s] Level 1:colcon.colcon_core.environment:create_environment_scripts_only(baxter_core_msgs)
[2.103s] Level 1:colcon.colcon_core.environment:checking '/shared_ws/install/baxter_core_msgs' for CMake module files
[2.104s] DEBUG:colcon.colcon_core.event_handler.log_command:Invoked command in '/shared_ws/build/baxter_core_msgs' returned '0': CMAKE_PREFIX_PATH=/opt/ros/humble /usr/bin/cmake --install /shared_ws/build/baxter_core_msgs
[2.104s] Level 1:colcon.colcon_core.environment:checking '/shared_ws/install/baxter_core_msgs' for CMake config files
[2.105s] Level 1:colcon.colcon_core.shell:create_environment_hook('baxter_core_msgs', 'cmake_prefix_path')
[2.105s] INFO:colcon.colcon_core.shell:Creating environment hook '/shared_ws/install/baxter_core_msgs/share/baxter_core_msgs/hook/cmake_prefix_path.ps1'
[2.105s] INFO:colcon.colcon_core.shell:Creating environment descriptor '/shared_ws/install/baxter_core_msgs/share/baxter_core_msgs/hook/cmake_prefix_path.dsv'
[2.106s] INFO:colcon.colcon_core.shell:Creating environment hook '/shared_ws/install/baxter_core_msgs/share/baxter_core_msgs/hook/cmake_prefix_path.sh'
[2.106s] Level 1:colcon.colcon_core.environment:checking '/shared_ws/install/baxter_core_msgs/lib'
[2.106s] Level 1:colcon.colcon_core.shell:create_environment_hook('baxter_core_msgs', 'ld_library_path_lib')
[2.106s] INFO:colcon.colcon_core.shell:Creating environment hook '/shared_ws/install/baxter_core_msgs/share/baxter_core_msgs/hook/ld_library_path_lib.ps1'
[2.107s] INFO:colcon.colcon_core.shell:Creating environment descriptor '/shared_ws/install/baxter_core_msgs/share/baxter_core_msgs/hook/ld_library_path_lib.dsv'
[2.107s] INFO:colcon.colcon_core.shell:Creating environment hook '/shared_ws/install/baxter_core_msgs/share/baxter_core_msgs/hook/ld_library_path_lib.sh'
[2.107s] Level 1:colcon.colcon_core.environment:checking '/shared_ws/install/baxter_core_msgs/bin'
[2.107s] Level 1:colcon.colcon_core.environment:checking '/shared_ws/install/baxter_core_msgs/lib/pkgconfig/baxter_core_msgs.pc'
[2.108s] Level 1:colcon.colcon_core.environment:checking '/shared_ws/install/baxter_core_msgs/lib/python3.10/site-packages'
[2.108s] Level 1:colcon.colcon_core.environment:checking '/shared_ws/install/baxter_core_msgs/bin'
[2.108s] INFO:colcon.colcon_core.shell:Creating package script '/shared_ws/install/baxter_core_msgs/share/baxter_core_msgs/package.ps1'
[2.109s] INFO:colcon.colcon_core.shell:Creating package descriptor '/shared_ws/install/baxter_core_msgs/share/baxter_core_msgs/package.dsv'
[2.109s] INFO:colcon.colcon_core.shell:Creating package script '/shared_ws/install/baxter_core_msgs/share/baxter_core_msgs/package.sh'
[2.109s] INFO:colcon.colcon_core.shell:Creating package script '/shared_ws/install/baxter_core_msgs/share/baxter_core_msgs/package.bash'
[2.110s] INFO:colcon.colcon_core.shell:Creating package script '/shared_ws/install/baxter_core_msgs/share/baxter_core_msgs/package.zsh'
[2.110s] Level 1:colcon.colcon_core.environment:create_file_with_runtime_dependencies(/shared_ws/install/baxter_core_msgs/share/colcon-core/packages/baxter_core_msgs)
[2.110s] Level 1:colcon.colcon_core.environment:create_environment_scripts_only(baxter_core_msgs)
[2.111s] Level 1:colcon.colcon_core.environment:checking '/shared_ws/install/baxter_core_msgs' for CMake module files
[2.111s] Level 1:colcon.colcon_core.environment:checking '/shared_ws/install/baxter_core_msgs' for CMake config files
[2.112s] Level 1:colcon.colcon_core.shell:create_environment_hook('baxter_core_msgs', 'cmake_prefix_path')
[2.112s] INFO:colcon.colcon_core.shell:Creating environment hook '/shared_ws/install/baxter_core_msgs/share/baxter_core_msgs/hook/cmake_prefix_path.ps1'
[2.112s] INFO:colcon.colcon_core.shell:Creating environment descriptor '/shared_ws/install/baxter_core_msgs/share/baxter_core_msgs/hook/cmake_prefix_path.dsv'
[2.113s] INFO:colcon.colcon_core.shell:Creating environment hook '/shared_ws/install/baxter_core_msgs/share/baxter_core_msgs/hook/cmake_prefix_path.sh'
[2.113s] Level 1:colcon.colcon_core.environment:checking '/shared_ws/install/baxter_core_msgs/lib'
[2.113s] Level 1:colcon.colcon_core.shell:create_environment_hook('baxter_core_msgs', 'ld_library_path_lib')
[2.113s] INFO:colcon.colcon_core.shell:Creating environment hook '/shared_ws/install/baxter_core_msgs/share/baxter_core_msgs/hook/ld_library_path_lib.ps1'
[2.114s] INFO:colcon.colcon_core.shell:Creating environment descriptor '/shared_ws/install/baxter_core_msgs/share/baxter_core_msgs/hook/ld_library_path_lib.dsv'
[2.114s] INFO:colcon.colcon_core.shell:Creating environment hook '/shared_ws/install/baxter_core_msgs/share/baxter_core_msgs/hook/ld_library_path_lib.sh'
[2.114s] Level 1:colcon.colcon_core.environment:checking '/shared_ws/install/baxter_core_msgs/bin'
[2.114s] Level 1:colcon.colcon_core.environment:checking '/shared_ws/install/baxter_core_msgs/lib/pkgconfig/baxter_core_msgs.pc'
[2.115s] Level 1:colcon.colcon_core.environment:checking '/shared_ws/install/baxter_core_msgs/lib/python3.10/site-packages'
[2.115s] Level 1:colcon.colcon_core.environment:checking '/shared_ws/install/baxter_core_msgs/bin'
[2.115s] INFO:colcon.colcon_core.shell:Creating package script '/shared_ws/install/baxter_core_msgs/share/baxter_core_msgs/package.ps1'
[2.115s] INFO:colcon.colcon_core.shell:Creating package descriptor '/shared_ws/install/baxter_core_msgs/share/baxter_core_msgs/package.dsv'
[2.116s] INFO:colcon.colcon_core.shell:Creating package script '/shared_ws/install/baxter_core_msgs/share/baxter_core_msgs/package.sh'
[2.116s] INFO:colcon.colcon_core.shell:Creating package script '/shared_ws/install/baxter_core_msgs/share/baxter_core_msgs/package.bash'
[2.117s] INFO:colcon.colcon_core.shell:Creating package script '/shared_ws/install/baxter_core_msgs/share/baxter_core_msgs/package.zsh'
[2.117s] Level 1:colcon.colcon_core.environment:create_file_with_runtime_dependencies(/shared_ws/install/baxter_core_msgs/share/colcon-core/packages/baxter_core_msgs)
[2.117s] INFO:colcon.colcon_ros.task.ament_cmake.build:Building ROS package in '/shared_ws/src/baxter_bridge' with build type 'ament_cmake'
[2.117s] INFO:colcon.colcon_cmake.task.cmake.build:Building CMake package in '/shared_ws/src/baxter_bridge'
[2.118s] INFO:colcon.colcon_core.shell:Skip shell extension 'powershell' for command environment: Not usable outside of PowerShell
[2.118s] DEBUG:colcon.colcon_core.shell:Skip shell extension 'dsv' for command environment
[2.126s] DEBUG:colcon.colcon_core.event_handler.log_command:Invoking command in '/shared_ws/build/baxter_bridge': AMENT_PREFIX_PATH=/shared_ws/install/baxter_maintenance_msgs:/shared_ws/install/baxter_core_msgs:${AMENT_PREFIX_PATH} CMAKE_PREFIX_PATH=/shared_ws/install/baxter_maintenance_msgs:/shared_ws/install/baxter_core_msgs:/opt/ros/humble LD_LIBRARY_PATH=/shared_ws/install/baxter_maintenance_msgs/lib:/shared_ws/install/baxter_core_msgs/lib:${LD_LIBRARY_PATH} PYTHONPATH=/shared_ws/install/baxter_maintenance_msgs/local/lib/python3.10/dist-packages:/shared_ws/install/baxter_core_msgs/local/lib/python3.10/dist-packages:${PYTHONPATH} /usr/bin/cmake /shared_ws/src/baxter_bridge -DCMAKE_INSTALL_PREFIX=/shared_ws/install/baxter_bridge
[3.046s] DEBUG:colcon.colcon_core.event_handler.log_command:Invoked command in '/shared_ws/build/baxter_bridge' returned '1': AMENT_PREFIX_PATH=/shared_ws/install/baxter_maintenance_msgs:/shared_ws/install/baxter_core_msgs:${AMENT_PREFIX_PATH} CMAKE_PREFIX_PATH=/shared_ws/install/baxter_maintenance_msgs:/shared_ws/install/baxter_core_msgs:/opt/ros/humble LD_LIBRARY_PATH=/shared_ws/install/baxter_maintenance_msgs/lib:/shared_ws/install/baxter_core_msgs/lib:${LD_LIBRARY_PATH} PYTHONPATH=/shared_ws/install/baxter_maintenance_msgs/local/lib/python3.10/dist-packages:/shared_ws/install/baxter_core_msgs/local/lib/python3.10/dist-packages:${PYTHONPATH} /usr/bin/cmake /shared_ws/src/baxter_bridge -DCMAKE_INSTALL_PREFIX=/shared_ws/install/baxter_bridge
[3.046s] Level 1:colcon.colcon_core.environment:create_environment_scripts_only(baxter_bridge)
[3.047s] Level 1:colcon.colcon_core.environment:checking '/shared_ws/install/baxter_bridge' for CMake module files
[3.047s] Level 1:colcon.colcon_core.environment:checking '/shared_ws/install/baxter_bridge' for CMake config files
[3.047s] Level 1:colcon.colcon_core.environment:checking '/shared_ws/install/baxter_bridge/bin'
[3.047s] Level 1:colcon.colcon_core.environment:checking '/shared_ws/install/baxter_bridge/lib/pkgconfig/baxter_bridge.pc'
[3.047s] Level 1:colcon.colcon_core.environment:checking '/shared_ws/install/baxter_bridge/lib/python3.10/site-packages'
[3.047s] Level 1:colcon.colcon_core.environment:checking '/shared_ws/install/baxter_bridge/bin'
[3.048s] INFO:colcon.colcon_core.shell:Creating package script '/shared_ws/install/baxter_bridge/share/baxter_bridge/package.ps1'
[3.048s] INFO:colcon.colcon_core.shell:Creating package descriptor '/shared_ws/install/baxter_bridge/share/baxter_bridge/package.dsv'
[3.048s] INFO:colcon.colcon_core.shell:Creating package script '/shared_ws/install/baxter_bridge/share/baxter_bridge/package.sh'
[3.049s] INFO:colcon.colcon_core.shell:Creating package script '/shared_ws/install/baxter_bridge/share/baxter_bridge/package.bash'
[3.049s] INFO:colcon.colcon_core.shell:Creating package script '/shared_ws/install/baxter_bridge/share/baxter_bridge/package.zsh'
[3.049s] Level 1:colcon.colcon_core.environment:create_file_with_runtime_dependencies(/shared_ws/install/baxter_bridge/share/colcon-core/packages/baxter_bridge)
[3.060s] DEBUG:colcon.colcon_parallel_executor.executor.parallel:closing loop
[3.060s] DEBUG:colcon.colcon_parallel_executor.executor.parallel:loop closed
[3.060s] DEBUG:colcon.colcon_parallel_executor.executor.parallel:run_until_complete finished with '1'
[3.060s] DEBUG:colcon.colcon_core.event_reactor:joining thread
[3.078s] INFO:colcon.colcon_core.plugin_system:Skipping extension 'colcon_notification.desktop_notification.notify_send': Could not find 'notify-send'
[3.078s] INFO:colcon.colcon_core.plugin_system:Skipping extension 'colcon_notification.desktop_notification.terminal_notifier': Not used on non-Darwin systems
[3.078s] INFO:colcon.colcon_core.plugin_system:Skipping extension 'colcon_notification.desktop_notification.win32': Not used on non-Windows systems
[3.078s] INFO:colcon.colcon_notification.desktop_notification:Sending desktop notification using 'notify2'
[3.080s] DEBUG:colcon.colcon_notification.desktop_notification.notify2:Failed to initialize notify2: org.freedesktop.DBus.Error.Spawn.ExecFailed: /usr/bin/dbus-launch terminated abnormally without any error message
[3.080s] DEBUG:colcon.colcon_core.event_reactor:joined thread
[3.081s] INFO:colcon.colcon_core.shell:Creating prefix script '/shared_ws/install/local_setup.ps1'
[3.081s] INFO:colcon.colcon_core.shell:Creating prefix util module '/shared_ws/install/_local_setup_util_ps1.py'
[3.083s] INFO:colcon.colcon_core.shell:Creating prefix chain script '/shared_ws/install/setup.ps1'
[3.084s] INFO:colcon.colcon_core.shell:Creating prefix script '/shared_ws/install/local_setup.sh'
[3.084s] INFO:colcon.colcon_core.shell:Creating prefix util module '/shared_ws/install/_local_setup_util_sh.py'
[3.085s] INFO:colcon.colcon_core.shell:Creating prefix chain script '/shared_ws/install/setup.sh'
[3.086s] INFO:colcon.colcon_core.shell:Creating prefix script '/shared_ws/install/local_setup.bash'
[3.087s] INFO:colcon.colcon_core.shell:Creating prefix chain script '/shared_ws/install/setup.bash'
[3.087s] INFO:colcon.colcon_core.shell:Creating prefix script '/shared_ws/install/local_setup.zsh'
[3.088s] INFO:colcon.colcon_core.shell:Creating prefix chain script '/shared_ws/install/setup.zsh'
