[0.091s] DEBUG:colcon:Command line arguments: ['/usr/bin/colcon', 'build', '--packages-select', 'baxter_moveit_config']
[0.091s] DEBUG:colcon:Parsed command line arguments: Namespace(log_base=None, log_level=None, verb_name='build', build_base='build', install_base='install', merge_install=False, symlink_install=False, test_result_base=None, continue_on_error=False, executor='parallel', parallel_workers=16, event_handlers=None, ignore_user_meta=False, metas=['./colcon.meta'], base_paths=['.'], packages_ignore=None, packages_ignore_regex=None, paths=None, packages_up_to=None, packages_up_to_regex=None, packages_above=None, packages_above_and_dependencies=None, packages_above_depth=None, packages_select_by_dep=None, packages_skip_by_dep=None, packages_skip_up_to=None, packages_select_build_failed=False, packages_skip_build_finished=False, packages_select_test_failures=False, packages_skip_test_passed=False, packages_select=['baxter_moveit_config'], packages_skip=None, packages_select_regex=None, packages_skip_regex=None, packages_start=None, packages_end=None, cmake_args=None, cmake_target=None, cmake_target_skip_unavailable=False, cmake_clean_cache=False, cmake_clean_first=False, cmake_force_configure=False, ament_cmake_args=None, catkin_cmake_args=None, catkin_skip_building_tests=False, mixin_files=None, mixin=None, verb_parser=<colcon_mixin.mixin.mixin_argument.MixinArgumentDecorator object at 0x7ff5d3ac2560>, verb_extension=<colcon_core.verb.build.BuildVerb object at 0x7ff5d3ac1900>, main=<bound method BuildVerb.main of <colcon_core.verb.build.BuildVerb object at 0x7ff5d3ac1900>>, mixin_verb=('build',))
[0.187s] Level 1:colcon.colcon_core.package_discovery:discover_packages(colcon_meta) check parameters
[0.188s] INFO:colcon.colcon_metadata.package_discovery.colcon_meta:Using configuration from '/root/.colcon/metadata/default/Gazebo.meta'
[0.188s] INFO:colcon.colcon_metadata.package_discovery.colcon_meta:Using configuration from '/root/.colcon/metadata/default/fastdds.meta'
[0.188s] INFO:colcon.colcon_metadata.package_discovery.colcon_meta:Using configuration from '/root/.colcon/metadata/default/fastrtps.meta'
[0.188s] Level 1:colcon.colcon_core.package_discovery:discover_packages(recursive) check parameters
[0.188s] Level 1:colcon.colcon_core.package_discovery:discover_packages(ignore) check parameters
[0.188s] Level 1:colcon.colcon_core.package_discovery:discover_packages(path) check parameters
[0.188s] Level 1:colcon.colcon_core.package_discovery:discover_packages(colcon_meta) discover
[0.188s] Level 1:colcon.colcon_core.package_discovery:discover_packages(recursive) discover
[0.189s] INFO:colcon.colcon_core.package_discovery:Crawling recursively for packages in '/shared_ws'
[0.189s] Level 1:colcon.colcon_core.package_identification:_identify(.) by extensions ['ignore', 'ignore_ament_install']
[0.189s] Level 1:colcon.colcon_core.package_identification:_identify(.) by extension 'ignore'
[0.189s] Level 1:colcon.colcon_core.package_identification:_identify(.) by extension 'ignore_ament_install'
[0.189s] Level 1:colcon.colcon_core.package_identification:_identify(.) by extensions ['colcon_pkg']
[0.189s] Level 1:colcon.colcon_core.package_identification:_identify(.) by extension 'colcon_pkg'
[0.189s] Level 1:colcon.colcon_core.package_identification:_identify(.) by extensions ['colcon_meta']
[0.189s] Level 1:colcon.colcon_core.package_identification:_identify(.) by extension 'colcon_meta'
[0.189s] Level 1:colcon.colcon_core.package_identification:_identify(.) by extensions ['ros']
[0.189s] Level 1:colcon.colcon_core.package_identification:_identify(.) by extension 'ros'
[0.197s] Level 1:colcon.colcon_core.package_identification:_identify(.) by extensions ['cmake', 'python']
[0.197s] Level 1:colcon.colcon_core.package_identification:_identify(.) by extension 'cmake'
[0.197s] Level 1:colcon.colcon_core.package_identification:_identify(.) by extension 'python'
[0.197s] Level 1:colcon.colcon_core.package_identification:_identify(.) by extensions ['python_setup_py']
[0.197s] Level 1:colcon.colcon_core.package_identification:_identify(.) by extension 'python_setup_py'
[0.197s] Level 1:colcon.colcon_core.package_identification:_identify(build) by extensions ['ignore', 'ignore_ament_install']
[0.197s] Level 1:colcon.colcon_core.package_identification:_identify(build) by extension 'ignore'
[0.197s] Level 1:colcon.colcon_core.package_identification:_identify(build) ignored
[0.198s] Level 1:colcon.colcon_core.package_identification:_identify(install) by extensions ['ignore', 'ignore_ament_install']
[0.198s] Level 1:colcon.colcon_core.package_identification:_identify(install) by extension 'ignore'
[0.198s] Level 1:colcon.colcon_core.package_identification:_identify(install) ignored
[0.198s] Level 1:colcon.colcon_core.package_identification:_identify(log) by extensions ['ignore', 'ignore_ament_install']
[0.198s] Level 1:colcon.colcon_core.package_identification:_identify(log) by extension 'ignore'
[0.198s] Level 1:colcon.colcon_core.package_identification:_identify(log) ignored
[0.198s] Level 1:colcon.colcon_core.package_identification:_identify(meshes) by extensions ['ignore', 'ignore_ament_install']
[0.198s] Level 1:colcon.colcon_core.package_identification:_identify(meshes) by extension 'ignore'
[0.198s] Level 1:colcon.colcon_core.package_identification:_identify(meshes) by extension 'ignore_ament_install'
[0.198s] Level 1:colcon.colcon_core.package_identification:_identify(meshes) by extensions ['colcon_pkg']
[0.198s] Level 1:colcon.colcon_core.package_identification:_identify(meshes) by extension 'colcon_pkg'
[0.198s] Level 1:colcon.colcon_core.package_identification:_identify(meshes) by extensions ['colcon_meta']
[0.198s] Level 1:colcon.colcon_core.package_identification:_identify(meshes) by extension 'colcon_meta'
[0.198s] Level 1:colcon.colcon_core.package_identification:_identify(meshes) by extensions ['ros']
[0.198s] Level 1:colcon.colcon_core.package_identification:_identify(meshes) by extension 'ros'
[0.198s] Level 1:colcon.colcon_core.package_identification:_identify(meshes) by extensions ['cmake', 'python']
[0.198s] Level 1:colcon.colcon_core.package_identification:_identify(meshes) by extension 'cmake'
[0.198s] Level 1:colcon.colcon_core.package_identification:_identify(meshes) by extension 'python'
[0.198s] Level 1:colcon.colcon_core.package_identification:_identify(meshes) by extensions ['python_setup_py']
[0.198s] Level 1:colcon.colcon_core.package_identification:_identify(meshes) by extension 'python_setup_py'
[0.198s] Level 1:colcon.colcon_core.package_identification:_identify(meshes/base) by extensions ['ignore', 'ignore_ament_install']
[0.198s] Level 1:colcon.colcon_core.package_identification:_identify(meshes/base) by extension 'ignore'
[0.199s] Level 1:colcon.colcon_core.package_identification:_identify(meshes/base) by extension 'ignore_ament_install'
[0.199s] Level 1:colcon.colcon_core.package_identification:_identify(meshes/base) by extensions ['colcon_pkg']
[0.199s] Level 1:colcon.colcon_core.package_identification:_identify(meshes/base) by extension 'colcon_pkg'
[0.199s] Level 1:colcon.colcon_core.package_identification:_identify(meshes/base) by extensions ['colcon_meta']
[0.199s] Level 1:colcon.colcon_core.package_identification:_identify(meshes/base) by extension 'colcon_meta'
[0.199s] Level 1:colcon.colcon_core.package_identification:_identify(meshes/base) by extensions ['ros']
[0.199s] Level 1:colcon.colcon_core.package_identification:_identify(meshes/base) by extension 'ros'
[0.199s] Level 1:colcon.colcon_core.package_identification:_identify(meshes/base) by extensions ['cmake', 'python']
[0.199s] Level 1:colcon.colcon_core.package_identification:_identify(meshes/base) by extension 'cmake'
[0.199s] Level 1:colcon.colcon_core.package_identification:_identify(meshes/base) by extension 'python'
[0.199s] Level 1:colcon.colcon_core.package_identification:_identify(meshes/base) by extensions ['python_setup_py']
[0.199s] Level 1:colcon.colcon_core.package_identification:_identify(meshes/base) by extension 'python_setup_py'
[0.199s] Level 1:colcon.colcon_core.package_identification:_identify(meshes/head) by extensions ['ignore', 'ignore_ament_install']
[0.199s] Level 1:colcon.colcon_core.package_identification:_identify(meshes/head) by extension 'ignore'
[0.199s] Level 1:colcon.colcon_core.package_identification:_identify(meshes/head) by extension 'ignore_ament_install'
[0.199s] Level 1:colcon.colcon_core.package_identification:_identify(meshes/head) by extensions ['colcon_pkg']
[0.199s] Level 1:colcon.colcon_core.package_identification:_identify(meshes/head) by extension 'colcon_pkg'
[0.199s] Level 1:colcon.colcon_core.package_identification:_identify(meshes/head) by extensions ['colcon_meta']
[0.199s] Level 1:colcon.colcon_core.package_identification:_identify(meshes/head) by extension 'colcon_meta'
[0.199s] Level 1:colcon.colcon_core.package_identification:_identify(meshes/head) by extensions ['ros']
[0.199s] Level 1:colcon.colcon_core.package_identification:_identify(meshes/head) by extension 'ros'
[0.199s] Level 1:colcon.colcon_core.package_identification:_identify(meshes/head) by extensions ['cmake', 'python']
[0.199s] Level 1:colcon.colcon_core.package_identification:_identify(meshes/head) by extension 'cmake'
[0.199s] Level 1:colcon.colcon_core.package_identification:_identify(meshes/head) by extension 'python'
[0.199s] Level 1:colcon.colcon_core.package_identification:_identify(meshes/head) by extensions ['python_setup_py']
[0.199s] Level 1:colcon.colcon_core.package_identification:_identify(meshes/head) by extension 'python_setup_py'
[0.199s] Level 1:colcon.colcon_core.package_identification:_identify(meshes/lower_elbow) by extensions ['ignore', 'ignore_ament_install']
[0.200s] Level 1:colcon.colcon_core.package_identification:_identify(meshes/lower_elbow) by extension 'ignore'
[0.200s] Level 1:colcon.colcon_core.package_identification:_identify(meshes/lower_elbow) by extension 'ignore_ament_install'
[0.200s] Level 1:colcon.colcon_core.package_identification:_identify(meshes/lower_elbow) by extensions ['colcon_pkg']
[0.200s] Level 1:colcon.colcon_core.package_identification:_identify(meshes/lower_elbow) by extension 'colcon_pkg'
[0.200s] Level 1:colcon.colcon_core.package_identification:_identify(meshes/lower_elbow) by extensions ['colcon_meta']
[0.200s] Level 1:colcon.colcon_core.package_identification:_identify(meshes/lower_elbow) by extension 'colcon_meta'
[0.200s] Level 1:colcon.colcon_core.package_identification:_identify(meshes/lower_elbow) by extensions ['ros']
[0.200s] Level 1:colcon.colcon_core.package_identification:_identify(meshes/lower_elbow) by extension 'ros'
[0.200s] Level 1:colcon.colcon_core.package_identification:_identify(meshes/lower_elbow) by extensions ['cmake', 'python']
[0.200s] Level 1:colcon.colcon_core.package_identification:_identify(meshes/lower_elbow) by extension 'cmake'
[0.200s] Level 1:colcon.colcon_core.package_identification:_identify(meshes/lower_elbow) by extension 'python'
[0.200s] Level 1:colcon.colcon_core.package_identification:_identify(meshes/lower_elbow) by extensions ['python_setup_py']
[0.200s] Level 1:colcon.colcon_core.package_identification:_identify(meshes/lower_elbow) by extension 'python_setup_py'
[0.200s] Level 1:colcon.colcon_core.package_identification:_identify(meshes/lower_forearm) by extensions ['ignore', 'ignore_ament_install']
[0.200s] Level 1:colcon.colcon_core.package_identification:_identify(meshes/lower_forearm) by extension 'ignore'
[0.200s] Level 1:colcon.colcon_core.package_identification:_identify(meshes/lower_forearm) by extension 'ignore_ament_install'
[0.200s] Level 1:colcon.colcon_core.package_identification:_identify(meshes/lower_forearm) by extensions ['colcon_pkg']
[0.200s] Level 1:colcon.colcon_core.package_identification:_identify(meshes/lower_forearm) by extension 'colcon_pkg'
[0.200s] Level 1:colcon.colcon_core.package_identification:_identify(meshes/lower_forearm) by extensions ['colcon_meta']
[0.200s] Level 1:colcon.colcon_core.package_identification:_identify(meshes/lower_forearm) by extension 'colcon_meta'
[0.200s] Level 1:colcon.colcon_core.package_identification:_identify(meshes/lower_forearm) by extensions ['ros']
[0.200s] Level 1:colcon.colcon_core.package_identification:_identify(meshes/lower_forearm) by extension 'ros'
[0.200s] Level 1:colcon.colcon_core.package_identification:_identify(meshes/lower_forearm) by extensions ['cmake', 'python']
[0.200s] Level 1:colcon.colcon_core.package_identification:_identify(meshes/lower_forearm) by extension 'cmake'
[0.200s] Level 1:colcon.colcon_core.package_identification:_identify(meshes/lower_forearm) by extension 'python'
[0.200s] Level 1:colcon.colcon_core.package_identification:_identify(meshes/lower_forearm) by extensions ['python_setup_py']
[0.200s] Level 1:colcon.colcon_core.package_identification:_identify(meshes/lower_forearm) by extension 'python_setup_py'
[0.201s] Level 1:colcon.colcon_core.package_identification:_identify(meshes/lower_shoulder) by extensions ['ignore', 'ignore_ament_install']
[0.201s] Level 1:colcon.colcon_core.package_identification:_identify(meshes/lower_shoulder) by extension 'ignore'
[0.201s] Level 1:colcon.colcon_core.package_identification:_identify(meshes/lower_shoulder) by extension 'ignore_ament_install'
[0.201s] Level 1:colcon.colcon_core.package_identification:_identify(meshes/lower_shoulder) by extensions ['colcon_pkg']
[0.201s] Level 1:colcon.colcon_core.package_identification:_identify(meshes/lower_shoulder) by extension 'colcon_pkg'
[0.201s] Level 1:colcon.colcon_core.package_identification:_identify(meshes/lower_shoulder) by extensions ['colcon_meta']
[0.201s] Level 1:colcon.colcon_core.package_identification:_identify(meshes/lower_shoulder) by extension 'colcon_meta'
[0.201s] Level 1:colcon.colcon_core.package_identification:_identify(meshes/lower_shoulder) by extensions ['ros']
[0.201s] Level 1:colcon.colcon_core.package_identification:_identify(meshes/lower_shoulder) by extension 'ros'
[0.201s] Level 1:colcon.colcon_core.package_identification:_identify(meshes/lower_shoulder) by extensions ['cmake', 'python']
[0.201s] Level 1:colcon.colcon_core.package_identification:_identify(meshes/lower_shoulder) by extension 'cmake'
[0.201s] Level 1:colcon.colcon_core.package_identification:_identify(meshes/lower_shoulder) by extension 'python'
[0.201s] Level 1:colcon.colcon_core.package_identification:_identify(meshes/lower_shoulder) by extensions ['python_setup_py']
[0.201s] Level 1:colcon.colcon_core.package_identification:_identify(meshes/lower_shoulder) by extension 'python_setup_py'
[0.201s] Level 1:colcon.colcon_core.package_identification:_identify(meshes/torso) by extensions ['ignore', 'ignore_ament_install']
[0.201s] Level 1:colcon.colcon_core.package_identification:_identify(meshes/torso) by extension 'ignore'
[0.201s] Level 1:colcon.colcon_core.package_identification:_identify(meshes/torso) by extension 'ignore_ament_install'
[0.201s] Level 1:colcon.colcon_core.package_identification:_identify(meshes/torso) by extensions ['colcon_pkg']
[0.201s] Level 1:colcon.colcon_core.package_identification:_identify(meshes/torso) by extension 'colcon_pkg'
[0.201s] Level 1:colcon.colcon_core.package_identification:_identify(meshes/torso) by extensions ['colcon_meta']
[0.201s] Level 1:colcon.colcon_core.package_identification:_identify(meshes/torso) by extension 'colcon_meta'
[0.201s] Level 1:colcon.colcon_core.package_identification:_identify(meshes/torso) by extensions ['ros']
[0.201s] Level 1:colcon.colcon_core.package_identification:_identify(meshes/torso) by extension 'ros'
[0.201s] Level 1:colcon.colcon_core.package_identification:_identify(meshes/torso) by extensions ['cmake', 'python']
[0.201s] Level 1:colcon.colcon_core.package_identification:_identify(meshes/torso) by extension 'cmake'
[0.202s] Level 1:colcon.colcon_core.package_identification:_identify(meshes/torso) by extension 'python'
[0.202s] Level 1:colcon.colcon_core.package_identification:_identify(meshes/torso) by extensions ['python_setup_py']
[0.202s] Level 1:colcon.colcon_core.package_identification:_identify(meshes/torso) by extension 'python_setup_py'
[0.202s] Level 1:colcon.colcon_core.package_identification:_identify(meshes/upper_elbow) by extensions ['ignore', 'ignore_ament_install']
[0.202s] Level 1:colcon.colcon_core.package_identification:_identify(meshes/upper_elbow) by extension 'ignore'
[0.202s] Level 1:colcon.colcon_core.package_identification:_identify(meshes/upper_elbow) by extension 'ignore_ament_install'
[0.202s] Level 1:colcon.colcon_core.package_identification:_identify(meshes/upper_elbow) by extensions ['colcon_pkg']
[0.202s] Level 1:colcon.colcon_core.package_identification:_identify(meshes/upper_elbow) by extension 'colcon_pkg'
[0.202s] Level 1:colcon.colcon_core.package_identification:_identify(meshes/upper_elbow) by extensions ['colcon_meta']
[0.202s] Level 1:colcon.colcon_core.package_identification:_identify(meshes/upper_elbow) by extension 'colcon_meta'
[0.202s] Level 1:colcon.colcon_core.package_identification:_identify(meshes/upper_elbow) by extensions ['ros']
[0.202s] Level 1:colcon.colcon_core.package_identification:_identify(meshes/upper_elbow) by extension 'ros'
[0.202s] Level 1:colcon.colcon_core.package_identification:_identify(meshes/upper_elbow) by extensions ['cmake', 'python']
[0.202s] Level 1:colcon.colcon_core.package_identification:_identify(meshes/upper_elbow) by extension 'cmake'
[0.202s] Level 1:colcon.colcon_core.package_identification:_identify(meshes/upper_elbow) by extension 'python'
[0.202s] Level 1:colcon.colcon_core.package_identification:_identify(meshes/upper_elbow) by extensions ['python_setup_py']
[0.202s] Level 1:colcon.colcon_core.package_identification:_identify(meshes/upper_elbow) by extension 'python_setup_py'
[0.202s] Level 1:colcon.colcon_core.package_identification:_identify(meshes/upper_forearm) by extensions ['ignore', 'ignore_ament_install']
[0.202s] Level 1:colcon.colcon_core.package_identification:_identify(meshes/upper_forearm) by extension 'ignore'
[0.202s] Level 1:colcon.colcon_core.package_identification:_identify(meshes/upper_forearm) by extension 'ignore_ament_install'
[0.202s] Level 1:colcon.colcon_core.package_identification:_identify(meshes/upper_forearm) by extensions ['colcon_pkg']
[0.202s] Level 1:colcon.colcon_core.package_identification:_identify(meshes/upper_forearm) by extension 'colcon_pkg'
[0.202s] Level 1:colcon.colcon_core.package_identification:_identify(meshes/upper_forearm) by extensions ['colcon_meta']
[0.202s] Level 1:colcon.colcon_core.package_identification:_identify(meshes/upper_forearm) by extension 'colcon_meta'
[0.202s] Level 1:colcon.colcon_core.package_identification:_identify(meshes/upper_forearm) by extensions ['ros']
[0.202s] Level 1:colcon.colcon_core.package_identification:_identify(meshes/upper_forearm) by extension 'ros'
[0.202s] Level 1:colcon.colcon_core.package_identification:_identify(meshes/upper_forearm) by extensions ['cmake', 'python']
[0.203s] Level 1:colcon.colcon_core.package_identification:_identify(meshes/upper_forearm) by extension 'cmake'
[0.203s] Level 1:colcon.colcon_core.package_identification:_identify(meshes/upper_forearm) by extension 'python'
[0.203s] Level 1:colcon.colcon_core.package_identification:_identify(meshes/upper_forearm) by extensions ['python_setup_py']
[0.203s] Level 1:colcon.colcon_core.package_identification:_identify(meshes/upper_forearm) by extension 'python_setup_py'
[0.203s] Level 1:colcon.colcon_core.package_identification:_identify(meshes/upper_shoulder) by extensions ['ignore', 'ignore_ament_install']
[0.203s] Level 1:colcon.colcon_core.package_identification:_identify(meshes/upper_shoulder) by extension 'ignore'
[0.203s] Level 1:colcon.colcon_core.package_identification:_identify(meshes/upper_shoulder) by extension 'ignore_ament_install'
[0.203s] Level 1:colcon.colcon_core.package_identification:_identify(meshes/upper_shoulder) by extensions ['colcon_pkg']
[0.203s] Level 1:colcon.colcon_core.package_identification:_identify(meshes/upper_shoulder) by extension 'colcon_pkg'
[0.203s] Level 1:colcon.colcon_core.package_identification:_identify(meshes/upper_shoulder) by extensions ['colcon_meta']
[0.203s] Level 1:colcon.colcon_core.package_identification:_identify(meshes/upper_shoulder) by extension 'colcon_meta'
[0.203s] Level 1:colcon.colcon_core.package_identification:_identify(meshes/upper_shoulder) by extensions ['ros']
[0.203s] Level 1:colcon.colcon_core.package_identification:_identify(meshes/upper_shoulder) by extension 'ros'
[0.203s] Level 1:colcon.colcon_core.package_identification:_identify(meshes/upper_shoulder) by extensions ['cmake', 'python']
[0.203s] Level 1:colcon.colcon_core.package_identification:_identify(meshes/upper_shoulder) by extension 'cmake'
[0.203s] Level 1:colcon.colcon_core.package_identification:_identify(meshes/upper_shoulder) by extension 'python'
[0.203s] Level 1:colcon.colcon_core.package_identification:_identify(meshes/upper_shoulder) by extensions ['python_setup_py']
[0.203s] Level 1:colcon.colcon_core.package_identification:_identify(meshes/upper_shoulder) by extension 'python_setup_py'
[0.203s] Level 1:colcon.colcon_core.package_identification:_identify(meshes/wrist) by extensions ['ignore', 'ignore_ament_install']
[0.203s] Level 1:colcon.colcon_core.package_identification:_identify(meshes/wrist) by extension 'ignore'
[0.203s] Level 1:colcon.colcon_core.package_identification:_identify(meshes/wrist) by extension 'ignore_ament_install'
[0.203s] Level 1:colcon.colcon_core.package_identification:_identify(meshes/wrist) by extensions ['colcon_pkg']
[0.203s] Level 1:colcon.colcon_core.package_identification:_identify(meshes/wrist) by extension 'colcon_pkg'
[0.203s] Level 1:colcon.colcon_core.package_identification:_identify(meshes/wrist) by extensions ['colcon_meta']
[0.203s] Level 1:colcon.colcon_core.package_identification:_identify(meshes/wrist) by extension 'colcon_meta'
[0.203s] Level 1:colcon.colcon_core.package_identification:_identify(meshes/wrist) by extensions ['ros']
[0.203s] Level 1:colcon.colcon_core.package_identification:_identify(meshes/wrist) by extension 'ros'
[0.204s] Level 1:colcon.colcon_core.package_identification:_identify(meshes/wrist) by extensions ['cmake', 'python']
[0.204s] Level 1:colcon.colcon_core.package_identification:_identify(meshes/wrist) by extension 'cmake'
[0.204s] Level 1:colcon.colcon_core.package_identification:_identify(meshes/wrist) by extension 'python'
[0.204s] Level 1:colcon.colcon_core.package_identification:_identify(meshes/wrist) by extensions ['python_setup_py']
[0.204s] Level 1:colcon.colcon_core.package_identification:_identify(meshes/wrist) by extension 'python_setup_py'
[0.204s] Level 1:colcon.colcon_core.package_identification:_identify(src) by extensions ['ignore', 'ignore_ament_install']
[0.204s] Level 1:colcon.colcon_core.package_identification:_identify(src) by extension 'ignore'
[0.204s] Level 1:colcon.colcon_core.package_identification:_identify(src) by extension 'ignore_ament_install'
[0.204s] Level 1:colcon.colcon_core.package_identification:_identify(src) by extensions ['colcon_pkg']
[0.204s] Level 1:colcon.colcon_core.package_identification:_identify(src) by extension 'colcon_pkg'
[0.204s] Level 1:colcon.colcon_core.package_identification:_identify(src) by extensions ['colcon_meta']
[0.204s] Level 1:colcon.colcon_core.package_identification:_identify(src) by extension 'colcon_meta'
[0.204s] Level 1:colcon.colcon_core.package_identification:_identify(src) by extensions ['ros']
[0.204s] Level 1:colcon.colcon_core.package_identification:_identify(src) by extension 'ros'
[0.204s] Level 1:colcon.colcon_core.package_identification:_identify(src) by extensions ['cmake', 'python']
[0.204s] Level 1:colcon.colcon_core.package_identification:_identify(src) by extension 'cmake'
[0.204s] Level 1:colcon.colcon_core.package_identification:_identify(src) by extension 'python'
[0.204s] Level 1:colcon.colcon_core.package_identification:_identify(src) by extensions ['python_setup_py']
[0.204s] Level 1:colcon.colcon_core.package_identification:_identify(src) by extension 'python_setup_py'
[0.204s] Level 1:colcon.colcon_core.package_identification:_identify(src/baxter_core_msgs) by extensions ['ignore', 'ignore_ament_install']
[0.204s] Level 1:colcon.colcon_core.package_identification:_identify(src/baxter_core_msgs) by extension 'ignore'
[0.204s] Level 1:colcon.colcon_core.package_identification:_identify(src/baxter_core_msgs) by extension 'ignore_ament_install'
[0.204s] Level 1:colcon.colcon_core.package_identification:_identify(src/baxter_core_msgs) by extensions ['colcon_pkg']
[0.204s] Level 1:colcon.colcon_core.package_identification:_identify(src/baxter_core_msgs) by extension 'colcon_pkg'
[0.204s] Level 1:colcon.colcon_core.package_identification:_identify(src/baxter_core_msgs) by extensions ['colcon_meta']
[0.204s] Level 1:colcon.colcon_core.package_identification:_identify(src/baxter_core_msgs) by extension 'colcon_meta'
[0.205s] Level 1:colcon.colcon_core.package_identification:_identify(src/baxter_core_msgs) by extensions ['ros']
[0.205s] Level 1:colcon.colcon_core.package_identification:_identify(src/baxter_core_msgs) by extension 'ros'
[0.206s] DEBUG:colcon.colcon_core.package_identification:Package 'src/baxter_core_msgs' with type 'ros.ament_cmake' and name 'baxter_core_msgs'
[0.207s] Level 1:colcon.colcon_core.package_identification:_identify(src/baxter_description) by extensions ['ignore', 'ignore_ament_install']
[0.207s] Level 1:colcon.colcon_core.package_identification:_identify(src/baxter_description) by extension 'ignore'
[0.207s] Level 1:colcon.colcon_core.package_identification:_identify(src/baxter_description) by extension 'ignore_ament_install'
[0.207s] Level 1:colcon.colcon_core.package_identification:_identify(src/baxter_description) by extensions ['colcon_pkg']
[0.207s] Level 1:colcon.colcon_core.package_identification:_identify(src/baxter_description) by extension 'colcon_pkg'
[0.207s] Level 1:colcon.colcon_core.package_identification:_identify(src/baxter_description) by extensions ['colcon_meta']
[0.207s] Level 1:colcon.colcon_core.package_identification:_identify(src/baxter_description) by extension 'colcon_meta'
[0.207s] Level 1:colcon.colcon_core.package_identification:_identify(src/baxter_description) by extensions ['ros']
[0.207s] Level 1:colcon.colcon_core.package_identification:_identify(src/baxter_description) by extension 'ros'
[0.207s] DEBUG:colcon.colcon_core.package_identification:Package 'src/baxter_description' with type 'ros.ament_cmake' and name 'baxter_description'
[0.207s] Level 1:colcon.colcon_core.package_identification:_identify(src/baxter_maintenance_msgs) by extensions ['ignore', 'ignore_ament_install']
[0.207s] Level 1:colcon.colcon_core.package_identification:_identify(src/baxter_maintenance_msgs) by extension 'ignore'
[0.207s] Level 1:colcon.colcon_core.package_identification:_identify(src/baxter_maintenance_msgs) by extension 'ignore_ament_install'
[0.208s] Level 1:colcon.colcon_core.package_identification:_identify(src/baxter_maintenance_msgs) by extensions ['colcon_pkg']
[0.208s] Level 1:colcon.colcon_core.package_identification:_identify(src/baxter_maintenance_msgs) by extension 'colcon_pkg'
[0.208s] Level 1:colcon.colcon_core.package_identification:_identify(src/baxter_maintenance_msgs) by extensions ['colcon_meta']
[0.208s] Level 1:colcon.colcon_core.package_identification:_identify(src/baxter_maintenance_msgs) by extension 'colcon_meta'
[0.208s] Level 1:colcon.colcon_core.package_identification:_identify(src/baxter_maintenance_msgs) by extensions ['ros']
[0.208s] Level 1:colcon.colcon_core.package_identification:_identify(src/baxter_maintenance_msgs) by extension 'ros'
[0.208s] DEBUG:colcon.colcon_core.package_identification:Package 'src/baxter_maintenance_msgs' with type 'ros.ament_cmake' and name 'baxter_maintenance_msgs'
[0.208s] Level 1:colcon.colcon_core.package_identification:_identify(src/baxter_moveit_config) by extensions ['ignore', 'ignore_ament_install']
[0.208s] Level 1:colcon.colcon_core.package_identification:_identify(src/baxter_moveit_config) by extension 'ignore'
[0.208s] Level 1:colcon.colcon_core.package_identification:_identify(src/baxter_moveit_config) by extension 'ignore_ament_install'
[0.208s] Level 1:colcon.colcon_core.package_identification:_identify(src/baxter_moveit_config) by extensions ['colcon_pkg']
[0.208s] Level 1:colcon.colcon_core.package_identification:_identify(src/baxter_moveit_config) by extension 'colcon_pkg'
[0.208s] Level 1:colcon.colcon_core.package_identification:_identify(src/baxter_moveit_config) by extensions ['colcon_meta']
[0.208s] Level 1:colcon.colcon_core.package_identification:_identify(src/baxter_moveit_config) by extension 'colcon_meta'
[0.208s] Level 1:colcon.colcon_core.package_identification:_identify(src/baxter_moveit_config) by extensions ['ros']
[0.208s] Level 1:colcon.colcon_core.package_identification:_identify(src/baxter_moveit_config) by extension 'ros'
[0.209s] DEBUG:colcon.colcon_core.package_identification:Package 'src/baxter_moveit_config' with type 'ros.ament_cmake' and name 'baxter_moveit_config'
[0.209s] Level 1:colcon.colcon_core.package_identification:_identify(src/my_custom_msgs) by extensions ['ignore', 'ignore_ament_install']
[0.209s] Level 1:colcon.colcon_core.package_identification:_identify(src/my_custom_msgs) by extension 'ignore'
[0.209s] Level 1:colcon.colcon_core.package_identification:_identify(src/my_custom_msgs) by extension 'ignore_ament_install'
[0.209s] Level 1:colcon.colcon_core.package_identification:_identify(src/my_custom_msgs) by extensions ['colcon_pkg']
[0.209s] Level 1:colcon.colcon_core.package_identification:_identify(src/my_custom_msgs) by extension 'colcon_pkg'
[0.209s] Level 1:colcon.colcon_core.package_identification:_identify(src/my_custom_msgs) by extensions ['colcon_meta']
[0.209s] Level 1:colcon.colcon_core.package_identification:_identify(src/my_custom_msgs) by extension 'colcon_meta'
[0.209s] Level 1:colcon.colcon_core.package_identification:_identify(src/my_custom_msgs) by extensions ['ros']
[0.209s] Level 1:colcon.colcon_core.package_identification:_identify(src/my_custom_msgs) by extension 'ros'
[0.209s] Level 1:colcon.colcon_core.package_identification:_identify(src/my_custom_msgs) by extensions ['cmake', 'python']
[0.209s] Level 1:colcon.colcon_core.package_identification:_identify(src/my_custom_msgs) by extension 'cmake'
[0.209s] Level 1:colcon.colcon_core.package_identification:_identify(src/my_custom_msgs) by extension 'python'
[0.209s] Level 1:colcon.colcon_core.package_identification:_identify(src/my_custom_msgs) by extensions ['python_setup_py']
[0.209s] Level 1:colcon.colcon_core.package_identification:_identify(src/my_custom_msgs) by extension 'python_setup_py'
[0.210s] Level 1:colcon.colcon_core.package_identification:_identify(src/my_custom_msgs/msg) by extensions ['ignore', 'ignore_ament_install']
[0.210s] Level 1:colcon.colcon_core.package_identification:_identify(src/my_custom_msgs/msg) by extension 'ignore'
[0.210s] Level 1:colcon.colcon_core.package_identification:_identify(src/my_custom_msgs/msg) by extension 'ignore_ament_install'
[0.210s] Level 1:colcon.colcon_core.package_identification:_identify(src/my_custom_msgs/msg) by extensions ['colcon_pkg']
[0.210s] Level 1:colcon.colcon_core.package_identification:_identify(src/my_custom_msgs/msg) by extension 'colcon_pkg'
[0.210s] Level 1:colcon.colcon_core.package_identification:_identify(src/my_custom_msgs/msg) by extensions ['colcon_meta']
[0.210s] Level 1:colcon.colcon_core.package_identification:_identify(src/my_custom_msgs/msg) by extension 'colcon_meta'
[0.210s] Level 1:colcon.colcon_core.package_identification:_identify(src/my_custom_msgs/msg) by extensions ['ros']
[0.210s] Level 1:colcon.colcon_core.package_identification:_identify(src/my_custom_msgs/msg) by extension 'ros'
[0.210s] Level 1:colcon.colcon_core.package_identification:_identify(src/my_custom_msgs/msg) by extensions ['cmake', 'python']
[0.210s] Level 1:colcon.colcon_core.package_identification:_identify(src/my_custom_msgs/msg) by extension 'cmake'
[0.210s] Level 1:colcon.colcon_core.package_identification:_identify(src/my_custom_msgs/msg) by extension 'python'
[0.210s] Level 1:colcon.colcon_core.package_identification:_identify(src/my_custom_msgs/msg) by extensions ['python_setup_py']
[0.210s] Level 1:colcon.colcon_core.package_identification:_identify(src/my_custom_msgs/msg) by extension 'python_setup_py'
[0.210s] Level 1:colcon.colcon_core.package_identification:_identify(src/my_ros2_test_package) by extensions ['ignore', 'ignore_ament_install']
[0.210s] Level 1:colcon.colcon_core.package_identification:_identify(src/my_ros2_test_package) by extension 'ignore'
[0.210s] Level 1:colcon.colcon_core.package_identification:_identify(src/my_ros2_test_package) by extension 'ignore_ament_install'
[0.210s] Level 1:colcon.colcon_core.package_identification:_identify(src/my_ros2_test_package) by extensions ['colcon_pkg']
[0.210s] Level 1:colcon.colcon_core.package_identification:_identify(src/my_ros2_test_package) by extension 'colcon_pkg'
[0.210s] Level 1:colcon.colcon_core.package_identification:_identify(src/my_ros2_test_package) by extensions ['colcon_meta']
[0.210s] Level 1:colcon.colcon_core.package_identification:_identify(src/my_ros2_test_package) by extension 'colcon_meta'
[0.210s] Level 1:colcon.colcon_core.package_identification:_identify(src/my_ros2_test_package) by extensions ['ros']
[0.210s] Level 1:colcon.colcon_core.package_identification:_identify(src/my_ros2_test_package) by extension 'ros'
[0.211s] DEBUG:colcon.colcon_core.package_identification:Package 'src/my_ros2_test_package' with type 'ros.ament_python' and name 'my_ros2_test_package'
[0.211s] Level 1:colcon.colcon_core.package_identification:_identify(src/rethink_ee_description) by extensions ['ignore', 'ignore_ament_install']
[0.211s] Level 1:colcon.colcon_core.package_identification:_identify(src/rethink_ee_description) by extension 'ignore'
[0.211s] Level 1:colcon.colcon_core.package_identification:_identify(src/rethink_ee_description) by extension 'ignore_ament_install'
[0.211s] Level 1:colcon.colcon_core.package_identification:_identify(src/rethink_ee_description) by extensions ['colcon_pkg']
[0.211s] Level 1:colcon.colcon_core.package_identification:_identify(src/rethink_ee_description) by extension 'colcon_pkg'
[0.211s] Level 1:colcon.colcon_core.package_identification:_identify(src/rethink_ee_description) by extensions ['colcon_meta']
[0.211s] Level 1:colcon.colcon_core.package_identification:_identify(src/rethink_ee_description) by extension 'colcon_meta'
[0.211s] Level 1:colcon.colcon_core.package_identification:_identify(src/rethink_ee_description) by extensions ['ros']
[0.211s] Level 1:colcon.colcon_core.package_identification:_identify(src/rethink_ee_description) by extension 'ros'
[0.212s] DEBUG:colcon.colcon_core.package_identification:Package 'src/rethink_ee_description' with type 'ros.ament_cmake' and name 'rethink_ee_description'
[0.212s] Level 1:colcon.colcon_core.package_identification:_identify(urdf) by extensions ['ignore', 'ignore_ament_install']
[0.212s] Level 1:colcon.colcon_core.package_identification:_identify(urdf) by extension 'ignore'
[0.212s] Level 1:colcon.colcon_core.package_identification:_identify(urdf) by extension 'ignore_ament_install'
[0.212s] Level 1:colcon.colcon_core.package_identification:_identify(urdf) by extensions ['colcon_pkg']
[0.212s] Level 1:colcon.colcon_core.package_identification:_identify(urdf) by extension 'colcon_pkg'
[0.212s] Level 1:colcon.colcon_core.package_identification:_identify(urdf) by extensions ['colcon_meta']
[0.212s] Level 1:colcon.colcon_core.package_identification:_identify(urdf) by extension 'colcon_meta'
[0.212s] Level 1:colcon.colcon_core.package_identification:_identify(urdf) by extensions ['ros']
[0.212s] Level 1:colcon.colcon_core.package_identification:_identify(urdf) by extension 'ros'
[0.212s] Level 1:colcon.colcon_core.package_identification:_identify(urdf) by extensions ['cmake', 'python']
[0.212s] Level 1:colcon.colcon_core.package_identification:_identify(urdf) by extension 'cmake'
[0.212s] Level 1:colcon.colcon_core.package_identification:_identify(urdf) by extension 'python'
[0.212s] Level 1:colcon.colcon_core.package_identification:_identify(urdf) by extensions ['python_setup_py']
[0.212s] Level 1:colcon.colcon_core.package_identification:_identify(urdf) by extension 'python_setup_py'
[0.212s] Level 1:colcon.colcon_core.package_identification:_identify(urdf/baxter_base) by extensions ['ignore', 'ignore_ament_install']
[0.212s] Level 1:colcon.colcon_core.package_identification:_identify(urdf/baxter_base) by extension 'ignore'
[0.212s] Level 1:colcon.colcon_core.package_identification:_identify(urdf/baxter_base) by extension 'ignore_ament_install'
[0.212s] Level 1:colcon.colcon_core.package_identification:_identify(urdf/baxter_base) by extensions ['colcon_pkg']
[0.212s] Level 1:colcon.colcon_core.package_identification:_identify(urdf/baxter_base) by extension 'colcon_pkg'
[0.212s] Level 1:colcon.colcon_core.package_identification:_identify(urdf/baxter_base) by extensions ['colcon_meta']
[0.212s] Level 1:colcon.colcon_core.package_identification:_identify(urdf/baxter_base) by extension 'colcon_meta'
[0.213s] Level 1:colcon.colcon_core.package_identification:_identify(urdf/baxter_base) by extensions ['ros']
[0.213s] Level 1:colcon.colcon_core.package_identification:_identify(urdf/baxter_base) by extension 'ros'
[0.213s] Level 1:colcon.colcon_core.package_identification:_identify(urdf/baxter_base) by extensions ['cmake', 'python']
[0.213s] Level 1:colcon.colcon_core.package_identification:_identify(urdf/baxter_base) by extension 'cmake'
[0.213s] Level 1:colcon.colcon_core.package_identification:_identify(urdf/baxter_base) by extension 'python'
[0.213s] Level 1:colcon.colcon_core.package_identification:_identify(urdf/baxter_base) by extensions ['python_setup_py']
[0.213s] Level 1:colcon.colcon_core.package_identification:_identify(urdf/baxter_base) by extension 'python_setup_py'
[0.213s] Level 1:colcon.colcon_core.package_identification:_identify(urdf/pedestal) by extensions ['ignore', 'ignore_ament_install']
[0.213s] Level 1:colcon.colcon_core.package_identification:_identify(urdf/pedestal) by extension 'ignore'
[0.213s] Level 1:colcon.colcon_core.package_identification:_identify(urdf/pedestal) by extension 'ignore_ament_install'
[0.213s] Level 1:colcon.colcon_core.package_identification:_identify(urdf/pedestal) by extensions ['colcon_pkg']
[0.213s] Level 1:colcon.colcon_core.package_identification:_identify(urdf/pedestal) by extension 'colcon_pkg'
[0.213s] Level 1:colcon.colcon_core.package_identification:_identify(urdf/pedestal) by extensions ['colcon_meta']
[0.213s] Level 1:colcon.colcon_core.package_identification:_identify(urdf/pedestal) by extension 'colcon_meta'
[0.213s] Level 1:colcon.colcon_core.package_identification:_identify(urdf/pedestal) by extensions ['ros']
[0.213s] Level 1:colcon.colcon_core.package_identification:_identify(urdf/pedestal) by extension 'ros'
[0.213s] Level 1:colcon.colcon_core.package_identification:_identify(urdf/pedestal) by extensions ['cmake', 'python']
[0.213s] Level 1:colcon.colcon_core.package_identification:_identify(urdf/pedestal) by extension 'cmake'
[0.213s] Level 1:colcon.colcon_core.package_identification:_identify(urdf/pedestal) by extension 'python'
[0.213s] Level 1:colcon.colcon_core.package_identification:_identify(urdf/pedestal) by extensions ['python_setup_py']
[0.213s] Level 1:colcon.colcon_core.package_identification:_identify(urdf/pedestal) by extension 'python_setup_py'
[0.213s] Level 1:colcon.colcon_core.package_discovery:discover_packages(recursive) using defaults
[0.213s] Level 1:colcon.colcon_core.package_discovery:discover_packages(ignore) discover
[0.213s] Level 1:colcon.colcon_core.package_discovery:discover_packages(ignore) using defaults
[0.213s] Level 1:colcon.colcon_core.package_discovery:discover_packages(path) discover
[0.213s] Level 1:colcon.colcon_core.package_discovery:discover_packages(path) using defaults
[0.228s] INFO:colcon.colcon_core.package_selection:Skipping not selected package 'baxter_core_msgs' in 'src/baxter_core_msgs'
[0.228s] INFO:colcon.colcon_core.package_selection:Skipping not selected package 'baxter_maintenance_msgs' in 'src/baxter_maintenance_msgs'
[0.228s] INFO:colcon.colcon_core.package_selection:Skipping not selected package 'my_ros2_test_package' in 'src/my_ros2_test_package'
[0.228s] INFO:colcon.colcon_core.package_selection:Skipping not selected package 'rethink_ee_description' in 'src/rethink_ee_description'
[0.228s] INFO:colcon.colcon_core.package_selection:Skipping not selected package 'baxter_description' in 'src/baxter_description'
[0.229s] Level 5:colcon.colcon_core.verb:set package 'baxter_moveit_config' build argument 'cmake_args' from command line to 'None'
[0.229s] Level 5:colcon.colcon_core.verb:set package 'baxter_moveit_config' build argument 'cmake_target' from command line to 'None'
[0.229s] Level 5:colcon.colcon_core.verb:set package 'baxter_moveit_config' build argument 'cmake_target_skip_unavailable' from command line to 'False'
[0.229s] Level 5:colcon.colcon_core.verb:set package 'baxter_moveit_config' build argument 'cmake_clean_cache' from command line to 'False'
[0.229s] Level 5:colcon.colcon_core.verb:set package 'baxter_moveit_config' build argument 'cmake_clean_first' from command line to 'False'
[0.229s] Level 5:colcon.colcon_core.verb:set package 'baxter_moveit_config' build argument 'cmake_force_configure' from command line to 'False'
[0.229s] Level 5:colcon.colcon_core.verb:set package 'baxter_moveit_config' build argument 'ament_cmake_args' from command line to 'None'
[0.229s] Level 5:colcon.colcon_core.verb:set package 'baxter_moveit_config' build argument 'catkin_cmake_args' from command line to 'None'
[0.229s] Level 5:colcon.colcon_core.verb:set package 'baxter_moveit_config' build argument 'catkin_skip_building_tests' from command line to 'False'
[0.229s] DEBUG:colcon.colcon_core.verb:Building package 'baxter_moveit_config' with the following arguments: {'ament_cmake_args': None, 'build_base': '/shared_ws/build/baxter_moveit_config', 'catkin_cmake_args': None, 'catkin_skip_building_tests': False, 'cmake_args': None, 'cmake_clean_cache': False, 'cmake_clean_first': False, 'cmake_force_configure': False, 'cmake_target': None, 'cmake_target_skip_unavailable': False, 'install_base': '/shared_ws/install/baxter_moveit_config', 'merge_install': False, 'path': '/shared_ws/src/baxter_moveit_config', 'symlink_install': False, 'test_result_base': None}
[0.229s] INFO:colcon.colcon_core.executor:Executing jobs using 'parallel' executor
[0.229s] DEBUG:colcon.colcon_parallel_executor.executor.parallel:run_until_complete
[0.230s] INFO:colcon.colcon_ros.task.ament_cmake.build:Building ROS package in '/shared_ws/src/baxter_moveit_config' with build type 'ament_cmake'
[0.230s] INFO:colcon.colcon_cmake.task.cmake.build:Building CMake package in '/shared_ws/src/baxter_moveit_config'
[0.231s] INFO:colcon.colcon_core.plugin_system:Skipping extension 'colcon_core.shell.bat': Not used on non-Windows systems
[0.232s] INFO:colcon.colcon_core.shell:Skip shell extension 'powershell' for command environment: Not usable outside of PowerShell
[0.232s] DEBUG:colcon.colcon_core.shell:Skip shell extension 'dsv' for command environment
[0.238s] DEBUG:colcon.colcon_core.event_handler.log_command:Invoking command in '/shared_ws/build/baxter_moveit_config': AMENT_PREFIX_PATH=/shared_ws/install/baxter_description:/shared_ws/install/rethink_ee_description:${AMENT_PREFIX_PATH} CMAKE_PREFIX_PATH=/shared_ws/install/baxter_description:/shared_ws/install/rethink_ee_description:/opt/ros/humble /usr/bin/cmake --build /shared_ws/build/baxter_moveit_config -- -j16 -l16
[0.258s] DEBUG:colcon.colcon_core.event_handler.log_command:Invoked command in '/shared_ws/build/baxter_moveit_config' returned '0': AMENT_PREFIX_PATH=/shared_ws/install/baxter_description:/shared_ws/install/rethink_ee_description:${AMENT_PREFIX_PATH} CMAKE_PREFIX_PATH=/shared_ws/install/baxter_description:/shared_ws/install/rethink_ee_description:/opt/ros/humble /usr/bin/cmake --build /shared_ws/build/baxter_moveit_config -- -j16 -l16
[0.263s] DEBUG:colcon.colcon_core.event_handler.log_command:Invoking command in '/shared_ws/build/baxter_moveit_config': AMENT_PREFIX_PATH=/shared_ws/install/baxter_description:/shared_ws/install/rethink_ee_description:${AMENT_PREFIX_PATH} CMAKE_PREFIX_PATH=/shared_ws/install/baxter_description:/shared_ws/install/rethink_ee_description:/opt/ros/humble /usr/bin/cmake --install /shared_ws/build/baxter_moveit_config
[0.268s] Level 1:colcon.colcon_core.environment:create_environment_scripts_only(baxter_moveit_config)
[0.269s] DEBUG:colcon.colcon_core.event_handler.log_command:Invoked command in '/shared_ws/build/baxter_moveit_config' returned '0': AMENT_PREFIX_PATH=/shared_ws/install/baxter_description:/shared_ws/install/rethink_ee_description:${AMENT_PREFIX_PATH} CMAKE_PREFIX_PATH=/shared_ws/install/baxter_description:/shared_ws/install/rethink_ee_description:/opt/ros/humble /usr/bin/cmake --install /shared_ws/build/baxter_moveit_config
[0.270s] Level 1:colcon.colcon_core.environment:checking '/shared_ws/install/baxter_moveit_config' for CMake module files
[0.271s] Level 1:colcon.colcon_core.environment:checking '/shared_ws/install/baxter_moveit_config' for CMake config files
[0.271s] Level 1:colcon.colcon_core.shell:create_environment_hook('baxter_moveit_config', 'cmake_prefix_path')
[0.271s] INFO:colcon.colcon_core.shell:Creating environment hook '/shared_ws/install/baxter_moveit_config/share/baxter_moveit_config/hook/cmake_prefix_path.ps1'
[0.271s] INFO:colcon.colcon_core.shell:Creating environment descriptor '/shared_ws/install/baxter_moveit_config/share/baxter_moveit_config/hook/cmake_prefix_path.dsv'
[0.272s] INFO:colcon.colcon_core.shell:Creating environment hook '/shared_ws/install/baxter_moveit_config/share/baxter_moveit_config/hook/cmake_prefix_path.sh'
[0.273s] Level 1:colcon.colcon_core.environment:checking '/shared_ws/install/baxter_moveit_config/bin'
[0.273s] Level 1:colcon.colcon_core.environment:checking '/shared_ws/install/baxter_moveit_config/lib/pkgconfig/baxter_moveit_config.pc'
[0.274s] Level 1:colcon.colcon_core.environment:checking '/shared_ws/install/baxter_moveit_config/lib/python3.10/site-packages'
[0.274s] Level 1:colcon.colcon_core.environment:checking '/shared_ws/install/baxter_moveit_config/bin'
[0.274s] INFO:colcon.colcon_core.shell:Creating package script '/shared_ws/install/baxter_moveit_config/share/baxter_moveit_config/package.ps1'
[0.275s] INFO:colcon.colcon_core.shell:Creating package descriptor '/shared_ws/install/baxter_moveit_config/share/baxter_moveit_config/package.dsv'
[0.275s] INFO:colcon.colcon_core.shell:Creating package script '/shared_ws/install/baxter_moveit_config/share/baxter_moveit_config/package.sh'
[0.276s] INFO:colcon.colcon_core.shell:Creating package script '/shared_ws/install/baxter_moveit_config/share/baxter_moveit_config/package.bash'
[0.276s] INFO:colcon.colcon_core.shell:Creating package script '/shared_ws/install/baxter_moveit_config/share/baxter_moveit_config/package.zsh'
[0.277s] Level 1:colcon.colcon_core.environment:create_file_with_runtime_dependencies(/shared_ws/install/baxter_moveit_config/share/colcon-core/packages/baxter_moveit_config)
[0.277s] Level 1:colcon.colcon_core.environment:create_environment_scripts_only(baxter_moveit_config)
[0.277s] Level 1:colcon.colcon_core.environment:checking '/shared_ws/install/baxter_moveit_config' for CMake module files
[0.278s] Level 1:colcon.colcon_core.environment:checking '/shared_ws/install/baxter_moveit_config' for CMake config files
[0.278s] Level 1:colcon.colcon_core.shell:create_environment_hook('baxter_moveit_config', 'cmake_prefix_path')
[0.278s] INFO:colcon.colcon_core.shell:Creating environment hook '/shared_ws/install/baxter_moveit_config/share/baxter_moveit_config/hook/cmake_prefix_path.ps1'
[0.278s] INFO:colcon.colcon_core.shell:Creating environment descriptor '/shared_ws/install/baxter_moveit_config/share/baxter_moveit_config/hook/cmake_prefix_path.dsv'
[0.278s] INFO:colcon.colcon_core.shell:Creating environment hook '/shared_ws/install/baxter_moveit_config/share/baxter_moveit_config/hook/cmake_prefix_path.sh'
[0.279s] Level 1:colcon.colcon_core.environment:checking '/shared_ws/install/baxter_moveit_config/bin'
[0.279s] Level 1:colcon.colcon_core.environment:checking '/shared_ws/install/baxter_moveit_config/lib/pkgconfig/baxter_moveit_config.pc'
[0.279s] Level 1:colcon.colcon_core.environment:checking '/shared_ws/install/baxter_moveit_config/lib/python3.10/site-packages'
[0.279s] Level 1:colcon.colcon_core.environment:checking '/shared_ws/install/baxter_moveit_config/bin'
[0.279s] INFO:colcon.colcon_core.shell:Creating package script '/shared_ws/install/baxter_moveit_config/share/baxter_moveit_config/package.ps1'
[0.280s] INFO:colcon.colcon_core.shell:Creating package descriptor '/shared_ws/install/baxter_moveit_config/share/baxter_moveit_config/package.dsv'
[0.280s] INFO:colcon.colcon_core.shell:Creating package script '/shared_ws/install/baxter_moveit_config/share/baxter_moveit_config/package.sh'
[0.280s] INFO:colcon.colcon_core.shell:Creating package script '/shared_ws/install/baxter_moveit_config/share/baxter_moveit_config/package.bash'
[0.281s] INFO:colcon.colcon_core.shell:Creating package script '/shared_ws/install/baxter_moveit_config/share/baxter_moveit_config/package.zsh'
[0.281s] Level 1:colcon.colcon_core.environment:create_file_with_runtime_dependencies(/shared_ws/install/baxter_moveit_config/share/colcon-core/packages/baxter_moveit_config)
[0.281s] DEBUG:colcon.colcon_parallel_executor.executor.parallel:closing loop
[0.281s] DEBUG:colcon.colcon_parallel_executor.executor.parallel:loop closed
[0.281s] DEBUG:colcon.colcon_parallel_executor.executor.parallel:run_until_complete finished with '0'
[0.281s] DEBUG:colcon.colcon_core.event_reactor:joining thread
[0.285s] INFO:colcon.colcon_core.plugin_system:Skipping extension 'colcon_notification.desktop_notification.notify_send': Could not find 'notify-send'
[0.285s] INFO:colcon.colcon_core.plugin_system:Skipping extension 'colcon_notification.desktop_notification.terminal_notifier': Not used on non-Darwin systems
[0.285s] INFO:colcon.colcon_core.plugin_system:Skipping extension 'colcon_notification.desktop_notification.win32': Not used on non-Windows systems
[0.285s] INFO:colcon.colcon_notification.desktop_notification:Sending desktop notification using 'notify2'
[0.285s] DEBUG:colcon.colcon_notification.desktop_notification.notify2:Failed to initialize notify2: org.freedesktop.DBus.Error.NotSupported: Unable to autolaunch a dbus-daemon without a $DISPLAY for X11
[0.285s] DEBUG:colcon.colcon_core.event_reactor:joined thread
[0.285s] INFO:colcon.colcon_core.shell:Creating prefix script '/shared_ws/install/local_setup.ps1'
[0.286s] INFO:colcon.colcon_core.shell:Creating prefix util module '/shared_ws/install/_local_setup_util_ps1.py'
[0.287s] INFO:colcon.colcon_core.shell:Creating prefix chain script '/shared_ws/install/setup.ps1'
[0.288s] INFO:colcon.colcon_core.shell:Creating prefix script '/shared_ws/install/local_setup.sh'
[0.288s] INFO:colcon.colcon_core.shell:Creating prefix util module '/shared_ws/install/_local_setup_util_sh.py'
[0.289s] INFO:colcon.colcon_core.shell:Creating prefix chain script '/shared_ws/install/setup.sh'
[0.289s] INFO:colcon.colcon_core.shell:Creating prefix script '/shared_ws/install/local_setup.bash'
[0.290s] INFO:colcon.colcon_core.shell:Creating prefix chain script '/shared_ws/install/setup.bash'
[0.290s] INFO:colcon.colcon_core.shell:Creating prefix script '/shared_ws/install/local_setup.zsh'
[0.291s] INFO:colcon.colcon_core.shell:Creating prefix chain script '/shared_ws/install/setup.zsh'
