-- Install configuration: ""
-- Up-to-date: /shared_ws/install/baxter_moveit_config/share/baxter_moveit_config/config
-- Up-to-date: /shared_ws/install/baxter_moveit_config/share/baxter_moveit_config/config/moveit_controllers.yaml
-- Up-to-date: /shared_ws/install/baxter_moveit_config/share/baxter_moveit_config/config/joint_limits.yaml
-- Up-to-date: /shared_ws/install/baxter_moveit_config/share/baxter_moveit_config/config/kinematics.yaml
-- Up-to-date: /shared_ws/install/baxter_moveit_config/share/baxter_moveit_config/config/controllers.yaml
-- Up-to-date: /shared_ws/install/baxter_moveit_config/share/baxter_moveit_config/config/ompl_planning.yaml
-- Up-to-date: /shared_ws/install/baxter_moveit_config/share/baxter_moveit_config/launch
-- Up-to-date: /shared_ws/install/baxter_moveit_config/share/baxter_moveit_config/launch/demo.launch.py
-- Up-to-date: /shared_ws/install/baxter_moveit_config/share/baxter_moveit_config/launch/move_group.launch.py
-- Up-to-date: /shared_ws/install/baxter_moveit_config/share/baxter_moveit_config/launch/baxter_real.launch.py
-- Up-to-date: /shared_ws/install/baxter_moveit_config/share/baxter_moveit_config/srdf
-- Up-to-date: /shared_ws/install/baxter_moveit_config/share/baxter_moveit_config/srdf/baxter.srdf
-- Up-to-date: /shared_ws/install/baxter_moveit_config/share/ament_index/resource_index/package_run_dependencies/baxter_moveit_config
-- Up-to-date: /shared_ws/install/baxter_moveit_config/share/ament_index/resource_index/parent_prefix_path/baxter_moveit_config
-- Up-to-date: /shared_ws/install/baxter_moveit_config/share/baxter_moveit_config/environment/ament_prefix_path.sh
-- Up-to-date: /shared_ws/install/baxter_moveit_config/share/baxter_moveit_config/environment/ament_prefix_path.dsv
-- Up-to-date: /shared_ws/install/baxter_moveit_config/share/baxter_moveit_config/environment/path.sh
-- Up-to-date: /shared_ws/install/baxter_moveit_config/share/baxter_moveit_config/environment/path.dsv
-- Up-to-date: /shared_ws/install/baxter_moveit_config/share/baxter_moveit_config/local_setup.bash
-- Up-to-date: /shared_ws/install/baxter_moveit_config/share/baxter_moveit_config/local_setup.sh
-- Up-to-date: /shared_ws/install/baxter_moveit_config/share/baxter_moveit_config/local_setup.zsh
-- Up-to-date: /shared_ws/install/baxter_moveit_config/share/baxter_moveit_config/local_setup.dsv
-- Up-to-date: /shared_ws/install/baxter_moveit_config/share/baxter_moveit_config/package.dsv
-- Up-to-date: /shared_ws/install/baxter_moveit_config/share/ament_index/resource_index/packages/baxter_moveit_config
-- Up-to-date: /shared_ws/install/baxter_moveit_config/share/baxter_moveit_config/cmake/baxter_moveit_configConfig.cmake
-- Up-to-date: /shared_ws/install/baxter_moveit_config/share/baxter_moveit_config/cmake/baxter_moveit_configConfig-version.cmake
-- Up-to-date: /shared_ws/install/baxter_moveit_config/share/baxter_moveit_config/package.xml
