[0.000000] (-) TimerEvent: {}
[0.000040] (-) JobUnselected: {'identifier': 'baxter_bridge'}
[0.000059] (-) JobUnselected: {'identifier': 'baxter_core_msgs'}
[0.000072] (-) JobUnselected: {'identifier': 'baxter_description'}
[0.000084] (-) JobUnselected: {'identifier': 'baxter_maintenance_msgs'}
[0.000134] (-) JobUnselected: {'identifier': 'my_ros2_test_package'}
[0.000149] (-) JobUnselected: {'identifier': 'rethink_ee_description'}
[0.000161] (baxter_moveit_config) JobQueued: {'identifier': 'baxter_moveit_config', 'dependencies': OrderedDict([('rethink_ee_description', '/shared_ws/install/rethink_ee_description'), ('baxter_description', '/shared_ws/install/baxter_description')])}
[0.000177] (baxter_moveit_config) JobStarted: {'identifier': 'baxter_moveit_config'}
[0.007212] (baxter_moveit_config) JobProgress: {'identifier': 'baxter_moveit_config', 'progress': 'cmake'}
[0.008140] (baxter_moveit_config) JobProgress: {'identifier': 'baxter_moveit_config', 'progress': 'build'}
[0.008167] (baxter_moveit_config) Command: {'cmd': ['/usr/bin/cmake', '--build', '/shared_ws/build/baxter_moveit_config', '--', '-j16', '-l16'], 'cwd': '/shared_ws/build/baxter_moveit_config', 'env': OrderedDict([('HOSTNAME', 'haileesComputer'), ('SHLVL', '0'), ('LD_LIBRARY_PATH', '/opt/ros/humble/opt/rviz_ogre_vendor/lib:/opt/ros/humble/lib/x86_64-linux-gnu:/opt/ros/humble/lib'), ('HOME', '/root'), ('OLDPWD', '/ros/ws_moveit2'), ('ROS_PYTHON_VERSION', '3'), ('ROS_DISTRO', 'humble'), ('_', '/usr/bin/colcon'), ('ROS_VERSION', '2'), ('ROS_LOCALHOST_ONLY', '0'), ('PATH', '/opt/ros/humble/bin:/usr/local/sbin:/usr/local/bin:/usr/sbin:/usr/bin:/sbin:/bin'), ('DISPLAY', ':0'), ('LANG', 'C.UTF-8'), ('AMENT_PREFIX_PATH', '/shared_ws/install/baxter_description:/shared_ws/install/rethink_ee_description:/opt/ros/humble'), ('ROS_MASTER_URI', 'http://192.168.42.2:11311'), ('PWD', '/shared_ws/build/baxter_moveit_config'), ('LC_ALL', 'C.UTF-8'), ('PYTHONPATH', '/opt/ros/humble/lib/python3.10/site-packages:/opt/ros/humble/local/lib/python3.10/dist-packages'), ('COLCON', '1'), ('CMAKE_PREFIX_PATH', '/shared_ws/install/baxter_description:/shared_ws/install/rethink_ee_description:/opt/ros/humble')]), 'shell': False}
[0.029190] (baxter_moveit_config) CommandEnded: {'returncode': 0}
[0.029772] (baxter_moveit_config) JobProgress: {'identifier': 'baxter_moveit_config', 'progress': 'install'}
[0.033967] (baxter_moveit_config) Command: {'cmd': ['/usr/bin/cmake', '--install', '/shared_ws/build/baxter_moveit_config'], 'cwd': '/shared_ws/build/baxter_moveit_config', 'env': OrderedDict([('HOSTNAME', 'haileesComputer'), ('SHLVL', '0'), ('LD_LIBRARY_PATH', '/opt/ros/humble/opt/rviz_ogre_vendor/lib:/opt/ros/humble/lib/x86_64-linux-gnu:/opt/ros/humble/lib'), ('HOME', '/root'), ('OLDPWD', '/ros/ws_moveit2'), ('ROS_PYTHON_VERSION', '3'), ('ROS_DISTRO', 'humble'), ('_', '/usr/bin/colcon'), ('ROS_VERSION', '2'), ('ROS_LOCALHOST_ONLY', '0'), ('PATH', '/opt/ros/humble/bin:/usr/local/sbin:/usr/local/bin:/usr/sbin:/usr/bin:/sbin:/bin'), ('DISPLAY', ':0'), ('LANG', 'C.UTF-8'), ('AMENT_PREFIX_PATH', '/shared_ws/install/baxter_description:/shared_ws/install/rethink_ee_description:/opt/ros/humble'), ('ROS_MASTER_URI', 'http://192.168.42.2:11311'), ('PWD', '/shared_ws/build/baxter_moveit_config'), ('LC_ALL', 'C.UTF-8'), ('PYTHONPATH', '/opt/ros/humble/lib/python3.10/site-packages:/opt/ros/humble/local/lib/python3.10/dist-packages'), ('COLCON', '1'), ('CMAKE_PREFIX_PATH', '/shared_ws/install/baxter_description:/shared_ws/install/rethink_ee_description:/opt/ros/humble')]), 'shell': False}
[0.038362] (baxter_moveit_config) StdoutLine: {'line': b'-- Install configuration: ""\n'}
[0.038836] (baxter_moveit_config) StdoutLine: {'line': b'-- Up-to-date: /shared_ws/install/baxter_moveit_config/share/baxter_moveit_config/config\n'}
[0.038929] (baxter_moveit_config) StdoutLine: {'line': b'-- Up-to-date: /shared_ws/install/baxter_moveit_config/share/baxter_moveit_config/config/baxter_ros2_control.yaml\n'}
[0.039010] (baxter_moveit_config) StdoutLine: {'line': b'-- Up-to-date: /shared_ws/install/baxter_moveit_config/share/baxter_moveit_config/config/moveit_controllers.yaml\n'}
[0.039099] (baxter_moveit_config) StdoutLine: {'line': b'-- Up-to-date: /shared_ws/install/baxter_moveit_config/share/baxter_moveit_config/config/joint_limits.yaml\n'}
[0.039201] (baxter_moveit_config) StdoutLine: {'line': b'-- Up-to-date: /shared_ws/install/baxter_moveit_config/share/baxter_moveit_config/config/baxter_hardware.yaml\n'}
[0.039366] (baxter_moveit_config) StdoutLine: {'line': b'-- Up-to-date: /shared_ws/install/baxter_moveit_config/share/baxter_moveit_config/config/kinematics.yaml\n'}
[0.039460] (baxter_moveit_config) StdoutLine: {'line': b'-- Up-to-date: /shared_ws/install/baxter_moveit_config/share/baxter_moveit_config/config/controllers.yaml\n'}
[0.039779] (baxter_moveit_config) StdoutLine: {'line': b'-- Up-to-date: /shared_ws/install/baxter_moveit_config/share/baxter_moveit_config/config/ompl_planning.yaml\n'}
[0.039939] (baxter_moveit_config) StdoutLine: {'line': b'-- Up-to-date: /shared_ws/install/baxter_moveit_config/share/baxter_moveit_config/launch\n'}
[0.039988] (baxter_moveit_config) StdoutLine: {'line': b'-- Up-to-date: /shared_ws/install/baxter_moveit_config/share/baxter_moveit_config/launch/demo.launch.py\n'}
[0.040036] (baxter_moveit_config) StdoutLine: {'line': b'-- Up-to-date: /shared_ws/install/baxter_moveit_config/share/baxter_moveit_config/launch/move_group.launch.py\n'}
[0.040132] (baxter_moveit_config) StdoutLine: {'line': b'-- Up-to-date: /shared_ws/install/baxter_moveit_config/share/baxter_moveit_config/launch/baxter_real.launch.py\n'}
[0.040182] (baxter_moveit_config) StdoutLine: {'line': b'-- Up-to-date: /shared_ws/install/baxter_moveit_config/share/baxter_moveit_config/srdf\n'}
[0.040232] (baxter_moveit_config) StdoutLine: {'line': b'-- Up-to-date: /shared_ws/install/baxter_moveit_config/share/baxter_moveit_config/srdf/baxter.srdf\n'}
[0.040283] (baxter_moveit_config) StdoutLine: {'line': b'-- Up-to-date: /shared_ws/install/baxter_moveit_config/share/ament_index/resource_index/package_run_dependencies/baxter_moveit_config\n'}
[0.040333] (baxter_moveit_config) StdoutLine: {'line': b'-- Up-to-date: /shared_ws/install/baxter_moveit_config/share/ament_index/resource_index/parent_prefix_path/baxter_moveit_config\n'}
[0.040383] (baxter_moveit_config) StdoutLine: {'line': b'-- Up-to-date: /shared_ws/install/baxter_moveit_config/share/baxter_moveit_config/environment/ament_prefix_path.sh\n'}
[0.040432] (baxter_moveit_config) StdoutLine: {'line': b'-- Up-to-date: /shared_ws/install/baxter_moveit_config/share/baxter_moveit_config/environment/ament_prefix_path.dsv\n'}
[0.040481] (baxter_moveit_config) StdoutLine: {'line': b'-- Up-to-date: /shared_ws/install/baxter_moveit_config/share/baxter_moveit_config/environment/path.sh\n'}
[0.040531] (baxter_moveit_config) StdoutLine: {'line': b'-- Up-to-date: /shared_ws/install/baxter_moveit_config/share/baxter_moveit_config/environment/path.dsv\n'}
[0.040580] (baxter_moveit_config) StdoutLine: {'line': b'-- Up-to-date: /shared_ws/install/baxter_moveit_config/share/baxter_moveit_config/local_setup.bash\n'}
[0.040628] (baxter_moveit_config) StdoutLine: {'line': b'-- Up-to-date: /shared_ws/install/baxter_moveit_config/share/baxter_moveit_config/local_setup.sh\n'}
[0.040677] (baxter_moveit_config) StdoutLine: {'line': b'-- Up-to-date: /shared_ws/install/baxter_moveit_config/share/baxter_moveit_config/local_setup.zsh\n'}
[0.040726] (baxter_moveit_config) StdoutLine: {'line': b'-- Up-to-date: /shared_ws/install/baxter_moveit_config/share/baxter_moveit_config/local_setup.dsv\n'}
[0.040775] (baxter_moveit_config) StdoutLine: {'line': b'-- Installing: /shared_ws/install/baxter_moveit_config/share/baxter_moveit_config/package.dsv\n'}
[0.040837] (baxter_moveit_config) StdoutLine: {'line': b'-- Up-to-date: /shared_ws/install/baxter_moveit_config/share/ament_index/resource_index/packages/baxter_moveit_config\n'}
[0.040890] (baxter_moveit_config) StdoutLine: {'line': b'-- Up-to-date: /shared_ws/install/baxter_moveit_config/share/baxter_moveit_config/cmake/baxter_moveit_configConfig.cmake\n'}
[0.040938] (baxter_moveit_config) StdoutLine: {'line': b'-- Up-to-date: /shared_ws/install/baxter_moveit_config/share/baxter_moveit_config/cmake/baxter_moveit_configConfig-version.cmake\n'}
[0.040988] (baxter_moveit_config) StdoutLine: {'line': b'-- Up-to-date: /shared_ws/install/baxter_moveit_config/share/baxter_moveit_config/package.xml\n'}
[0.041172] (baxter_moveit_config) CommandEnded: {'returncode': 0}
[0.053897] (baxter_moveit_config) JobEnded: {'identifier': 'baxter_moveit_config', 'rc': 0}
[0.054309] (-) EventReactorShutdown: {}
