[0.013s] Invoking command in '/shared_ws/build/rethink_ee_description': CMAKE_PREFIX_PATH=/opt/ros/humble /usr/bin/cmake --build /shared_ws/build/rethink_ee_description -- -j16 -l16
[0.037s] Invoked command in '/shared_ws/build/rethink_ee_description' returned '0': CMAKE_PREFIX_PATH=/opt/ros/humble /usr/bin/cmake --build /shared_ws/build/rethink_ee_description -- -j16 -l16
[0.043s] Invoking command in '/shared_ws/build/rethink_ee_description': CMAKE_PREFIX_PATH=/opt/ros/humble /usr/bin/cmake --install /shared_ws/build/rethink_ee_description
[0.050s] -- Install configuration: ""
[0.051s] -- Up-to-date: /shared_ws/install/rethink_ee_description/share/rethink_ee_description/meshes
[0.051s] -- Up-to-date: /shared_ws/install/rethink_ee_description/share/rethink_ee_description/meshes/electric_gripper
[0.051s] -- Up-to-date: /shared_ws/install/rethink_ee_description/share/rethink_ee_description/meshes/electric_gripper/electric_gripper_w_fingers.STL
[0.051s] -- Up-to-date: /shared_ws/install/rethink_ee_description/share/rethink_ee_description/meshes/electric_gripper/electric_gripper_base.STL
[0.051s] -- Up-to-date: /shared_ws/install/rethink_ee_description/share/rethink_ee_description/meshes/electric_gripper/fingers
[0.051s] -- Up-to-date: /shared_ws/install/rethink_ee_description/share/rethink_ee_description/meshes/electric_gripper/fingers/basic_soft_tip.DAE
[0.051s] -- Up-to-date: /shared_ws/install/rethink_ee_description/share/rethink_ee_description/meshes/electric_gripper/fingers/standard_narrow.STL
[0.051s] -- Up-to-date: /shared_ws/install/rethink_ee_description/share/rethink_ee_description/meshes/electric_gripper/fingers/standard_wide.STL
[0.052s] -- Up-to-date: /shared_ws/install/rethink_ee_description/share/rethink_ee_description/meshes/electric_gripper/fingers/paddle_tip.STL
[0.052s] -- Up-to-date: /shared_ws/install/rethink_ee_description/share/rethink_ee_description/meshes/electric_gripper/fingers/extended_wide.STL
[0.052s] -- Up-to-date: /shared_ws/install/rethink_ee_description/share/rethink_ee_description/meshes/electric_gripper/fingers/basic_hard_tip.DAE
[0.052s] -- Up-to-date: /shared_ws/install/rethink_ee_description/share/rethink_ee_description/meshes/electric_gripper/fingers/paddle_tip.DAE
[0.053s] -- Up-to-date: /shared_ws/install/rethink_ee_description/share/rethink_ee_description/meshes/electric_gripper/fingers/extended_narrow.DAE
[0.053s] -- Up-to-date: /shared_ws/install/rethink_ee_description/share/rethink_ee_description/meshes/electric_gripper/fingers/half_round_tip.DAE
[0.053s] -- Up-to-date: /shared_ws/install/rethink_ee_description/share/rethink_ee_description/meshes/electric_gripper/fingers/standard_wide.DAE
[0.053s] -- Up-to-date: /shared_ws/install/rethink_ee_description/share/rethink_ee_description/meshes/electric_gripper/fingers/extended_narrow.STL
[0.053s] -- Up-to-date: /shared_ws/install/rethink_ee_description/share/rethink_ee_description/meshes/electric_gripper/fingers/half_round_tip.STL
[0.053s] -- Up-to-date: /shared_ws/install/rethink_ee_description/share/rethink_ee_description/meshes/electric_gripper/fingers/limiter.STL
[0.054s] -- Up-to-date: /shared_ws/install/rethink_ee_description/share/rethink_ee_description/meshes/electric_gripper/fingers/basic_hard_tip.STL
[0.054s] -- Up-to-date: /shared_ws/install/rethink_ee_description/share/rethink_ee_description/meshes/electric_gripper/fingers/standard_narrow.DAE
[0.054s] -- Up-to-date: /shared_ws/install/rethink_ee_description/share/rethink_ee_description/meshes/electric_gripper/fingers/basic_soft_tip.STL
[0.054s] -- Up-to-date: /shared_ws/install/rethink_ee_description/share/rethink_ee_description/meshes/electric_gripper/fingers/extended_wide.DAE
[0.054s] -- Up-to-date: /shared_ws/install/rethink_ee_description/share/rethink_ee_description/meshes/electric_gripper/fingers/limiter.DAE
[0.055s] -- Up-to-date: /shared_ws/install/rethink_ee_description/share/rethink_ee_description/meshes/electric_gripper/electric_gripper_base.DAE
[0.055s] -- Up-to-date: /shared_ws/install/rethink_ee_description/share/rethink_ee_description/meshes/electric_gripper/electric_gripper_w_fingers.DAE
[0.055s] -- Up-to-date: /shared_ws/install/rethink_ee_description/share/rethink_ee_description/meshes/pneumatic_gripper
[0.055s] -- Up-to-date: /shared_ws/install/rethink_ee_description/share/rethink_ee_description/meshes/pneumatic_gripper/archive
[0.055s] -- Up-to-date: /shared_ws/install/rethink_ee_description/share/rethink_ee_description/meshes/pneumatic_gripper/archive/pneumatic_gripper.STL
[0.055s] -- Up-to-date: /shared_ws/install/rethink_ee_description/share/rethink_ee_description/meshes/pneumatic_gripper/archive/pneumatic_gripper_30mm_cup.STL
[0.055s] -- Up-to-date: /shared_ws/install/rethink_ee_description/share/rethink_ee_description/meshes/pneumatic_gripper/pneumatic_gripper_w_cup.DAE
[0.056s] -- Up-to-date: /shared_ws/install/rethink_ee_description/share/rethink_ee_description/meshes/pneumatic_gripper/pneumatic_gripper_w_cup.STL
[0.056s] -- Up-to-date: /shared_ws/install/rethink_ee_description/share/rethink_ee_description/meshes/pneumatic_gripper/pneumatic_gripper_base.STL
[0.056s] -- Up-to-date: /shared_ws/install/rethink_ee_description/share/rethink_ee_description/meshes/pneumatic_gripper/pneumatic_gripper_base.DAE
[0.056s] -- Up-to-date: /shared_ws/install/rethink_ee_description/share/rethink_ee_description/urdf
[0.056s] -- Up-to-date: /shared_ws/install/rethink_ee_description/share/rethink_ee_description/urdf/null_gripper
[0.056s] -- Up-to-date: /shared_ws/install/rethink_ee_description/share/rethink_ee_description/urdf/null_gripper/null_gripper.xacro
[0.056s] -- Up-to-date: /shared_ws/install/rethink_ee_description/share/rethink_ee_description/urdf/null_gripper/example_end_effector.urdf.xacro
[0.057s] -- Up-to-date: /shared_ws/install/rethink_ee_description/share/rethink_ee_description/urdf/electric_gripper
[0.057s] -- Up-to-date: /shared_ws/install/rethink_ee_description/share/rethink_ee_description/urdf/electric_gripper/rethink_electric_gripper.xacro
[0.057s] -- Up-to-date: /shared_ws/install/rethink_ee_description/share/rethink_ee_description/urdf/electric_gripper/fingers
[0.057s] -- Up-to-date: /shared_ws/install/rethink_ee_description/share/rethink_ee_description/urdf/electric_gripper/fingers/standard_wide.xacro
[0.057s] -- Up-to-date: /shared_ws/install/rethink_ee_description/share/rethink_ee_description/urdf/electric_gripper/fingers/extended_narrow.xacro
[0.057s] -- Up-to-date: /shared_ws/install/rethink_ee_description/share/rethink_ee_description/urdf/electric_gripper/fingers/standard_narrow.xacro
[0.057s] -- Up-to-date: /shared_ws/install/rethink_ee_description/share/rethink_ee_description/urdf/electric_gripper/fingers/basic_hard_tip.xacro
[0.057s] -- Up-to-date: /shared_ws/install/rethink_ee_description/share/rethink_ee_description/urdf/electric_gripper/fingers/basic_soft_tip.xacro
[0.057s] -- Up-to-date: /shared_ws/install/rethink_ee_description/share/rethink_ee_description/urdf/electric_gripper/fingers/half_round_tip.xacro
[0.057s] -- Up-to-date: /shared_ws/install/rethink_ee_description/share/rethink_ee_description/urdf/electric_gripper/fingers/none.xacro
[0.057s] -- Up-to-date: /shared_ws/install/rethink_ee_description/share/rethink_ee_description/urdf/electric_gripper/fingers/paddle_tip.xacro
[0.058s] -- Up-to-date: /shared_ws/install/rethink_ee_description/share/rethink_ee_description/urdf/electric_gripper/fingers/extended_wide.xacro
[0.058s] -- Up-to-date: /shared_ws/install/rethink_ee_description/share/rethink_ee_description/urdf/electric_gripper/example_end_effector.urdf.xacro
[0.058s] -- Up-to-date: /shared_ws/install/rethink_ee_description/share/rethink_ee_description/urdf/pneumatic_gripper
[0.058s] -- Up-to-date: /shared_ws/install/rethink_ee_description/share/rethink_ee_description/urdf/pneumatic_gripper/pneumatic_gripper_base.xacro
[0.058s] -- Up-to-date: /shared_ws/install/rethink_ee_description/share/rethink_ee_description/urdf/pneumatic_gripper/example_end_effector.urdf.xacro
[0.058s] -- Up-to-date: /shared_ws/install/rethink_ee_description/share/rethink_ee_description/urdf/pneumatic_gripper/rethink_pneumatic_gripper.xacro
[0.058s] -- Up-to-date: /shared_ws/install/rethink_ee_description/share/ament_index/resource_index/package_run_dependencies/rethink_ee_description
[0.058s] -- Up-to-date: /shared_ws/install/rethink_ee_description/share/ament_index/resource_index/parent_prefix_path/rethink_ee_description
[0.060s] -- Up-to-date: /shared_ws/install/rethink_ee_description/share/rethink_ee_description/environment/ament_prefix_path.sh
[0.060s] -- Up-to-date: /shared_ws/install/rethink_ee_description/share/rethink_ee_description/environment/ament_prefix_path.dsv
[0.060s] -- Up-to-date: /shared_ws/install/rethink_ee_description/share/rethink_ee_description/environment/path.sh
[0.062s] -- Up-to-date: /shared_ws/install/rethink_ee_description/share/rethink_ee_description/environment/path.dsv
[0.063s] -- Up-to-date: /shared_ws/install/rethink_ee_description/share/rethink_ee_description/local_setup.bash
[0.063s] -- Up-to-date: /shared_ws/install/rethink_ee_description/share/rethink_ee_description/local_setup.sh
[0.063s] -- Up-to-date: /shared_ws/install/rethink_ee_description/share/rethink_ee_description/local_setup.zsh
[0.063s] -- Up-to-date: /shared_ws/install/rethink_ee_description/share/rethink_ee_description/local_setup.dsv
[0.063s] -- Installing: /shared_ws/install/rethink_ee_description/share/rethink_ee_description/package.dsv
[0.063s] -- Up-to-date: /shared_ws/install/rethink_ee_description/share/ament_index/resource_index/packages/rethink_ee_description
[0.063s] -- Up-to-date: /shared_ws/install/rethink_ee_description/share/rethink_ee_description/cmake/rethink_ee_descriptionConfig.cmake
[0.063s] -- Up-to-date: /shared_ws/install/rethink_ee_description/share/rethink_ee_description/cmake/rethink_ee_descriptionConfig-version.cmake
[0.063s] -- Up-to-date: /shared_ws/install/rethink_ee_description/share/rethink_ee_description/package.xml
[0.063s] Invoked command in '/shared_ws/build/rethink_ee_description' returned '0': CMAKE_PREFIX_PATH=/opt/ros/humble /usr/bin/cmake --install /shared_ws/build/rethink_ee_description
