[0.011s] Invoking command in '/shared_ws/build/baxter_maintenance_msgs': CMAKE_PREFIX_PATH=/opt/ros/humble /usr/bin/cmake /shared_ws/src/baxter_maintenance_msgs -DCMAKE_INSTALL_PREFIX=/shared_ws/install/baxter_maintenance_msgs
[0.207s] -- The C compiler identification is GNU 11.4.0
[0.207s] -- The CXX compiler identification is GNU 11.4.0
[0.208s] -- Detecting C compiler ABI info
[0.208s] -- Detecting C compiler ABI info - done
[0.208s] -- Check for working C compiler: /usr/bin/cc - skipped
[0.208s] -- Detecting C compile features
[0.208s] -- Detecting C compile features - done
[0.208s] -- Detecting CXX compiler ABI info
[0.233s] -- Detecting CXX compiler ABI info - done
[0.240s] -- Check for working CXX compiler: /usr/bin/c++ - skipped
[0.241s] -- Detecting CXX compile features
[0.241s] -- Detecting CXX compile features - done
[0.243s] -- Found ament_cmake: 1.3.11 (/opt/ros/humble/share/ament_cmake/cmake)
[0.374s] -- Found Python3: /usr/bin/python3 (found version "3.10.12") found components: Interpreter 
[0.466s] -- Found rosidl_default_generators: 1.2.0 (/opt/ros/humble/share/rosidl_default_generators/cmake)
[0.470s] -- Using all available rosidl_typesupport_c: rosidl_typesupport_fastrtps_c;rosidl_typesupport_introspection_c
[0.476s] -- Found rosidl_adapter: 3.1.6 (/opt/ros/humble/share/rosidl_adapter/cmake)
[0.515s] -- Using all available rosidl_typesupport_cpp: rosidl_typesupport_fastrtps_cpp;rosidl_typesupport_introspection_cpp
[0.803s] -- Found ament_cmake_ros: 0.10.0 (/opt/ros/humble/share/ament_cmake_ros/cmake)
[0.926s] -- Using all available rosidl_typesupport_c: rosidl_typesupport_fastrtps_c;rosidl_typesupport_introspection_c
[1.091s] -- Using all available rosidl_typesupport_cpp: rosidl_typesupport_fastrtps_cpp;rosidl_typesupport_introspection_cpp
[1.104s] -- Found PythonInterp: /usr/bin/python3 (found suitable version "3.10.12", minimum required is "3.6") 
[1.105s] -- Found python_cmake_module: 0.10.0 (/opt/ros/humble/share/python_cmake_module/cmake)
[1.119s] -- Found PythonLibs: /usr/lib/x86_64-linux-gnu/libpython3.10.so (found suitable version "3.10.12", minimum required is "3.5") 
[1.119s] -- Using PYTHON_EXECUTABLE: /usr/bin/python3
[1.119s] -- Using PYTHON_INCLUDE_DIRS: /usr/include/python3.10
[1.119s] -- Using PYTHON_LIBRARIES: /usr/lib/x86_64-linux-gnu/libpython3.10.so
[1.130s] -- Found PythonExtra: .so  
[1.152s] -- Found ament_lint_auto: 0.12.12 (/opt/ros/humble/share/ament_lint_auto/cmake)
[1.157s] -- Configuring done
[1.187s] -- Generating done
[1.196s] -- Build files have been written to: /shared_ws/build/baxter_maintenance_msgs
[1.202s] Invoked command in '/shared_ws/build/baxter_maintenance_msgs' returned '0': CMAKE_PREFIX_PATH=/opt/ros/humble /usr/bin/cmake /shared_ws/src/baxter_maintenance_msgs -DCMAKE_INSTALL_PREFIX=/shared_ws/install/baxter_maintenance_msgs
[1.202s] Invoking command in '/shared_ws/build/baxter_maintenance_msgs': CMAKE_PREFIX_PATH=/opt/ros/humble /usr/bin/cmake --build /shared_ws/build/baxter_maintenance_msgs -- -j16 -l16
[1.230s] [  1%] Generating C code for ROS interfaces
[1.237s] [  2%] Generating C++ code for ROS interfaces
[1.242s] [  2%] Built target ament_cmake_python_copy_baxter_maintenance_msgs
[1.500s] running egg_info
[1.500s] creating baxter_maintenance_msgs.egg-info
[1.500s] writing baxter_maintenance_msgs.egg-info/PKG-INFO
[1.500s] writing dependency_links to baxter_maintenance_msgs.egg-info/dependency_links.txt
[1.500s] writing top-level names to baxter_maintenance_msgs.egg-info/top_level.txt
[1.500s] writing manifest file 'baxter_maintenance_msgs.egg-info/SOURCES.txt'
[1.503s] reading manifest file 'baxter_maintenance_msgs.egg-info/SOURCES.txt'
[1.504s] writing manifest file 'baxter_maintenance_msgs.egg-info/SOURCES.txt'
[1.529s] [  2%] Built target ament_cmake_python_build_baxter_maintenance_msgs_egg
[1.779s] [  2%] Built target baxter_maintenance_msgs__cpp
[1.787s] [  5%] Generating C++ introspection for ROS interfaces
[1.787s] [  5%] Generating C++ type support for eProsima Fast-RTPS
[1.789s] [  6%] Generating C++ type support dispatch for ROS interfaces
[1.824s] [  8%] Building C object CMakeFiles/baxter_maintenance_msgs__rosidl_generator_c.dir/rosidl_generator_c/baxter_maintenance_msgs/msg/detail/update_sources__functions.c.o
[1.824s] [  8%] Building C object CMakeFiles/baxter_maintenance_msgs__rosidl_generator_c.dir/rosidl_generator_c/baxter_maintenance_msgs/msg/detail/tare_data__functions.c.o
[1.824s] [ 10%] Building C object CMakeFiles/baxter_maintenance_msgs__rosidl_generator_c.dir/rosidl_generator_c/baxter_maintenance_msgs/msg/detail/update_source__functions.c.o
[1.824s] [ 11%] Building C object CMakeFiles/baxter_maintenance_msgs__rosidl_generator_c.dir/rosidl_generator_c/baxter_maintenance_msgs/msg/detail/update_status__functions.c.o
[1.825s] [ 12%] Building C object CMakeFiles/baxter_maintenance_msgs__rosidl_generator_c.dir/rosidl_generator_c/baxter_maintenance_msgs/msg/detail/calibrate_arm_enable__functions.c.o
[1.826s] [ 13%] Building C object CMakeFiles/baxter_maintenance_msgs__rosidl_generator_c.dir/rosidl_generator_c/baxter_maintenance_msgs/msg/detail/calibrate_arm_data__functions.c.o
[1.826s] [ 15%] Building C object CMakeFiles/baxter_maintenance_msgs__rosidl_generator_c.dir/rosidl_generator_c/baxter_maintenance_msgs/msg/detail/tare_enable__functions.c.o
[1.878s] [ 16%] Linking C shared library libbaxter_maintenance_msgs__rosidl_generator_c.so
[1.905s] [ 16%] Built target baxter_maintenance_msgs__rosidl_generator_c
[1.913s] [ 17%] Generating C introspection for ROS interfaces
[1.913s] [ 18%] Generating C type support dispatch for ROS interfaces
[1.914s] [ 20%] Generating C type support for eProsima Fast-RTPS
[2.145s] [ 22%] Building CXX object CMakeFiles/baxter_maintenance_msgs__rosidl_typesupport_cpp.dir/rosidl_typesupport_cpp/baxter_maintenance_msgs/msg/update_sources__type_support.cpp.o
[2.145s] [ 22%] Building CXX object CMakeFiles/baxter_maintenance_msgs__rosidl_typesupport_cpp.dir/rosidl_typesupport_cpp/baxter_maintenance_msgs/msg/update_status__type_support.cpp.o
[2.145s] [ 24%] Building CXX object CMakeFiles/baxter_maintenance_msgs__rosidl_typesupport_cpp.dir/rosidl_typesupport_cpp/baxter_maintenance_msgs/msg/tare_data__type_support.cpp.o
[2.145s] [ 25%] Building CXX object CMakeFiles/baxter_maintenance_msgs__rosidl_typesupport_cpp.dir/rosidl_typesupport_cpp/baxter_maintenance_msgs/msg/calibrate_arm_data__type_support.cpp.o
[2.145s] [ 26%] Building CXX object CMakeFiles/baxter_maintenance_msgs__rosidl_typesupport_cpp.dir/rosidl_typesupport_cpp/baxter_maintenance_msgs/msg/tare_enable__type_support.cpp.o
[2.146s] [ 27%] Building CXX object CMakeFiles/baxter_maintenance_msgs__rosidl_typesupport_cpp.dir/rosidl_typesupport_cpp/baxter_maintenance_msgs/msg/update_source__type_support.cpp.o
[2.148s] [ 29%] Building CXX object CMakeFiles/baxter_maintenance_msgs__rosidl_typesupport_cpp.dir/rosidl_typesupport_cpp/baxter_maintenance_msgs/msg/calibrate_arm_enable__type_support.cpp.o
[2.335s] [ 30%] Building CXX object CMakeFiles/baxter_maintenance_msgs__rosidl_typesupport_introspection_cpp.dir/rosidl_typesupport_introspection_cpp/baxter_maintenance_msgs/msg/detail/update_status__type_support.cpp.o
[2.339s] [ 31%] Building CXX object CMakeFiles/baxter_maintenance_msgs__rosidl_typesupport_introspection_cpp.dir/rosidl_typesupport_introspection_cpp/baxter_maintenance_msgs/msg/detail/update_sources__type_support.cpp.o
[2.353s] [ 32%] Building CXX object CMakeFiles/baxter_maintenance_msgs__rosidl_typesupport_introspection_cpp.dir/rosidl_typesupport_introspection_cpp/baxter_maintenance_msgs/msg/detail/tare_data__type_support.cpp.o
[2.372s] [ 34%] Building CXX object CMakeFiles/baxter_maintenance_msgs__rosidl_typesupport_introspection_cpp.dir/rosidl_typesupport_introspection_cpp/baxter_maintenance_msgs/msg/detail/calibrate_arm_enable__type_support.cpp.o
[2.525s] [ 35%] Building CXX object CMakeFiles/baxter_maintenance_msgs__rosidl_typesupport_fastrtps_cpp.dir/rosidl_typesupport_fastrtps_cpp/baxter_maintenance_msgs/msg/detail/dds_fastrtps/update_status__type_support.cpp.o
[2.532s] [ 36%] Building CXX object CMakeFiles/baxter_maintenance_msgs__rosidl_typesupport_fastrtps_cpp.dir/rosidl_typesupport_fastrtps_cpp/baxter_maintenance_msgs/msg/detail/dds_fastrtps/update_sources__type_support.cpp.o
[2.534s] [ 37%] Building CXX object CMakeFiles/baxter_maintenance_msgs__rosidl_typesupport_fastrtps_cpp.dir/rosidl_typesupport_fastrtps_cpp/baxter_maintenance_msgs/msg/detail/dds_fastrtps/calibrate_arm_enable__type_support.cpp.o
[2.540s] [ 39%] Building CXX object CMakeFiles/baxter_maintenance_msgs__rosidl_typesupport_fastrtps_cpp.dir/rosidl_typesupport_fastrtps_cpp/baxter_maintenance_msgs/msg/detail/dds_fastrtps/tare_data__type_support.cpp.o
[2.544s] [ 40%] Building CXX object CMakeFiles/baxter_maintenance_msgs__rosidl_typesupport_fastrtps_cpp.dir/rosidl_typesupport_fastrtps_cpp/baxter_maintenance_msgs/msg/detail/dds_fastrtps/calibrate_arm_data__type_support.cpp.o
[2.548s] [ 41%] Building CXX object CMakeFiles/baxter_maintenance_msgs__rosidl_typesupport_introspection_cpp.dir/rosidl_typesupport_introspection_cpp/baxter_maintenance_msgs/msg/detail/calibrate_arm_data__type_support.cpp.o
[2.558s] [ 43%] Building CXX object CMakeFiles/baxter_maintenance_msgs__rosidl_typesupport_introspection_cpp.dir/rosidl_typesupport_introspection_cpp/baxter_maintenance_msgs/msg/detail/tare_enable__type_support.cpp.o
[2.569s] [ 44%] Building CXX object CMakeFiles/baxter_maintenance_msgs__rosidl_typesupport_c.dir/rosidl_typesupport_c/baxter_maintenance_msgs/msg/update_status__type_support.cpp.o
[2.579s] [ 45%] Building C object CMakeFiles/baxter_maintenance_msgs__rosidl_typesupport_introspection_c.dir/rosidl_typesupport_introspection_c/baxter_maintenance_msgs/msg/detail/update_status__type_support.c.o
[2.585s] [ 46%] Building CXX object CMakeFiles/baxter_maintenance_msgs__rosidl_typesupport_c.dir/rosidl_typesupport_c/baxter_maintenance_msgs/msg/update_sources__type_support.cpp.o
[2.618s] [ 48%] Building C object CMakeFiles/baxter_maintenance_msgs__rosidl_typesupport_introspection_c.dir/rosidl_typesupport_introspection_c/baxter_maintenance_msgs/msg/detail/update_sources__type_support.c.o
[2.633s] [ 49%] Linking CXX shared library libbaxter_maintenance_msgs__rosidl_typesupport_cpp.so
[2.642s] [ 50%] Building CXX object CMakeFiles/baxter_maintenance_msgs__rosidl_typesupport_c.dir/rosidl_typesupport_c/baxter_maintenance_msgs/msg/calibrate_arm_enable__type_support.cpp.o
[2.647s] [ 51%] Building CXX object CMakeFiles/baxter_maintenance_msgs__rosidl_typesupport_c.dir/rosidl_typesupport_c/baxter_maintenance_msgs/msg/tare_data__type_support.cpp.o
[2.650s] [ 53%] Building CXX object CMakeFiles/baxter_maintenance_msgs__rosidl_typesupport_fastrtps_c.dir/rosidl_typesupport_fastrtps_c/baxter_maintenance_msgs/msg/detail/update_status__type_support_c.cpp.o
[2.695s] [ 54%] Building C object CMakeFiles/baxter_maintenance_msgs__rosidl_typesupport_introspection_c.dir/rosidl_typesupport_introspection_c/baxter_maintenance_msgs/msg/detail/tare_data__type_support.c.o
[2.715s] [ 54%] Built target baxter_maintenance_msgs__rosidl_typesupport_cpp
[2.724s] [ 55%] Building CXX object CMakeFiles/baxter_maintenance_msgs__rosidl_typesupport_introspection_cpp.dir/rosidl_typesupport_introspection_cpp/baxter_maintenance_msgs/msg/detail/update_source__type_support.cpp.o
[2.737s] [ 56%] Building CXX object CMakeFiles/baxter_maintenance_msgs__rosidl_typesupport_c.dir/rosidl_typesupport_c/baxter_maintenance_msgs/msg/calibrate_arm_data__type_support.cpp.o
[2.745s] [ 58%] Building CXX object CMakeFiles/baxter_maintenance_msgs__rosidl_typesupport_fastrtps_c.dir/rosidl_typesupport_fastrtps_c/baxter_maintenance_msgs/msg/detail/update_sources__type_support_c.cpp.o
[2.767s] [ 59%] Building C object CMakeFiles/baxter_maintenance_msgs__rosidl_typesupport_introspection_c.dir/rosidl_typesupport_introspection_c/baxter_maintenance_msgs/msg/detail/calibrate_arm_enable__type_support.c.o
[2.808s] [ 60%] Building CXX object CMakeFiles/baxter_maintenance_msgs__rosidl_typesupport_c.dir/rosidl_typesupport_c/baxter_maintenance_msgs/msg/tare_enable__type_support.cpp.o
[2.845s] [ 62%] Building CXX object CMakeFiles/baxter_maintenance_msgs__rosidl_typesupport_c.dir/rosidl_typesupport_c/baxter_maintenance_msgs/msg/update_source__type_support.cpp.o
[2.847s] [ 63%] Building C object CMakeFiles/baxter_maintenance_msgs__rosidl_typesupport_introspection_c.dir/rosidl_typesupport_introspection_c/baxter_maintenance_msgs/msg/detail/calibrate_arm_data__type_support.c.o
[2.897s] [ 64%] Building C object CMakeFiles/baxter_maintenance_msgs__rosidl_typesupport_introspection_c.dir/rosidl_typesupport_introspection_c/baxter_maintenance_msgs/msg/detail/tare_enable__type_support.c.o
[2.932s] [ 65%] Linking CXX shared library libbaxter_maintenance_msgs__rosidl_typesupport_c.so
[2.940s] [ 67%] Building C object CMakeFiles/baxter_maintenance_msgs__rosidl_typesupport_introspection_c.dir/rosidl_typesupport_introspection_c/baxter_maintenance_msgs/msg/detail/update_source__type_support.c.o
[2.945s] [ 68%] Building CXX object CMakeFiles/baxter_maintenance_msgs__rosidl_typesupport_fastrtps_c.dir/rosidl_typesupport_fastrtps_c/baxter_maintenance_msgs/msg/detail/tare_data__type_support_c.cpp.o
[2.997s] [ 69%] Building CXX object CMakeFiles/baxter_maintenance_msgs__rosidl_typesupport_fastrtps_c.dir/rosidl_typesupport_fastrtps_c/baxter_maintenance_msgs/msg/detail/calibrate_arm_enable__type_support_c.cpp.o
[3.007s] [ 69%] Built target baxter_maintenance_msgs__rosidl_typesupport_c
[3.010s] [ 70%] Linking C shared library libbaxter_maintenance_msgs__rosidl_typesupport_introspection_c.so
[3.017s] [ 72%] Building CXX object CMakeFiles/baxter_maintenance_msgs__rosidl_typesupport_fastrtps_cpp.dir/rosidl_typesupport_fastrtps_cpp/baxter_maintenance_msgs/msg/detail/dds_fastrtps/tare_enable__type_support.cpp.o
[3.034s] [ 73%] Building CXX object CMakeFiles/baxter_maintenance_msgs__rosidl_typesupport_fastrtps_c.dir/rosidl_typesupport_fastrtps_c/baxter_maintenance_msgs/msg/detail/calibrate_arm_data__type_support_c.cpp.o
[3.101s] [ 74%] Building CXX object CMakeFiles/baxter_maintenance_msgs__rosidl_typesupport_fastrtps_c.dir/rosidl_typesupport_fastrtps_c/baxter_maintenance_msgs/msg/detail/tare_enable__type_support_c.cpp.o
[3.124s] [ 75%] Building CXX object CMakeFiles/baxter_maintenance_msgs__rosidl_typesupport_fastrtps_cpp.dir/rosidl_typesupport_fastrtps_cpp/baxter_maintenance_msgs/msg/detail/dds_fastrtps/update_source__type_support.cpp.o
[3.134s] [ 75%] Built target baxter_maintenance_msgs__rosidl_typesupport_introspection_c
[3.134s] [ 77%] Building CXX object CMakeFiles/baxter_maintenance_msgs__rosidl_typesupport_fastrtps_c.dir/rosidl_typesupport_fastrtps_c/baxter_maintenance_msgs/msg/detail/update_source__type_support_c.cpp.o
[3.354s] [ 78%] Linking CXX shared library libbaxter_maintenance_msgs__rosidl_typesupport_introspection_cpp.so
[3.438s] [ 78%] Built target baxter_maintenance_msgs__rosidl_typesupport_introspection_cpp
[3.594s] [ 79%] Linking CXX shared library libbaxter_maintenance_msgs__rosidl_typesupport_fastrtps_cpp.so
[3.607s] [ 81%] Linking CXX shared library libbaxter_maintenance_msgs__rosidl_typesupport_fastrtps_c.so
[3.653s] [ 81%] Built target baxter_maintenance_msgs__rosidl_typesupport_fastrtps_cpp
[3.662s] [ 81%] Built target baxter_maintenance_msgs__rosidl_typesupport_fastrtps_c
[3.674s] [ 81%] Built target baxter_maintenance_msgs
[3.686s] [ 82%] Generating Python code for ROS interfaces
[4.400s] [ 82%] Built target baxter_maintenance_msgs__py
[4.414s] [ 86%] Building C object CMakeFiles/baxter_maintenance_msgs__rosidl_generator_py.dir/rosidl_generator_py/baxter_maintenance_msgs/msg/_update_sources_s.c.o
[4.414s] [ 86%] Building C object CMakeFiles/baxter_maintenance_msgs__rosidl_generator_py.dir/rosidl_generator_py/baxter_maintenance_msgs/msg/_tare_data_s.c.o
[4.414s] [ 86%] Building C object CMakeFiles/baxter_maintenance_msgs__rosidl_generator_py.dir/rosidl_generator_py/baxter_maintenance_msgs/msg/_calibrate_arm_enable_s.c.o
[4.415s] [ 87%] Building C object CMakeFiles/baxter_maintenance_msgs__rosidl_generator_py.dir/rosidl_generator_py/baxter_maintenance_msgs/msg/_tare_enable_s.c.o
[4.415s] [ 88%] Building C object CMakeFiles/baxter_maintenance_msgs__rosidl_generator_py.dir/rosidl_generator_py/baxter_maintenance_msgs/msg/_calibrate_arm_data_s.c.o
[4.415s] [ 89%] Building C object CMakeFiles/baxter_maintenance_msgs__rosidl_generator_py.dir/rosidl_generator_py/baxter_maintenance_msgs/msg/_update_status_s.c.o
[4.416s] [ 91%] Building C object CMakeFiles/baxter_maintenance_msgs__rosidl_generator_py.dir/rosidl_generator_py/baxter_maintenance_msgs/msg/_update_source_s.c.o
[4.543s] [ 92%] Linking C shared library rosidl_generator_py/baxter_maintenance_msgs/libbaxter_maintenance_msgs__rosidl_generator_py.so
[4.570s] [ 92%] Built target baxter_maintenance_msgs__rosidl_generator_py
[4.586s] [ 96%] Building C object CMakeFiles/baxter_maintenance_msgs__rosidl_typesupport_introspection_c__pyext.dir/rosidl_generator_py/baxter_maintenance_msgs/_baxter_maintenance_msgs_s.ep.rosidl_typesupport_introspection_c.c.o
[4.586s] [ 96%] Building C object CMakeFiles/baxter_maintenance_msgs__rosidl_typesupport_c__pyext.dir/rosidl_generator_py/baxter_maintenance_msgs/_baxter_maintenance_msgs_s.ep.rosidl_typesupport_c.c.o
[4.586s] [ 96%] Building C object CMakeFiles/baxter_maintenance_msgs__rosidl_typesupport_fastrtps_c__pyext.dir/rosidl_generator_py/baxter_maintenance_msgs/_baxter_maintenance_msgs_s.ep.rosidl_typesupport_fastrtps_c.c.o
[4.674s] [ 97%] Linking C shared library rosidl_generator_py/baxter_maintenance_msgs/baxter_maintenance_msgs_s__rosidl_typesupport_introspection_c.cpython-310-x86_64-linux-gnu.so
[4.676s] [ 98%] Linking C shared library rosidl_generator_py/baxter_maintenance_msgs/baxter_maintenance_msgs_s__rosidl_typesupport_fastrtps_c.cpython-310-x86_64-linux-gnu.so
[4.692s] [100%] Linking C shared library rosidl_generator_py/baxter_maintenance_msgs/baxter_maintenance_msgs_s__rosidl_typesupport_c.cpython-310-x86_64-linux-gnu.so
[4.698s] [100%] Built target baxter_maintenance_msgs__rosidl_typesupport_introspection_c__pyext
[4.700s] [100%] Built target baxter_maintenance_msgs__rosidl_typesupport_fastrtps_c__pyext
[4.717s] [100%] Built target baxter_maintenance_msgs__rosidl_typesupport_c__pyext
[4.724s] Invoked command in '/shared_ws/build/baxter_maintenance_msgs' returned '0': CMAKE_PREFIX_PATH=/opt/ros/humble /usr/bin/cmake --build /shared_ws/build/baxter_maintenance_msgs -- -j16 -l16
[4.725s] Invoking command in '/shared_ws/build/baxter_maintenance_msgs': CMAKE_PREFIX_PATH=/opt/ros/humble /usr/bin/cmake --install /shared_ws/build/baxter_maintenance_msgs
[4.731s] -- Install configuration: ""
[4.731s] -- Installing: /shared_ws/install/baxter_maintenance_msgs/share/ament_index/resource_index/rosidl_interfaces/baxter_maintenance_msgs
[4.732s] -- Installing: /shared_ws/install/baxter_maintenance_msgs/include/baxter_maintenance_msgs/baxter_maintenance_msgs
[4.732s] -- Installing: /shared_ws/install/baxter_maintenance_msgs/include/baxter_maintenance_msgs/baxter_maintenance_msgs/msg
[4.732s] -- Installing: /shared_ws/install/baxter_maintenance_msgs/include/baxter_maintenance_msgs/baxter_maintenance_msgs/msg/tare_data.h
[4.732s] -- Installing: /shared_ws/install/baxter_maintenance_msgs/include/baxter_maintenance_msgs/baxter_maintenance_msgs/msg/update_sources.h
[4.732s] -- Installing: /shared_ws/install/baxter_maintenance_msgs/include/baxter_maintenance_msgs/baxter_maintenance_msgs/msg/update_source.h
[4.733s] -- Installing: /shared_ws/install/baxter_maintenance_msgs/include/baxter_maintenance_msgs/baxter_maintenance_msgs/msg/calibrate_arm_enable.h
[4.733s] -- Installing: /shared_ws/install/baxter_maintenance_msgs/include/baxter_maintenance_msgs/baxter_maintenance_msgs/msg/detail
[4.733s] -- Installing: /shared_ws/install/baxter_maintenance_msgs/include/baxter_maintenance_msgs/baxter_maintenance_msgs/msg/detail/calibrate_arm_enable__functions.h
[4.733s] -- Installing: /shared_ws/install/baxter_maintenance_msgs/include/baxter_maintenance_msgs/baxter_maintenance_msgs/msg/detail/update_source__struct.h
[4.733s] -- Installing: /shared_ws/install/baxter_maintenance_msgs/include/baxter_maintenance_msgs/baxter_maintenance_msgs/msg/detail/tare_data__functions.h
[4.733s] -- Installing: /shared_ws/install/baxter_maintenance_msgs/include/baxter_maintenance_msgs/baxter_maintenance_msgs/msg/detail/calibrate_arm_data__functions.h
[4.734s] -- Installing: /shared_ws/install/baxter_maintenance_msgs/include/baxter_maintenance_msgs/baxter_maintenance_msgs/msg/detail/calibrate_arm_data__type_support.h
[4.734s] -- Installing: /shared_ws/install/baxter_maintenance_msgs/include/baxter_maintenance_msgs/baxter_maintenance_msgs/msg/detail/tare_data__type_support.h
[4.734s] -- Installing: /shared_ws/install/baxter_maintenance_msgs/include/baxter_maintenance_msgs/baxter_maintenance_msgs/msg/detail/update_source__functions.c
[4.734s] -- Installing: /shared_ws/install/baxter_maintenance_msgs/include/baxter_maintenance_msgs/baxter_maintenance_msgs/msg/detail/calibrate_arm_enable__struct.h
[4.734s] -- Installing: /shared_ws/install/baxter_maintenance_msgs/include/baxter_maintenance_msgs/baxter_maintenance_msgs/msg/detail/calibrate_arm_data__struct.h
[4.734s] -- Installing: /shared_ws/install/baxter_maintenance_msgs/include/baxter_maintenance_msgs/baxter_maintenance_msgs/msg/detail/update_status__type_support.h
[4.734s] -- Installing: /shared_ws/install/baxter_maintenance_msgs/include/baxter_maintenance_msgs/baxter_maintenance_msgs/msg/detail/update_status__functions.h
[4.735s] -- Installing: /shared_ws/install/baxter_maintenance_msgs/include/baxter_maintenance_msgs/baxter_maintenance_msgs/msg/detail/update_sources__struct.h
[4.735s] -- Installing: /shared_ws/install/baxter_maintenance_msgs/include/baxter_maintenance_msgs/baxter_maintenance_msgs/msg/detail/tare_enable__functions.h
[4.735s] -- Installing: /shared_ws/install/baxter_maintenance_msgs/include/baxter_maintenance_msgs/baxter_maintenance_msgs/msg/detail/update_status__functions.c
[4.735s] -- Installing: /shared_ws/install/baxter_maintenance_msgs/include/baxter_maintenance_msgs/baxter_maintenance_msgs/msg/detail/tare_enable__functions.c
[4.735s] -- Installing: /shared_ws/install/baxter_maintenance_msgs/include/baxter_maintenance_msgs/baxter_maintenance_msgs/msg/detail/calibrate_arm_data__functions.c
[4.735s] -- Installing: /shared_ws/install/baxter_maintenance_msgs/include/baxter_maintenance_msgs/baxter_maintenance_msgs/msg/detail/tare_data__struct.h
[4.736s] -- Installing: /shared_ws/install/baxter_maintenance_msgs/include/baxter_maintenance_msgs/baxter_maintenance_msgs/msg/detail/tare_data__functions.c
[4.736s] -- Installing: /shared_ws/install/baxter_maintenance_msgs/include/baxter_maintenance_msgs/baxter_maintenance_msgs/msg/detail/tare_enable__struct.h
[4.736s] -- Installing: /shared_ws/install/baxter_maintenance_msgs/include/baxter_maintenance_msgs/baxter_maintenance_msgs/msg/detail/calibrate_arm_enable__functions.c
[4.736s] -- Installing: /shared_ws/install/baxter_maintenance_msgs/include/baxter_maintenance_msgs/baxter_maintenance_msgs/msg/detail/update_sources__functions.h
[4.736s] -- Installing: /shared_ws/install/baxter_maintenance_msgs/include/baxter_maintenance_msgs/baxter_maintenance_msgs/msg/detail/update_status__struct.h
[4.736s] -- Installing: /shared_ws/install/baxter_maintenance_msgs/include/baxter_maintenance_msgs/baxter_maintenance_msgs/msg/detail/update_sources__functions.c
[4.737s] -- Installing: /shared_ws/install/baxter_maintenance_msgs/include/baxter_maintenance_msgs/baxter_maintenance_msgs/msg/detail/tare_enable__type_support.h
[4.737s] -- Installing: /shared_ws/install/baxter_maintenance_msgs/include/baxter_maintenance_msgs/baxter_maintenance_msgs/msg/detail/calibrate_arm_enable__type_support.h
[4.737s] -- Installing: /shared_ws/install/baxter_maintenance_msgs/include/baxter_maintenance_msgs/baxter_maintenance_msgs/msg/detail/update_source__functions.h
[4.737s] -- Installing: /shared_ws/install/baxter_maintenance_msgs/include/baxter_maintenance_msgs/baxter_maintenance_msgs/msg/detail/update_source__type_support.h
[4.737s] -- Installing: /shared_ws/install/baxter_maintenance_msgs/include/baxter_maintenance_msgs/baxter_maintenance_msgs/msg/detail/update_sources__type_support.h
[4.737s] -- Installing: /shared_ws/install/baxter_maintenance_msgs/include/baxter_maintenance_msgs/baxter_maintenance_msgs/msg/update_status.h
[4.737s] -- Installing: /shared_ws/install/baxter_maintenance_msgs/include/baxter_maintenance_msgs/baxter_maintenance_msgs/msg/calibrate_arm_data.h
[4.738s] -- Installing: /shared_ws/install/baxter_maintenance_msgs/include/baxter_maintenance_msgs/baxter_maintenance_msgs/msg/rosidl_generator_c__visibility_control.h
[4.738s] -- Installing: /shared_ws/install/baxter_maintenance_msgs/include/baxter_maintenance_msgs/baxter_maintenance_msgs/msg/tare_enable.h
[4.738s] -- Installing: /shared_ws/install/baxter_maintenance_msgs/share/baxter_maintenance_msgs/environment/library_path.sh
[4.738s] -- Installing: /shared_ws/install/baxter_maintenance_msgs/share/baxter_maintenance_msgs/environment/library_path.dsv
[4.738s] -- Installing: /shared_ws/install/baxter_maintenance_msgs/lib/libbaxter_maintenance_msgs__rosidl_generator_c.so
[4.738s] -- Set runtime path of "/shared_ws/install/baxter_maintenance_msgs/lib/libbaxter_maintenance_msgs__rosidl_generator_c.so" to ""
[4.739s] -- Up-to-date: /shared_ws/install/baxter_maintenance_msgs/include/baxter_maintenance_msgs/baxter_maintenance_msgs
[4.739s] -- Up-to-date: /shared_ws/install/baxter_maintenance_msgs/include/baxter_maintenance_msgs/baxter_maintenance_msgs/msg
[4.739s] -- Up-to-date: /shared_ws/install/baxter_maintenance_msgs/include/baxter_maintenance_msgs/baxter_maintenance_msgs/msg/detail
[4.739s] -- Installing: /shared_ws/install/baxter_maintenance_msgs/include/baxter_maintenance_msgs/baxter_maintenance_msgs/msg/detail/calibrate_arm_data__rosidl_typesupport_fastrtps_c.h
[4.739s] -- Installing: /shared_ws/install/baxter_maintenance_msgs/include/baxter_maintenance_msgs/baxter_maintenance_msgs/msg/detail/update_sources__rosidl_typesupport_fastrtps_c.h
[4.740s] -- Installing: /shared_ws/install/baxter_maintenance_msgs/include/baxter_maintenance_msgs/baxter_maintenance_msgs/msg/detail/tare_data__rosidl_typesupport_fastrtps_c.h
[4.740s] -- Installing: /shared_ws/install/baxter_maintenance_msgs/include/baxter_maintenance_msgs/baxter_maintenance_msgs/msg/detail/calibrate_arm_enable__rosidl_typesupport_fastrtps_c.h
[4.740s] -- Installing: /shared_ws/install/baxter_maintenance_msgs/include/baxter_maintenance_msgs/baxter_maintenance_msgs/msg/detail/tare_enable__rosidl_typesupport_fastrtps_c.h
[4.740s] -- Installing: /shared_ws/install/baxter_maintenance_msgs/include/baxter_maintenance_msgs/baxter_maintenance_msgs/msg/detail/update_status__rosidl_typesupport_fastrtps_c.h
[4.740s] -- Installing: /shared_ws/install/baxter_maintenance_msgs/include/baxter_maintenance_msgs/baxter_maintenance_msgs/msg/detail/update_source__rosidl_typesupport_fastrtps_c.h
[4.740s] -- Installing: /shared_ws/install/baxter_maintenance_msgs/include/baxter_maintenance_msgs/baxter_maintenance_msgs/msg/rosidl_typesupport_fastrtps_c__visibility_control.h
[4.741s] -- Installing: /shared_ws/install/baxter_maintenance_msgs/lib/libbaxter_maintenance_msgs__rosidl_typesupport_fastrtps_c.so
[4.741s] -- Set runtime path of "/shared_ws/install/baxter_maintenance_msgs/lib/libbaxter_maintenance_msgs__rosidl_typesupport_fastrtps_c.so" to ""
[4.741s] -- Up-to-date: /shared_ws/install/baxter_maintenance_msgs/include/baxter_maintenance_msgs/baxter_maintenance_msgs
[4.741s] -- Up-to-date: /shared_ws/install/baxter_maintenance_msgs/include/baxter_maintenance_msgs/baxter_maintenance_msgs/msg
[4.741s] -- Up-to-date: /shared_ws/install/baxter_maintenance_msgs/include/baxter_maintenance_msgs/baxter_maintenance_msgs/msg/detail
[4.741s] -- Installing: /shared_ws/install/baxter_maintenance_msgs/include/baxter_maintenance_msgs/baxter_maintenance_msgs/msg/detail/update_source__rosidl_typesupport_introspection_c.h
[4.742s] -- Installing: /shared_ws/install/baxter_maintenance_msgs/include/baxter_maintenance_msgs/baxter_maintenance_msgs/msg/detail/tare_data__rosidl_typesupport_introspection_c.h
[4.742s] -- Installing: /shared_ws/install/baxter_maintenance_msgs/include/baxter_maintenance_msgs/baxter_maintenance_msgs/msg/detail/update_status__type_support.c
[4.742s] -- Installing: /shared_ws/install/baxter_maintenance_msgs/include/baxter_maintenance_msgs/baxter_maintenance_msgs/msg/detail/tare_enable__rosidl_typesupport_introspection_c.h
[4.742s] -- Installing: /shared_ws/install/baxter_maintenance_msgs/include/baxter_maintenance_msgs/baxter_maintenance_msgs/msg/detail/calibrate_arm_enable__rosidl_typesupport_introspection_c.h
[4.742s] -- Installing: /shared_ws/install/baxter_maintenance_msgs/include/baxter_maintenance_msgs/baxter_maintenance_msgs/msg/detail/update_sources__type_support.c
[4.742s] -- Installing: /shared_ws/install/baxter_maintenance_msgs/include/baxter_maintenance_msgs/baxter_maintenance_msgs/msg/detail/update_status__rosidl_typesupport_introspection_c.h
[4.743s] -- Installing: /shared_ws/install/baxter_maintenance_msgs/include/baxter_maintenance_msgs/baxter_maintenance_msgs/msg/detail/tare_enable__type_support.c
[4.743s] -- Installing: /shared_ws/install/baxter_maintenance_msgs/include/baxter_maintenance_msgs/baxter_maintenance_msgs/msg/detail/calibrate_arm_data__rosidl_typesupport_introspection_c.h
[4.743s] -- Installing: /shared_ws/install/baxter_maintenance_msgs/include/baxter_maintenance_msgs/baxter_maintenance_msgs/msg/detail/update_sources__rosidl_typesupport_introspection_c.h
[4.743s] -- Installing: /shared_ws/install/baxter_maintenance_msgs/include/baxter_maintenance_msgs/baxter_maintenance_msgs/msg/detail/tare_data__type_support.c
[4.743s] -- Installing: /shared_ws/install/baxter_maintenance_msgs/include/baxter_maintenance_msgs/baxter_maintenance_msgs/msg/detail/calibrate_arm_data__type_support.c
[4.744s] -- Installing: /shared_ws/install/baxter_maintenance_msgs/include/baxter_maintenance_msgs/baxter_maintenance_msgs/msg/detail/calibrate_arm_enable__type_support.c
[4.744s] -- Installing: /shared_ws/install/baxter_maintenance_msgs/include/baxter_maintenance_msgs/baxter_maintenance_msgs/msg/detail/update_source__type_support.c
[4.744s] -- Installing: /shared_ws/install/baxter_maintenance_msgs/include/baxter_maintenance_msgs/baxter_maintenance_msgs/msg/rosidl_typesupport_introspection_c__visibility_control.h
[4.744s] -- Installing: /shared_ws/install/baxter_maintenance_msgs/lib/libbaxter_maintenance_msgs__rosidl_typesupport_introspection_c.so
[4.744s] -- Set runtime path of "/shared_ws/install/baxter_maintenance_msgs/lib/libbaxter_maintenance_msgs__rosidl_typesupport_introspection_c.so" to ""
[4.744s] -- Installing: /shared_ws/install/baxter_maintenance_msgs/lib/libbaxter_maintenance_msgs__rosidl_typesupport_c.so
[4.744s] -- Set runtime path of "/shared_ws/install/baxter_maintenance_msgs/lib/libbaxter_maintenance_msgs__rosidl_typesupport_c.so" to ""
[4.744s] -- Up-to-date: /shared_ws/install/baxter_maintenance_msgs/include/baxter_maintenance_msgs/baxter_maintenance_msgs
[4.745s] -- Up-to-date: /shared_ws/install/baxter_maintenance_msgs/include/baxter_maintenance_msgs/baxter_maintenance_msgs/msg
[4.745s] -- Installing: /shared_ws/install/baxter_maintenance_msgs/include/baxter_maintenance_msgs/baxter_maintenance_msgs/msg/tare_data.hpp
[4.745s] -- Installing: /shared_ws/install/baxter_maintenance_msgs/include/baxter_maintenance_msgs/baxter_maintenance_msgs/msg/update_sources.hpp
[4.745s] -- Up-to-date: /shared_ws/install/baxter_maintenance_msgs/include/baxter_maintenance_msgs/baxter_maintenance_msgs/msg/detail
[4.745s] -- Installing: /shared_ws/install/baxter_maintenance_msgs/include/baxter_maintenance_msgs/baxter_maintenance_msgs/msg/detail/update_status__traits.hpp
[4.746s] -- Installing: /shared_ws/install/baxter_maintenance_msgs/include/baxter_maintenance_msgs/baxter_maintenance_msgs/msg/detail/update_source__struct.hpp
[4.746s] -- Installing: /shared_ws/install/baxter_maintenance_msgs/include/baxter_maintenance_msgs/baxter_maintenance_msgs/msg/detail/calibrate_arm_data__struct.hpp
[4.746s] -- Installing: /shared_ws/install/baxter_maintenance_msgs/include/baxter_maintenance_msgs/baxter_maintenance_msgs/msg/detail/calibrate_arm_enable__builder.hpp
[4.746s] -- Installing: /shared_ws/install/baxter_maintenance_msgs/include/baxter_maintenance_msgs/baxter_maintenance_msgs/msg/detail/tare_enable__struct.hpp
[4.746s] -- Installing: /shared_ws/install/baxter_maintenance_msgs/include/baxter_maintenance_msgs/baxter_maintenance_msgs/msg/detail/update_status__struct.hpp
[4.747s] -- Installing: /shared_ws/install/baxter_maintenance_msgs/include/baxter_maintenance_msgs/baxter_maintenance_msgs/msg/detail/calibrate_arm_data__builder.hpp
[4.747s] -- Installing: /shared_ws/install/baxter_maintenance_msgs/include/baxter_maintenance_msgs/baxter_maintenance_msgs/msg/detail/tare_enable__builder.hpp
[4.747s] -- Installing: /shared_ws/install/baxter_maintenance_msgs/include/baxter_maintenance_msgs/baxter_maintenance_msgs/msg/detail/update_source__type_support.hpp
[4.747s] -- Installing: /shared_ws/install/baxter_maintenance_msgs/include/baxter_maintenance_msgs/baxter_maintenance_msgs/msg/detail/tare_enable__traits.hpp
[4.747s] -- Installing: /shared_ws/install/baxter_maintenance_msgs/include/baxter_maintenance_msgs/baxter_maintenance_msgs/msg/detail/tare_enable__type_support.hpp
[4.747s] -- Installing: /shared_ws/install/baxter_maintenance_msgs/include/baxter_maintenance_msgs/baxter_maintenance_msgs/msg/detail/update_sources__struct.hpp
[4.747s] -- Installing: /shared_ws/install/baxter_maintenance_msgs/include/baxter_maintenance_msgs/baxter_maintenance_msgs/msg/detail/tare_data__struct.hpp
[4.748s] -- Installing: /shared_ws/install/baxter_maintenance_msgs/include/baxter_maintenance_msgs/baxter_maintenance_msgs/msg/detail/update_sources__type_support.hpp
[4.748s] -- Installing: /shared_ws/install/baxter_maintenance_msgs/include/baxter_maintenance_msgs/baxter_maintenance_msgs/msg/detail/update_sources__builder.hpp
[4.748s] -- Installing: /shared_ws/install/baxter_maintenance_msgs/include/baxter_maintenance_msgs/baxter_maintenance_msgs/msg/detail/tare_data__type_support.hpp
[4.748s] -- Installing: /shared_ws/install/baxter_maintenance_msgs/include/baxter_maintenance_msgs/baxter_maintenance_msgs/msg/detail/calibrate_arm_data__traits.hpp
[4.748s] -- Installing: /shared_ws/install/baxter_maintenance_msgs/include/baxter_maintenance_msgs/baxter_maintenance_msgs/msg/detail/calibrate_arm_enable__struct.hpp
[4.748s] -- Installing: /shared_ws/install/baxter_maintenance_msgs/include/baxter_maintenance_msgs/baxter_maintenance_msgs/msg/detail/update_source__builder.hpp
[4.748s] -- Installing: /shared_ws/install/baxter_maintenance_msgs/include/baxter_maintenance_msgs/baxter_maintenance_msgs/msg/detail/calibrate_arm_data__type_support.hpp
[4.748s] -- Installing: /shared_ws/install/baxter_maintenance_msgs/include/baxter_maintenance_msgs/baxter_maintenance_msgs/msg/detail/update_source__traits.hpp
[4.748s] -- Installing: /shared_ws/install/baxter_maintenance_msgs/include/baxter_maintenance_msgs/baxter_maintenance_msgs/msg/detail/tare_data__traits.hpp
[4.748s] -- Installing: /shared_ws/install/baxter_maintenance_msgs/include/baxter_maintenance_msgs/baxter_maintenance_msgs/msg/detail/calibrate_arm_enable__type_support.hpp
[4.748s] -- Installing: /shared_ws/install/baxter_maintenance_msgs/include/baxter_maintenance_msgs/baxter_maintenance_msgs/msg/detail/update_status__type_support.hpp
[4.749s] -- Installing: /shared_ws/install/baxter_maintenance_msgs/include/baxter_maintenance_msgs/baxter_maintenance_msgs/msg/detail/calibrate_arm_enable__traits.hpp
[4.749s] -- Installing: /shared_ws/install/baxter_maintenance_msgs/include/baxter_maintenance_msgs/baxter_maintenance_msgs/msg/detail/tare_data__builder.hpp
[4.749s] -- Installing: /shared_ws/install/baxter_maintenance_msgs/include/baxter_maintenance_msgs/baxter_maintenance_msgs/msg/detail/update_status__builder.hpp
[4.749s] -- Installing: /shared_ws/install/baxter_maintenance_msgs/include/baxter_maintenance_msgs/baxter_maintenance_msgs/msg/detail/update_sources__traits.hpp
[4.749s] -- Installing: /shared_ws/install/baxter_maintenance_msgs/include/baxter_maintenance_msgs/baxter_maintenance_msgs/msg/tare_enable.hpp
[4.749s] -- Installing: /shared_ws/install/baxter_maintenance_msgs/include/baxter_maintenance_msgs/baxter_maintenance_msgs/msg/calibrate_arm_data.hpp
[4.749s] -- Installing: /shared_ws/install/baxter_maintenance_msgs/include/baxter_maintenance_msgs/baxter_maintenance_msgs/msg/update_source.hpp
[4.749s] -- Installing: /shared_ws/install/baxter_maintenance_msgs/include/baxter_maintenance_msgs/baxter_maintenance_msgs/msg/update_status.hpp
[4.749s] -- Installing: /shared_ws/install/baxter_maintenance_msgs/include/baxter_maintenance_msgs/baxter_maintenance_msgs/msg/calibrate_arm_enable.hpp
[4.749s] -- Installing: /shared_ws/install/baxter_maintenance_msgs/include/baxter_maintenance_msgs/baxter_maintenance_msgs/msg/rosidl_generator_cpp__visibility_control.hpp
[4.749s] -- Up-to-date: /shared_ws/install/baxter_maintenance_msgs/include/baxter_maintenance_msgs/baxter_maintenance_msgs
[4.749s] -- Up-to-date: /shared_ws/install/baxter_maintenance_msgs/include/baxter_maintenance_msgs/baxter_maintenance_msgs/msg
[4.749s] -- Up-to-date: /shared_ws/install/baxter_maintenance_msgs/include/baxter_maintenance_msgs/baxter_maintenance_msgs/msg/detail
[4.749s] -- Installing: /shared_ws/install/baxter_maintenance_msgs/include/baxter_maintenance_msgs/baxter_maintenance_msgs/msg/detail/dds_fastrtps
[4.749s] -- Installing: /shared_ws/install/baxter_maintenance_msgs/include/baxter_maintenance_msgs/baxter_maintenance_msgs/msg/detail/update_status__rosidl_typesupport_fastrtps_cpp.hpp
[4.750s] -- Installing: /shared_ws/install/baxter_maintenance_msgs/include/baxter_maintenance_msgs/baxter_maintenance_msgs/msg/detail/update_sources__rosidl_typesupport_fastrtps_cpp.hpp
[4.750s] -- Installing: /shared_ws/install/baxter_maintenance_msgs/include/baxter_maintenance_msgs/baxter_maintenance_msgs/msg/detail/update_source__rosidl_typesupport_fastrtps_cpp.hpp
[4.750s] -- Installing: /shared_ws/install/baxter_maintenance_msgs/include/baxter_maintenance_msgs/baxter_maintenance_msgs/msg/detail/calibrate_arm_data__rosidl_typesupport_fastrtps_cpp.hpp
[4.750s] -- Installing: /shared_ws/install/baxter_maintenance_msgs/include/baxter_maintenance_msgs/baxter_maintenance_msgs/msg/detail/calibrate_arm_enable__rosidl_typesupport_fastrtps_cpp.hpp
[4.750s] -- Installing: /shared_ws/install/baxter_maintenance_msgs/include/baxter_maintenance_msgs/baxter_maintenance_msgs/msg/detail/tare_data__rosidl_typesupport_fastrtps_cpp.hpp
[4.750s] -- Installing: /shared_ws/install/baxter_maintenance_msgs/include/baxter_maintenance_msgs/baxter_maintenance_msgs/msg/detail/tare_enable__rosidl_typesupport_fastrtps_cpp.hpp
[4.750s] -- Installing: /shared_ws/install/baxter_maintenance_msgs/include/baxter_maintenance_msgs/baxter_maintenance_msgs/msg/rosidl_typesupport_fastrtps_cpp__visibility_control.h
[4.750s] -- Installing: /shared_ws/install/baxter_maintenance_msgs/lib/libbaxter_maintenance_msgs__rosidl_typesupport_fastrtps_cpp.so
[4.750s] -- Set runtime path of "/shared_ws/install/baxter_maintenance_msgs/lib/libbaxter_maintenance_msgs__rosidl_typesupport_fastrtps_cpp.so" to ""
[4.750s] -- Up-to-date: /shared_ws/install/baxter_maintenance_msgs/include/baxter_maintenance_msgs/baxter_maintenance_msgs
[4.750s] -- Up-to-date: /shared_ws/install/baxter_maintenance_msgs/include/baxter_maintenance_msgs/baxter_maintenance_msgs/msg
[4.750s] -- Up-to-date: /shared_ws/install/baxter_maintenance_msgs/include/baxter_maintenance_msgs/baxter_maintenance_msgs/msg/detail
[4.750s] -- Installing: /shared_ws/install/baxter_maintenance_msgs/include/baxter_maintenance_msgs/baxter_maintenance_msgs/msg/detail/tare_data__rosidl_typesupport_introspection_cpp.hpp
[4.750s] -- Installing: /shared_ws/install/baxter_maintenance_msgs/include/baxter_maintenance_msgs/baxter_maintenance_msgs/msg/detail/update_sources__type_support.cpp
[4.751s] -- Installing: /shared_ws/install/baxter_maintenance_msgs/include/baxter_maintenance_msgs/baxter_maintenance_msgs/msg/detail/update_status__type_support.cpp
[4.751s] -- Installing: /shared_ws/install/baxter_maintenance_msgs/include/baxter_maintenance_msgs/baxter_maintenance_msgs/msg/detail/update_source__rosidl_typesupport_introspection_cpp.hpp
[4.751s] -- Installing: /shared_ws/install/baxter_maintenance_msgs/include/baxter_maintenance_msgs/baxter_maintenance_msgs/msg/detail/calibrate_arm_data__type_support.cpp
[4.751s] -- Installing: /shared_ws/install/baxter_maintenance_msgs/include/baxter_maintenance_msgs/baxter_maintenance_msgs/msg/detail/calibrate_arm_enable__rosidl_typesupport_introspection_cpp.hpp
[4.751s] -- Installing: /shared_ws/install/baxter_maintenance_msgs/include/baxter_maintenance_msgs/baxter_maintenance_msgs/msg/detail/tare_enable__type_support.cpp
[4.751s] -- Installing: /shared_ws/install/baxter_maintenance_msgs/include/baxter_maintenance_msgs/baxter_maintenance_msgs/msg/detail/update_sources__rosidl_typesupport_introspection_cpp.hpp
[4.751s] -- Installing: /shared_ws/install/baxter_maintenance_msgs/include/baxter_maintenance_msgs/baxter_maintenance_msgs/msg/detail/update_status__rosidl_typesupport_introspection_cpp.hpp
[4.751s] -- Installing: /shared_ws/install/baxter_maintenance_msgs/include/baxter_maintenance_msgs/baxter_maintenance_msgs/msg/detail/tare_data__type_support.cpp
[4.751s] -- Installing: /shared_ws/install/baxter_maintenance_msgs/include/baxter_maintenance_msgs/baxter_maintenance_msgs/msg/detail/tare_enable__rosidl_typesupport_introspection_cpp.hpp
[4.751s] -- Installing: /shared_ws/install/baxter_maintenance_msgs/include/baxter_maintenance_msgs/baxter_maintenance_msgs/msg/detail/update_source__type_support.cpp
[4.751s] -- Installing: /shared_ws/install/baxter_maintenance_msgs/include/baxter_maintenance_msgs/baxter_maintenance_msgs/msg/detail/calibrate_arm_data__rosidl_typesupport_introspection_cpp.hpp
[4.752s] -- Installing: /shared_ws/install/baxter_maintenance_msgs/include/baxter_maintenance_msgs/baxter_maintenance_msgs/msg/detail/calibrate_arm_enable__type_support.cpp
[4.752s] -- Installing: /shared_ws/install/baxter_maintenance_msgs/lib/libbaxter_maintenance_msgs__rosidl_typesupport_introspection_cpp.so
[4.752s] -- Set runtime path of "/shared_ws/install/baxter_maintenance_msgs/lib/libbaxter_maintenance_msgs__rosidl_typesupport_introspection_cpp.so" to ""
[4.752s] -- Installing: /shared_ws/install/baxter_maintenance_msgs/lib/libbaxter_maintenance_msgs__rosidl_typesupport_cpp.so
[4.752s] -- Set runtime path of "/shared_ws/install/baxter_maintenance_msgs/lib/libbaxter_maintenance_msgs__rosidl_typesupport_cpp.so" to ""
[4.752s] -- Installing: /shared_ws/install/baxter_maintenance_msgs/share/baxter_maintenance_msgs/environment/pythonpath.sh
[4.752s] -- Installing: /shared_ws/install/baxter_maintenance_msgs/share/baxter_maintenance_msgs/environment/pythonpath.dsv
[4.752s] -- Installing: /shared_ws/install/baxter_maintenance_msgs/local/lib/python3.10/dist-packages/baxter_maintenance_msgs-0.0.0-py3.10.egg-info
[4.752s] -- Installing: /shared_ws/install/baxter_maintenance_msgs/local/lib/python3.10/dist-packages/baxter_maintenance_msgs-0.0.0-py3.10.egg-info/PKG-INFO
[4.752s] -- Installing: /shared_ws/install/baxter_maintenance_msgs/local/lib/python3.10/dist-packages/baxter_maintenance_msgs-0.0.0-py3.10.egg-info/top_level.txt
[4.752s] -- Installing: /shared_ws/install/baxter_maintenance_msgs/local/lib/python3.10/dist-packages/baxter_maintenance_msgs-0.0.0-py3.10.egg-info/SOURCES.txt
[4.752s] -- Installing: /shared_ws/install/baxter_maintenance_msgs/local/lib/python3.10/dist-packages/baxter_maintenance_msgs-0.0.0-py3.10.egg-info/dependency_links.txt
[4.752s] -- Installing: /shared_ws/install/baxter_maintenance_msgs/local/lib/python3.10/dist-packages/baxter_maintenance_msgs
[4.753s] -- Installing: /shared_ws/install/baxter_maintenance_msgs/local/lib/python3.10/dist-packages/baxter_maintenance_msgs/libbaxter_maintenance_msgs__rosidl_generator_py.so
[4.753s] -- Installing: /shared_ws/install/baxter_maintenance_msgs/local/lib/python3.10/dist-packages/baxter_maintenance_msgs/__init__.py
[4.753s] -- Installing: /shared_ws/install/baxter_maintenance_msgs/local/lib/python3.10/dist-packages/baxter_maintenance_msgs/baxter_maintenance_msgs_s__rosidl_typesupport_c.cpython-310-x86_64-linux-gnu.so
[4.753s] -- Installing: /shared_ws/install/baxter_maintenance_msgs/local/lib/python3.10/dist-packages/baxter_maintenance_msgs/_baxter_maintenance_msgs_s.ep.rosidl_typesupport_introspection_c.c
[4.753s] -- Installing: /shared_ws/install/baxter_maintenance_msgs/local/lib/python3.10/dist-packages/baxter_maintenance_msgs/_baxter_maintenance_msgs_s.ep.rosidl_typesupport_fastrtps_c.c
[4.753s] -- Installing: /shared_ws/install/baxter_maintenance_msgs/local/lib/python3.10/dist-packages/baxter_maintenance_msgs/baxter_maintenance_msgs_s__rosidl_typesupport_fastrtps_c.cpython-310-x86_64-linux-gnu.so
[4.753s] -- Installing: /shared_ws/install/baxter_maintenance_msgs/local/lib/python3.10/dist-packages/baxter_maintenance_msgs/msg
[4.753s] -- Installing: /shared_ws/install/baxter_maintenance_msgs/local/lib/python3.10/dist-packages/baxter_maintenance_msgs/msg/_update_source_s.c
[4.753s] -- Installing: /shared_ws/install/baxter_maintenance_msgs/local/lib/python3.10/dist-packages/baxter_maintenance_msgs/msg/_calibrate_arm_data_s.c
[4.753s] -- Installing: /shared_ws/install/baxter_maintenance_msgs/local/lib/python3.10/dist-packages/baxter_maintenance_msgs/msg/_tare_enable_s.c
[4.753s] -- Installing: /shared_ws/install/baxter_maintenance_msgs/local/lib/python3.10/dist-packages/baxter_maintenance_msgs/msg/_update_status.py
[4.753s] -- Installing: /shared_ws/install/baxter_maintenance_msgs/local/lib/python3.10/dist-packages/baxter_maintenance_msgs/msg/_update_sources.py
[4.753s] -- Installing: /shared_ws/install/baxter_maintenance_msgs/local/lib/python3.10/dist-packages/baxter_maintenance_msgs/msg/_update_status_s.c
[4.754s] -- Installing: /shared_ws/install/baxter_maintenance_msgs/local/lib/python3.10/dist-packages/baxter_maintenance_msgs/msg/_update_source.py
[4.754s] -- Installing: /shared_ws/install/baxter_maintenance_msgs/local/lib/python3.10/dist-packages/baxter_maintenance_msgs/msg/_calibrate_arm_enable_s.c
[4.754s] -- Installing: /shared_ws/install/baxter_maintenance_msgs/local/lib/python3.10/dist-packages/baxter_maintenance_msgs/msg/_tare_data_s.c
[4.754s] -- Installing: /shared_ws/install/baxter_maintenance_msgs/local/lib/python3.10/dist-packages/baxter_maintenance_msgs/msg/__init__.py
[4.754s] -- Installing: /shared_ws/install/baxter_maintenance_msgs/local/lib/python3.10/dist-packages/baxter_maintenance_msgs/msg/_tare_enable.py
[4.754s] -- Installing: /shared_ws/install/baxter_maintenance_msgs/local/lib/python3.10/dist-packages/baxter_maintenance_msgs/msg/_update_sources_s.c
[4.754s] -- Installing: /shared_ws/install/baxter_maintenance_msgs/local/lib/python3.10/dist-packages/baxter_maintenance_msgs/msg/_calibrate_arm_enable.py
[4.754s] -- Installing: /shared_ws/install/baxter_maintenance_msgs/local/lib/python3.10/dist-packages/baxter_maintenance_msgs/msg/_tare_data.py
[4.754s] -- Installing: /shared_ws/install/baxter_maintenance_msgs/local/lib/python3.10/dist-packages/baxter_maintenance_msgs/msg/_calibrate_arm_data.py
[4.754s] -- Installing: /shared_ws/install/baxter_maintenance_msgs/local/lib/python3.10/dist-packages/baxter_maintenance_msgs/baxter_maintenance_msgs_s__rosidl_typesupport_introspection_c.cpython-310-x86_64-linux-gnu.so
[4.754s] -- Installing: /shared_ws/install/baxter_maintenance_msgs/local/lib/python3.10/dist-packages/baxter_maintenance_msgs/_baxter_maintenance_msgs_s.ep.rosidl_typesupport_c.c
[4.778s] Listing '/shared_ws/install/baxter_maintenance_msgs/local/lib/python3.10/dist-packages/baxter_maintenance_msgs'...
[4.778s] Compiling '/shared_ws/install/baxter_maintenance_msgs/local/lib/python3.10/dist-packages/baxter_maintenance_msgs/__init__.py'...
[4.778s] Listing '/shared_ws/install/baxter_maintenance_msgs/local/lib/python3.10/dist-packages/baxter_maintenance_msgs/msg'...
[4.778s] Compiling '/shared_ws/install/baxter_maintenance_msgs/local/lib/python3.10/dist-packages/baxter_maintenance_msgs/msg/__init__.py'...
[4.779s] Compiling '/shared_ws/install/baxter_maintenance_msgs/local/lib/python3.10/dist-packages/baxter_maintenance_msgs/msg/_calibrate_arm_data.py'...
[4.779s] Compiling '/shared_ws/install/baxter_maintenance_msgs/local/lib/python3.10/dist-packages/baxter_maintenance_msgs/msg/_calibrate_arm_enable.py'...
[4.779s] Compiling '/shared_ws/install/baxter_maintenance_msgs/local/lib/python3.10/dist-packages/baxter_maintenance_msgs/msg/_tare_data.py'...
[4.779s] Compiling '/shared_ws/install/baxter_maintenance_msgs/local/lib/python3.10/dist-packages/baxter_maintenance_msgs/msg/_tare_enable.py'...
[4.779s] Compiling '/shared_ws/install/baxter_maintenance_msgs/local/lib/python3.10/dist-packages/baxter_maintenance_msgs/msg/_update_source.py'...
[4.779s] Compiling '/shared_ws/install/baxter_maintenance_msgs/local/lib/python3.10/dist-packages/baxter_maintenance_msgs/msg/_update_sources.py'...
[4.779s] Compiling '/shared_ws/install/baxter_maintenance_msgs/local/lib/python3.10/dist-packages/baxter_maintenance_msgs/msg/_update_status.py'...
[4.782s] -- Installing: /shared_ws/install/baxter_maintenance_msgs/local/lib/python3.10/dist-packages/baxter_maintenance_msgs/baxter_maintenance_msgs_s__rosidl_typesupport_fastrtps_c.cpython-310-x86_64-linux-gnu.so
[4.782s] -- Set runtime path of "/shared_ws/install/baxter_maintenance_msgs/local/lib/python3.10/dist-packages/baxter_maintenance_msgs/baxter_maintenance_msgs_s__rosidl_typesupport_fastrtps_c.cpython-310-x86_64-linux-gnu.so" to ""
[4.783s] -- Installing: /shared_ws/install/baxter_maintenance_msgs/local/lib/python3.10/dist-packages/baxter_maintenance_msgs/baxter_maintenance_msgs_s__rosidl_typesupport_introspection_c.cpython-310-x86_64-linux-gnu.so
[4.783s] -- Set runtime path of "/shared_ws/install/baxter_maintenance_msgs/local/lib/python3.10/dist-packages/baxter_maintenance_msgs/baxter_maintenance_msgs_s__rosidl_typesupport_introspection_c.cpython-310-x86_64-linux-gnu.so" to ""
[4.783s] -- Installing: /shared_ws/install/baxter_maintenance_msgs/local/lib/python3.10/dist-packages/baxter_maintenance_msgs/baxter_maintenance_msgs_s__rosidl_typesupport_c.cpython-310-x86_64-linux-gnu.so
[4.783s] -- Set runtime path of "/shared_ws/install/baxter_maintenance_msgs/local/lib/python3.10/dist-packages/baxter_maintenance_msgs/baxter_maintenance_msgs_s__rosidl_typesupport_c.cpython-310-x86_64-linux-gnu.so" to ""
[4.783s] -- Installing: /shared_ws/install/baxter_maintenance_msgs/lib/libbaxter_maintenance_msgs__rosidl_generator_py.so
[4.784s] -- Set runtime path of "/shared_ws/install/baxter_maintenance_msgs/lib/libbaxter_maintenance_msgs__rosidl_generator_py.so" to ""
[4.784s] -- Installing: /shared_ws/install/baxter_maintenance_msgs/share/baxter_maintenance_msgs/msg/UpdateStatus.idl
[4.784s] -- Installing: /shared_ws/install/baxter_maintenance_msgs/share/baxter_maintenance_msgs/msg/UpdateSources.idl
[4.784s] -- Installing: /shared_ws/install/baxter_maintenance_msgs/share/baxter_maintenance_msgs/msg/TareData.idl
[4.784s] -- Installing: /shared_ws/install/baxter_maintenance_msgs/share/baxter_maintenance_msgs/msg/CalibrateArmEnable.idl
[4.785s] -- Installing: /shared_ws/install/baxter_maintenance_msgs/share/baxter_maintenance_msgs/msg/CalibrateArmData.idl
[4.785s] -- Installing: /shared_ws/install/baxter_maintenance_msgs/share/baxter_maintenance_msgs/msg/TareEnable.idl
[4.785s] -- Installing: /shared_ws/install/baxter_maintenance_msgs/share/baxter_maintenance_msgs/msg/UpdateSource.idl
[4.785s] -- Installing: /shared_ws/install/baxter_maintenance_msgs/share/baxter_maintenance_msgs/msg/UpdateStatus.msg
[4.785s] -- Installing: /shared_ws/install/baxter_maintenance_msgs/share/baxter_maintenance_msgs/msg/UpdateSources.msg
[4.785s] -- Installing: /shared_ws/install/baxter_maintenance_msgs/share/baxter_maintenance_msgs/msg/TareData.msg
[4.785s] -- Installing: /shared_ws/install/baxter_maintenance_msgs/share/baxter_maintenance_msgs/msg/CalibrateArmEnable.msg
[4.785s] -- Installing: /shared_ws/install/baxter_maintenance_msgs/share/baxter_maintenance_msgs/msg/CalibrateArmData.msg
[4.786s] -- Installing: /shared_ws/install/baxter_maintenance_msgs/share/baxter_maintenance_msgs/msg/TareEnable.msg
[4.786s] -- Installing: /shared_ws/install/baxter_maintenance_msgs/share/baxter_maintenance_msgs/msg/UpdateSource.msg
[4.786s] -- Installing: /shared_ws/install/baxter_maintenance_msgs/share/baxter_maintenance_msgs/mapping_rules.yaml
[4.786s] -- Installing: /shared_ws/install/baxter_maintenance_msgs/share/ament_index/resource_index/package_run_dependencies/baxter_maintenance_msgs
[4.786s] -- Installing: /shared_ws/install/baxter_maintenance_msgs/share/ament_index/resource_index/parent_prefix_path/baxter_maintenance_msgs
[4.786s] -- Installing: /shared_ws/install/baxter_maintenance_msgs/share/baxter_maintenance_msgs/environment/ament_prefix_path.sh
[4.786s] -- Installing: /shared_ws/install/baxter_maintenance_msgs/share/baxter_maintenance_msgs/environment/ament_prefix_path.dsv
[4.786s] -- Installing: /shared_ws/install/baxter_maintenance_msgs/share/baxter_maintenance_msgs/environment/path.sh
[4.787s] -- Installing: /shared_ws/install/baxter_maintenance_msgs/share/baxter_maintenance_msgs/environment/path.dsv
[4.787s] -- Installing: /shared_ws/install/baxter_maintenance_msgs/share/baxter_maintenance_msgs/local_setup.bash
[4.787s] -- Installing: /shared_ws/install/baxter_maintenance_msgs/share/baxter_maintenance_msgs/local_setup.sh
[4.787s] -- Installing: /shared_ws/install/baxter_maintenance_msgs/share/baxter_maintenance_msgs/local_setup.zsh
[4.787s] -- Installing: /shared_ws/install/baxter_maintenance_msgs/share/baxter_maintenance_msgs/local_setup.dsv
[4.787s] -- Installing: /shared_ws/install/baxter_maintenance_msgs/share/baxter_maintenance_msgs/package.dsv
[4.787s] -- Installing: /shared_ws/install/baxter_maintenance_msgs/share/ament_index/resource_index/packages/baxter_maintenance_msgs
[4.788s] -- Installing: /shared_ws/install/baxter_maintenance_msgs/share/baxter_maintenance_msgs/cmake/export_baxter_maintenance_msgs__rosidl_generator_cExport.cmake
[4.788s] -- Installing: /shared_ws/install/baxter_maintenance_msgs/share/baxter_maintenance_msgs/cmake/export_baxter_maintenance_msgs__rosidl_generator_cExport-noconfig.cmake
[4.788s] -- Installing: /shared_ws/install/baxter_maintenance_msgs/share/baxter_maintenance_msgs/cmake/export_baxter_maintenance_msgs__rosidl_typesupport_fastrtps_cExport.cmake
[4.788s] -- Installing: /shared_ws/install/baxter_maintenance_msgs/share/baxter_maintenance_msgs/cmake/export_baxter_maintenance_msgs__rosidl_typesupport_fastrtps_cExport-noconfig.cmake
[4.788s] -- Installing: /shared_ws/install/baxter_maintenance_msgs/share/baxter_maintenance_msgs/cmake/baxter_maintenance_msgs__rosidl_typesupport_introspection_cExport.cmake
[4.788s] -- Installing: /shared_ws/install/baxter_maintenance_msgs/share/baxter_maintenance_msgs/cmake/baxter_maintenance_msgs__rosidl_typesupport_introspection_cExport-noconfig.cmake
[4.788s] -- Installing: /shared_ws/install/baxter_maintenance_msgs/share/baxter_maintenance_msgs/cmake/baxter_maintenance_msgs__rosidl_typesupport_cExport.cmake
[4.788s] -- Installing: /shared_ws/install/baxter_maintenance_msgs/share/baxter_maintenance_msgs/cmake/baxter_maintenance_msgs__rosidl_typesupport_cExport-noconfig.cmake
[4.789s] -- Installing: /shared_ws/install/baxter_maintenance_msgs/share/baxter_maintenance_msgs/cmake/export_baxter_maintenance_msgs__rosidl_generator_cppExport.cmake
[4.789s] -- Installing: /shared_ws/install/baxter_maintenance_msgs/share/baxter_maintenance_msgs/cmake/export_baxter_maintenance_msgs__rosidl_typesupport_fastrtps_cppExport.cmake
[4.789s] -- Installing: /shared_ws/install/baxter_maintenance_msgs/share/baxter_maintenance_msgs/cmake/export_baxter_maintenance_msgs__rosidl_typesupport_fastrtps_cppExport-noconfig.cmake
[4.789s] -- Installing: /shared_ws/install/baxter_maintenance_msgs/share/baxter_maintenance_msgs/cmake/baxter_maintenance_msgs__rosidl_typesupport_introspection_cppExport.cmake
[4.789s] -- Installing: /shared_ws/install/baxter_maintenance_msgs/share/baxter_maintenance_msgs/cmake/baxter_maintenance_msgs__rosidl_typesupport_introspection_cppExport-noconfig.cmake
[4.789s] -- Installing: /shared_ws/install/baxter_maintenance_msgs/share/baxter_maintenance_msgs/cmake/baxter_maintenance_msgs__rosidl_typesupport_cppExport.cmake
[4.789s] -- Installing: /shared_ws/install/baxter_maintenance_msgs/share/baxter_maintenance_msgs/cmake/baxter_maintenance_msgs__rosidl_typesupport_cppExport-noconfig.cmake
[4.790s] -- Installing: /shared_ws/install/baxter_maintenance_msgs/share/baxter_maintenance_msgs/cmake/export_baxter_maintenance_msgs__rosidl_generator_pyExport.cmake
[4.790s] -- Installing: /shared_ws/install/baxter_maintenance_msgs/share/baxter_maintenance_msgs/cmake/export_baxter_maintenance_msgs__rosidl_generator_pyExport-noconfig.cmake
[4.790s] -- Installing: /shared_ws/install/baxter_maintenance_msgs/share/baxter_maintenance_msgs/cmake/rosidl_cmake-extras.cmake
[4.790s] -- Installing: /shared_ws/install/baxter_maintenance_msgs/share/baxter_maintenance_msgs/cmake/ament_cmake_export_include_directories-extras.cmake
[4.790s] -- Installing: /shared_ws/install/baxter_maintenance_msgs/share/baxter_maintenance_msgs/cmake/ament_cmake_export_libraries-extras.cmake
[4.790s] -- Installing: /shared_ws/install/baxter_maintenance_msgs/share/baxter_maintenance_msgs/cmake/ament_cmake_export_targets-extras.cmake
[4.790s] -- Installing: /shared_ws/install/baxter_maintenance_msgs/share/baxter_maintenance_msgs/cmake/rosidl_cmake_export_typesupport_targets-extras.cmake
[4.790s] -- Installing: /shared_ws/install/baxter_maintenance_msgs/share/baxter_maintenance_msgs/cmake/ament_cmake_export_dependencies-extras.cmake
[4.790s] -- Installing: /shared_ws/install/baxter_maintenance_msgs/share/baxter_maintenance_msgs/cmake/rosidl_cmake_export_typesupport_libraries-extras.cmake
[4.790s] -- Installing: /shared_ws/install/baxter_maintenance_msgs/share/baxter_maintenance_msgs/cmake/baxter_maintenance_msgsConfig.cmake
[4.790s] -- Installing: /shared_ws/install/baxter_maintenance_msgs/share/baxter_maintenance_msgs/cmake/baxter_maintenance_msgsConfig-version.cmake
[4.791s] -- Installing: /shared_ws/install/baxter_maintenance_msgs/share/baxter_maintenance_msgs/package.xml
[4.792s] Invoked command in '/shared_ws/build/baxter_maintenance_msgs' returned '0': CMAKE_PREFIX_PATH=/opt/ros/humble /usr/bin/cmake --install /shared_ws/build/baxter_maintenance_msgs
