[  2%] Built target baxter_bridge__cpp
[ 10%] Built target baxter_bridge__rosidl_generator_c
[ 10%] Built target ament_cmake_python_copy_baxter_bridge
[ 36%] Built target baxter_bridge__rosidl_typesupport_cpp
[ 36%] Built target baxter_bridge__rosidl_typesupport_introspection_c
[ 36%] Built target baxter_bridge__rosidl_typesupport_c
[ 44%] Built target baxter_bridge__rosidl_typesupport_introspection_cpp
[ 61%] Built target baxter_bridge__rosidl_typesupport_fastrtps_c
[ 61%] Built target baxter_bridge__rosidl_typesupport_fastrtps_cpp
[ 61%] Built target baxter_bridge
[ 63%] Building CXX object CMakeFiles/bridge.dir/src/baxter_bridge.cpp.o
[ 65%] Building CXX object CMakeFiles/bridge.dir/src/monitor.cpp.o
[ 68%] Building CXX object CMakeFiles/bridge.dir/src/factory_1to2.cpp.o
[ 70%] Building CXX object CMakeFiles/bridge.dir/src/factory_2to1.cpp.o
[ 72%] Building CXX object CMakeFiles/bridge.dir/src/factory.cpp.o
[ 74%] Building CXX object CMakeFiles/bridge.dir/src/bridge.cpp.o
[ 76%] Building CXX object CMakeFiles/bridge.dir/src/topic_poller.cpp.o
[ 78%] Built target baxter_bridge__py
[ 82%] Building C object CMakeFiles/baxter_bridge__rosidl_generator_py.dir/rosidl_generator_py/baxter_bridge/srv/_open_s.c.o
[ 82%] Building C object CMakeFiles/baxter_bridge__rosidl_generator_py.dir/rosidl_generator_py/baxter_bridge/srv/_exists_s.c.o
running egg_info
writing baxter_bridge.egg-info/PKG-INFO
writing dependency_links to baxter_bridge.egg-info/dependency_links.txt
writing top-level names to baxter_bridge.egg-info/top_level.txt
reading manifest file 'baxter_bridge.egg-info/SOURCES.txt'
writing manifest file 'baxter_bridge.egg-info/SOURCES.txt'
[ 82%] Built target ament_cmake_python_build_baxter_bridge_egg
[ 85%] Linking C shared library rosidl_generator_py/baxter_bridge/libbaxter_bridge__rosidl_generator_py.so
[ 85%] Built target baxter_bridge__rosidl_generator_py
