[0.101s] DEBUG:colcon:Command line arguments: ['/usr/bin/colcon', 'build']
[0.101s] DEBUG:colcon:Parsed command line arguments: Namespace(log_base=None, log_level=None, verb_name='build', build_base='build', install_base='install', merge_install=False, symlink_install=False, test_result_base=None, continue_on_error=False, executor='parallel', parallel_workers=16, event_handlers=None, ignore_user_meta=False, metas=['./colcon.meta'], base_paths=['.'], packages_ignore=None, packages_ignore_regex=None, paths=None, packages_up_to=None, packages_up_to_regex=None, packages_above=None, packages_above_and_dependencies=None, packages_above_depth=None, packages_select_by_dep=None, packages_skip_by_dep=None, packages_skip_up_to=None, packages_select_build_failed=False, packages_skip_build_finished=False, packages_select_test_failures=False, packages_skip_test_passed=False, packages_select=None, packages_skip=None, packages_select_regex=None, packages_skip_regex=None, packages_start=None, packages_end=None, cmake_args=None, cmake_target=None, cmake_target_skip_unavailable=False, cmake_clean_cache=False, cmake_clean_first=False, cmake_force_configure=False, ament_cmake_args=None, catkin_cmake_args=None, catkin_skip_building_tests=False, mixin_files=None, mixin=None, verb_parser=<colcon_mixin.mixin.mixin_argument.MixinArgumentDecorator object at 0x7f86d962e590>, verb_extension=<colcon_core.verb.build.BuildVerb object at 0x7f86d962d930>, main=<bound method BuildVerb.main of <colcon_core.verb.build.BuildVerb object at 0x7f86d962d930>>, mixin_verb=('build',))
[0.211s] Level 1:colcon.colcon_core.package_discovery:discover_packages(colcon_meta) check parameters
[0.212s] INFO:colcon.colcon_metadata.package_discovery.colcon_meta:Using configuration from '/root/.colcon/metadata/default/Gazebo.meta'
[0.213s] INFO:colcon.colcon_metadata.package_discovery.colcon_meta:Using configuration from '/root/.colcon/metadata/default/fastdds.meta'
[0.213s] INFO:colcon.colcon_metadata.package_discovery.colcon_meta:Using configuration from '/root/.colcon/metadata/default/fastrtps.meta'
[0.213s] Level 1:colcon.colcon_core.package_discovery:discover_packages(recursive) check parameters
[0.213s] Level 1:colcon.colcon_core.package_discovery:discover_packages(ignore) check parameters
[0.213s] Level 1:colcon.colcon_core.package_discovery:discover_packages(path) check parameters
[0.213s] Level 1:colcon.colcon_core.package_discovery:discover_packages(colcon_meta) discover
[0.213s] Level 1:colcon.colcon_core.package_discovery:discover_packages(recursive) discover
[0.213s] INFO:colcon.colcon_core.package_discovery:Crawling recursively for packages in '/shared_ws'
[0.213s] Level 1:colcon.colcon_core.package_identification:_identify(.) by extensions ['ignore', 'ignore_ament_install']
[0.213s] Level 1:colcon.colcon_core.package_identification:_identify(.) by extension 'ignore'
[0.213s] Level 1:colcon.colcon_core.package_identification:_identify(.) by extension 'ignore_ament_install'
[0.213s] Level 1:colcon.colcon_core.package_identification:_identify(.) by extensions ['colcon_pkg']
[0.213s] Level 1:colcon.colcon_core.package_identification:_identify(.) by extension 'colcon_pkg'
[0.213s] Level 1:colcon.colcon_core.package_identification:_identify(.) by extensions ['colcon_meta']
[0.214s] Level 1:colcon.colcon_core.package_identification:_identify(.) by extension 'colcon_meta'
[0.214s] Level 1:colcon.colcon_core.package_identification:_identify(.) by extensions ['ros']
[0.214s] Level 1:colcon.colcon_core.package_identification:_identify(.) by extension 'ros'
[0.223s] Level 1:colcon.colcon_core.package_identification:_identify(.) by extensions ['cmake', 'python']
[0.223s] Level 1:colcon.colcon_core.package_identification:_identify(.) by extension 'cmake'
[0.223s] Level 1:colcon.colcon_core.package_identification:_identify(.) by extension 'python'
[0.223s] Level 1:colcon.colcon_core.package_identification:_identify(.) by extensions ['python_setup_py']
[0.223s] Level 1:colcon.colcon_core.package_identification:_identify(.) by extension 'python_setup_py'
[0.223s] Level 1:colcon.colcon_core.package_identification:_identify(build) by extensions ['ignore', 'ignore_ament_install']
[0.223s] Level 1:colcon.colcon_core.package_identification:_identify(build) by extension 'ignore'
[0.223s] Level 1:colcon.colcon_core.package_identification:_identify(build) ignored
[0.223s] Level 1:colcon.colcon_core.package_identification:_identify(install) by extensions ['ignore', 'ignore_ament_install']
[0.223s] Level 1:colcon.colcon_core.package_identification:_identify(install) by extension 'ignore'
[0.223s] Level 1:colcon.colcon_core.package_identification:_identify(install) ignored
[0.223s] Level 1:colcon.colcon_core.package_identification:_identify(log) by extensions ['ignore', 'ignore_ament_install']
[0.224s] Level 1:colcon.colcon_core.package_identification:_identify(log) by extension 'ignore'
[0.224s] Level 1:colcon.colcon_core.package_identification:_identify(log) ignored
[0.224s] Level 1:colcon.colcon_core.package_identification:_identify(meshes) by extensions ['ignore', 'ignore_ament_install']
[0.224s] Level 1:colcon.colcon_core.package_identification:_identify(meshes) by extension 'ignore'
[0.224s] Level 1:colcon.colcon_core.package_identification:_identify(meshes) by extension 'ignore_ament_install'
[0.224s] Level 1:colcon.colcon_core.package_identification:_identify(meshes) by extensions ['colcon_pkg']
[0.224s] Level 1:colcon.colcon_core.package_identification:_identify(meshes) by extension 'colcon_pkg'
[0.224s] Level 1:colcon.colcon_core.package_identification:_identify(meshes) by extensions ['colcon_meta']
[0.224s] Level 1:colcon.colcon_core.package_identification:_identify(meshes) by extension 'colcon_meta'
[0.224s] Level 1:colcon.colcon_core.package_identification:_identify(meshes) by extensions ['ros']
[0.224s] Level 1:colcon.colcon_core.package_identification:_identify(meshes) by extension 'ros'
[0.224s] Level 1:colcon.colcon_core.package_identification:_identify(meshes) by extensions ['cmake', 'python']
[0.224s] Level 1:colcon.colcon_core.package_identification:_identify(meshes) by extension 'cmake'
[0.224s] Level 1:colcon.colcon_core.package_identification:_identify(meshes) by extension 'python'
[0.224s] Level 1:colcon.colcon_core.package_identification:_identify(meshes) by extensions ['python_setup_py']
[0.224s] Level 1:colcon.colcon_core.package_identification:_identify(meshes) by extension 'python_setup_py'
[0.224s] Level 1:colcon.colcon_core.package_identification:_identify(meshes/base) by extensions ['ignore', 'ignore_ament_install']
[0.224s] Level 1:colcon.colcon_core.package_identification:_identify(meshes/base) by extension 'ignore'
[0.224s] Level 1:colcon.colcon_core.package_identification:_identify(meshes/base) by extension 'ignore_ament_install'
[0.224s] Level 1:colcon.colcon_core.package_identification:_identify(meshes/base) by extensions ['colcon_pkg']
[0.224s] Level 1:colcon.colcon_core.package_identification:_identify(meshes/base) by extension 'colcon_pkg'
[0.225s] Level 1:colcon.colcon_core.package_identification:_identify(meshes/base) by extensions ['colcon_meta']
[0.225s] Level 1:colcon.colcon_core.package_identification:_identify(meshes/base) by extension 'colcon_meta'
[0.225s] Level 1:colcon.colcon_core.package_identification:_identify(meshes/base) by extensions ['ros']
[0.225s] Level 1:colcon.colcon_core.package_identification:_identify(meshes/base) by extension 'ros'
[0.225s] Level 1:colcon.colcon_core.package_identification:_identify(meshes/base) by extensions ['cmake', 'python']
[0.225s] Level 1:colcon.colcon_core.package_identification:_identify(meshes/base) by extension 'cmake'
[0.225s] Level 1:colcon.colcon_core.package_identification:_identify(meshes/base) by extension 'python'
[0.225s] Level 1:colcon.colcon_core.package_identification:_identify(meshes/base) by extensions ['python_setup_py']
[0.225s] Level 1:colcon.colcon_core.package_identification:_identify(meshes/base) by extension 'python_setup_py'
[0.225s] Level 1:colcon.colcon_core.package_identification:_identify(meshes/head) by extensions ['ignore', 'ignore_ament_install']
[0.225s] Level 1:colcon.colcon_core.package_identification:_identify(meshes/head) by extension 'ignore'
[0.225s] Level 1:colcon.colcon_core.package_identification:_identify(meshes/head) by extension 'ignore_ament_install'
[0.225s] Level 1:colcon.colcon_core.package_identification:_identify(meshes/head) by extensions ['colcon_pkg']
[0.225s] Level 1:colcon.colcon_core.package_identification:_identify(meshes/head) by extension 'colcon_pkg'
[0.225s] Level 1:colcon.colcon_core.package_identification:_identify(meshes/head) by extensions ['colcon_meta']
[0.225s] Level 1:colcon.colcon_core.package_identification:_identify(meshes/head) by extension 'colcon_meta'
[0.225s] Level 1:colcon.colcon_core.package_identification:_identify(meshes/head) by extensions ['ros']
[0.225s] Level 1:colcon.colcon_core.package_identification:_identify(meshes/head) by extension 'ros'
[0.225s] Level 1:colcon.colcon_core.package_identification:_identify(meshes/head) by extensions ['cmake', 'python']
[0.225s] Level 1:colcon.colcon_core.package_identification:_identify(meshes/head) by extension 'cmake'
[0.225s] Level 1:colcon.colcon_core.package_identification:_identify(meshes/head) by extension 'python'
[0.225s] Level 1:colcon.colcon_core.package_identification:_identify(meshes/head) by extensions ['python_setup_py']
[0.225s] Level 1:colcon.colcon_core.package_identification:_identify(meshes/head) by extension 'python_setup_py'
[0.226s] Level 1:colcon.colcon_core.package_identification:_identify(meshes/lower_elbow) by extensions ['ignore', 'ignore_ament_install']
[0.226s] Level 1:colcon.colcon_core.package_identification:_identify(meshes/lower_elbow) by extension 'ignore'
[0.226s] Level 1:colcon.colcon_core.package_identification:_identify(meshes/lower_elbow) by extension 'ignore_ament_install'
[0.226s] Level 1:colcon.colcon_core.package_identification:_identify(meshes/lower_elbow) by extensions ['colcon_pkg']
[0.226s] Level 1:colcon.colcon_core.package_identification:_identify(meshes/lower_elbow) by extension 'colcon_pkg'
[0.226s] Level 1:colcon.colcon_core.package_identification:_identify(meshes/lower_elbow) by extensions ['colcon_meta']
[0.226s] Level 1:colcon.colcon_core.package_identification:_identify(meshes/lower_elbow) by extension 'colcon_meta'
[0.226s] Level 1:colcon.colcon_core.package_identification:_identify(meshes/lower_elbow) by extensions ['ros']
[0.226s] Level 1:colcon.colcon_core.package_identification:_identify(meshes/lower_elbow) by extension 'ros'
[0.226s] Level 1:colcon.colcon_core.package_identification:_identify(meshes/lower_elbow) by extensions ['cmake', 'python']
[0.226s] Level 1:colcon.colcon_core.package_identification:_identify(meshes/lower_elbow) by extension 'cmake'
[0.226s] Level 1:colcon.colcon_core.package_identification:_identify(meshes/lower_elbow) by extension 'python'
[0.226s] Level 1:colcon.colcon_core.package_identification:_identify(meshes/lower_elbow) by extensions ['python_setup_py']
[0.226s] Level 1:colcon.colcon_core.package_identification:_identify(meshes/lower_elbow) by extension 'python_setup_py'
[0.226s] Level 1:colcon.colcon_core.package_identification:_identify(meshes/lower_forearm) by extensions ['ignore', 'ignore_ament_install']
[0.226s] Level 1:colcon.colcon_core.package_identification:_identify(meshes/lower_forearm) by extension 'ignore'
[0.226s] Level 1:colcon.colcon_core.package_identification:_identify(meshes/lower_forearm) by extension 'ignore_ament_install'
[0.226s] Level 1:colcon.colcon_core.package_identification:_identify(meshes/lower_forearm) by extensions ['colcon_pkg']
[0.226s] Level 1:colcon.colcon_core.package_identification:_identify(meshes/lower_forearm) by extension 'colcon_pkg'
[0.226s] Level 1:colcon.colcon_core.package_identification:_identify(meshes/lower_forearm) by extensions ['colcon_meta']
[0.226s] Level 1:colcon.colcon_core.package_identification:_identify(meshes/lower_forearm) by extension 'colcon_meta'
[0.226s] Level 1:colcon.colcon_core.package_identification:_identify(meshes/lower_forearm) by extensions ['ros']
[0.226s] Level 1:colcon.colcon_core.package_identification:_identify(meshes/lower_forearm) by extension 'ros'
[0.227s] Level 1:colcon.colcon_core.package_identification:_identify(meshes/lower_forearm) by extensions ['cmake', 'python']
[0.227s] Level 1:colcon.colcon_core.package_identification:_identify(meshes/lower_forearm) by extension 'cmake'
[0.227s] Level 1:colcon.colcon_core.package_identification:_identify(meshes/lower_forearm) by extension 'python'
[0.227s] Level 1:colcon.colcon_core.package_identification:_identify(meshes/lower_forearm) by extensions ['python_setup_py']
[0.227s] Level 1:colcon.colcon_core.package_identification:_identify(meshes/lower_forearm) by extension 'python_setup_py'
[0.227s] Level 1:colcon.colcon_core.package_identification:_identify(meshes/lower_shoulder) by extensions ['ignore', 'ignore_ament_install']
[0.227s] Level 1:colcon.colcon_core.package_identification:_identify(meshes/lower_shoulder) by extension 'ignore'
[0.227s] Level 1:colcon.colcon_core.package_identification:_identify(meshes/lower_shoulder) by extension 'ignore_ament_install'
[0.227s] Level 1:colcon.colcon_core.package_identification:_identify(meshes/lower_shoulder) by extensions ['colcon_pkg']
[0.227s] Level 1:colcon.colcon_core.package_identification:_identify(meshes/lower_shoulder) by extension 'colcon_pkg'
[0.227s] Level 1:colcon.colcon_core.package_identification:_identify(meshes/lower_shoulder) by extensions ['colcon_meta']
[0.227s] Level 1:colcon.colcon_core.package_identification:_identify(meshes/lower_shoulder) by extension 'colcon_meta'
[0.227s] Level 1:colcon.colcon_core.package_identification:_identify(meshes/lower_shoulder) by extensions ['ros']
[0.227s] Level 1:colcon.colcon_core.package_identification:_identify(meshes/lower_shoulder) by extension 'ros'
[0.227s] Level 1:colcon.colcon_core.package_identification:_identify(meshes/lower_shoulder) by extensions ['cmake', 'python']
[0.227s] Level 1:colcon.colcon_core.package_identification:_identify(meshes/lower_shoulder) by extension 'cmake'
[0.227s] Level 1:colcon.colcon_core.package_identification:_identify(meshes/lower_shoulder) by extension 'python'
[0.227s] Level 1:colcon.colcon_core.package_identification:_identify(meshes/lower_shoulder) by extensions ['python_setup_py']
[0.227s] Level 1:colcon.colcon_core.package_identification:_identify(meshes/lower_shoulder) by extension 'python_setup_py'
[0.227s] Level 1:colcon.colcon_core.package_identification:_identify(meshes/torso) by extensions ['ignore', 'ignore_ament_install']
[0.227s] Level 1:colcon.colcon_core.package_identification:_identify(meshes/torso) by extension 'ignore'
[0.227s] Level 1:colcon.colcon_core.package_identification:_identify(meshes/torso) by extension 'ignore_ament_install'
[0.228s] Level 1:colcon.colcon_core.package_identification:_identify(meshes/torso) by extensions ['colcon_pkg']
[0.228s] Level 1:colcon.colcon_core.package_identification:_identify(meshes/torso) by extension 'colcon_pkg'
[0.228s] Level 1:colcon.colcon_core.package_identification:_identify(meshes/torso) by extensions ['colcon_meta']
[0.228s] Level 1:colcon.colcon_core.package_identification:_identify(meshes/torso) by extension 'colcon_meta'
[0.228s] Level 1:colcon.colcon_core.package_identification:_identify(meshes/torso) by extensions ['ros']
[0.228s] Level 1:colcon.colcon_core.package_identification:_identify(meshes/torso) by extension 'ros'
[0.228s] Level 1:colcon.colcon_core.package_identification:_identify(meshes/torso) by extensions ['cmake', 'python']
[0.228s] Level 1:colcon.colcon_core.package_identification:_identify(meshes/torso) by extension 'cmake'
[0.228s] Level 1:colcon.colcon_core.package_identification:_identify(meshes/torso) by extension 'python'
[0.228s] Level 1:colcon.colcon_core.package_identification:_identify(meshes/torso) by extensions ['python_setup_py']
[0.228s] Level 1:colcon.colcon_core.package_identification:_identify(meshes/torso) by extension 'python_setup_py'
[0.228s] Level 1:colcon.colcon_core.package_identification:_identify(meshes/upper_elbow) by extensions ['ignore', 'ignore_ament_install']
[0.228s] Level 1:colcon.colcon_core.package_identification:_identify(meshes/upper_elbow) by extension 'ignore'
[0.228s] Level 1:colcon.colcon_core.package_identification:_identify(meshes/upper_elbow) by extension 'ignore_ament_install'
[0.228s] Level 1:colcon.colcon_core.package_identification:_identify(meshes/upper_elbow) by extensions ['colcon_pkg']
[0.228s] Level 1:colcon.colcon_core.package_identification:_identify(meshes/upper_elbow) by extension 'colcon_pkg'
[0.228s] Level 1:colcon.colcon_core.package_identification:_identify(meshes/upper_elbow) by extensions ['colcon_meta']
[0.228s] Level 1:colcon.colcon_core.package_identification:_identify(meshes/upper_elbow) by extension 'colcon_meta'
[0.228s] Level 1:colcon.colcon_core.package_identification:_identify(meshes/upper_elbow) by extensions ['ros']
[0.228s] Level 1:colcon.colcon_core.package_identification:_identify(meshes/upper_elbow) by extension 'ros'
[0.228s] Level 1:colcon.colcon_core.package_identification:_identify(meshes/upper_elbow) by extensions ['cmake', 'python']
[0.228s] Level 1:colcon.colcon_core.package_identification:_identify(meshes/upper_elbow) by extension 'cmake'
[0.228s] Level 1:colcon.colcon_core.package_identification:_identify(meshes/upper_elbow) by extension 'python'
[0.229s] Level 1:colcon.colcon_core.package_identification:_identify(meshes/upper_elbow) by extensions ['python_setup_py']
[0.229s] Level 1:colcon.colcon_core.package_identification:_identify(meshes/upper_elbow) by extension 'python_setup_py'
[0.229s] Level 1:colcon.colcon_core.package_identification:_identify(meshes/upper_forearm) by extensions ['ignore', 'ignore_ament_install']
[0.229s] Level 1:colcon.colcon_core.package_identification:_identify(meshes/upper_forearm) by extension 'ignore'
[0.229s] Level 1:colcon.colcon_core.package_identification:_identify(meshes/upper_forearm) by extension 'ignore_ament_install'
[0.229s] Level 1:colcon.colcon_core.package_identification:_identify(meshes/upper_forearm) by extensions ['colcon_pkg']
[0.229s] Level 1:colcon.colcon_core.package_identification:_identify(meshes/upper_forearm) by extension 'colcon_pkg'
[0.229s] Level 1:colcon.colcon_core.package_identification:_identify(meshes/upper_forearm) by extensions ['colcon_meta']
[0.229s] Level 1:colcon.colcon_core.package_identification:_identify(meshes/upper_forearm) by extension 'colcon_meta'
[0.229s] Level 1:colcon.colcon_core.package_identification:_identify(meshes/upper_forearm) by extensions ['ros']
[0.229s] Level 1:colcon.colcon_core.package_identification:_identify(meshes/upper_forearm) by extension 'ros'
[0.229s] Level 1:colcon.colcon_core.package_identification:_identify(meshes/upper_forearm) by extensions ['cmake', 'python']
[0.229s] Level 1:colcon.colcon_core.package_identification:_identify(meshes/upper_forearm) by extension 'cmake'
[0.229s] Level 1:colcon.colcon_core.package_identification:_identify(meshes/upper_forearm) by extension 'python'
[0.229s] Level 1:colcon.colcon_core.package_identification:_identify(meshes/upper_forearm) by extensions ['python_setup_py']
[0.229s] Level 1:colcon.colcon_core.package_identification:_identify(meshes/upper_forearm) by extension 'python_setup_py'
[0.229s] Level 1:colcon.colcon_core.package_identification:_identify(meshes/upper_shoulder) by extensions ['ignore', 'ignore_ament_install']
[0.229s] Level 1:colcon.colcon_core.package_identification:_identify(meshes/upper_shoulder) by extension 'ignore'
[0.229s] Level 1:colcon.colcon_core.package_identification:_identify(meshes/upper_shoulder) by extension 'ignore_ament_install'
[0.229s] Level 1:colcon.colcon_core.package_identification:_identify(meshes/upper_shoulder) by extensions ['colcon_pkg']
[0.229s] Level 1:colcon.colcon_core.package_identification:_identify(meshes/upper_shoulder) by extension 'colcon_pkg'
[0.229s] Level 1:colcon.colcon_core.package_identification:_identify(meshes/upper_shoulder) by extensions ['colcon_meta']
[0.229s] Level 1:colcon.colcon_core.package_identification:_identify(meshes/upper_shoulder) by extension 'colcon_meta'
[0.230s] Level 1:colcon.colcon_core.package_identification:_identify(meshes/upper_shoulder) by extensions ['ros']
[0.230s] Level 1:colcon.colcon_core.package_identification:_identify(meshes/upper_shoulder) by extension 'ros'
[0.230s] Level 1:colcon.colcon_core.package_identification:_identify(meshes/upper_shoulder) by extensions ['cmake', 'python']
[0.230s] Level 1:colcon.colcon_core.package_identification:_identify(meshes/upper_shoulder) by extension 'cmake'
[0.230s] Level 1:colcon.colcon_core.package_identification:_identify(meshes/upper_shoulder) by extension 'python'
[0.230s] Level 1:colcon.colcon_core.package_identification:_identify(meshes/upper_shoulder) by extensions ['python_setup_py']
[0.230s] Level 1:colcon.colcon_core.package_identification:_identify(meshes/upper_shoulder) by extension 'python_setup_py'
[0.230s] Level 1:colcon.colcon_core.package_identification:_identify(meshes/wrist) by extensions ['ignore', 'ignore_ament_install']
[0.230s] Level 1:colcon.colcon_core.package_identification:_identify(meshes/wrist) by extension 'ignore'
[0.230s] Level 1:colcon.colcon_core.package_identification:_identify(meshes/wrist) by extension 'ignore_ament_install'
[0.230s] Level 1:colcon.colcon_core.package_identification:_identify(meshes/wrist) by extensions ['colcon_pkg']
[0.230s] Level 1:colcon.colcon_core.package_identification:_identify(meshes/wrist) by extension 'colcon_pkg'
[0.230s] Level 1:colcon.colcon_core.package_identification:_identify(meshes/wrist) by extensions ['colcon_meta']
[0.230s] Level 1:colcon.colcon_core.package_identification:_identify(meshes/wrist) by extension 'colcon_meta'
[0.230s] Level 1:colcon.colcon_core.package_identification:_identify(meshes/wrist) by extensions ['ros']
[0.230s] Level 1:colcon.colcon_core.package_identification:_identify(meshes/wrist) by extension 'ros'
[0.230s] Level 1:colcon.colcon_core.package_identification:_identify(meshes/wrist) by extensions ['cmake', 'python']
[0.230s] Level 1:colcon.colcon_core.package_identification:_identify(meshes/wrist) by extension 'cmake'
[0.230s] Level 1:colcon.colcon_core.package_identification:_identify(meshes/wrist) by extension 'python'
[0.230s] Level 1:colcon.colcon_core.package_identification:_identify(meshes/wrist) by extensions ['python_setup_py']
[0.230s] Level 1:colcon.colcon_core.package_identification:_identify(meshes/wrist) by extension 'python_setup_py'
[0.230s] Level 1:colcon.colcon_core.package_identification:_identify(src) by extensions ['ignore', 'ignore_ament_install']
[0.231s] Level 1:colcon.colcon_core.package_identification:_identify(src) by extension 'ignore'
[0.231s] Level 1:colcon.colcon_core.package_identification:_identify(src) by extension 'ignore_ament_install'
[0.231s] Level 1:colcon.colcon_core.package_identification:_identify(src) by extensions ['colcon_pkg']
[0.231s] Level 1:colcon.colcon_core.package_identification:_identify(src) by extension 'colcon_pkg'
[0.231s] Level 1:colcon.colcon_core.package_identification:_identify(src) by extensions ['colcon_meta']
[0.231s] Level 1:colcon.colcon_core.package_identification:_identify(src) by extension 'colcon_meta'
[0.231s] Level 1:colcon.colcon_core.package_identification:_identify(src) by extensions ['ros']
[0.231s] Level 1:colcon.colcon_core.package_identification:_identify(src) by extension 'ros'
[0.231s] Level 1:colcon.colcon_core.package_identification:_identify(src) by extensions ['cmake', 'python']
[0.231s] Level 1:colcon.colcon_core.package_identification:_identify(src) by extension 'cmake'
[0.231s] Level 1:colcon.colcon_core.package_identification:_identify(src) by extension 'python'
[0.231s] Level 1:colcon.colcon_core.package_identification:_identify(src) by extensions ['python_setup_py']
[0.231s] Level 1:colcon.colcon_core.package_identification:_identify(src) by extension 'python_setup_py'
[0.231s] Level 1:colcon.colcon_core.package_identification:_identify(src/baxter_bridge) by extensions ['ignore', 'ignore_ament_install']
[0.231s] Level 1:colcon.colcon_core.package_identification:_identify(src/baxter_bridge) by extension 'ignore'
[0.231s] Level 1:colcon.colcon_core.package_identification:_identify(src/baxter_bridge) by extension 'ignore_ament_install'
[0.231s] Level 1:colcon.colcon_core.package_identification:_identify(src/baxter_bridge) by extensions ['colcon_pkg']
[0.231s] Level 1:colcon.colcon_core.package_identification:_identify(src/baxter_bridge) by extension 'colcon_pkg'
[0.231s] Level 1:colcon.colcon_core.package_identification:_identify(src/baxter_bridge) by extensions ['colcon_meta']
[0.231s] Level 1:colcon.colcon_core.package_identification:_identify(src/baxter_bridge) by extension 'colcon_meta'
[0.231s] Level 1:colcon.colcon_core.package_identification:_identify(src/baxter_bridge) by extensions ['ros']
[0.231s] Level 1:colcon.colcon_core.package_identification:_identify(src/baxter_bridge) by extension 'ros'
[0.234s] DEBUG:colcon.colcon_core.package_identification:Package 'src/baxter_bridge' with type 'ros.ament_cmake' and name 'baxter_bridge'
[0.234s] Level 1:colcon.colcon_core.package_identification:_identify(src/baxter_core_msgs) by extensions ['ignore', 'ignore_ament_install']
[0.234s] Level 1:colcon.colcon_core.package_identification:_identify(src/baxter_core_msgs) by extension 'ignore'
[0.234s] Level 1:colcon.colcon_core.package_identification:_identify(src/baxter_core_msgs) by extension 'ignore_ament_install'
[0.234s] Level 1:colcon.colcon_core.package_identification:_identify(src/baxter_core_msgs) by extensions ['colcon_pkg']
[0.234s] Level 1:colcon.colcon_core.package_identification:_identify(src/baxter_core_msgs) by extension 'colcon_pkg'
[0.234s] Level 1:colcon.colcon_core.package_identification:_identify(src/baxter_core_msgs) by extensions ['colcon_meta']
[0.235s] Level 1:colcon.colcon_core.package_identification:_identify(src/baxter_core_msgs) by extension 'colcon_meta'
[0.235s] Level 1:colcon.colcon_core.package_identification:_identify(src/baxter_core_msgs) by extensions ['ros']
[0.235s] Level 1:colcon.colcon_core.package_identification:_identify(src/baxter_core_msgs) by extension 'ros'
[0.235s] DEBUG:colcon.colcon_core.package_identification:Package 'src/baxter_core_msgs' with type 'ros.ament_cmake' and name 'baxter_core_msgs'
[0.235s] Level 1:colcon.colcon_core.package_identification:_identify(src/baxter_description) by extensions ['ignore', 'ignore_ament_install']
[0.235s] Level 1:colcon.colcon_core.package_identification:_identify(src/baxter_description) by extension 'ignore'
[0.235s] Level 1:colcon.colcon_core.package_identification:_identify(src/baxter_description) by extension 'ignore_ament_install'
[0.235s] Level 1:colcon.colcon_core.package_identification:_identify(src/baxter_description) by extensions ['colcon_pkg']
[0.235s] Level 1:colcon.colcon_core.package_identification:_identify(src/baxter_description) by extension 'colcon_pkg'
[0.235s] Level 1:colcon.colcon_core.package_identification:_identify(src/baxter_description) by extensions ['colcon_meta']
[0.235s] Level 1:colcon.colcon_core.package_identification:_identify(src/baxter_description) by extension 'colcon_meta'
[0.235s] Level 1:colcon.colcon_core.package_identification:_identify(src/baxter_description) by extensions ['ros']
[0.236s] Level 1:colcon.colcon_core.package_identification:_identify(src/baxter_description) by extension 'ros'
[0.236s] DEBUG:colcon.colcon_core.package_identification:Package 'src/baxter_description' with type 'ros.ament_cmake' and name 'baxter_description'
[0.236s] Level 1:colcon.colcon_core.package_identification:_identify(src/baxter_maintenance_msgs) by extensions ['ignore', 'ignore_ament_install']
[0.236s] Level 1:colcon.colcon_core.package_identification:_identify(src/baxter_maintenance_msgs) by extension 'ignore'
[0.236s] Level 1:colcon.colcon_core.package_identification:_identify(src/baxter_maintenance_msgs) by extension 'ignore_ament_install'
[0.236s] Level 1:colcon.colcon_core.package_identification:_identify(src/baxter_maintenance_msgs) by extensions ['colcon_pkg']
[0.236s] Level 1:colcon.colcon_core.package_identification:_identify(src/baxter_maintenance_msgs) by extension 'colcon_pkg'
[0.236s] Level 1:colcon.colcon_core.package_identification:_identify(src/baxter_maintenance_msgs) by extensions ['colcon_meta']
[0.236s] Level 1:colcon.colcon_core.package_identification:_identify(src/baxter_maintenance_msgs) by extension 'colcon_meta'
[0.236s] Level 1:colcon.colcon_core.package_identification:_identify(src/baxter_maintenance_msgs) by extensions ['ros']
[0.236s] Level 1:colcon.colcon_core.package_identification:_identify(src/baxter_maintenance_msgs) by extension 'ros'
[0.237s] DEBUG:colcon.colcon_core.package_identification:Package 'src/baxter_maintenance_msgs' with type 'ros.ament_cmake' and name 'baxter_maintenance_msgs'
[0.237s] Level 1:colcon.colcon_core.package_identification:_identify(src/my_ros2_test_package) by extensions ['ignore', 'ignore_ament_install']
[0.237s] Level 1:colcon.colcon_core.package_identification:_identify(src/my_ros2_test_package) by extension 'ignore'
[0.237s] Level 1:colcon.colcon_core.package_identification:_identify(src/my_ros2_test_package) by extension 'ignore_ament_install'
[0.237s] Level 1:colcon.colcon_core.package_identification:_identify(src/my_ros2_test_package) by extensions ['colcon_pkg']
[0.237s] Level 1:colcon.colcon_core.package_identification:_identify(src/my_ros2_test_package) by extension 'colcon_pkg'
[0.237s] Level 1:colcon.colcon_core.package_identification:_identify(src/my_ros2_test_package) by extensions ['colcon_meta']
[0.237s] Level 1:colcon.colcon_core.package_identification:_identify(src/my_ros2_test_package) by extension 'colcon_meta'
[0.237s] Level 1:colcon.colcon_core.package_identification:_identify(src/my_ros2_test_package) by extensions ['ros']
[0.237s] Level 1:colcon.colcon_core.package_identification:_identify(src/my_ros2_test_package) by extension 'ros'
[0.238s] DEBUG:colcon.colcon_core.package_identification:Package 'src/my_ros2_test_package' with type 'ros.ament_python' and name 'my_ros2_test_package'
[0.238s] Level 1:colcon.colcon_core.package_identification:_identify(src/rethink_ee_description) by extensions ['ignore', 'ignore_ament_install']
[0.238s] Level 1:colcon.colcon_core.package_identification:_identify(src/rethink_ee_description) by extension 'ignore'
[0.238s] Level 1:colcon.colcon_core.package_identification:_identify(src/rethink_ee_description) by extension 'ignore_ament_install'
[0.238s] Level 1:colcon.colcon_core.package_identification:_identify(src/rethink_ee_description) by extensions ['colcon_pkg']
[0.238s] Level 1:colcon.colcon_core.package_identification:_identify(src/rethink_ee_description) by extension 'colcon_pkg'
[0.238s] Level 1:colcon.colcon_core.package_identification:_identify(src/rethink_ee_description) by extensions ['colcon_meta']
[0.238s] Level 1:colcon.colcon_core.package_identification:_identify(src/rethink_ee_description) by extension 'colcon_meta'
[0.238s] Level 1:colcon.colcon_core.package_identification:_identify(src/rethink_ee_description) by extensions ['ros']
[0.238s] Level 1:colcon.colcon_core.package_identification:_identify(src/rethink_ee_description) by extension 'ros'
[0.239s] DEBUG:colcon.colcon_core.package_identification:Package 'src/rethink_ee_description' with type 'ros.ament_cmake' and name 'rethink_ee_description'
[0.239s] Level 1:colcon.colcon_core.package_identification:_identify(urdf) by extensions ['ignore', 'ignore_ament_install']
[0.239s] Level 1:colcon.colcon_core.package_identification:_identify(urdf) by extension 'ignore'
[0.239s] Level 1:colcon.colcon_core.package_identification:_identify(urdf) by extension 'ignore_ament_install'
[0.239s] Level 1:colcon.colcon_core.package_identification:_identify(urdf) by extensions ['colcon_pkg']
[0.239s] Level 1:colcon.colcon_core.package_identification:_identify(urdf) by extension 'colcon_pkg'
[0.239s] Level 1:colcon.colcon_core.package_identification:_identify(urdf) by extensions ['colcon_meta']
[0.239s] Level 1:colcon.colcon_core.package_identification:_identify(urdf) by extension 'colcon_meta'
[0.239s] Level 1:colcon.colcon_core.package_identification:_identify(urdf) by extensions ['ros']
[0.239s] Level 1:colcon.colcon_core.package_identification:_identify(urdf) by extension 'ros'
[0.239s] Level 1:colcon.colcon_core.package_identification:_identify(urdf) by extensions ['cmake', 'python']
[0.239s] Level 1:colcon.colcon_core.package_identification:_identify(urdf) by extension 'cmake'
[0.239s] Level 1:colcon.colcon_core.package_identification:_identify(urdf) by extension 'python'
[0.239s] Level 1:colcon.colcon_core.package_identification:_identify(urdf) by extensions ['python_setup_py']
[0.239s] Level 1:colcon.colcon_core.package_identification:_identify(urdf) by extension 'python_setup_py'
[0.240s] Level 1:colcon.colcon_core.package_identification:_identify(urdf/baxter_base) by extensions ['ignore', 'ignore_ament_install']
[0.240s] Level 1:colcon.colcon_core.package_identification:_identify(urdf/baxter_base) by extension 'ignore'
[0.240s] Level 1:colcon.colcon_core.package_identification:_identify(urdf/baxter_base) by extension 'ignore_ament_install'
[0.240s] Level 1:colcon.colcon_core.package_identification:_identify(urdf/baxter_base) by extensions ['colcon_pkg']
[0.240s] Level 1:colcon.colcon_core.package_identification:_identify(urdf/baxter_base) by extension 'colcon_pkg'
[0.240s] Level 1:colcon.colcon_core.package_identification:_identify(urdf/baxter_base) by extensions ['colcon_meta']
[0.240s] Level 1:colcon.colcon_core.package_identification:_identify(urdf/baxter_base) by extension 'colcon_meta'
[0.240s] Level 1:colcon.colcon_core.package_identification:_identify(urdf/baxter_base) by extensions ['ros']
[0.240s] Level 1:colcon.colcon_core.package_identification:_identify(urdf/baxter_base) by extension 'ros'
[0.240s] Level 1:colcon.colcon_core.package_identification:_identify(urdf/baxter_base) by extensions ['cmake', 'python']
[0.240s] Level 1:colcon.colcon_core.package_identification:_identify(urdf/baxter_base) by extension 'cmake'
[0.240s] Level 1:colcon.colcon_core.package_identification:_identify(urdf/baxter_base) by extension 'python'
[0.240s] Level 1:colcon.colcon_core.package_identification:_identify(urdf/baxter_base) by extensions ['python_setup_py']
[0.240s] Level 1:colcon.colcon_core.package_identification:_identify(urdf/baxter_base) by extension 'python_setup_py'
[0.240s] Level 1:colcon.colcon_core.package_identification:_identify(urdf/pedestal) by extensions ['ignore', 'ignore_ament_install']
[0.240s] Level 1:colcon.colcon_core.package_identification:_identify(urdf/pedestal) by extension 'ignore'
[0.240s] Level 1:colcon.colcon_core.package_identification:_identify(urdf/pedestal) by extension 'ignore_ament_install'
[0.240s] Level 1:colcon.colcon_core.package_identification:_identify(urdf/pedestal) by extensions ['colcon_pkg']
[0.240s] Level 1:colcon.colcon_core.package_identification:_identify(urdf/pedestal) by extension 'colcon_pkg'
[0.240s] Level 1:colcon.colcon_core.package_identification:_identify(urdf/pedestal) by extensions ['colcon_meta']
[0.241s] Level 1:colcon.colcon_core.package_identification:_identify(urdf/pedestal) by extension 'colcon_meta'
[0.241s] Level 1:colcon.colcon_core.package_identification:_identify(urdf/pedestal) by extensions ['ros']
[0.241s] Level 1:colcon.colcon_core.package_identification:_identify(urdf/pedestal) by extension 'ros'
[0.241s] Level 1:colcon.colcon_core.package_identification:_identify(urdf/pedestal) by extensions ['cmake', 'python']
[0.241s] Level 1:colcon.colcon_core.package_identification:_identify(urdf/pedestal) by extension 'cmake'
[0.241s] Level 1:colcon.colcon_core.package_identification:_identify(urdf/pedestal) by extension 'python'
[0.241s] Level 1:colcon.colcon_core.package_identification:_identify(urdf/pedestal) by extensions ['python_setup_py']
[0.241s] Level 1:colcon.colcon_core.package_identification:_identify(urdf/pedestal) by extension 'python_setup_py'
[0.241s] Level 1:colcon.colcon_core.package_discovery:discover_packages(recursive) using defaults
[0.241s] Level 1:colcon.colcon_core.package_discovery:discover_packages(ignore) discover
[0.241s] Level 1:colcon.colcon_core.package_discovery:discover_packages(ignore) using defaults
[0.241s] Level 1:colcon.colcon_core.package_discovery:discover_packages(path) discover
[0.241s] Level 1:colcon.colcon_core.package_discovery:discover_packages(path) using defaults
[0.259s] Level 5:colcon.colcon_core.verb:set package 'baxter_core_msgs' build argument 'cmake_args' from command line to 'None'
[0.259s] Level 5:colcon.colcon_core.verb:set package 'baxter_core_msgs' build argument 'cmake_target' from command line to 'None'
[0.259s] Level 5:colcon.colcon_core.verb:set package 'baxter_core_msgs' build argument 'cmake_target_skip_unavailable' from command line to 'False'
[0.259s] Level 5:colcon.colcon_core.verb:set package 'baxter_core_msgs' build argument 'cmake_clean_cache' from command line to 'False'
[0.259s] Level 5:colcon.colcon_core.verb:set package 'baxter_core_msgs' build argument 'cmake_clean_first' from command line to 'False'
[0.259s] Level 5:colcon.colcon_core.verb:set package 'baxter_core_msgs' build argument 'cmake_force_configure' from command line to 'False'
[0.259s] Level 5:colcon.colcon_core.verb:set package 'baxter_core_msgs' build argument 'ament_cmake_args' from command line to 'None'
[0.259s] Level 5:colcon.colcon_core.verb:set package 'baxter_core_msgs' build argument 'catkin_cmake_args' from command line to 'None'
[0.259s] Level 5:colcon.colcon_core.verb:set package 'baxter_core_msgs' build argument 'catkin_skip_building_tests' from command line to 'False'
[0.259s] DEBUG:colcon.colcon_core.verb:Building package 'baxter_core_msgs' with the following arguments: {'ament_cmake_args': None, 'build_base': '/shared_ws/build/baxter_core_msgs', 'catkin_cmake_args': None, 'catkin_skip_building_tests': False, 'cmake_args': None, 'cmake_clean_cache': False, 'cmake_clean_first': False, 'cmake_force_configure': False, 'cmake_target': None, 'cmake_target_skip_unavailable': False, 'install_base': '/shared_ws/install/baxter_core_msgs', 'merge_install': False, 'path': '/shared_ws/src/baxter_core_msgs', 'symlink_install': False, 'test_result_base': None}
[0.259s] Level 5:colcon.colcon_core.verb:set package 'baxter_maintenance_msgs' build argument 'cmake_args' from command line to 'None'
[0.260s] Level 5:colcon.colcon_core.verb:set package 'baxter_maintenance_msgs' build argument 'cmake_target' from command line to 'None'
[0.260s] Level 5:colcon.colcon_core.verb:set package 'baxter_maintenance_msgs' build argument 'cmake_target_skip_unavailable' from command line to 'False'
[0.260s] Level 5:colcon.colcon_core.verb:set package 'baxter_maintenance_msgs' build argument 'cmake_clean_cache' from command line to 'False'
[0.260s] Level 5:colcon.colcon_core.verb:set package 'baxter_maintenance_msgs' build argument 'cmake_clean_first' from command line to 'False'
[0.260s] Level 5:colcon.colcon_core.verb:set package 'baxter_maintenance_msgs' build argument 'cmake_force_configure' from command line to 'False'
[0.260s] Level 5:colcon.colcon_core.verb:set package 'baxter_maintenance_msgs' build argument 'ament_cmake_args' from command line to 'None'
[0.260s] Level 5:colcon.colcon_core.verb:set package 'baxter_maintenance_msgs' build argument 'catkin_cmake_args' from command line to 'None'
[0.260s] Level 5:colcon.colcon_core.verb:set package 'baxter_maintenance_msgs' build argument 'catkin_skip_building_tests' from command line to 'False'
[0.260s] DEBUG:colcon.colcon_core.verb:Building package 'baxter_maintenance_msgs' with the following arguments: {'ament_cmake_args': None, 'build_base': '/shared_ws/build/baxter_maintenance_msgs', 'catkin_cmake_args': None, 'catkin_skip_building_tests': False, 'cmake_args': None, 'cmake_clean_cache': False, 'cmake_clean_first': False, 'cmake_force_configure': False, 'cmake_target': None, 'cmake_target_skip_unavailable': False, 'install_base': '/shared_ws/install/baxter_maintenance_msgs', 'merge_install': False, 'path': '/shared_ws/src/baxter_maintenance_msgs', 'symlink_install': False, 'test_result_base': None}
[0.260s] Level 5:colcon.colcon_core.verb:set package 'my_ros2_test_package' build argument 'cmake_args' from command line to 'None'
[0.260s] Level 5:colcon.colcon_core.verb:set package 'my_ros2_test_package' build argument 'cmake_target' from command line to 'None'
[0.260s] Level 5:colcon.colcon_core.verb:set package 'my_ros2_test_package' build argument 'cmake_target_skip_unavailable' from command line to 'False'
[0.260s] Level 5:colcon.colcon_core.verb:set package 'my_ros2_test_package' build argument 'cmake_clean_cache' from command line to 'False'
[0.260s] Level 5:colcon.colcon_core.verb:set package 'my_ros2_test_package' build argument 'cmake_clean_first' from command line to 'False'
[0.260s] Level 5:colcon.colcon_core.verb:set package 'my_ros2_test_package' build argument 'cmake_force_configure' from command line to 'False'
[0.260s] Level 5:colcon.colcon_core.verb:set package 'my_ros2_test_package' build argument 'ament_cmake_args' from command line to 'None'
[0.260s] Level 5:colcon.colcon_core.verb:set package 'my_ros2_test_package' build argument 'catkin_cmake_args' from command line to 'None'
[0.260s] Level 5:colcon.colcon_core.verb:set package 'my_ros2_test_package' build argument 'catkin_skip_building_tests' from command line to 'False'
[0.260s] DEBUG:colcon.colcon_core.verb:Building package 'my_ros2_test_package' with the following arguments: {'ament_cmake_args': None, 'build_base': '/shared_ws/build/my_ros2_test_package', 'catkin_cmake_args': None, 'catkin_skip_building_tests': False, 'cmake_args': None, 'cmake_clean_cache': False, 'cmake_clean_first': False, 'cmake_force_configure': False, 'cmake_target': None, 'cmake_target_skip_unavailable': False, 'install_base': '/shared_ws/install/my_ros2_test_package', 'merge_install': False, 'path': '/shared_ws/src/my_ros2_test_package', 'symlink_install': False, 'test_result_base': None}
[0.261s] Level 5:colcon.colcon_core.verb:set package 'rethink_ee_description' build argument 'cmake_args' from command line to 'None'
[0.261s] Level 5:colcon.colcon_core.verb:set package 'rethink_ee_description' build argument 'cmake_target' from command line to 'None'
[0.261s] Level 5:colcon.colcon_core.verb:set package 'rethink_ee_description' build argument 'cmake_target_skip_unavailable' from command line to 'False'
[0.261s] Level 5:colcon.colcon_core.verb:set package 'rethink_ee_description' build argument 'cmake_clean_cache' from command line to 'False'
[0.261s] Level 5:colcon.colcon_core.verb:set package 'rethink_ee_description' build argument 'cmake_clean_first' from command line to 'False'
[0.261s] Level 5:colcon.colcon_core.verb:set package 'rethink_ee_description' build argument 'cmake_force_configure' from command line to 'False'
[0.261s] Level 5:colcon.colcon_core.verb:set package 'rethink_ee_description' build argument 'ament_cmake_args' from command line to 'None'
[0.261s] Level 5:colcon.colcon_core.verb:set package 'rethink_ee_description' build argument 'catkin_cmake_args' from command line to 'None'
[0.261s] Level 5:colcon.colcon_core.verb:set package 'rethink_ee_description' build argument 'catkin_skip_building_tests' from command line to 'False'
[0.261s] DEBUG:colcon.colcon_core.verb:Building package 'rethink_ee_description' with the following arguments: {'ament_cmake_args': None, 'build_base': '/shared_ws/build/rethink_ee_description', 'catkin_cmake_args': None, 'catkin_skip_building_tests': False, 'cmake_args': None, 'cmake_clean_cache': False, 'cmake_clean_first': False, 'cmake_force_configure': False, 'cmake_target': None, 'cmake_target_skip_unavailable': False, 'install_base': '/shared_ws/install/rethink_ee_description', 'merge_install': False, 'path': '/shared_ws/src/rethink_ee_description', 'symlink_install': False, 'test_result_base': None}
[0.261s] Level 5:colcon.colcon_core.verb:set package 'baxter_bridge' build argument 'cmake_args' from command line to 'None'
[0.261s] Level 5:colcon.colcon_core.verb:set package 'baxter_bridge' build argument 'cmake_target' from command line to 'None'
[0.261s] Level 5:colcon.colcon_core.verb:set package 'baxter_bridge' build argument 'cmake_target_skip_unavailable' from command line to 'False'
[0.261s] Level 5:colcon.colcon_core.verb:set package 'baxter_bridge' build argument 'cmake_clean_cache' from command line to 'False'
[0.261s] Level 5:colcon.colcon_core.verb:set package 'baxter_bridge' build argument 'cmake_clean_first' from command line to 'False'
[0.261s] Level 5:colcon.colcon_core.verb:set package 'baxter_bridge' build argument 'cmake_force_configure' from command line to 'False'
[0.261s] Level 5:colcon.colcon_core.verb:set package 'baxter_bridge' build argument 'ament_cmake_args' from command line to 'None'
[0.261s] Level 5:colcon.colcon_core.verb:set package 'baxter_bridge' build argument 'catkin_cmake_args' from command line to 'None'
[0.261s] Level 5:colcon.colcon_core.verb:set package 'baxter_bridge' build argument 'catkin_skip_building_tests' from command line to 'False'
[0.261s] DEBUG:colcon.colcon_core.verb:Building package 'baxter_bridge' with the following arguments: {'ament_cmake_args': None, 'build_base': '/shared_ws/build/baxter_bridge', 'catkin_cmake_args': None, 'catkin_skip_building_tests': False, 'cmake_args': None, 'cmake_clean_cache': False, 'cmake_clean_first': False, 'cmake_force_configure': False, 'cmake_target': None, 'cmake_target_skip_unavailable': False, 'install_base': '/shared_ws/install/baxter_bridge', 'merge_install': False, 'path': '/shared_ws/src/baxter_bridge', 'symlink_install': False, 'test_result_base': None}
[0.262s] Level 5:colcon.colcon_core.verb:set package 'baxter_description' build argument 'cmake_args' from command line to 'None'
[0.262s] Level 5:colcon.colcon_core.verb:set package 'baxter_description' build argument 'cmake_target' from command line to 'None'
[0.262s] Level 5:colcon.colcon_core.verb:set package 'baxter_description' build argument 'cmake_target_skip_unavailable' from command line to 'False'
[0.262s] Level 5:colcon.colcon_core.verb:set package 'baxter_description' build argument 'cmake_clean_cache' from command line to 'False'
[0.262s] Level 5:colcon.colcon_core.verb:set package 'baxter_description' build argument 'cmake_clean_first' from command line to 'False'
[0.262s] Level 5:colcon.colcon_core.verb:set package 'baxter_description' build argument 'cmake_force_configure' from command line to 'False'
[0.262s] Level 5:colcon.colcon_core.verb:set package 'baxter_description' build argument 'ament_cmake_args' from command line to 'None'
[0.262s] Level 5:colcon.colcon_core.verb:set package 'baxter_description' build argument 'catkin_cmake_args' from command line to 'None'
[0.262s] Level 5:colcon.colcon_core.verb:set package 'baxter_description' build argument 'catkin_skip_building_tests' from command line to 'False'
[0.262s] DEBUG:colcon.colcon_core.verb:Building package 'baxter_description' with the following arguments: {'ament_cmake_args': None, 'build_base': '/shared_ws/build/baxter_description', 'catkin_cmake_args': None, 'catkin_skip_building_tests': False, 'cmake_args': None, 'cmake_clean_cache': False, 'cmake_clean_first': False, 'cmake_force_configure': False, 'cmake_target': None, 'cmake_target_skip_unavailable': False, 'install_base': '/shared_ws/install/baxter_description', 'merge_install': False, 'path': '/shared_ws/src/baxter_description', 'symlink_install': False, 'test_result_base': None}
[0.262s] INFO:colcon.colcon_core.executor:Executing jobs using 'parallel' executor
[0.263s] DEBUG:colcon.colcon_parallel_executor.executor.parallel:run_until_complete
[0.263s] INFO:colcon.colcon_ros.task.ament_cmake.build:Building ROS package in '/shared_ws/src/baxter_core_msgs' with build type 'ament_cmake'
[0.263s] INFO:colcon.colcon_cmake.task.cmake.build:Building CMake package in '/shared_ws/src/baxter_core_msgs'
[0.265s] INFO:colcon.colcon_core.plugin_system:Skipping extension 'colcon_core.shell.bat': Not used on non-Windows systems
[0.265s] INFO:colcon.colcon_core.shell:Skip shell extension 'powershell' for command environment: Not usable outside of PowerShell
[0.265s] DEBUG:colcon.colcon_core.shell:Skip shell extension 'dsv' for command environment
[0.268s] INFO:colcon.colcon_ros.task.ament_cmake.build:Building ROS package in '/shared_ws/src/baxter_maintenance_msgs' with build type 'ament_cmake'
[0.268s] INFO:colcon.colcon_cmake.task.cmake.build:Building CMake package in '/shared_ws/src/baxter_maintenance_msgs'
[0.268s] INFO:colcon.colcon_core.shell:Skip shell extension 'powershell' for command environment: Not usable outside of PowerShell
[0.269s] DEBUG:colcon.colcon_core.shell:Skip shell extension 'dsv' for command environment
[0.271s] INFO:colcon.colcon_ros.task.ament_cmake.build:Building ROS package in '/shared_ws/src/rethink_ee_description' with build type 'ament_cmake'
[0.271s] INFO:colcon.colcon_cmake.task.cmake.build:Building CMake package in '/shared_ws/src/rethink_ee_description'
[0.271s] INFO:colcon.colcon_core.shell:Skip shell extension 'powershell' for command environment: Not usable outside of PowerShell
[0.271s] DEBUG:colcon.colcon_core.shell:Skip shell extension 'dsv' for command environment
[0.273s] INFO:colcon.colcon_ros.task.ament_python.build:Building ROS package in '/shared_ws/src/my_ros2_test_package' with build type 'ament_python'
[0.273s] Level 1:colcon.colcon_core.shell:create_environment_hook('my_ros2_test_package', 'ament_prefix_path')
[0.273s] INFO:colcon.colcon_core.shell:Creating environment hook '/shared_ws/install/my_ros2_test_package/share/my_ros2_test_package/hook/ament_prefix_path.ps1'
[0.274s] INFO:colcon.colcon_core.shell:Creating environment descriptor '/shared_ws/install/my_ros2_test_package/share/my_ros2_test_package/hook/ament_prefix_path.dsv'
[0.274s] INFO:colcon.colcon_core.shell:Creating environment hook '/shared_ws/install/my_ros2_test_package/share/my_ros2_test_package/hook/ament_prefix_path.sh'
[0.275s] INFO:colcon.colcon_core.shell:Skip shell extension 'powershell' for command environment: Not usable outside of PowerShell
[0.275s] DEBUG:colcon.colcon_core.shell:Skip shell extension 'dsv' for command environment
[0.281s] DEBUG:colcon.colcon_core.event_handler.log_command:Invoking command in '/shared_ws/build/baxter_core_msgs': CMAKE_PREFIX_PATH=/opt/ros/humble /usr/bin/cmake /shared_ws/src/baxter_core_msgs -DCMAKE_INSTALL_PREFIX=/shared_ws/install/baxter_core_msgs
[0.281s] DEBUG:colcon.colcon_core.event_handler.log_command:Invoking command in '/shared_ws/build/baxter_maintenance_msgs': CMAKE_PREFIX_PATH=/opt/ros/humble /usr/bin/cmake /shared_ws/src/baxter_maintenance_msgs -DCMAKE_INSTALL_PREFIX=/shared_ws/install/baxter_maintenance_msgs
[0.282s] DEBUG:colcon.colcon_core.event_handler.log_command:Invoking command in '/shared_ws/build/rethink_ee_description': CMAKE_PREFIX_PATH=/opt/ros/humble /usr/bin/cmake /shared_ws/src/rethink_ee_description -DCMAKE_INSTALL_PREFIX=/shared_ws/install/rethink_ee_description
[0.484s] INFO:colcon.colcon_core.task.python.build:Building Python package in '/shared_ws/src/my_ros2_test_package'
[0.484s] INFO:colcon.colcon_core.shell:Skip shell extension 'powershell' for command environment: Not usable outside of PowerShell
[0.484s] DEBUG:colcon.colcon_core.shell:Skip shell extension 'dsv' for command environment
[0.928s] DEBUG:colcon.colcon_core.event_handler.log_command:Invoking command in '/shared_ws/src/my_ros2_test_package': PYTHONPATH=/shared_ws/build/my_ros2_test_package/prefix_override:/usr/lib/python3/dist-packages/colcon_core/task/python/colcon_distutils_commands:/shared_ws/install/my_ros2_test_package/lib/python3.10/site-packages:${PYTHONPATH} /usr/bin/python3 -W ignore:setup.py install is deprecated -W ignore:easy_install command is deprecated setup.py egg_info --egg-base ../../build/my_ros2_test_package build --build-base /shared_ws/build/my_ros2_test_package/build install --record /shared_ws/build/my_ros2_test_package/install.log --single-version-externally-managed install_data
[0.929s] DEBUG:colcon.colcon_core.event_handler.log_command:Invoked command in '/shared_ws/build/rethink_ee_description' returned '0': CMAKE_PREFIX_PATH=/opt/ros/humble /usr/bin/cmake /shared_ws/src/rethink_ee_description -DCMAKE_INSTALL_PREFIX=/shared_ws/install/rethink_ee_description
[0.930s] DEBUG:colcon.colcon_core.event_handler.log_command:Invoking command in '/shared_ws/build/rethink_ee_description': CMAKE_PREFIX_PATH=/opt/ros/humble /usr/bin/cmake --build /shared_ws/build/rethink_ee_description -- -j16 -l16
[0.966s] DEBUG:colcon.colcon_core.event_handler.log_command:Invoked command in '/shared_ws/build/rethink_ee_description' returned '0': CMAKE_PREFIX_PATH=/opt/ros/humble /usr/bin/cmake --build /shared_ws/build/rethink_ee_description -- -j16 -l16
[0.989s] DEBUG:colcon.colcon_core.event_handler.log_command:Invoking command in '/shared_ws/build/rethink_ee_description': CMAKE_PREFIX_PATH=/opt/ros/humble /usr/bin/cmake --install /shared_ws/build/rethink_ee_description
[1.027s] Level 1:colcon.colcon_core.environment:create_environment_scripts_only(rethink_ee_description)
[1.027s] DEBUG:colcon.colcon_core.event_handler.log_command:Invoked command in '/shared_ws/build/rethink_ee_description' returned '0': CMAKE_PREFIX_PATH=/opt/ros/humble /usr/bin/cmake --install /shared_ws/build/rethink_ee_description
[1.030s] Level 1:colcon.colcon_core.environment:checking '/shared_ws/install/rethink_ee_description' for CMake module files
[1.030s] Level 1:colcon.colcon_core.environment:checking '/shared_ws/install/rethink_ee_description' for CMake config files
[1.031s] Level 1:colcon.colcon_core.shell:create_environment_hook('rethink_ee_description', 'cmake_prefix_path')
[1.031s] INFO:colcon.colcon_core.shell:Creating environment hook '/shared_ws/install/rethink_ee_description/share/rethink_ee_description/hook/cmake_prefix_path.ps1'
[1.031s] INFO:colcon.colcon_core.shell:Creating environment descriptor '/shared_ws/install/rethink_ee_description/share/rethink_ee_description/hook/cmake_prefix_path.dsv'
[1.032s] INFO:colcon.colcon_core.shell:Creating environment hook '/shared_ws/install/rethink_ee_description/share/rethink_ee_description/hook/cmake_prefix_path.sh'
[1.033s] Level 1:colcon.colcon_core.environment:checking '/shared_ws/install/rethink_ee_description/bin'
[1.033s] Level 1:colcon.colcon_core.environment:checking '/shared_ws/install/rethink_ee_description/lib/pkgconfig/rethink_ee_description.pc'
[1.033s] Level 1:colcon.colcon_core.environment:checking '/shared_ws/install/rethink_ee_description/lib/python3.10/site-packages'
[1.033s] Level 1:colcon.colcon_core.environment:checking '/shared_ws/install/rethink_ee_description/bin'
[1.033s] INFO:colcon.colcon_core.shell:Creating package script '/shared_ws/install/rethink_ee_description/share/rethink_ee_description/package.ps1'
[1.035s] INFO:colcon.colcon_core.shell:Creating package descriptor '/shared_ws/install/rethink_ee_description/share/rethink_ee_description/package.dsv'
[1.035s] INFO:colcon.colcon_core.shell:Creating package script '/shared_ws/install/rethink_ee_description/share/rethink_ee_description/package.sh'
[1.036s] INFO:colcon.colcon_core.shell:Creating package script '/shared_ws/install/rethink_ee_description/share/rethink_ee_description/package.bash'
[1.037s] INFO:colcon.colcon_core.shell:Creating package script '/shared_ws/install/rethink_ee_description/share/rethink_ee_description/package.zsh'
[1.038s] Level 1:colcon.colcon_core.environment:create_file_with_runtime_dependencies(/shared_ws/install/rethink_ee_description/share/colcon-core/packages/rethink_ee_description)
[1.038s] Level 1:colcon.colcon_core.environment:create_environment_scripts_only(rethink_ee_description)
[1.039s] Level 1:colcon.colcon_core.environment:checking '/shared_ws/install/rethink_ee_description' for CMake module files
[1.039s] Level 1:colcon.colcon_core.environment:checking '/shared_ws/install/rethink_ee_description' for CMake config files
[1.040s] Level 1:colcon.colcon_core.shell:create_environment_hook('rethink_ee_description', 'cmake_prefix_path')
[1.040s] INFO:colcon.colcon_core.shell:Creating environment hook '/shared_ws/install/rethink_ee_description/share/rethink_ee_description/hook/cmake_prefix_path.ps1'
[1.041s] INFO:colcon.colcon_core.shell:Creating environment descriptor '/shared_ws/install/rethink_ee_description/share/rethink_ee_description/hook/cmake_prefix_path.dsv'
[1.042s] INFO:colcon.colcon_core.shell:Creating environment hook '/shared_ws/install/rethink_ee_description/share/rethink_ee_description/hook/cmake_prefix_path.sh'
[1.043s] Level 1:colcon.colcon_core.environment:checking '/shared_ws/install/rethink_ee_description/bin'
[1.043s] Level 1:colcon.colcon_core.environment:checking '/shared_ws/install/rethink_ee_description/lib/pkgconfig/rethink_ee_description.pc'
[1.043s] Level 1:colcon.colcon_core.environment:checking '/shared_ws/install/rethink_ee_description/lib/python3.10/site-packages'
[1.044s] Level 1:colcon.colcon_core.environment:checking '/shared_ws/install/rethink_ee_description/bin'
[1.044s] INFO:colcon.colcon_core.shell:Creating package script '/shared_ws/install/rethink_ee_description/share/rethink_ee_description/package.ps1'
[1.045s] INFO:colcon.colcon_core.shell:Creating package descriptor '/shared_ws/install/rethink_ee_description/share/rethink_ee_description/package.dsv'
[1.046s] INFO:colcon.colcon_core.shell:Creating package script '/shared_ws/install/rethink_ee_description/share/rethink_ee_description/package.sh'
[1.047s] INFO:colcon.colcon_core.shell:Creating package script '/shared_ws/install/rethink_ee_description/share/rethink_ee_description/package.bash'
[1.047s] INFO:colcon.colcon_core.shell:Creating package script '/shared_ws/install/rethink_ee_description/share/rethink_ee_description/package.zsh'
[1.048s] Level 1:colcon.colcon_core.environment:create_file_with_runtime_dependencies(/shared_ws/install/rethink_ee_description/share/colcon-core/packages/rethink_ee_description)
[1.048s] INFO:colcon.colcon_ros.task.ament_cmake.build:Building ROS package in '/shared_ws/src/baxter_description' with build type 'ament_cmake'
[1.049s] INFO:colcon.colcon_cmake.task.cmake.build:Building CMake package in '/shared_ws/src/baxter_description'
[1.049s] INFO:colcon.colcon_core.shell:Skip shell extension 'powershell' for command environment: Not usable outside of PowerShell
[1.049s] DEBUG:colcon.colcon_core.shell:Skip shell extension 'dsv' for command environment
[1.056s] DEBUG:colcon.colcon_core.event_handler.log_command:Invoking command in '/shared_ws/build/baxter_description': AMENT_PREFIX_PATH=/shared_ws/install/rethink_ee_description:${AMENT_PREFIX_PATH} CMAKE_PREFIX_PATH=/shared_ws/install/rethink_ee_description:/opt/ros/humble /usr/bin/cmake /shared_ws/src/baxter_description -DCMAKE_INSTALL_PREFIX=/shared_ws/install/baxter_description
[1.203s] DEBUG:colcon.colcon_core.event_handler.log_command:Invoked command in '/shared_ws/src/my_ros2_test_package' returned '1': PYTHONPATH=/shared_ws/build/my_ros2_test_package/prefix_override:/usr/lib/python3/dist-packages/colcon_core/task/python/colcon_distutils_commands:/shared_ws/install/my_ros2_test_package/lib/python3.10/site-packages:${PYTHONPATH} /usr/bin/python3 -W ignore:setup.py install is deprecated -W ignore:easy_install command is deprecated setup.py egg_info --egg-base ../../build/my_ros2_test_package build --build-base /shared_ws/build/my_ros2_test_package/build install --record /shared_ws/build/my_ros2_test_package/install.log --single-version-externally-managed install_data
[2.439s] DEBUG:colcon.colcon_parallel_executor.executor.parallel:closing loop
[2.439s] DEBUG:colcon.colcon_parallel_executor.executor.parallel:loop closed
[2.439s] DEBUG:colcon.colcon_parallel_executor.executor.parallel:run_until_complete finished with '1'
[2.439s] DEBUG:colcon.colcon_core.event_reactor:joining thread
[2.445s] INFO:colcon.colcon_core.plugin_system:Skipping extension 'colcon_notification.desktop_notification.notify_send': Could not find 'notify-send'
[2.445s] INFO:colcon.colcon_core.plugin_system:Skipping extension 'colcon_notification.desktop_notification.terminal_notifier': Not used on non-Darwin systems
[2.445s] INFO:colcon.colcon_core.plugin_system:Skipping extension 'colcon_notification.desktop_notification.win32': Not used on non-Windows systems
[2.445s] INFO:colcon.colcon_notification.desktop_notification:Sending desktop notification using 'notify2'
[2.446s] DEBUG:colcon.colcon_notification.desktop_notification.notify2:Failed to initialize notify2: org.freedesktop.DBus.Error.Spawn.ExecFailed: /usr/bin/dbus-launch terminated abnormally without any error message
[2.446s] DEBUG:colcon.colcon_core.event_reactor:joined thread
[2.447s] INFO:colcon.colcon_core.shell:Creating prefix script '/shared_ws/install/local_setup.ps1'
[2.448s] INFO:colcon.colcon_core.shell:Creating prefix util module '/shared_ws/install/_local_setup_util_ps1.py'
[2.449s] INFO:colcon.colcon_core.shell:Creating prefix chain script '/shared_ws/install/setup.ps1'
[2.450s] INFO:colcon.colcon_core.shell:Creating prefix script '/shared_ws/install/local_setup.sh'
[2.450s] INFO:colcon.colcon_core.shell:Creating prefix util module '/shared_ws/install/_local_setup_util_sh.py'
[2.451s] INFO:colcon.colcon_core.shell:Creating prefix chain script '/shared_ws/install/setup.sh'
[2.452s] INFO:colcon.colcon_core.shell:Creating prefix script '/shared_ws/install/local_setup.bash'
[2.452s] INFO:colcon.colcon_core.shell:Creating prefix chain script '/shared_ws/install/setup.bash'
[2.454s] INFO:colcon.colcon_core.shell:Creating prefix script '/shared_ws/install/local_setup.zsh'
[2.454s] INFO:colcon.colcon_core.shell:Creating prefix chain script '/shared_ws/install/setup.zsh'
