[0.094s] DEBUG:colcon:Command line arguments: ['/usr/bin/colcon', 'build']
[0.094s] DEBUG:colcon:Parsed command line arguments: Namespace(log_base=None, log_level=None, verb_name='build', build_base='build', install_base='install', merge_install=False, symlink_install=False, test_result_base=None, continue_on_error=False, executor='parallel', parallel_workers=16, event_handlers=None, ignore_user_meta=False, metas=['./colcon.meta'], base_paths=['.'], packages_ignore=None, packages_ignore_regex=None, paths=None, packages_up_to=None, packages_up_to_regex=None, packages_above=None, packages_above_and_dependencies=None, packages_above_depth=None, packages_select_by_dep=None, packages_skip_by_dep=None, packages_skip_up_to=None, packages_select_build_failed=False, packages_skip_build_finished=False, packages_select_test_failures=False, packages_skip_test_passed=False, packages_select=None, packages_skip=None, packages_select_regex=None, packages_skip_regex=None, packages_start=None, packages_end=None, cmake_args=None, cmake_target=None, cmake_target_skip_unavailable=False, cmake_clean_cache=False, cmake_clean_first=False, cmake_force_configure=False, ament_cmake_args=None, catkin_cmake_args=None, catkin_skip_building_tests=False, mixin_files=None, mixin=None, verb_parser=<colcon_mixin.mixin.mixin_argument.MixinArgumentDecorator object at 0x7fd53b046530>, verb_extension=<colcon_core.verb.build.BuildVerb object at 0x7fd53b0458d0>, main=<bound method BuildVerb.main of <colcon_core.verb.build.BuildVerb object at 0x7fd53b0458d0>>, mixin_verb=('build',))
[0.194s] Level 1:colcon.colcon_core.package_discovery:discover_packages(colcon_meta) check parameters
[0.194s] INFO:colcon.colcon_metadata.package_discovery.colcon_meta:Using configuration from '/root/.colcon/metadata/default/Gazebo.meta'
[0.195s] INFO:colcon.colcon_metadata.package_discovery.colcon_meta:Using configuration from '/root/.colcon/metadata/default/fastdds.meta'
[0.195s] INFO:colcon.colcon_metadata.package_discovery.colcon_meta:Using configuration from '/root/.colcon/metadata/default/fastrtps.meta'
[0.195s] Level 1:colcon.colcon_core.package_discovery:discover_packages(recursive) check parameters
[0.195s] Level 1:colcon.colcon_core.package_discovery:discover_packages(ignore) check parameters
[0.195s] Level 1:colcon.colcon_core.package_discovery:discover_packages(path) check parameters
[0.195s] Level 1:colcon.colcon_core.package_discovery:discover_packages(colcon_meta) discover
[0.195s] Level 1:colcon.colcon_core.package_discovery:discover_packages(recursive) discover
[0.195s] INFO:colcon.colcon_core.package_discovery:Crawling recursively for packages in '/shared_ws'
[0.195s] Level 1:colcon.colcon_core.package_identification:_identify(.) by extensions ['ignore', 'ignore_ament_install']
[0.195s] Level 1:colcon.colcon_core.package_identification:_identify(.) by extension 'ignore'
[0.195s] Level 1:colcon.colcon_core.package_identification:_identify(.) by extension 'ignore_ament_install'
[0.195s] Level 1:colcon.colcon_core.package_identification:_identify(.) by extensions ['colcon_pkg']
[0.195s] Level 1:colcon.colcon_core.package_identification:_identify(.) by extension 'colcon_pkg'
[0.195s] Level 1:colcon.colcon_core.package_identification:_identify(.) by extensions ['colcon_meta']
[0.195s] Level 1:colcon.colcon_core.package_identification:_identify(.) by extension 'colcon_meta'
[0.195s] Level 1:colcon.colcon_core.package_identification:_identify(.) by extensions ['ros']
[0.196s] Level 1:colcon.colcon_core.package_identification:_identify(.) by extension 'ros'
[0.204s] Level 1:colcon.colcon_core.package_identification:_identify(.) by extensions ['cmake', 'python']
[0.204s] Level 1:colcon.colcon_core.package_identification:_identify(.) by extension 'cmake'
[0.204s] Level 1:colcon.colcon_core.package_identification:_identify(.) by extension 'python'
[0.204s] Level 1:colcon.colcon_core.package_identification:_identify(.) by extensions ['python_setup_py']
[0.204s] Level 1:colcon.colcon_core.package_identification:_identify(.) by extension 'python_setup_py'
[0.204s] Level 1:colcon.colcon_core.package_identification:_identify(build) by extensions ['ignore', 'ignore_ament_install']
[0.204s] Level 1:colcon.colcon_core.package_identification:_identify(build) by extension 'ignore'
[0.204s] Level 1:colcon.colcon_core.package_identification:_identify(build) ignored
[0.204s] Level 1:colcon.colcon_core.package_identification:_identify(install) by extensions ['ignore', 'ignore_ament_install']
[0.204s] Level 1:colcon.colcon_core.package_identification:_identify(install) by extension 'ignore'
[0.204s] Level 1:colcon.colcon_core.package_identification:_identify(install) ignored
[0.204s] Level 1:colcon.colcon_core.package_identification:_identify(log) by extensions ['ignore', 'ignore_ament_install']
[0.204s] Level 1:colcon.colcon_core.package_identification:_identify(log) by extension 'ignore'
[0.204s] Level 1:colcon.colcon_core.package_identification:_identify(log) ignored
[0.204s] Level 1:colcon.colcon_core.package_identification:_identify(meshes) by extensions ['ignore', 'ignore_ament_install']
[0.205s] Level 1:colcon.colcon_core.package_identification:_identify(meshes) by extension 'ignore'
[0.205s] Level 1:colcon.colcon_core.package_identification:_identify(meshes) by extension 'ignore_ament_install'
[0.205s] Level 1:colcon.colcon_core.package_identification:_identify(meshes) by extensions ['colcon_pkg']
[0.205s] Level 1:colcon.colcon_core.package_identification:_identify(meshes) by extension 'colcon_pkg'
[0.205s] Level 1:colcon.colcon_core.package_identification:_identify(meshes) by extensions ['colcon_meta']
[0.205s] Level 1:colcon.colcon_core.package_identification:_identify(meshes) by extension 'colcon_meta'
[0.205s] Level 1:colcon.colcon_core.package_identification:_identify(meshes) by extensions ['ros']
[0.205s] Level 1:colcon.colcon_core.package_identification:_identify(meshes) by extension 'ros'
[0.205s] Level 1:colcon.colcon_core.package_identification:_identify(meshes) by extensions ['cmake', 'python']
[0.205s] Level 1:colcon.colcon_core.package_identification:_identify(meshes) by extension 'cmake'
[0.205s] Level 1:colcon.colcon_core.package_identification:_identify(meshes) by extension 'python'
[0.205s] Level 1:colcon.colcon_core.package_identification:_identify(meshes) by extensions ['python_setup_py']
[0.205s] Level 1:colcon.colcon_core.package_identification:_identify(meshes) by extension 'python_setup_py'
[0.205s] Level 1:colcon.colcon_core.package_identification:_identify(meshes/base) by extensions ['ignore', 'ignore_ament_install']
[0.205s] Level 1:colcon.colcon_core.package_identification:_identify(meshes/base) by extension 'ignore'
[0.205s] Level 1:colcon.colcon_core.package_identification:_identify(meshes/base) by extension 'ignore_ament_install'
[0.205s] Level 1:colcon.colcon_core.package_identification:_identify(meshes/base) by extensions ['colcon_pkg']
[0.205s] Level 1:colcon.colcon_core.package_identification:_identify(meshes/base) by extension 'colcon_pkg'
[0.205s] Level 1:colcon.colcon_core.package_identification:_identify(meshes/base) by extensions ['colcon_meta']
[0.205s] Level 1:colcon.colcon_core.package_identification:_identify(meshes/base) by extension 'colcon_meta'
[0.205s] Level 1:colcon.colcon_core.package_identification:_identify(meshes/base) by extensions ['ros']
[0.205s] Level 1:colcon.colcon_core.package_identification:_identify(meshes/base) by extension 'ros'
[0.205s] Level 1:colcon.colcon_core.package_identification:_identify(meshes/base) by extensions ['cmake', 'python']
[0.205s] Level 1:colcon.colcon_core.package_identification:_identify(meshes/base) by extension 'cmake'
[0.205s] Level 1:colcon.colcon_core.package_identification:_identify(meshes/base) by extension 'python'
[0.205s] Level 1:colcon.colcon_core.package_identification:_identify(meshes/base) by extensions ['python_setup_py']
[0.205s] Level 1:colcon.colcon_core.package_identification:_identify(meshes/base) by extension 'python_setup_py'
[0.206s] Level 1:colcon.colcon_core.package_identification:_identify(meshes/head) by extensions ['ignore', 'ignore_ament_install']
[0.206s] Level 1:colcon.colcon_core.package_identification:_identify(meshes/head) by extension 'ignore'
[0.206s] Level 1:colcon.colcon_core.package_identification:_identify(meshes/head) by extension 'ignore_ament_install'
[0.206s] Level 1:colcon.colcon_core.package_identification:_identify(meshes/head) by extensions ['colcon_pkg']
[0.206s] Level 1:colcon.colcon_core.package_identification:_identify(meshes/head) by extension 'colcon_pkg'
[0.206s] Level 1:colcon.colcon_core.package_identification:_identify(meshes/head) by extensions ['colcon_meta']
[0.206s] Level 1:colcon.colcon_core.package_identification:_identify(meshes/head) by extension 'colcon_meta'
[0.206s] Level 1:colcon.colcon_core.package_identification:_identify(meshes/head) by extensions ['ros']
[0.206s] Level 1:colcon.colcon_core.package_identification:_identify(meshes/head) by extension 'ros'
[0.206s] Level 1:colcon.colcon_core.package_identification:_identify(meshes/head) by extensions ['cmake', 'python']
[0.206s] Level 1:colcon.colcon_core.package_identification:_identify(meshes/head) by extension 'cmake'
[0.206s] Level 1:colcon.colcon_core.package_identification:_identify(meshes/head) by extension 'python'
[0.206s] Level 1:colcon.colcon_core.package_identification:_identify(meshes/head) by extensions ['python_setup_py']
[0.206s] Level 1:colcon.colcon_core.package_identification:_identify(meshes/head) by extension 'python_setup_py'
[0.206s] Level 1:colcon.colcon_core.package_identification:_identify(meshes/lower_elbow) by extensions ['ignore', 'ignore_ament_install']
[0.206s] Level 1:colcon.colcon_core.package_identification:_identify(meshes/lower_elbow) by extension 'ignore'
[0.206s] Level 1:colcon.colcon_core.package_identification:_identify(meshes/lower_elbow) by extension 'ignore_ament_install'
[0.206s] Level 1:colcon.colcon_core.package_identification:_identify(meshes/lower_elbow) by extensions ['colcon_pkg']
[0.206s] Level 1:colcon.colcon_core.package_identification:_identify(meshes/lower_elbow) by extension 'colcon_pkg'
[0.206s] Level 1:colcon.colcon_core.package_identification:_identify(meshes/lower_elbow) by extensions ['colcon_meta']
[0.206s] Level 1:colcon.colcon_core.package_identification:_identify(meshes/lower_elbow) by extension 'colcon_meta'
[0.206s] Level 1:colcon.colcon_core.package_identification:_identify(meshes/lower_elbow) by extensions ['ros']
[0.206s] Level 1:colcon.colcon_core.package_identification:_identify(meshes/lower_elbow) by extension 'ros'
[0.206s] Level 1:colcon.colcon_core.package_identification:_identify(meshes/lower_elbow) by extensions ['cmake', 'python']
[0.207s] Level 1:colcon.colcon_core.package_identification:_identify(meshes/lower_elbow) by extension 'cmake'
[0.207s] Level 1:colcon.colcon_core.package_identification:_identify(meshes/lower_elbow) by extension 'python'
[0.207s] Level 1:colcon.colcon_core.package_identification:_identify(meshes/lower_elbow) by extensions ['python_setup_py']
[0.207s] Level 1:colcon.colcon_core.package_identification:_identify(meshes/lower_elbow) by extension 'python_setup_py'
[0.207s] Level 1:colcon.colcon_core.package_identification:_identify(meshes/lower_forearm) by extensions ['ignore', 'ignore_ament_install']
[0.207s] Level 1:colcon.colcon_core.package_identification:_identify(meshes/lower_forearm) by extension 'ignore'
[0.207s] Level 1:colcon.colcon_core.package_identification:_identify(meshes/lower_forearm) by extension 'ignore_ament_install'
[0.207s] Level 1:colcon.colcon_core.package_identification:_identify(meshes/lower_forearm) by extensions ['colcon_pkg']
[0.207s] Level 1:colcon.colcon_core.package_identification:_identify(meshes/lower_forearm) by extension 'colcon_pkg'
[0.207s] Level 1:colcon.colcon_core.package_identification:_identify(meshes/lower_forearm) by extensions ['colcon_meta']
[0.207s] Level 1:colcon.colcon_core.package_identification:_identify(meshes/lower_forearm) by extension 'colcon_meta'
[0.207s] Level 1:colcon.colcon_core.package_identification:_identify(meshes/lower_forearm) by extensions ['ros']
[0.207s] Level 1:colcon.colcon_core.package_identification:_identify(meshes/lower_forearm) by extension 'ros'
[0.207s] Level 1:colcon.colcon_core.package_identification:_identify(meshes/lower_forearm) by extensions ['cmake', 'python']
[0.207s] Level 1:colcon.colcon_core.package_identification:_identify(meshes/lower_forearm) by extension 'cmake'
[0.207s] Level 1:colcon.colcon_core.package_identification:_identify(meshes/lower_forearm) by extension 'python'
[0.207s] Level 1:colcon.colcon_core.package_identification:_identify(meshes/lower_forearm) by extensions ['python_setup_py']
[0.207s] Level 1:colcon.colcon_core.package_identification:_identify(meshes/lower_forearm) by extension 'python_setup_py'
[0.207s] Level 1:colcon.colcon_core.package_identification:_identify(meshes/lower_shoulder) by extensions ['ignore', 'ignore_ament_install']
[0.207s] Level 1:colcon.colcon_core.package_identification:_identify(meshes/lower_shoulder) by extension 'ignore'
[0.207s] Level 1:colcon.colcon_core.package_identification:_identify(meshes/lower_shoulder) by extension 'ignore_ament_install'
[0.207s] Level 1:colcon.colcon_core.package_identification:_identify(meshes/lower_shoulder) by extensions ['colcon_pkg']
[0.207s] Level 1:colcon.colcon_core.package_identification:_identify(meshes/lower_shoulder) by extension 'colcon_pkg'
[0.207s] Level 1:colcon.colcon_core.package_identification:_identify(meshes/lower_shoulder) by extensions ['colcon_meta']
[0.207s] Level 1:colcon.colcon_core.package_identification:_identify(meshes/lower_shoulder) by extension 'colcon_meta'
[0.207s] Level 1:colcon.colcon_core.package_identification:_identify(meshes/lower_shoulder) by extensions ['ros']
[0.207s] Level 1:colcon.colcon_core.package_identification:_identify(meshes/lower_shoulder) by extension 'ros'
[0.208s] Level 1:colcon.colcon_core.package_identification:_identify(meshes/lower_shoulder) by extensions ['cmake', 'python']
[0.208s] Level 1:colcon.colcon_core.package_identification:_identify(meshes/lower_shoulder) by extension 'cmake'
[0.208s] Level 1:colcon.colcon_core.package_identification:_identify(meshes/lower_shoulder) by extension 'python'
[0.208s] Level 1:colcon.colcon_core.package_identification:_identify(meshes/lower_shoulder) by extensions ['python_setup_py']
[0.208s] Level 1:colcon.colcon_core.package_identification:_identify(meshes/lower_shoulder) by extension 'python_setup_py'
[0.208s] Level 1:colcon.colcon_core.package_identification:_identify(meshes/torso) by extensions ['ignore', 'ignore_ament_install']
[0.208s] Level 1:colcon.colcon_core.package_identification:_identify(meshes/torso) by extension 'ignore'
[0.208s] Level 1:colcon.colcon_core.package_identification:_identify(meshes/torso) by extension 'ignore_ament_install'
[0.208s] Level 1:colcon.colcon_core.package_identification:_identify(meshes/torso) by extensions ['colcon_pkg']
[0.208s] Level 1:colcon.colcon_core.package_identification:_identify(meshes/torso) by extension 'colcon_pkg'
[0.208s] Level 1:colcon.colcon_core.package_identification:_identify(meshes/torso) by extensions ['colcon_meta']
[0.208s] Level 1:colcon.colcon_core.package_identification:_identify(meshes/torso) by extension 'colcon_meta'
[0.208s] Level 1:colcon.colcon_core.package_identification:_identify(meshes/torso) by extensions ['ros']
[0.208s] Level 1:colcon.colcon_core.package_identification:_identify(meshes/torso) by extension 'ros'
[0.208s] Level 1:colcon.colcon_core.package_identification:_identify(meshes/torso) by extensions ['cmake', 'python']
[0.208s] Level 1:colcon.colcon_core.package_identification:_identify(meshes/torso) by extension 'cmake'
[0.208s] Level 1:colcon.colcon_core.package_identification:_identify(meshes/torso) by extension 'python'
[0.208s] Level 1:colcon.colcon_core.package_identification:_identify(meshes/torso) by extensions ['python_setup_py']
[0.208s] Level 1:colcon.colcon_core.package_identification:_identify(meshes/torso) by extension 'python_setup_py'
[0.208s] Level 1:colcon.colcon_core.package_identification:_identify(meshes/upper_elbow) by extensions ['ignore', 'ignore_ament_install']
[0.208s] Level 1:colcon.colcon_core.package_identification:_identify(meshes/upper_elbow) by extension 'ignore'
[0.208s] Level 1:colcon.colcon_core.package_identification:_identify(meshes/upper_elbow) by extension 'ignore_ament_install'
[0.208s] Level 1:colcon.colcon_core.package_identification:_identify(meshes/upper_elbow) by extensions ['colcon_pkg']
[0.208s] Level 1:colcon.colcon_core.package_identification:_identify(meshes/upper_elbow) by extension 'colcon_pkg'
[0.208s] Level 1:colcon.colcon_core.package_identification:_identify(meshes/upper_elbow) by extensions ['colcon_meta']
[0.208s] Level 1:colcon.colcon_core.package_identification:_identify(meshes/upper_elbow) by extension 'colcon_meta'
[0.209s] Level 1:colcon.colcon_core.package_identification:_identify(meshes/upper_elbow) by extensions ['ros']
[0.209s] Level 1:colcon.colcon_core.package_identification:_identify(meshes/upper_elbow) by extension 'ros'
[0.209s] Level 1:colcon.colcon_core.package_identification:_identify(meshes/upper_elbow) by extensions ['cmake', 'python']
[0.209s] Level 1:colcon.colcon_core.package_identification:_identify(meshes/upper_elbow) by extension 'cmake'
[0.209s] Level 1:colcon.colcon_core.package_identification:_identify(meshes/upper_elbow) by extension 'python'
[0.209s] Level 1:colcon.colcon_core.package_identification:_identify(meshes/upper_elbow) by extensions ['python_setup_py']
[0.209s] Level 1:colcon.colcon_core.package_identification:_identify(meshes/upper_elbow) by extension 'python_setup_py'
[0.209s] Level 1:colcon.colcon_core.package_identification:_identify(meshes/upper_forearm) by extensions ['ignore', 'ignore_ament_install']
[0.209s] Level 1:colcon.colcon_core.package_identification:_identify(meshes/upper_forearm) by extension 'ignore'
[0.209s] Level 1:colcon.colcon_core.package_identification:_identify(meshes/upper_forearm) by extension 'ignore_ament_install'
[0.209s] Level 1:colcon.colcon_core.package_identification:_identify(meshes/upper_forearm) by extensions ['colcon_pkg']
[0.209s] Level 1:colcon.colcon_core.package_identification:_identify(meshes/upper_forearm) by extension 'colcon_pkg'
[0.209s] Level 1:colcon.colcon_core.package_identification:_identify(meshes/upper_forearm) by extensions ['colcon_meta']
[0.209s] Level 1:colcon.colcon_core.package_identification:_identify(meshes/upper_forearm) by extension 'colcon_meta'
[0.209s] Level 1:colcon.colcon_core.package_identification:_identify(meshes/upper_forearm) by extensions ['ros']
[0.209s] Level 1:colcon.colcon_core.package_identification:_identify(meshes/upper_forearm) by extension 'ros'
[0.209s] Level 1:colcon.colcon_core.package_identification:_identify(meshes/upper_forearm) by extensions ['cmake', 'python']
[0.209s] Level 1:colcon.colcon_core.package_identification:_identify(meshes/upper_forearm) by extension 'cmake'
[0.209s] Level 1:colcon.colcon_core.package_identification:_identify(meshes/upper_forearm) by extension 'python'
[0.209s] Level 1:colcon.colcon_core.package_identification:_identify(meshes/upper_forearm) by extensions ['python_setup_py']
[0.209s] Level 1:colcon.colcon_core.package_identification:_identify(meshes/upper_forearm) by extension 'python_setup_py'
[0.210s] Level 1:colcon.colcon_core.package_identification:_identify(meshes/upper_shoulder) by extensions ['ignore', 'ignore_ament_install']
[0.210s] Level 1:colcon.colcon_core.package_identification:_identify(meshes/upper_shoulder) by extension 'ignore'
[0.210s] Level 1:colcon.colcon_core.package_identification:_identify(meshes/upper_shoulder) by extension 'ignore_ament_install'
[0.210s] Level 1:colcon.colcon_core.package_identification:_identify(meshes/upper_shoulder) by extensions ['colcon_pkg']
[0.210s] Level 1:colcon.colcon_core.package_identification:_identify(meshes/upper_shoulder) by extension 'colcon_pkg'
[0.210s] Level 1:colcon.colcon_core.package_identification:_identify(meshes/upper_shoulder) by extensions ['colcon_meta']
[0.210s] Level 1:colcon.colcon_core.package_identification:_identify(meshes/upper_shoulder) by extension 'colcon_meta'
[0.210s] Level 1:colcon.colcon_core.package_identification:_identify(meshes/upper_shoulder) by extensions ['ros']
[0.210s] Level 1:colcon.colcon_core.package_identification:_identify(meshes/upper_shoulder) by extension 'ros'
[0.210s] Level 1:colcon.colcon_core.package_identification:_identify(meshes/upper_shoulder) by extensions ['cmake', 'python']
[0.210s] Level 1:colcon.colcon_core.package_identification:_identify(meshes/upper_shoulder) by extension 'cmake'
[0.210s] Level 1:colcon.colcon_core.package_identification:_identify(meshes/upper_shoulder) by extension 'python'
[0.210s] Level 1:colcon.colcon_core.package_identification:_identify(meshes/upper_shoulder) by extensions ['python_setup_py']
[0.210s] Level 1:colcon.colcon_core.package_identification:_identify(meshes/upper_shoulder) by extension 'python_setup_py'
[0.210s] Level 1:colcon.colcon_core.package_identification:_identify(meshes/wrist) by extensions ['ignore', 'ignore_ament_install']
[0.210s] Level 1:colcon.colcon_core.package_identification:_identify(meshes/wrist) by extension 'ignore'
[0.211s] Level 1:colcon.colcon_core.package_identification:_identify(meshes/wrist) by extension 'ignore_ament_install'
[0.211s] Level 1:colcon.colcon_core.package_identification:_identify(meshes/wrist) by extensions ['colcon_pkg']
[0.211s] Level 1:colcon.colcon_core.package_identification:_identify(meshes/wrist) by extension 'colcon_pkg'
[0.211s] Level 1:colcon.colcon_core.package_identification:_identify(meshes/wrist) by extensions ['colcon_meta']
[0.211s] Level 1:colcon.colcon_core.package_identification:_identify(meshes/wrist) by extension 'colcon_meta'
[0.211s] Level 1:colcon.colcon_core.package_identification:_identify(meshes/wrist) by extensions ['ros']
[0.211s] Level 1:colcon.colcon_core.package_identification:_identify(meshes/wrist) by extension 'ros'
[0.211s] Level 1:colcon.colcon_core.package_identification:_identify(meshes/wrist) by extensions ['cmake', 'python']
[0.211s] Level 1:colcon.colcon_core.package_identification:_identify(meshes/wrist) by extension 'cmake'
[0.211s] Level 1:colcon.colcon_core.package_identification:_identify(meshes/wrist) by extension 'python'
[0.211s] Level 1:colcon.colcon_core.package_identification:_identify(meshes/wrist) by extensions ['python_setup_py']
[0.211s] Level 1:colcon.colcon_core.package_identification:_identify(meshes/wrist) by extension 'python_setup_py'
[0.211s] Level 1:colcon.colcon_core.package_identification:_identify(src) by extensions ['ignore', 'ignore_ament_install']
[0.211s] Level 1:colcon.colcon_core.package_identification:_identify(src) by extension 'ignore'
[0.211s] Level 1:colcon.colcon_core.package_identification:_identify(src) by extension 'ignore_ament_install'
[0.211s] Level 1:colcon.colcon_core.package_identification:_identify(src) by extensions ['colcon_pkg']
[0.211s] Level 1:colcon.colcon_core.package_identification:_identify(src) by extension 'colcon_pkg'
[0.211s] Level 1:colcon.colcon_core.package_identification:_identify(src) by extensions ['colcon_meta']
[0.212s] Level 1:colcon.colcon_core.package_identification:_identify(src) by extension 'colcon_meta'
[0.212s] Level 1:colcon.colcon_core.package_identification:_identify(src) by extensions ['ros']
[0.212s] Level 1:colcon.colcon_core.package_identification:_identify(src) by extension 'ros'
[0.212s] Level 1:colcon.colcon_core.package_identification:_identify(src) by extensions ['cmake', 'python']
[0.212s] Level 1:colcon.colcon_core.package_identification:_identify(src) by extension 'cmake'
[0.212s] Level 1:colcon.colcon_core.package_identification:_identify(src) by extension 'python'
[0.212s] Level 1:colcon.colcon_core.package_identification:_identify(src) by extensions ['python_setup_py']
[0.212s] Level 1:colcon.colcon_core.package_identification:_identify(src) by extension 'python_setup_py'
[0.212s] Level 1:colcon.colcon_core.package_identification:_identify(src/baxter_core_msgs) by extensions ['ignore', 'ignore_ament_install']
[0.212s] Level 1:colcon.colcon_core.package_identification:_identify(src/baxter_core_msgs) by extension 'ignore'
[0.212s] Level 1:colcon.colcon_core.package_identification:_identify(src/baxter_core_msgs) by extension 'ignore_ament_install'
[0.212s] Level 1:colcon.colcon_core.package_identification:_identify(src/baxter_core_msgs) by extensions ['colcon_pkg']
[0.212s] Level 1:colcon.colcon_core.package_identification:_identify(src/baxter_core_msgs) by extension 'colcon_pkg'
[0.212s] Level 1:colcon.colcon_core.package_identification:_identify(src/baxter_core_msgs) by extensions ['colcon_meta']
[0.212s] Level 1:colcon.colcon_core.package_identification:_identify(src/baxter_core_msgs) by extension 'colcon_meta'
[0.212s] Level 1:colcon.colcon_core.package_identification:_identify(src/baxter_core_msgs) by extensions ['ros']
[0.212s] Level 1:colcon.colcon_core.package_identification:_identify(src/baxter_core_msgs) by extension 'ros'
[0.214s] DEBUG:colcon.colcon_core.package_identification:Package 'src/baxter_core_msgs' with type 'ros.ament_cmake' and name 'baxter_core_msgs'
[0.214s] Level 1:colcon.colcon_core.package_identification:_identify(src/baxter_description) by extensions ['ignore', 'ignore_ament_install']
[0.214s] Level 1:colcon.colcon_core.package_identification:_identify(src/baxter_description) by extension 'ignore'
[0.215s] Level 1:colcon.colcon_core.package_identification:_identify(src/baxter_description) by extension 'ignore_ament_install'
[0.215s] Level 1:colcon.colcon_core.package_identification:_identify(src/baxter_description) by extensions ['colcon_pkg']
[0.215s] Level 1:colcon.colcon_core.package_identification:_identify(src/baxter_description) by extension 'colcon_pkg'
[0.215s] Level 1:colcon.colcon_core.package_identification:_identify(src/baxter_description) by extensions ['colcon_meta']
[0.215s] Level 1:colcon.colcon_core.package_identification:_identify(src/baxter_description) by extension 'colcon_meta'
[0.215s] Level 1:colcon.colcon_core.package_identification:_identify(src/baxter_description) by extensions ['ros']
[0.215s] Level 1:colcon.colcon_core.package_identification:_identify(src/baxter_description) by extension 'ros'
[0.215s] DEBUG:colcon.colcon_core.package_identification:Package 'src/baxter_description' with type 'ros.ament_cmake' and name 'baxter_description'
[0.215s] Level 1:colcon.colcon_core.package_identification:_identify(src/baxter_maintenance_msgs) by extensions ['ignore', 'ignore_ament_install']
[0.215s] Level 1:colcon.colcon_core.package_identification:_identify(src/baxter_maintenance_msgs) by extension 'ignore'
[0.216s] Level 1:colcon.colcon_core.package_identification:_identify(src/baxter_maintenance_msgs) by extension 'ignore_ament_install'
[0.216s] Level 1:colcon.colcon_core.package_identification:_identify(src/baxter_maintenance_msgs) by extensions ['colcon_pkg']
[0.216s] Level 1:colcon.colcon_core.package_identification:_identify(src/baxter_maintenance_msgs) by extension 'colcon_pkg'
[0.216s] Level 1:colcon.colcon_core.package_identification:_identify(src/baxter_maintenance_msgs) by extensions ['colcon_meta']
[0.216s] Level 1:colcon.colcon_core.package_identification:_identify(src/baxter_maintenance_msgs) by extension 'colcon_meta'
[0.216s] Level 1:colcon.colcon_core.package_identification:_identify(src/baxter_maintenance_msgs) by extensions ['ros']
[0.216s] Level 1:colcon.colcon_core.package_identification:_identify(src/baxter_maintenance_msgs) by extension 'ros'
[0.216s] DEBUG:colcon.colcon_core.package_identification:Package 'src/baxter_maintenance_msgs' with type 'ros.ament_cmake' and name 'baxter_maintenance_msgs'
[0.216s] Level 1:colcon.colcon_core.package_identification:_identify(src/baxter_moveit_config) by extensions ['ignore', 'ignore_ament_install']
[0.216s] Level 1:colcon.colcon_core.package_identification:_identify(src/baxter_moveit_config) by extension 'ignore'
[0.216s] Level 1:colcon.colcon_core.package_identification:_identify(src/baxter_moveit_config) by extension 'ignore_ament_install'
[0.216s] Level 1:colcon.colcon_core.package_identification:_identify(src/baxter_moveit_config) by extensions ['colcon_pkg']
[0.216s] Level 1:colcon.colcon_core.package_identification:_identify(src/baxter_moveit_config) by extension 'colcon_pkg'
[0.216s] Level 1:colcon.colcon_core.package_identification:_identify(src/baxter_moveit_config) by extensions ['colcon_meta']
[0.217s] Level 1:colcon.colcon_core.package_identification:_identify(src/baxter_moveit_config) by extension 'colcon_meta'
[0.217s] Level 1:colcon.colcon_core.package_identification:_identify(src/baxter_moveit_config) by extensions ['ros']
[0.217s] Level 1:colcon.colcon_core.package_identification:_identify(src/baxter_moveit_config) by extension 'ros'
[0.217s] DEBUG:colcon.colcon_core.package_identification:Package 'src/baxter_moveit_config' with type 'ros.ament_cmake' and name 'baxter_moveit_config'
[0.217s] Level 1:colcon.colcon_core.package_identification:_identify(src/my_custom_msgs) by extensions ['ignore', 'ignore_ament_install']
[0.217s] Level 1:colcon.colcon_core.package_identification:_identify(src/my_custom_msgs) by extension 'ignore'
[0.217s] Level 1:colcon.colcon_core.package_identification:_identify(src/my_custom_msgs) by extension 'ignore_ament_install'
[0.217s] Level 1:colcon.colcon_core.package_identification:_identify(src/my_custom_msgs) by extensions ['colcon_pkg']
[0.217s] Level 1:colcon.colcon_core.package_identification:_identify(src/my_custom_msgs) by extension 'colcon_pkg'
[0.217s] Level 1:colcon.colcon_core.package_identification:_identify(src/my_custom_msgs) by extensions ['colcon_meta']
[0.217s] Level 1:colcon.colcon_core.package_identification:_identify(src/my_custom_msgs) by extension 'colcon_meta'
[0.217s] Level 1:colcon.colcon_core.package_identification:_identify(src/my_custom_msgs) by extensions ['ros']
[0.217s] Level 1:colcon.colcon_core.package_identification:_identify(src/my_custom_msgs) by extension 'ros'
[0.217s] Level 1:colcon.colcon_core.package_identification:_identify(src/my_custom_msgs) by extensions ['cmake', 'python']
[0.218s] Level 1:colcon.colcon_core.package_identification:_identify(src/my_custom_msgs) by extension 'cmake'
[0.218s] Level 1:colcon.colcon_core.package_identification:_identify(src/my_custom_msgs) by extension 'python'
[0.218s] Level 1:colcon.colcon_core.package_identification:_identify(src/my_custom_msgs) by extensions ['python_setup_py']
[0.218s] Level 1:colcon.colcon_core.package_identification:_identify(src/my_custom_msgs) by extension 'python_setup_py'
[0.218s] Level 1:colcon.colcon_core.package_identification:_identify(src/my_custom_msgs/msg) by extensions ['ignore', 'ignore_ament_install']
[0.218s] Level 1:colcon.colcon_core.package_identification:_identify(src/my_custom_msgs/msg) by extension 'ignore'
[0.218s] Level 1:colcon.colcon_core.package_identification:_identify(src/my_custom_msgs/msg) by extension 'ignore_ament_install'
[0.218s] Level 1:colcon.colcon_core.package_identification:_identify(src/my_custom_msgs/msg) by extensions ['colcon_pkg']
[0.218s] Level 1:colcon.colcon_core.package_identification:_identify(src/my_custom_msgs/msg) by extension 'colcon_pkg'
[0.218s] Level 1:colcon.colcon_core.package_identification:_identify(src/my_custom_msgs/msg) by extensions ['colcon_meta']
[0.218s] Level 1:colcon.colcon_core.package_identification:_identify(src/my_custom_msgs/msg) by extension 'colcon_meta'
[0.218s] Level 1:colcon.colcon_core.package_identification:_identify(src/my_custom_msgs/msg) by extensions ['ros']
[0.218s] Level 1:colcon.colcon_core.package_identification:_identify(src/my_custom_msgs/msg) by extension 'ros'
[0.218s] Level 1:colcon.colcon_core.package_identification:_identify(src/my_custom_msgs/msg) by extensions ['cmake', 'python']
[0.218s] Level 1:colcon.colcon_core.package_identification:_identify(src/my_custom_msgs/msg) by extension 'cmake'
[0.218s] Level 1:colcon.colcon_core.package_identification:_identify(src/my_custom_msgs/msg) by extension 'python'
[0.218s] Level 1:colcon.colcon_core.package_identification:_identify(src/my_custom_msgs/msg) by extensions ['python_setup_py']
[0.218s] Level 1:colcon.colcon_core.package_identification:_identify(src/my_custom_msgs/msg) by extension 'python_setup_py'
[0.218s] Level 1:colcon.colcon_core.package_identification:_identify(src/my_ros2_test_package) by extensions ['ignore', 'ignore_ament_install']
[0.218s] Level 1:colcon.colcon_core.package_identification:_identify(src/my_ros2_test_package) by extension 'ignore'
[0.218s] Level 1:colcon.colcon_core.package_identification:_identify(src/my_ros2_test_package) by extension 'ignore_ament_install'
[0.219s] Level 1:colcon.colcon_core.package_identification:_identify(src/my_ros2_test_package) by extensions ['colcon_pkg']
[0.219s] Level 1:colcon.colcon_core.package_identification:_identify(src/my_ros2_test_package) by extension 'colcon_pkg'
[0.219s] Level 1:colcon.colcon_core.package_identification:_identify(src/my_ros2_test_package) by extensions ['colcon_meta']
[0.219s] Level 1:colcon.colcon_core.package_identification:_identify(src/my_ros2_test_package) by extension 'colcon_meta'
[0.219s] Level 1:colcon.colcon_core.package_identification:_identify(src/my_ros2_test_package) by extensions ['ros']
[0.219s] Level 1:colcon.colcon_core.package_identification:_identify(src/my_ros2_test_package) by extension 'ros'
[0.219s] DEBUG:colcon.colcon_core.package_identification:Package 'src/my_ros2_test_package' with type 'ros.ament_python' and name 'my_ros2_test_package'
[0.219s] Level 1:colcon.colcon_core.package_identification:_identify(src/rethink_ee_description) by extensions ['ignore', 'ignore_ament_install']
[0.219s] Level 1:colcon.colcon_core.package_identification:_identify(src/rethink_ee_description) by extension 'ignore'
[0.219s] Level 1:colcon.colcon_core.package_identification:_identify(src/rethink_ee_description) by extension 'ignore_ament_install'
[0.219s] Level 1:colcon.colcon_core.package_identification:_identify(src/rethink_ee_description) by extensions ['colcon_pkg']
[0.219s] Level 1:colcon.colcon_core.package_identification:_identify(src/rethink_ee_description) by extension 'colcon_pkg'
[0.219s] Level 1:colcon.colcon_core.package_identification:_identify(src/rethink_ee_description) by extensions ['colcon_meta']
[0.219s] Level 1:colcon.colcon_core.package_identification:_identify(src/rethink_ee_description) by extension 'colcon_meta'
[0.220s] Level 1:colcon.colcon_core.package_identification:_identify(src/rethink_ee_description) by extensions ['ros']
[0.220s] Level 1:colcon.colcon_core.package_identification:_identify(src/rethink_ee_description) by extension 'ros'
[0.220s] DEBUG:colcon.colcon_core.package_identification:Package 'src/rethink_ee_description' with type 'ros.ament_cmake' and name 'rethink_ee_description'
[0.220s] Level 1:colcon.colcon_core.package_identification:_identify(urdf) by extensions ['ignore', 'ignore_ament_install']
[0.220s] Level 1:colcon.colcon_core.package_identification:_identify(urdf) by extension 'ignore'
[0.220s] Level 1:colcon.colcon_core.package_identification:_identify(urdf) by extension 'ignore_ament_install'
[0.220s] Level 1:colcon.colcon_core.package_identification:_identify(urdf) by extensions ['colcon_pkg']
[0.220s] Level 1:colcon.colcon_core.package_identification:_identify(urdf) by extension 'colcon_pkg'
[0.220s] Level 1:colcon.colcon_core.package_identification:_identify(urdf) by extensions ['colcon_meta']
[0.220s] Level 1:colcon.colcon_core.package_identification:_identify(urdf) by extension 'colcon_meta'
[0.220s] Level 1:colcon.colcon_core.package_identification:_identify(urdf) by extensions ['ros']
[0.220s] Level 1:colcon.colcon_core.package_identification:_identify(urdf) by extension 'ros'
[0.220s] Level 1:colcon.colcon_core.package_identification:_identify(urdf) by extensions ['cmake', 'python']
[0.220s] Level 1:colcon.colcon_core.package_identification:_identify(urdf) by extension 'cmake'
[0.221s] Level 1:colcon.colcon_core.package_identification:_identify(urdf) by extension 'python'
[0.221s] Level 1:colcon.colcon_core.package_identification:_identify(urdf) by extensions ['python_setup_py']
[0.221s] Level 1:colcon.colcon_core.package_identification:_identify(urdf) by extension 'python_setup_py'
[0.221s] Level 1:colcon.colcon_core.package_identification:_identify(urdf/baxter_base) by extensions ['ignore', 'ignore_ament_install']
[0.221s] Level 1:colcon.colcon_core.package_identification:_identify(urdf/baxter_base) by extension 'ignore'
[0.221s] Level 1:colcon.colcon_core.package_identification:_identify(urdf/baxter_base) by extension 'ignore_ament_install'
[0.221s] Level 1:colcon.colcon_core.package_identification:_identify(urdf/baxter_base) by extensions ['colcon_pkg']
[0.221s] Level 1:colcon.colcon_core.package_identification:_identify(urdf/baxter_base) by extension 'colcon_pkg'
[0.221s] Level 1:colcon.colcon_core.package_identification:_identify(urdf/baxter_base) by extensions ['colcon_meta']
[0.221s] Level 1:colcon.colcon_core.package_identification:_identify(urdf/baxter_base) by extension 'colcon_meta'
[0.221s] Level 1:colcon.colcon_core.package_identification:_identify(urdf/baxter_base) by extensions ['ros']
[0.221s] Level 1:colcon.colcon_core.package_identification:_identify(urdf/baxter_base) by extension 'ros'
[0.221s] Level 1:colcon.colcon_core.package_identification:_identify(urdf/baxter_base) by extensions ['cmake', 'python']
[0.221s] Level 1:colcon.colcon_core.package_identification:_identify(urdf/baxter_base) by extension 'cmake'
[0.221s] Level 1:colcon.colcon_core.package_identification:_identify(urdf/baxter_base) by extension 'python'
[0.221s] Level 1:colcon.colcon_core.package_identification:_identify(urdf/baxter_base) by extensions ['python_setup_py']
[0.221s] Level 1:colcon.colcon_core.package_identification:_identify(urdf/baxter_base) by extension 'python_setup_py'
[0.221s] Level 1:colcon.colcon_core.package_identification:_identify(urdf/pedestal) by extensions ['ignore', 'ignore_ament_install']
[0.221s] Level 1:colcon.colcon_core.package_identification:_identify(urdf/pedestal) by extension 'ignore'
[0.221s] Level 1:colcon.colcon_core.package_identification:_identify(urdf/pedestal) by extension 'ignore_ament_install'
[0.221s] Level 1:colcon.colcon_core.package_identification:_identify(urdf/pedestal) by extensions ['colcon_pkg']
[0.221s] Level 1:colcon.colcon_core.package_identification:_identify(urdf/pedestal) by extension 'colcon_pkg'
[0.221s] Level 1:colcon.colcon_core.package_identification:_identify(urdf/pedestal) by extensions ['colcon_meta']
[0.221s] Level 1:colcon.colcon_core.package_identification:_identify(urdf/pedestal) by extension 'colcon_meta'
[0.221s] Level 1:colcon.colcon_core.package_identification:_identify(urdf/pedestal) by extensions ['ros']
[0.221s] Level 1:colcon.colcon_core.package_identification:_identify(urdf/pedestal) by extension 'ros'
[0.222s] Level 1:colcon.colcon_core.package_identification:_identify(urdf/pedestal) by extensions ['cmake', 'python']
[0.222s] Level 1:colcon.colcon_core.package_identification:_identify(urdf/pedestal) by extension 'cmake'
[0.222s] Level 1:colcon.colcon_core.package_identification:_identify(urdf/pedestal) by extension 'python'
[0.222s] Level 1:colcon.colcon_core.package_identification:_identify(urdf/pedestal) by extensions ['python_setup_py']
[0.222s] Level 1:colcon.colcon_core.package_identification:_identify(urdf/pedestal) by extension 'python_setup_py'
[0.222s] Level 1:colcon.colcon_core.package_discovery:discover_packages(recursive) using defaults
[0.222s] Level 1:colcon.colcon_core.package_discovery:discover_packages(ignore) discover
[0.222s] Level 1:colcon.colcon_core.package_discovery:discover_packages(ignore) using defaults
[0.222s] Level 1:colcon.colcon_core.package_discovery:discover_packages(path) discover
[0.222s] Level 1:colcon.colcon_core.package_discovery:discover_packages(path) using defaults
[0.237s] Level 5:colcon.colcon_core.verb:set package 'baxter_core_msgs' build argument 'cmake_args' from command line to 'None'
[0.237s] Level 5:colcon.colcon_core.verb:set package 'baxter_core_msgs' build argument 'cmake_target' from command line to 'None'
[0.237s] Level 5:colcon.colcon_core.verb:set package 'baxter_core_msgs' build argument 'cmake_target_skip_unavailable' from command line to 'False'
[0.237s] Level 5:colcon.colcon_core.verb:set package 'baxter_core_msgs' build argument 'cmake_clean_cache' from command line to 'False'
[0.237s] Level 5:colcon.colcon_core.verb:set package 'baxter_core_msgs' build argument 'cmake_clean_first' from command line to 'False'
[0.238s] Level 5:colcon.colcon_core.verb:set package 'baxter_core_msgs' build argument 'cmake_force_configure' from command line to 'False'
[0.238s] Level 5:colcon.colcon_core.verb:set package 'baxter_core_msgs' build argument 'ament_cmake_args' from command line to 'None'
[0.238s] Level 5:colcon.colcon_core.verb:set package 'baxter_core_msgs' build argument 'catkin_cmake_args' from command line to 'None'
[0.238s] Level 5:colcon.colcon_core.verb:set package 'baxter_core_msgs' build argument 'catkin_skip_building_tests' from command line to 'False'
[0.238s] DEBUG:colcon.colcon_core.verb:Building package 'baxter_core_msgs' with the following arguments: {'ament_cmake_args': None, 'build_base': '/shared_ws/build/baxter_core_msgs', 'catkin_cmake_args': None, 'catkin_skip_building_tests': False, 'cmake_args': None, 'cmake_clean_cache': False, 'cmake_clean_first': False, 'cmake_force_configure': False, 'cmake_target': None, 'cmake_target_skip_unavailable': False, 'install_base': '/shared_ws/install/baxter_core_msgs', 'merge_install': False, 'path': '/shared_ws/src/baxter_core_msgs', 'symlink_install': False, 'test_result_base': None}
[0.238s] Level 5:colcon.colcon_core.verb:set package 'baxter_maintenance_msgs' build argument 'cmake_args' from command line to 'None'
[0.238s] Level 5:colcon.colcon_core.verb:set package 'baxter_maintenance_msgs' build argument 'cmake_target' from command line to 'None'
[0.238s] Level 5:colcon.colcon_core.verb:set package 'baxter_maintenance_msgs' build argument 'cmake_target_skip_unavailable' from command line to 'False'
[0.238s] Level 5:colcon.colcon_core.verb:set package 'baxter_maintenance_msgs' build argument 'cmake_clean_cache' from command line to 'False'
[0.238s] Level 5:colcon.colcon_core.verb:set package 'baxter_maintenance_msgs' build argument 'cmake_clean_first' from command line to 'False'
[0.238s] Level 5:colcon.colcon_core.verb:set package 'baxter_maintenance_msgs' build argument 'cmake_force_configure' from command line to 'False'
[0.238s] Level 5:colcon.colcon_core.verb:set package 'baxter_maintenance_msgs' build argument 'ament_cmake_args' from command line to 'None'
[0.238s] Level 5:colcon.colcon_core.verb:set package 'baxter_maintenance_msgs' build argument 'catkin_cmake_args' from command line to 'None'
[0.238s] Level 5:colcon.colcon_core.verb:set package 'baxter_maintenance_msgs' build argument 'catkin_skip_building_tests' from command line to 'False'
[0.238s] DEBUG:colcon.colcon_core.verb:Building package 'baxter_maintenance_msgs' with the following arguments: {'ament_cmake_args': None, 'build_base': '/shared_ws/build/baxter_maintenance_msgs', 'catkin_cmake_args': None, 'catkin_skip_building_tests': False, 'cmake_args': None, 'cmake_clean_cache': False, 'cmake_clean_first': False, 'cmake_force_configure': False, 'cmake_target': None, 'cmake_target_skip_unavailable': False, 'install_base': '/shared_ws/install/baxter_maintenance_msgs', 'merge_install': False, 'path': '/shared_ws/src/baxter_maintenance_msgs', 'symlink_install': False, 'test_result_base': None}
[0.238s] Level 5:colcon.colcon_core.verb:set package 'my_ros2_test_package' build argument 'cmake_args' from command line to 'None'
[0.238s] Level 5:colcon.colcon_core.verb:set package 'my_ros2_test_package' build argument 'cmake_target' from command line to 'None'
[0.238s] Level 5:colcon.colcon_core.verb:set package 'my_ros2_test_package' build argument 'cmake_target_skip_unavailable' from command line to 'False'
[0.238s] Level 5:colcon.colcon_core.verb:set package 'my_ros2_test_package' build argument 'cmake_clean_cache' from command line to 'False'
[0.239s] Level 5:colcon.colcon_core.verb:set package 'my_ros2_test_package' build argument 'cmake_clean_first' from command line to 'False'
[0.239s] Level 5:colcon.colcon_core.verb:set package 'my_ros2_test_package' build argument 'cmake_force_configure' from command line to 'False'
[0.239s] Level 5:colcon.colcon_core.verb:set package 'my_ros2_test_package' build argument 'ament_cmake_args' from command line to 'None'
[0.239s] Level 5:colcon.colcon_core.verb:set package 'my_ros2_test_package' build argument 'catkin_cmake_args' from command line to 'None'
[0.239s] Level 5:colcon.colcon_core.verb:set package 'my_ros2_test_package' build argument 'catkin_skip_building_tests' from command line to 'False'
[0.239s] DEBUG:colcon.colcon_core.verb:Building package 'my_ros2_test_package' with the following arguments: {'ament_cmake_args': None, 'build_base': '/shared_ws/build/my_ros2_test_package', 'catkin_cmake_args': None, 'catkin_skip_building_tests': False, 'cmake_args': None, 'cmake_clean_cache': False, 'cmake_clean_first': False, 'cmake_force_configure': False, 'cmake_target': None, 'cmake_target_skip_unavailable': False, 'install_base': '/shared_ws/install/my_ros2_test_package', 'merge_install': False, 'path': '/shared_ws/src/my_ros2_test_package', 'symlink_install': False, 'test_result_base': None}
[0.239s] Level 5:colcon.colcon_core.verb:set package 'rethink_ee_description' build argument 'cmake_args' from command line to 'None'
[0.239s] Level 5:colcon.colcon_core.verb:set package 'rethink_ee_description' build argument 'cmake_target' from command line to 'None'
[0.239s] Level 5:colcon.colcon_core.verb:set package 'rethink_ee_description' build argument 'cmake_target_skip_unavailable' from command line to 'False'
[0.239s] Level 5:colcon.colcon_core.verb:set package 'rethink_ee_description' build argument 'cmake_clean_cache' from command line to 'False'
[0.239s] Level 5:colcon.colcon_core.verb:set package 'rethink_ee_description' build argument 'cmake_clean_first' from command line to 'False'
[0.239s] Level 5:colcon.colcon_core.verb:set package 'rethink_ee_description' build argument 'cmake_force_configure' from command line to 'False'
[0.239s] Level 5:colcon.colcon_core.verb:set package 'rethink_ee_description' build argument 'ament_cmake_args' from command line to 'None'
[0.239s] Level 5:colcon.colcon_core.verb:set package 'rethink_ee_description' build argument 'catkin_cmake_args' from command line to 'None'
[0.239s] Level 5:colcon.colcon_core.verb:set package 'rethink_ee_description' build argument 'catkin_skip_building_tests' from command line to 'False'
[0.239s] DEBUG:colcon.colcon_core.verb:Building package 'rethink_ee_description' with the following arguments: {'ament_cmake_args': None, 'build_base': '/shared_ws/build/rethink_ee_description', 'catkin_cmake_args': None, 'catkin_skip_building_tests': False, 'cmake_args': None, 'cmake_clean_cache': False, 'cmake_clean_first': False, 'cmake_force_configure': False, 'cmake_target': None, 'cmake_target_skip_unavailable': False, 'install_base': '/shared_ws/install/rethink_ee_description', 'merge_install': False, 'path': '/shared_ws/src/rethink_ee_description', 'symlink_install': False, 'test_result_base': None}
[0.239s] Level 5:colcon.colcon_core.verb:set package 'baxter_description' build argument 'cmake_args' from command line to 'None'
[0.239s] Level 5:colcon.colcon_core.verb:set package 'baxter_description' build argument 'cmake_target' from command line to 'None'
[0.239s] Level 5:colcon.colcon_core.verb:set package 'baxter_description' build argument 'cmake_target_skip_unavailable' from command line to 'False'
[0.239s] Level 5:colcon.colcon_core.verb:set package 'baxter_description' build argument 'cmake_clean_cache' from command line to 'False'
[0.239s] Level 5:colcon.colcon_core.verb:set package 'baxter_description' build argument 'cmake_clean_first' from command line to 'False'
[0.239s] Level 5:colcon.colcon_core.verb:set package 'baxter_description' build argument 'cmake_force_configure' from command line to 'False'
[0.239s] Level 5:colcon.colcon_core.verb:set package 'baxter_description' build argument 'ament_cmake_args' from command line to 'None'
[0.239s] Level 5:colcon.colcon_core.verb:set package 'baxter_description' build argument 'catkin_cmake_args' from command line to 'None'
[0.240s] Level 5:colcon.colcon_core.verb:set package 'baxter_description' build argument 'catkin_skip_building_tests' from command line to 'False'
[0.240s] DEBUG:colcon.colcon_core.verb:Building package 'baxter_description' with the following arguments: {'ament_cmake_args': None, 'build_base': '/shared_ws/build/baxter_description', 'catkin_cmake_args': None, 'catkin_skip_building_tests': False, 'cmake_args': None, 'cmake_clean_cache': False, 'cmake_clean_first': False, 'cmake_force_configure': False, 'cmake_target': None, 'cmake_target_skip_unavailable': False, 'install_base': '/shared_ws/install/baxter_description', 'merge_install': False, 'path': '/shared_ws/src/baxter_description', 'symlink_install': False, 'test_result_base': None}
[0.240s] Level 5:colcon.colcon_core.verb:set package 'baxter_moveit_config' build argument 'cmake_args' from command line to 'None'
[0.240s] Level 5:colcon.colcon_core.verb:set package 'baxter_moveit_config' build argument 'cmake_target' from command line to 'None'
[0.240s] Level 5:colcon.colcon_core.verb:set package 'baxter_moveit_config' build argument 'cmake_target_skip_unavailable' from command line to 'False'
[0.240s] Level 5:colcon.colcon_core.verb:set package 'baxter_moveit_config' build argument 'cmake_clean_cache' from command line to 'False'
[0.240s] Level 5:colcon.colcon_core.verb:set package 'baxter_moveit_config' build argument 'cmake_clean_first' from command line to 'False'
[0.240s] Level 5:colcon.colcon_core.verb:set package 'baxter_moveit_config' build argument 'cmake_force_configure' from command line to 'False'
[0.240s] Level 5:colcon.colcon_core.verb:set package 'baxter_moveit_config' build argument 'ament_cmake_args' from command line to 'None'
[0.240s] Level 5:colcon.colcon_core.verb:set package 'baxter_moveit_config' build argument 'catkin_cmake_args' from command line to 'None'
[0.240s] Level 5:colcon.colcon_core.verb:set package 'baxter_moveit_config' build argument 'catkin_skip_building_tests' from command line to 'False'
[0.240s] DEBUG:colcon.colcon_core.verb:Building package 'baxter_moveit_config' with the following arguments: {'ament_cmake_args': None, 'build_base': '/shared_ws/build/baxter_moveit_config', 'catkin_cmake_args': None, 'catkin_skip_building_tests': False, 'cmake_args': None, 'cmake_clean_cache': False, 'cmake_clean_first': False, 'cmake_force_configure': False, 'cmake_target': None, 'cmake_target_skip_unavailable': False, 'install_base': '/shared_ws/install/baxter_moveit_config', 'merge_install': False, 'path': '/shared_ws/src/baxter_moveit_config', 'symlink_install': False, 'test_result_base': None}
[0.240s] INFO:colcon.colcon_core.executor:Executing jobs using 'parallel' executor
[0.241s] DEBUG:colcon.colcon_parallel_executor.executor.parallel:run_until_complete
[0.241s] INFO:colcon.colcon_ros.task.ament_cmake.build:Building ROS package in '/shared_ws/src/rethink_ee_description' with build type 'ament_cmake'
[0.241s] INFO:colcon.colcon_cmake.task.cmake.build:Building CMake package in '/shared_ws/src/rethink_ee_description'
[0.243s] INFO:colcon.colcon_core.plugin_system:Skipping extension 'colcon_core.shell.bat': Not used on non-Windows systems
[0.243s] INFO:colcon.colcon_core.shell:Skip shell extension 'powershell' for command environment: Not usable outside of PowerShell
[0.243s] DEBUG:colcon.colcon_core.shell:Skip shell extension 'dsv' for command environment
[0.246s] INFO:colcon.colcon_ros.task.ament_cmake.build:Building ROS package in '/shared_ws/src/baxter_core_msgs' with build type 'ament_cmake'
[0.246s] INFO:colcon.colcon_cmake.task.cmake.build:Building CMake package in '/shared_ws/src/baxter_core_msgs'
[0.247s] INFO:colcon.colcon_core.shell:Skip shell extension 'powershell' for command environment: Not usable outside of PowerShell
[0.247s] DEBUG:colcon.colcon_core.shell:Skip shell extension 'dsv' for command environment
[0.249s] INFO:colcon.colcon_ros.task.ament_cmake.build:Building ROS package in '/shared_ws/src/baxter_maintenance_msgs' with build type 'ament_cmake'
[0.249s] INFO:colcon.colcon_cmake.task.cmake.build:Building CMake package in '/shared_ws/src/baxter_maintenance_msgs'
[0.249s] INFO:colcon.colcon_core.shell:Skip shell extension 'powershell' for command environment: Not usable outside of PowerShell
[0.249s] DEBUG:colcon.colcon_core.shell:Skip shell extension 'dsv' for command environment
[0.251s] INFO:colcon.colcon_ros.task.ament_python.build:Building ROS package in '/shared_ws/src/my_ros2_test_package' with build type 'ament_python'
[0.251s] Level 1:colcon.colcon_core.shell:create_environment_hook('my_ros2_test_package', 'ament_prefix_path')
[0.251s] INFO:colcon.colcon_core.shell:Creating environment hook '/shared_ws/install/my_ros2_test_package/share/my_ros2_test_package/hook/ament_prefix_path.ps1'
[0.252s] INFO:colcon.colcon_core.shell:Creating environment descriptor '/shared_ws/install/my_ros2_test_package/share/my_ros2_test_package/hook/ament_prefix_path.dsv'
[0.252s] INFO:colcon.colcon_core.shell:Creating environment hook '/shared_ws/install/my_ros2_test_package/share/my_ros2_test_package/hook/ament_prefix_path.sh'
[0.253s] INFO:colcon.colcon_core.shell:Skip shell extension 'powershell' for command environment: Not usable outside of PowerShell
[0.253s] DEBUG:colcon.colcon_core.shell:Skip shell extension 'dsv' for command environment
[0.257s] DEBUG:colcon.colcon_core.event_handler.log_command:Invoking command in '/shared_ws/build/rethink_ee_description': CMAKE_PREFIX_PATH=/opt/ros/humble /usr/bin/cmake --build /shared_ws/build/rethink_ee_description -- -j16 -l16
[0.259s] DEBUG:colcon.colcon_core.event_handler.log_command:Invoking command in '/shared_ws/build/baxter_core_msgs': CMAKE_PREFIX_PATH=/opt/ros/humble /usr/bin/cmake --build /shared_ws/build/baxter_core_msgs -- -j16 -l16
[0.261s] DEBUG:colcon.colcon_core.event_handler.log_command:Invoking command in '/shared_ws/build/baxter_maintenance_msgs': CMAKE_PREFIX_PATH=/opt/ros/humble /usr/bin/cmake --build /shared_ws/build/baxter_maintenance_msgs -- -j16 -l16
[0.478s] INFO:colcon.colcon_core.task.python.build:Building Python package in '/shared_ws/src/my_ros2_test_package'
[0.479s] INFO:colcon.colcon_core.shell:Skip shell extension 'powershell' for command environment: Not usable outside of PowerShell
[0.479s] DEBUG:colcon.colcon_core.shell:Skip shell extension 'dsv' for command environment
[0.485s] DEBUG:colcon.colcon_core.event_handler.log_command:Invoked command in '/shared_ws/build/rethink_ee_description' returned '0': CMAKE_PREFIX_PATH=/opt/ros/humble /usr/bin/cmake --build /shared_ws/build/rethink_ee_description -- -j16 -l16
[0.492s] DEBUG:colcon.colcon_core.event_handler.log_command:Invoking command in '/shared_ws/build/rethink_ee_description': CMAKE_PREFIX_PATH=/opt/ros/humble /usr/bin/cmake --install /shared_ws/build/rethink_ee_description
[0.500s] Level 1:colcon.colcon_core.environment:create_environment_scripts_only(rethink_ee_description)
[0.504s] DEBUG:colcon.colcon_core.event_handler.log_command:Invoked command in '/shared_ws/build/rethink_ee_description' returned '0': CMAKE_PREFIX_PATH=/opt/ros/humble /usr/bin/cmake --install /shared_ws/build/rethink_ee_description
[0.506s] Level 1:colcon.colcon_core.environment:checking '/shared_ws/install/rethink_ee_description' for CMake module files
[0.506s] Level 1:colcon.colcon_core.environment:checking '/shared_ws/install/rethink_ee_description' for CMake config files
[0.507s] Level 1:colcon.colcon_core.shell:create_environment_hook('rethink_ee_description', 'cmake_prefix_path')
[0.507s] INFO:colcon.colcon_core.shell:Creating environment hook '/shared_ws/install/rethink_ee_description/share/rethink_ee_description/hook/cmake_prefix_path.ps1'
[0.507s] INFO:colcon.colcon_core.shell:Creating environment descriptor '/shared_ws/install/rethink_ee_description/share/rethink_ee_description/hook/cmake_prefix_path.dsv'
[0.508s] INFO:colcon.colcon_core.shell:Creating environment hook '/shared_ws/install/rethink_ee_description/share/rethink_ee_description/hook/cmake_prefix_path.sh'
[0.508s] Level 1:colcon.colcon_core.environment:checking '/shared_ws/install/rethink_ee_description/bin'
[0.508s] Level 1:colcon.colcon_core.environment:checking '/shared_ws/install/rethink_ee_description/lib/pkgconfig/rethink_ee_description.pc'
[0.509s] Level 1:colcon.colcon_core.environment:checking '/shared_ws/install/rethink_ee_description/lib/python3.10/site-packages'
[0.509s] Level 1:colcon.colcon_core.environment:checking '/shared_ws/install/rethink_ee_description/bin'
[0.509s] INFO:colcon.colcon_core.shell:Creating package script '/shared_ws/install/rethink_ee_description/share/rethink_ee_description/package.ps1'
[0.510s] INFO:colcon.colcon_core.shell:Creating package descriptor '/shared_ws/install/rethink_ee_description/share/rethink_ee_description/package.dsv'
[0.510s] INFO:colcon.colcon_core.shell:Creating package script '/shared_ws/install/rethink_ee_description/share/rethink_ee_description/package.sh'
[0.511s] INFO:colcon.colcon_core.shell:Creating package script '/shared_ws/install/rethink_ee_description/share/rethink_ee_description/package.bash'
[0.512s] INFO:colcon.colcon_core.shell:Creating package script '/shared_ws/install/rethink_ee_description/share/rethink_ee_description/package.zsh'
[0.512s] Level 1:colcon.colcon_core.environment:create_file_with_runtime_dependencies(/shared_ws/install/rethink_ee_description/share/colcon-core/packages/rethink_ee_description)
[0.513s] Level 1:colcon.colcon_core.environment:create_environment_scripts_only(rethink_ee_description)
[0.513s] Level 1:colcon.colcon_core.environment:checking '/shared_ws/install/rethink_ee_description' for CMake module files
[0.514s] Level 1:colcon.colcon_core.environment:checking '/shared_ws/install/rethink_ee_description' for CMake config files
[0.514s] Level 1:colcon.colcon_core.shell:create_environment_hook('rethink_ee_description', 'cmake_prefix_path')
[0.514s] INFO:colcon.colcon_core.shell:Creating environment hook '/shared_ws/install/rethink_ee_description/share/rethink_ee_description/hook/cmake_prefix_path.ps1'
[0.515s] INFO:colcon.colcon_core.shell:Creating environment descriptor '/shared_ws/install/rethink_ee_description/share/rethink_ee_description/hook/cmake_prefix_path.dsv'
[0.515s] INFO:colcon.colcon_core.shell:Creating environment hook '/shared_ws/install/rethink_ee_description/share/rethink_ee_description/hook/cmake_prefix_path.sh'
[0.516s] Level 1:colcon.colcon_core.environment:checking '/shared_ws/install/rethink_ee_description/bin'
[0.516s] Level 1:colcon.colcon_core.environment:checking '/shared_ws/install/rethink_ee_description/lib/pkgconfig/rethink_ee_description.pc'
[0.516s] Level 1:colcon.colcon_core.environment:checking '/shared_ws/install/rethink_ee_description/lib/python3.10/site-packages'
[0.516s] Level 1:colcon.colcon_core.environment:checking '/shared_ws/install/rethink_ee_description/bin'
[0.517s] INFO:colcon.colcon_core.shell:Creating package script '/shared_ws/install/rethink_ee_description/share/rethink_ee_description/package.ps1'
[0.517s] INFO:colcon.colcon_core.shell:Creating package descriptor '/shared_ws/install/rethink_ee_description/share/rethink_ee_description/package.dsv'
[0.518s] INFO:colcon.colcon_core.shell:Creating package script '/shared_ws/install/rethink_ee_description/share/rethink_ee_description/package.sh'
[0.518s] INFO:colcon.colcon_core.shell:Creating package script '/shared_ws/install/rethink_ee_description/share/rethink_ee_description/package.bash'
[0.519s] INFO:colcon.colcon_core.shell:Creating package script '/shared_ws/install/rethink_ee_description/share/rethink_ee_description/package.zsh'
[0.519s] Level 1:colcon.colcon_core.environment:create_file_with_runtime_dependencies(/shared_ws/install/rethink_ee_description/share/colcon-core/packages/rethink_ee_description)
[0.520s] INFO:colcon.colcon_ros.task.ament_cmake.build:Building ROS package in '/shared_ws/src/baxter_description' with build type 'ament_cmake'
[0.520s] INFO:colcon.colcon_cmake.task.cmake.build:Building CMake package in '/shared_ws/src/baxter_description'
[0.520s] INFO:colcon.colcon_core.shell:Skip shell extension 'powershell' for command environment: Not usable outside of PowerShell
[0.520s] DEBUG:colcon.colcon_core.shell:Skip shell extension 'dsv' for command environment
[0.527s] DEBUG:colcon.colcon_core.event_handler.log_command:Invoking command in '/shared_ws/build/baxter_description': AMENT_PREFIX_PATH=/shared_ws/install/rethink_ee_description:${AMENT_PREFIX_PATH} CMAKE_PREFIX_PATH=/shared_ws/install/rethink_ee_description:/opt/ros/humble /usr/bin/cmake --build /shared_ws/build/baxter_description -- -j16 -l16
[0.532s] DEBUG:colcon.colcon_core.event_handler.log_command:Invoked command in '/shared_ws/build/baxter_maintenance_msgs' returned '0': CMAKE_PREFIX_PATH=/opt/ros/humble /usr/bin/cmake --build /shared_ws/build/baxter_maintenance_msgs -- -j16 -l16
[0.533s] DEBUG:colcon.colcon_core.event_handler.log_command:Invoking command in '/shared_ws/build/baxter_maintenance_msgs': CMAKE_PREFIX_PATH=/opt/ros/humble /usr/bin/cmake --install /shared_ws/build/baxter_maintenance_msgs
[0.553s] DEBUG:colcon.colcon_core.event_handler.log_command:Invoked command in '/shared_ws/build/baxter_core_msgs' returned '0': CMAKE_PREFIX_PATH=/opt/ros/humble /usr/bin/cmake --build /shared_ws/build/baxter_core_msgs -- -j16 -l16
[0.553s] DEBUG:colcon.colcon_core.event_handler.log_command:Invoking command in '/shared_ws/build/baxter_core_msgs': CMAKE_PREFIX_PATH=/opt/ros/humble /usr/bin/cmake --install /shared_ws/build/baxter_core_msgs
[0.555s] DEBUG:colcon.colcon_core.event_handler.log_command:Invoked command in '/shared_ws/build/baxter_description' returned '0': AMENT_PREFIX_PATH=/shared_ws/install/rethink_ee_description:${AMENT_PREFIX_PATH} CMAKE_PREFIX_PATH=/shared_ws/install/rethink_ee_description:/opt/ros/humble /usr/bin/cmake --build /shared_ws/build/baxter_description -- -j16 -l16
[0.556s] DEBUG:colcon.colcon_core.event_handler.log_command:Invoking command in '/shared_ws/build/baxter_description': AMENT_PREFIX_PATH=/shared_ws/install/rethink_ee_description:${AMENT_PREFIX_PATH} CMAKE_PREFIX_PATH=/shared_ws/install/rethink_ee_description:/opt/ros/humble /usr/bin/cmake --install /shared_ws/build/baxter_description
[0.563s] Level 1:colcon.colcon_core.environment:create_environment_scripts_only(baxter_description)
[0.564s] Level 1:colcon.colcon_core.environment:checking '/shared_ws/install/baxter_description' for CMake module files
[0.566s] Level 1:colcon.colcon_core.environment:checking '/shared_ws/install/baxter_description' for CMake config files
[0.572s] Level 1:colcon.colcon_core.shell:create_environment_hook('baxter_description', 'cmake_prefix_path')
[0.572s] INFO:colcon.colcon_core.shell:Creating environment hook '/shared_ws/install/baxter_description/share/baxter_description/hook/cmake_prefix_path.ps1'
[0.574s] INFO:colcon.colcon_core.shell:Creating environment descriptor '/shared_ws/install/baxter_description/share/baxter_description/hook/cmake_prefix_path.dsv'
[0.575s] INFO:colcon.colcon_core.shell:Creating environment hook '/shared_ws/install/baxter_description/share/baxter_description/hook/cmake_prefix_path.sh'
[0.576s] Level 1:colcon.colcon_core.environment:checking '/shared_ws/install/baxter_description/bin'
[0.576s] Level 1:colcon.colcon_core.environment:checking '/shared_ws/install/baxter_description/lib/pkgconfig/baxter_description.pc'
[0.576s] Level 1:colcon.colcon_core.environment:checking '/shared_ws/install/baxter_description/lib/python3.10/site-packages'
[0.577s] Level 1:colcon.colcon_core.environment:checking '/shared_ws/install/baxter_description/bin'
[0.578s] INFO:colcon.colcon_core.shell:Creating package script '/shared_ws/install/baxter_description/share/baxter_description/package.ps1'
[0.579s] INFO:colcon.colcon_core.shell:Creating package descriptor '/shared_ws/install/baxter_description/share/baxter_description/package.dsv'
[0.580s] INFO:colcon.colcon_core.shell:Creating package script '/shared_ws/install/baxter_description/share/baxter_description/package.sh'
[0.581s] INFO:colcon.colcon_core.shell:Creating package script '/shared_ws/install/baxter_description/share/baxter_description/package.bash'
[0.582s] INFO:colcon.colcon_core.shell:Creating package script '/shared_ws/install/baxter_description/share/baxter_description/package.zsh'
[0.585s] Level 1:colcon.colcon_core.environment:create_file_with_runtime_dependencies(/shared_ws/install/baxter_description/share/colcon-core/packages/baxter_description)
[0.587s] Level 1:colcon.colcon_core.environment:create_environment_scripts_only(baxter_description)
[0.587s] Level 1:colcon.colcon_core.environment:checking '/shared_ws/install/baxter_description' for CMake module files
[0.592s] Level 1:colcon.colcon_core.environment:checking '/shared_ws/install/baxter_description' for CMake config files
[0.593s] DEBUG:colcon.colcon_core.event_handler.log_command:Invoked command in '/shared_ws/build/baxter_description' returned '0': AMENT_PREFIX_PATH=/shared_ws/install/rethink_ee_description:${AMENT_PREFIX_PATH} CMAKE_PREFIX_PATH=/shared_ws/install/rethink_ee_description:/opt/ros/humble /usr/bin/cmake --install /shared_ws/build/baxter_description
[0.593s] Level 1:colcon.colcon_core.shell:create_environment_hook('baxter_description', 'cmake_prefix_path')
[0.593s] INFO:colcon.colcon_core.shell:Creating environment hook '/shared_ws/install/baxter_description/share/baxter_description/hook/cmake_prefix_path.ps1'
[0.594s] INFO:colcon.colcon_core.shell:Creating environment descriptor '/shared_ws/install/baxter_description/share/baxter_description/hook/cmake_prefix_path.dsv'
[0.594s] INFO:colcon.colcon_core.shell:Creating environment hook '/shared_ws/install/baxter_description/share/baxter_description/hook/cmake_prefix_path.sh'
[0.594s] Level 1:colcon.colcon_core.environment:checking '/shared_ws/install/baxter_description/bin'
[0.595s] Level 1:colcon.colcon_core.environment:checking '/shared_ws/install/baxter_description/lib/pkgconfig/baxter_description.pc'
[0.595s] Level 1:colcon.colcon_core.environment:checking '/shared_ws/install/baxter_description/lib/python3.10/site-packages'
[0.595s] Level 1:colcon.colcon_core.environment:checking '/shared_ws/install/baxter_description/bin'
[0.595s] INFO:colcon.colcon_core.shell:Creating package script '/shared_ws/install/baxter_description/share/baxter_description/package.ps1'
[0.596s] INFO:colcon.colcon_core.shell:Creating package descriptor '/shared_ws/install/baxter_description/share/baxter_description/package.dsv'
[0.596s] INFO:colcon.colcon_core.shell:Creating package script '/shared_ws/install/baxter_description/share/baxter_description/package.sh'
[0.596s] INFO:colcon.colcon_core.shell:Creating package script '/shared_ws/install/baxter_description/share/baxter_description/package.bash'
[0.596s] INFO:colcon.colcon_core.shell:Creating package script '/shared_ws/install/baxter_description/share/baxter_description/package.zsh'
[0.597s] Level 1:colcon.colcon_core.environment:create_file_with_runtime_dependencies(/shared_ws/install/baxter_description/share/colcon-core/packages/baxter_description)
[0.598s] INFO:colcon.colcon_ros.task.ament_cmake.build:Building ROS package in '/shared_ws/src/baxter_moveit_config' with build type 'ament_cmake'
[0.598s] INFO:colcon.colcon_cmake.task.cmake.build:Building CMake package in '/shared_ws/src/baxter_moveit_config'
[0.599s] INFO:colcon.colcon_core.shell:Skip shell extension 'powershell' for command environment: Not usable outside of PowerShell
[0.599s] DEBUG:colcon.colcon_core.shell:Skip shell extension 'dsv' for command environment
[0.616s] Level 1:colcon.colcon_core.environment:create_environment_scripts_only(baxter_maintenance_msgs)
[0.617s] Level 1:colcon.colcon_core.environment:checking '/shared_ws/install/baxter_maintenance_msgs' for CMake module files
[0.624s] Level 1:colcon.colcon_core.environment:checking '/shared_ws/install/baxter_maintenance_msgs' for CMake config files
[0.626s] DEBUG:colcon.colcon_core.event_handler.log_command:Invoked command in '/shared_ws/build/baxter_maintenance_msgs' returned '0': CMAKE_PREFIX_PATH=/opt/ros/humble /usr/bin/cmake --install /shared_ws/build/baxter_maintenance_msgs
[0.627s] Level 1:colcon.colcon_core.shell:create_environment_hook('baxter_maintenance_msgs', 'cmake_prefix_path')
[0.627s] INFO:colcon.colcon_core.shell:Creating environment hook '/shared_ws/install/baxter_maintenance_msgs/share/baxter_maintenance_msgs/hook/cmake_prefix_path.ps1'
[0.627s] INFO:colcon.colcon_core.shell:Creating environment descriptor '/shared_ws/install/baxter_maintenance_msgs/share/baxter_maintenance_msgs/hook/cmake_prefix_path.dsv'
[0.627s] INFO:colcon.colcon_core.shell:Creating environment hook '/shared_ws/install/baxter_maintenance_msgs/share/baxter_maintenance_msgs/hook/cmake_prefix_path.sh'
[0.628s] Level 1:colcon.colcon_core.environment:checking '/shared_ws/install/baxter_maintenance_msgs/lib'
[0.628s] Level 1:colcon.colcon_core.shell:create_environment_hook('baxter_maintenance_msgs', 'ld_library_path_lib')
[0.628s] INFO:colcon.colcon_core.shell:Creating environment hook '/shared_ws/install/baxter_maintenance_msgs/share/baxter_maintenance_msgs/hook/ld_library_path_lib.ps1'
[0.628s] INFO:colcon.colcon_core.shell:Creating environment descriptor '/shared_ws/install/baxter_maintenance_msgs/share/baxter_maintenance_msgs/hook/ld_library_path_lib.dsv'
[0.629s] INFO:colcon.colcon_core.shell:Creating environment hook '/shared_ws/install/baxter_maintenance_msgs/share/baxter_maintenance_msgs/hook/ld_library_path_lib.sh'
[0.629s] Level 1:colcon.colcon_core.environment:checking '/shared_ws/install/baxter_maintenance_msgs/bin'
[0.629s] Level 1:colcon.colcon_core.environment:checking '/shared_ws/install/baxter_maintenance_msgs/lib/pkgconfig/baxter_maintenance_msgs.pc'
[0.629s] Level 1:colcon.colcon_core.environment:checking '/shared_ws/install/baxter_maintenance_msgs/lib/python3.10/site-packages'
[0.629s] Level 1:colcon.colcon_core.environment:checking '/shared_ws/install/baxter_maintenance_msgs/bin'
[0.630s] INFO:colcon.colcon_core.shell:Creating package script '/shared_ws/install/baxter_maintenance_msgs/share/baxter_maintenance_msgs/package.ps1'
[0.630s] INFO:colcon.colcon_core.shell:Creating package descriptor '/shared_ws/install/baxter_maintenance_msgs/share/baxter_maintenance_msgs/package.dsv'
[0.631s] INFO:colcon.colcon_core.shell:Creating package script '/shared_ws/install/baxter_maintenance_msgs/share/baxter_maintenance_msgs/package.sh'
[0.631s] INFO:colcon.colcon_core.shell:Creating package script '/shared_ws/install/baxter_maintenance_msgs/share/baxter_maintenance_msgs/package.bash'
[0.631s] INFO:colcon.colcon_core.shell:Creating package script '/shared_ws/install/baxter_maintenance_msgs/share/baxter_maintenance_msgs/package.zsh'
[0.632s] Level 1:colcon.colcon_core.environment:create_file_with_runtime_dependencies(/shared_ws/install/baxter_maintenance_msgs/share/colcon-core/packages/baxter_maintenance_msgs)
[0.632s] Level 1:colcon.colcon_core.environment:create_environment_scripts_only(baxter_maintenance_msgs)
[0.633s] Level 1:colcon.colcon_core.environment:checking '/shared_ws/install/baxter_maintenance_msgs' for CMake module files
[0.633s] Level 1:colcon.colcon_core.environment:checking '/shared_ws/install/baxter_maintenance_msgs' for CMake config files
[0.633s] Level 1:colcon.colcon_core.shell:create_environment_hook('baxter_maintenance_msgs', 'cmake_prefix_path')
[0.634s] INFO:colcon.colcon_core.shell:Creating environment hook '/shared_ws/install/baxter_maintenance_msgs/share/baxter_maintenance_msgs/hook/cmake_prefix_path.ps1'
[0.634s] INFO:colcon.colcon_core.shell:Creating environment descriptor '/shared_ws/install/baxter_maintenance_msgs/share/baxter_maintenance_msgs/hook/cmake_prefix_path.dsv'
[0.634s] INFO:colcon.colcon_core.shell:Creating environment hook '/shared_ws/install/baxter_maintenance_msgs/share/baxter_maintenance_msgs/hook/cmake_prefix_path.sh'
[0.635s] Level 1:colcon.colcon_core.environment:checking '/shared_ws/install/baxter_maintenance_msgs/lib'
[0.635s] Level 1:colcon.colcon_core.shell:create_environment_hook('baxter_maintenance_msgs', 'ld_library_path_lib')
[0.635s] INFO:colcon.colcon_core.shell:Creating environment hook '/shared_ws/install/baxter_maintenance_msgs/share/baxter_maintenance_msgs/hook/ld_library_path_lib.ps1'
[0.635s] INFO:colcon.colcon_core.shell:Creating environment descriptor '/shared_ws/install/baxter_maintenance_msgs/share/baxter_maintenance_msgs/hook/ld_library_path_lib.dsv'
[0.635s] INFO:colcon.colcon_core.shell:Creating environment hook '/shared_ws/install/baxter_maintenance_msgs/share/baxter_maintenance_msgs/hook/ld_library_path_lib.sh'
[0.636s] Level 1:colcon.colcon_core.environment:checking '/shared_ws/install/baxter_maintenance_msgs/bin'
[0.636s] Level 1:colcon.colcon_core.environment:checking '/shared_ws/install/baxter_maintenance_msgs/lib/pkgconfig/baxter_maintenance_msgs.pc'
[0.636s] Level 1:colcon.colcon_core.environment:checking '/shared_ws/install/baxter_maintenance_msgs/lib/python3.10/site-packages'
[0.636s] Level 1:colcon.colcon_core.environment:checking '/shared_ws/install/baxter_maintenance_msgs/bin'
[0.636s] INFO:colcon.colcon_core.shell:Creating package script '/shared_ws/install/baxter_maintenance_msgs/share/baxter_maintenance_msgs/package.ps1'
[0.637s] INFO:colcon.colcon_core.shell:Creating package descriptor '/shared_ws/install/baxter_maintenance_msgs/share/baxter_maintenance_msgs/package.dsv'
[0.637s] INFO:colcon.colcon_core.shell:Creating package script '/shared_ws/install/baxter_maintenance_msgs/share/baxter_maintenance_msgs/package.sh'
[0.637s] INFO:colcon.colcon_core.shell:Creating package script '/shared_ws/install/baxter_maintenance_msgs/share/baxter_maintenance_msgs/package.bash'
[0.638s] INFO:colcon.colcon_core.shell:Creating package script '/shared_ws/install/baxter_maintenance_msgs/share/baxter_maintenance_msgs/package.zsh'
[0.638s] Level 1:colcon.colcon_core.environment:create_file_with_runtime_dependencies(/shared_ws/install/baxter_maintenance_msgs/share/colcon-core/packages/baxter_maintenance_msgs)
[0.639s] Level 1:colcon.colcon_core.environment:create_environment_scripts_only(baxter_core_msgs)
[0.639s] Level 1:colcon.colcon_core.environment:checking '/shared_ws/install/baxter_core_msgs' for CMake module files
[0.640s] DEBUG:colcon.colcon_core.event_handler.log_command:Invoked command in '/shared_ws/build/baxter_core_msgs' returned '0': CMAKE_PREFIX_PATH=/opt/ros/humble /usr/bin/cmake --install /shared_ws/build/baxter_core_msgs
[0.640s] Level 1:colcon.colcon_core.environment:checking '/shared_ws/install/baxter_core_msgs' for CMake config files
[0.641s] Level 1:colcon.colcon_core.shell:create_environment_hook('baxter_core_msgs', 'cmake_prefix_path')
[0.641s] INFO:colcon.colcon_core.shell:Creating environment hook '/shared_ws/install/baxter_core_msgs/share/baxter_core_msgs/hook/cmake_prefix_path.ps1'
[0.641s] INFO:colcon.colcon_core.shell:Creating environment descriptor '/shared_ws/install/baxter_core_msgs/share/baxter_core_msgs/hook/cmake_prefix_path.dsv'
[0.642s] INFO:colcon.colcon_core.shell:Creating environment hook '/shared_ws/install/baxter_core_msgs/share/baxter_core_msgs/hook/cmake_prefix_path.sh'
[0.642s] Level 1:colcon.colcon_core.environment:checking '/shared_ws/install/baxter_core_msgs/lib'
[0.642s] Level 1:colcon.colcon_core.shell:create_environment_hook('baxter_core_msgs', 'ld_library_path_lib')
[0.642s] INFO:colcon.colcon_core.shell:Creating environment hook '/shared_ws/install/baxter_core_msgs/share/baxter_core_msgs/hook/ld_library_path_lib.ps1'
[0.643s] INFO:colcon.colcon_core.shell:Creating environment descriptor '/shared_ws/install/baxter_core_msgs/share/baxter_core_msgs/hook/ld_library_path_lib.dsv'
[0.643s] INFO:colcon.colcon_core.shell:Creating environment hook '/shared_ws/install/baxter_core_msgs/share/baxter_core_msgs/hook/ld_library_path_lib.sh'
[0.643s] Level 1:colcon.colcon_core.environment:checking '/shared_ws/install/baxter_core_msgs/bin'
[0.643s] Level 1:colcon.colcon_core.environment:checking '/shared_ws/install/baxter_core_msgs/lib/pkgconfig/baxter_core_msgs.pc'
[0.643s] Level 1:colcon.colcon_core.environment:checking '/shared_ws/install/baxter_core_msgs/lib/python3.10/site-packages'
[0.644s] Level 1:colcon.colcon_core.environment:checking '/shared_ws/install/baxter_core_msgs/bin'
[0.644s] INFO:colcon.colcon_core.shell:Creating package script '/shared_ws/install/baxter_core_msgs/share/baxter_core_msgs/package.ps1'
[0.644s] INFO:colcon.colcon_core.shell:Creating package descriptor '/shared_ws/install/baxter_core_msgs/share/baxter_core_msgs/package.dsv'
[0.645s] INFO:colcon.colcon_core.shell:Creating package script '/shared_ws/install/baxter_core_msgs/share/baxter_core_msgs/package.sh'
[0.645s] INFO:colcon.colcon_core.shell:Creating package script '/shared_ws/install/baxter_core_msgs/share/baxter_core_msgs/package.bash'
[0.646s] INFO:colcon.colcon_core.shell:Creating package script '/shared_ws/install/baxter_core_msgs/share/baxter_core_msgs/package.zsh'
[0.646s] Level 1:colcon.colcon_core.environment:create_file_with_runtime_dependencies(/shared_ws/install/baxter_core_msgs/share/colcon-core/packages/baxter_core_msgs)
[0.646s] Level 1:colcon.colcon_core.environment:create_environment_scripts_only(baxter_core_msgs)
[0.647s] Level 1:colcon.colcon_core.environment:checking '/shared_ws/install/baxter_core_msgs' for CMake module files
[0.647s] Level 1:colcon.colcon_core.environment:checking '/shared_ws/install/baxter_core_msgs' for CMake config files
[0.648s] Level 1:colcon.colcon_core.shell:create_environment_hook('baxter_core_msgs', 'cmake_prefix_path')
[0.648s] INFO:colcon.colcon_core.shell:Creating environment hook '/shared_ws/install/baxter_core_msgs/share/baxter_core_msgs/hook/cmake_prefix_path.ps1'
[0.648s] INFO:colcon.colcon_core.shell:Creating environment descriptor '/shared_ws/install/baxter_core_msgs/share/baxter_core_msgs/hook/cmake_prefix_path.dsv'
[0.648s] INFO:colcon.colcon_core.shell:Creating environment hook '/shared_ws/install/baxter_core_msgs/share/baxter_core_msgs/hook/cmake_prefix_path.sh'
[0.649s] Level 1:colcon.colcon_core.environment:checking '/shared_ws/install/baxter_core_msgs/lib'
[0.649s] Level 1:colcon.colcon_core.shell:create_environment_hook('baxter_core_msgs', 'ld_library_path_lib')
[0.649s] INFO:colcon.colcon_core.shell:Creating environment hook '/shared_ws/install/baxter_core_msgs/share/baxter_core_msgs/hook/ld_library_path_lib.ps1'
[0.649s] INFO:colcon.colcon_core.shell:Creating environment descriptor '/shared_ws/install/baxter_core_msgs/share/baxter_core_msgs/hook/ld_library_path_lib.dsv'
[0.649s] INFO:colcon.colcon_core.shell:Creating environment hook '/shared_ws/install/baxter_core_msgs/share/baxter_core_msgs/hook/ld_library_path_lib.sh'
[0.650s] Level 1:colcon.colcon_core.environment:checking '/shared_ws/install/baxter_core_msgs/bin'
[0.650s] Level 1:colcon.colcon_core.environment:checking '/shared_ws/install/baxter_core_msgs/lib/pkgconfig/baxter_core_msgs.pc'
[0.650s] Level 1:colcon.colcon_core.environment:checking '/shared_ws/install/baxter_core_msgs/lib/python3.10/site-packages'
[0.650s] Level 1:colcon.colcon_core.environment:checking '/shared_ws/install/baxter_core_msgs/bin'
[0.651s] INFO:colcon.colcon_core.shell:Creating package script '/shared_ws/install/baxter_core_msgs/share/baxter_core_msgs/package.ps1'
[0.651s] INFO:colcon.colcon_core.shell:Creating package descriptor '/shared_ws/install/baxter_core_msgs/share/baxter_core_msgs/package.dsv'
[0.651s] INFO:colcon.colcon_core.shell:Creating package script '/shared_ws/install/baxter_core_msgs/share/baxter_core_msgs/package.sh'
[0.652s] INFO:colcon.colcon_core.shell:Creating package script '/shared_ws/install/baxter_core_msgs/share/baxter_core_msgs/package.bash'
[0.652s] INFO:colcon.colcon_core.shell:Creating package script '/shared_ws/install/baxter_core_msgs/share/baxter_core_msgs/package.zsh'
[0.652s] Level 1:colcon.colcon_core.environment:create_file_with_runtime_dependencies(/shared_ws/install/baxter_core_msgs/share/colcon-core/packages/baxter_core_msgs)
[0.655s] DEBUG:colcon.colcon_core.event_handler.log_command:Invoking command in '/shared_ws/build/baxter_moveit_config': AMENT_PREFIX_PATH=/shared_ws/install/baxter_description:/shared_ws/install/rethink_ee_description:${AMENT_PREFIX_PATH} CMAKE_PREFIX_PATH=/shared_ws/install/baxter_description:/shared_ws/install/rethink_ee_description:/opt/ros/humble /usr/bin/cmake --build /shared_ws/build/baxter_moveit_config -- -j16 -l16
[0.676s] DEBUG:colcon.colcon_core.event_handler.log_command:Invoked command in '/shared_ws/build/baxter_moveit_config' returned '0': AMENT_PREFIX_PATH=/shared_ws/install/baxter_description:/shared_ws/install/rethink_ee_description:${AMENT_PREFIX_PATH} CMAKE_PREFIX_PATH=/shared_ws/install/baxter_description:/shared_ws/install/rethink_ee_description:/opt/ros/humble /usr/bin/cmake --build /shared_ws/build/baxter_moveit_config -- -j16 -l16
[0.677s] DEBUG:colcon.colcon_core.event_handler.log_command:Invoking command in '/shared_ws/build/baxter_moveit_config': AMENT_PREFIX_PATH=/shared_ws/install/baxter_description:/shared_ws/install/rethink_ee_description:${AMENT_PREFIX_PATH} CMAKE_PREFIX_PATH=/shared_ws/install/baxter_description:/shared_ws/install/rethink_ee_description:/opt/ros/humble /usr/bin/cmake --install /shared_ws/build/baxter_moveit_config
[0.683s] Level 1:colcon.colcon_core.environment:create_environment_scripts_only(baxter_moveit_config)
[0.683s] Level 1:colcon.colcon_core.environment:checking '/shared_ws/install/baxter_moveit_config' for CMake module files
[0.684s] DEBUG:colcon.colcon_core.event_handler.log_command:Invoked command in '/shared_ws/build/baxter_moveit_config' returned '0': AMENT_PREFIX_PATH=/shared_ws/install/baxter_description:/shared_ws/install/rethink_ee_description:${AMENT_PREFIX_PATH} CMAKE_PREFIX_PATH=/shared_ws/install/baxter_description:/shared_ws/install/rethink_ee_description:/opt/ros/humble /usr/bin/cmake --install /shared_ws/build/baxter_moveit_config
[0.684s] Level 1:colcon.colcon_core.environment:checking '/shared_ws/install/baxter_moveit_config' for CMake config files
[0.684s] Level 1:colcon.colcon_core.shell:create_environment_hook('baxter_moveit_config', 'cmake_prefix_path')
[0.684s] INFO:colcon.colcon_core.shell:Creating environment hook '/shared_ws/install/baxter_moveit_config/share/baxter_moveit_config/hook/cmake_prefix_path.ps1'
[0.685s] INFO:colcon.colcon_core.shell:Creating environment descriptor '/shared_ws/install/baxter_moveit_config/share/baxter_moveit_config/hook/cmake_prefix_path.dsv'
[0.685s] INFO:colcon.colcon_core.shell:Creating environment hook '/shared_ws/install/baxter_moveit_config/share/baxter_moveit_config/hook/cmake_prefix_path.sh'
[0.685s] Level 1:colcon.colcon_core.environment:checking '/shared_ws/install/baxter_moveit_config/bin'
[0.685s] Level 1:colcon.colcon_core.environment:checking '/shared_ws/install/baxter_moveit_config/lib/pkgconfig/baxter_moveit_config.pc'
[0.686s] Level 1:colcon.colcon_core.environment:checking '/shared_ws/install/baxter_moveit_config/lib/python3.10/site-packages'
[0.686s] Level 1:colcon.colcon_core.environment:checking '/shared_ws/install/baxter_moveit_config/bin'
[0.686s] INFO:colcon.colcon_core.shell:Creating package script '/shared_ws/install/baxter_moveit_config/share/baxter_moveit_config/package.ps1'
[0.686s] INFO:colcon.colcon_core.shell:Creating package descriptor '/shared_ws/install/baxter_moveit_config/share/baxter_moveit_config/package.dsv'
[0.687s] INFO:colcon.colcon_core.shell:Creating package script '/shared_ws/install/baxter_moveit_config/share/baxter_moveit_config/package.sh'
[0.687s] INFO:colcon.colcon_core.shell:Creating package script '/shared_ws/install/baxter_moveit_config/share/baxter_moveit_config/package.bash'
[0.687s] INFO:colcon.colcon_core.shell:Creating package script '/shared_ws/install/baxter_moveit_config/share/baxter_moveit_config/package.zsh'
[0.688s] Level 1:colcon.colcon_core.environment:create_file_with_runtime_dependencies(/shared_ws/install/baxter_moveit_config/share/colcon-core/packages/baxter_moveit_config)
[0.688s] Level 1:colcon.colcon_core.environment:create_environment_scripts_only(baxter_moveit_config)
[0.688s] Level 1:colcon.colcon_core.environment:checking '/shared_ws/install/baxter_moveit_config' for CMake module files
[0.688s] Level 1:colcon.colcon_core.environment:checking '/shared_ws/install/baxter_moveit_config' for CMake config files
[0.689s] Level 1:colcon.colcon_core.shell:create_environment_hook('baxter_moveit_config', 'cmake_prefix_path')
[0.689s] INFO:colcon.colcon_core.shell:Creating environment hook '/shared_ws/install/baxter_moveit_config/share/baxter_moveit_config/hook/cmake_prefix_path.ps1'
[0.689s] INFO:colcon.colcon_core.shell:Creating environment descriptor '/shared_ws/install/baxter_moveit_config/share/baxter_moveit_config/hook/cmake_prefix_path.dsv'
[0.689s] INFO:colcon.colcon_core.shell:Creating environment hook '/shared_ws/install/baxter_moveit_config/share/baxter_moveit_config/hook/cmake_prefix_path.sh'
[0.690s] Level 1:colcon.colcon_core.environment:checking '/shared_ws/install/baxter_moveit_config/bin'
[0.690s] Level 1:colcon.colcon_core.environment:checking '/shared_ws/install/baxter_moveit_config/lib/pkgconfig/baxter_moveit_config.pc'
[0.690s] Level 1:colcon.colcon_core.environment:checking '/shared_ws/install/baxter_moveit_config/lib/python3.10/site-packages'
[0.690s] Level 1:colcon.colcon_core.environment:checking '/shared_ws/install/baxter_moveit_config/bin'
[0.690s] INFO:colcon.colcon_core.shell:Creating package script '/shared_ws/install/baxter_moveit_config/share/baxter_moveit_config/package.ps1'
[0.691s] INFO:colcon.colcon_core.shell:Creating package descriptor '/shared_ws/install/baxter_moveit_config/share/baxter_moveit_config/package.dsv'
[0.691s] INFO:colcon.colcon_core.shell:Creating package script '/shared_ws/install/baxter_moveit_config/share/baxter_moveit_config/package.sh'
[0.691s] INFO:colcon.colcon_core.shell:Creating package script '/shared_ws/install/baxter_moveit_config/share/baxter_moveit_config/package.bash'
[0.692s] INFO:colcon.colcon_core.shell:Creating package script '/shared_ws/install/baxter_moveit_config/share/baxter_moveit_config/package.zsh'
[0.692s] Level 1:colcon.colcon_core.environment:create_file_with_runtime_dependencies(/shared_ws/install/baxter_moveit_config/share/colcon-core/packages/baxter_moveit_config)
[0.818s] DEBUG:colcon.colcon_core.event_handler.log_command:Invoking command in '/shared_ws/src/my_ros2_test_package': PYTHONPATH=/shared_ws/build/my_ros2_test_package/prefix_override:/usr/lib/python3/dist-packages/colcon_core/task/python/colcon_distutils_commands:/shared_ws/install/my_ros2_test_package/lib/python3.10/site-packages:${PYTHONPATH} /usr/bin/python3 -W ignore:setup.py install is deprecated -W ignore:easy_install command is deprecated setup.py egg_info --egg-base ../../build/my_ros2_test_package build --build-base /shared_ws/build/my_ros2_test_package/build install --record /shared_ws/build/my_ros2_test_package/install.log --single-version-externally-managed install_data
[0.992s] Level 1:colcon.colcon_core.environment:checking '/shared_ws/install/my_ros2_test_package' for CMake module files
[0.992s] DEBUG:colcon.colcon_core.event_handler.log_command:Invoked command in '/shared_ws/src/my_ros2_test_package' returned '0': PYTHONPATH=/shared_ws/build/my_ros2_test_package/prefix_override:/usr/lib/python3/dist-packages/colcon_core/task/python/colcon_distutils_commands:/shared_ws/install/my_ros2_test_package/lib/python3.10/site-packages:${PYTHONPATH} /usr/bin/python3 -W ignore:setup.py install is deprecated -W ignore:easy_install command is deprecated setup.py egg_info --egg-base ../../build/my_ros2_test_package build --build-base /shared_ws/build/my_ros2_test_package/build install --record /shared_ws/build/my_ros2_test_package/install.log --single-version-externally-managed install_data
[0.992s] Level 1:colcon.colcon_core.environment:checking '/shared_ws/install/my_ros2_test_package' for CMake config files
[0.993s] Level 1:colcon.colcon_core.environment:checking '/shared_ws/install/my_ros2_test_package/lib'
[0.993s] Level 1:colcon.colcon_core.environment:checking '/shared_ws/install/my_ros2_test_package/bin'
[0.993s] Level 1:colcon.colcon_core.shell:create_environment_hook('my_ros2_test_package', 'path')
[0.993s] INFO:colcon.colcon_core.shell:Creating environment hook '/shared_ws/install/my_ros2_test_package/share/my_ros2_test_package/hook/path.ps1'
[0.993s] INFO:colcon.colcon_core.shell:Creating environment descriptor '/shared_ws/install/my_ros2_test_package/share/my_ros2_test_package/hook/path.dsv'
[0.994s] INFO:colcon.colcon_core.shell:Creating environment hook '/shared_ws/install/my_ros2_test_package/share/my_ros2_test_package/hook/path.sh'
[0.994s] Level 1:colcon.colcon_core.environment:checking '/shared_ws/install/my_ros2_test_package/lib/pkgconfig/my_ros2_test_package.pc'
[0.994s] Level 1:colcon.colcon_core.environment:checking '/shared_ws/install/my_ros2_test_package/lib/python3.10/site-packages'
[0.994s] Level 1:colcon.colcon_core.shell:create_environment_hook('my_ros2_test_package', 'pythonpath')
[0.994s] INFO:colcon.colcon_core.shell:Creating environment hook '/shared_ws/install/my_ros2_test_package/share/my_ros2_test_package/hook/pythonpath.ps1'
[0.995s] INFO:colcon.colcon_core.shell:Creating environment descriptor '/shared_ws/install/my_ros2_test_package/share/my_ros2_test_package/hook/pythonpath.dsv'
[0.995s] INFO:colcon.colcon_core.shell:Creating environment hook '/shared_ws/install/my_ros2_test_package/share/my_ros2_test_package/hook/pythonpath.sh'
[0.995s] Level 1:colcon.colcon_core.environment:checking '/shared_ws/install/my_ros2_test_package/bin'
[0.995s] Level 1:colcon.colcon_core.shell:create_environment_hook('my_ros2_test_package', 'pythonscriptspath')
[0.996s] INFO:colcon.colcon_core.shell:Creating environment hook '/shared_ws/install/my_ros2_test_package/share/my_ros2_test_package/hook/pythonscriptspath.ps1'
[0.996s] INFO:colcon.colcon_core.shell:Creating environment descriptor '/shared_ws/install/my_ros2_test_package/share/my_ros2_test_package/hook/pythonscriptspath.dsv'
[0.996s] INFO:colcon.colcon_core.shell:Creating environment hook '/shared_ws/install/my_ros2_test_package/share/my_ros2_test_package/hook/pythonscriptspath.sh'
[0.996s] Level 1:colcon.colcon_core.environment:create_environment_scripts_only(my_ros2_test_package)
[0.997s] INFO:colcon.colcon_core.shell:Creating package script '/shared_ws/install/my_ros2_test_package/share/my_ros2_test_package/package.ps1'
[0.997s] INFO:colcon.colcon_core.shell:Creating package descriptor '/shared_ws/install/my_ros2_test_package/share/my_ros2_test_package/package.dsv'
[0.997s] INFO:colcon.colcon_core.shell:Creating package script '/shared_ws/install/my_ros2_test_package/share/my_ros2_test_package/package.sh'
[0.998s] INFO:colcon.colcon_core.shell:Creating package script '/shared_ws/install/my_ros2_test_package/share/my_ros2_test_package/package.bash'
[0.998s] INFO:colcon.colcon_core.shell:Creating package script '/shared_ws/install/my_ros2_test_package/share/my_ros2_test_package/package.zsh'
[0.999s] Level 1:colcon.colcon_core.environment:create_file_with_runtime_dependencies(/shared_ws/install/my_ros2_test_package/share/colcon-core/packages/my_ros2_test_package)
[0.999s] DEBUG:colcon.colcon_parallel_executor.executor.parallel:closing loop
[0.999s] DEBUG:colcon.colcon_parallel_executor.executor.parallel:loop closed
[0.999s] DEBUG:colcon.colcon_parallel_executor.executor.parallel:run_until_complete finished with '0'
[0.999s] DEBUG:colcon.colcon_core.event_reactor:joining thread
[1.009s] INFO:colcon.colcon_core.plugin_system:Skipping extension 'colcon_notification.desktop_notification.notify_send': Could not find 'notify-send'
[1.009s] INFO:colcon.colcon_core.plugin_system:Skipping extension 'colcon_notification.desktop_notification.terminal_notifier': Not used on non-Darwin systems
[1.009s] INFO:colcon.colcon_core.plugin_system:Skipping extension 'colcon_notification.desktop_notification.win32': Not used on non-Windows systems
[1.009s] INFO:colcon.colcon_notification.desktop_notification:Sending desktop notification using 'notify2'
[1.009s] DEBUG:colcon.colcon_notification.desktop_notification.notify2:Failed to initialize notify2: org.freedesktop.DBus.Error.NotSupported: Unable to autolaunch a dbus-daemon without a $DISPLAY for X11
[1.009s] DEBUG:colcon.colcon_core.event_reactor:joined thread
[1.009s] INFO:colcon.colcon_core.shell:Creating prefix script '/shared_ws/install/local_setup.ps1'
[1.010s] INFO:colcon.colcon_core.shell:Creating prefix util module '/shared_ws/install/_local_setup_util_ps1.py'
[1.011s] INFO:colcon.colcon_core.shell:Creating prefix chain script '/shared_ws/install/setup.ps1'
[1.011s] INFO:colcon.colcon_core.shell:Creating prefix script '/shared_ws/install/local_setup.sh'
[1.012s] INFO:colcon.colcon_core.shell:Creating prefix util module '/shared_ws/install/_local_setup_util_sh.py'
[1.012s] INFO:colcon.colcon_core.shell:Creating prefix chain script '/shared_ws/install/setup.sh'
[1.013s] INFO:colcon.colcon_core.shell:Creating prefix script '/shared_ws/install/local_setup.bash'
[1.013s] INFO:colcon.colcon_core.shell:Creating prefix chain script '/shared_ws/install/setup.bash'
[1.014s] INFO:colcon.colcon_core.shell:Creating prefix script '/shared_ws/install/local_setup.zsh'
[1.014s] INFO:colcon.colcon_core.shell:Creating prefix chain script '/shared_ws/install/setup.zsh'
