[0.010s] Invoking command in '/shared_ws/build/baxter_bridge': AMENT_PREFIX_PATH=/shared_ws/install/baxter_maintenance_msgs:/shared_ws/install/baxter_core_msgs:${AMENT_PREFIX_PATH} CMAKE_PREFIX_PATH=/shared_ws/install/baxter_maintenance_msgs:/shared_ws/install/baxter_core_msgs:/opt/ros/humble LD_LIBRARY_PATH=/shared_ws/install/baxter_maintenance_msgs/lib:/shared_ws/install/baxter_core_msgs/lib:${LD_LIBRARY_PATH} PYTHONPATH=/shared_ws/install/baxter_maintenance_msgs/local/lib/python3.10/dist-packages:/shared_ws/install/baxter_core_msgs/local/lib/python3.10/dist-packages:${PYTHONPATH} /usr/bin/cmake /shared_ws/src/baxter_bridge -DCMAKE_INSTALL_PREFIX=/shared_ws/install/baxter_bridge
[0.017s] -- Found ament_cmake_auto: 1.3.11 (/opt/ros/humble/share/ament_cmake_auto/cmake)
[0.145s] -- Using all available rosidl_typesupport_c: rosidl_typesupport_fastrtps_c;rosidl_typesupport_introspection_c
[0.147s] -- Found rosidl_adapter: 3.1.6 (/opt/ros/humble/share/rosidl_adapter/cmake)
[0.168s] -- Using all available rosidl_typesupport_cpp: rosidl_typesupport_fastrtps_cpp;rosidl_typesupport_introspection_cpp
[0.216s] -- Found rmw_implementation_cmake: 6.1.2 (/opt/ros/humble/share/rmw_implementation_cmake/cmake)
[0.217s] -- Found rmw_fastrtps_cpp: 6.2.7 (/opt/ros/humble/share/rmw_fastrtps_cpp/cmake)
[0.284s] -- Using RMW implementation 'rmw_fastrtps_cpp' as default
[0.393s] -- Found eigen3_cmake_module: 0.1.1 (/opt/ros/humble/share/eigen3_cmake_module/cmake)
[0.394s] -- Ensuring Eigen3 include directory is part of orocos-kdl CMake target
[0.593s] -- Found ament_cmake_ros: 0.10.0 (/opt/ros/humble/share/ament_cmake_ros/cmake)
[0.699s] -- Using all available rosidl_typesupport_c: rosidl_typesupport_fastrtps_c;rosidl_typesupport_introspection_c
[0.839s] -- Using all available rosidl_typesupport_cpp: rosidl_typesupport_fastrtps_cpp;rosidl_typesupport_introspection_cpp
[0.850s] -- Found python_cmake_module: 0.10.0 (/opt/ros/humble/share/python_cmake_module/cmake)
[0.861s] -- Using PYTHON_EXECUTABLE: /usr/bin/python3
[0.862s] -- Using PYTHON_INCLUDE_DIRS: /usr/include/python3.10
[0.862s] -- Using PYTHON_LIBRARIES: /usr/lib/x86_64-linux-gnu/libpython3.10.so
[0.875s] -- Found OpenCV: /usr (found version "4.5.4") 
[0.887s] -- Configuring done
[0.920s] -- Generating done
[0.929s] -- Build files have been written to: /shared_ws/build/baxter_bridge
[0.936s] Invoked command in '/shared_ws/build/baxter_bridge' returned '0': AMENT_PREFIX_PATH=/shared_ws/install/baxter_maintenance_msgs:/shared_ws/install/baxter_core_msgs:${AMENT_PREFIX_PATH} CMAKE_PREFIX_PATH=/shared_ws/install/baxter_maintenance_msgs:/shared_ws/install/baxter_core_msgs:/opt/ros/humble LD_LIBRARY_PATH=/shared_ws/install/baxter_maintenance_msgs/lib:/shared_ws/install/baxter_core_msgs/lib:${LD_LIBRARY_PATH} PYTHONPATH=/shared_ws/install/baxter_maintenance_msgs/local/lib/python3.10/dist-packages:/shared_ws/install/baxter_core_msgs/local/lib/python3.10/dist-packages:${PYTHONPATH} /usr/bin/cmake /shared_ws/src/baxter_bridge -DCMAKE_INSTALL_PREFIX=/shared_ws/install/baxter_bridge
[0.937s] Invoking command in '/shared_ws/build/baxter_bridge': AMENT_PREFIX_PATH=/shared_ws/install/baxter_maintenance_msgs:/shared_ws/install/baxter_core_msgs:${AMENT_PREFIX_PATH} CMAKE_PREFIX_PATH=/shared_ws/install/baxter_maintenance_msgs:/shared_ws/install/baxter_core_msgs:/opt/ros/humble LD_LIBRARY_PATH=/shared_ws/install/baxter_maintenance_msgs/lib:/shared_ws/install/baxter_core_msgs/lib:${LD_LIBRARY_PATH} PYTHONPATH=/shared_ws/install/baxter_maintenance_msgs/local/lib/python3.10/dist-packages:/shared_ws/install/baxter_core_msgs/local/lib/python3.10/dist-packages:${PYTHONPATH} /usr/bin/cmake --build /shared_ws/build/baxter_bridge -- -j16 -l16
[0.960s] [  2%] Generating C code for ROS interfaces
[0.966s] [  4%] Generating C++ code for ROS interfaces
[0.971s] [  4%] Built target ament_cmake_python_copy_baxter_bridge
[1.123s] running egg_info
[1.124s] creating baxter_bridge.egg-info
[1.124s] writing baxter_bridge.egg-info/PKG-INFO
[1.124s] writing dependency_links to baxter_bridge.egg-info/dependency_links.txt
[1.124s] writing top-level names to baxter_bridge.egg-info/top_level.txt
[1.124s] writing manifest file 'baxter_bridge.egg-info/SOURCES.txt'
[1.126s] reading manifest file 'baxter_bridge.egg-info/SOURCES.txt'
[1.127s] writing manifest file 'baxter_bridge.egg-info/SOURCES.txt'
[1.145s] [  4%] Built target ament_cmake_python_build_baxter_bridge_egg
[1.241s] [  4%] Built target baxter_bridge__cpp
[1.247s] [ 10%] Generating C++ type support dispatch for ROS interfaces
[1.247s] [ 10%] Generating C++ type support for eProsima Fast-RTPS
[1.248s] [ 10%] Generating C++ introspection for ROS interfaces
[1.253s] [ 14%] Building C object CMakeFiles/baxter_bridge__rosidl_generator_c.dir/rosidl_generator_c/baxter_bridge/srv/detail/exists__functions.c.o
[1.253s] [ 14%] Building C object CMakeFiles/baxter_bridge__rosidl_generator_c.dir/rosidl_generator_c/baxter_bridge/srv/detail/open__functions.c.o
[1.306s] [ 17%] Linking C shared library libbaxter_bridge__rosidl_generator_c.so
[1.328s] [ 17%] Built target baxter_bridge__rosidl_generator_c
[1.335s] [ 21%] Generating C introspection for ROS interfaces
[1.335s] [ 21%] Generating C type support for eProsima Fast-RTPS
[1.336s] [ 23%] Generating C type support dispatch for ROS interfaces
[1.482s] [ 27%] Building CXX object CMakeFiles/baxter_bridge__rosidl_typesupport_cpp.dir/rosidl_typesupport_cpp/baxter_bridge/srv/exists__type_support.cpp.o
[1.482s] [ 27%] Building CXX object CMakeFiles/baxter_bridge__rosidl_typesupport_cpp.dir/rosidl_typesupport_cpp/baxter_bridge/srv/open__type_support.cpp.o
[1.513s] [ 31%] Building CXX object CMakeFiles/baxter_bridge__rosidl_typesupport_introspection_cpp.dir/rosidl_typesupport_introspection_cpp/baxter_bridge/srv/detail/exists__type_support.cpp.o
[1.513s] [ 31%] Building CXX object CMakeFiles/baxter_bridge__rosidl_typesupport_introspection_cpp.dir/rosidl_typesupport_introspection_cpp/baxter_bridge/srv/detail/open__type_support.cpp.o
[1.544s] [ 36%] Building CXX object CMakeFiles/baxter_bridge__rosidl_typesupport_fastrtps_cpp.dir/rosidl_typesupport_fastrtps_cpp/baxter_bridge/srv/detail/dds_fastrtps/exists__type_support.cpp.o
[1.544s] [ 36%] Building CXX object CMakeFiles/baxter_bridge__rosidl_typesupport_fastrtps_cpp.dir/rosidl_typesupport_fastrtps_cpp/baxter_bridge/srv/detail/dds_fastrtps/open__type_support.cpp.o
[1.581s] [ 38%] Building CXX object CMakeFiles/baxter_bridge__rosidl_typesupport_c.dir/rosidl_typesupport_c/baxter_bridge/srv/open__type_support.cpp.o
[1.583s] [ 40%] Building CXX object CMakeFiles/baxter_bridge__rosidl_typesupport_c.dir/rosidl_typesupport_c/baxter_bridge/srv/exists__type_support.cpp.o
[1.616s] [ 42%] Linking CXX shared library libbaxter_bridge__rosidl_typesupport_c.so
[1.622s] [ 44%] Building C object CMakeFiles/baxter_bridge__rosidl_typesupport_introspection_c.dir/rosidl_typesupport_introspection_c/baxter_bridge/srv/detail/open__type_support.c.o
[1.622s] [ 46%] Building C object CMakeFiles/baxter_bridge__rosidl_typesupport_introspection_c.dir/rosidl_typesupport_introspection_c/baxter_bridge/srv/detail/exists__type_support.c.o
[1.641s] [ 48%] Building CXX object CMakeFiles/baxter_bridge__rosidl_typesupport_fastrtps_c.dir/rosidl_typesupport_fastrtps_c/baxter_bridge/srv/detail/open__type_support_c.cpp.o
[1.644s] [ 51%] Building CXX object CMakeFiles/baxter_bridge__rosidl_typesupport_fastrtps_c.dir/rosidl_typesupport_fastrtps_c/baxter_bridge/srv/detail/exists__type_support_c.cpp.o
[1.649s] [ 51%] Built target baxter_bridge__rosidl_typesupport_c
[1.660s] [ 53%] Linking C shared library libbaxter_bridge__rosidl_typesupport_introspection_c.so
[1.681s] [ 53%] Built target baxter_bridge__rosidl_typesupport_introspection_c
[1.847s] [ 55%] Linking CXX shared library libbaxter_bridge__rosidl_typesupport_cpp.so
[1.874s] [ 57%] Linking CXX shared library libbaxter_bridge__rosidl_typesupport_introspection_cpp.so
[1.878s] [ 57%] Built target baxter_bridge__rosidl_typesupport_cpp
[1.894s] [ 61%] Building CXX object CMakeFiles/bridge.dir/src/factory_1to2.cpp.o
[1.894s] [ 61%] Building CXX object CMakeFiles/bridge.dir/src/topic_poller.cpp.o
[1.895s] [ 65%] Building CXX object CMakeFiles/bridge.dir/src/monitor.cpp.o
[1.895s] [ 65%] Building CXX object CMakeFiles/bridge.dir/src/baxter_bridge.cpp.o
[1.895s] [ 68%] Building CXX object CMakeFiles/bridge.dir/src/bridge.cpp.o
[1.895s] [ 70%] Building CXX object CMakeFiles/bridge.dir/src/factory.cpp.o
[1.895s] [ 72%] Building CXX object CMakeFiles/bridge.dir/src/factory_2to1.cpp.o
[1.902s] In file included from /shared_ws/src/baxter_bridge/src/monitor.cpp:1:
[1.902s] /shared_ws/src/baxter_bridge/include/baxter_bridge/monitor.h:4:10: fatal error: ros/ros.h: No such file or directory
[1.902s]     4 | #include <ros/ros.h>
[1.902s]       |          ^~~~~~~~~~~
[1.902s] In file included from /shared_ws/src/baxter_bridge/include/baxter_bridge/solve_ik.h:7,
[1.902s]                  from /shared_ws/src/baxter_bridge/src/baxter_bridge.cpp:1:
[1.902s] /shared_ws/src/baxter_bridge/ros1_msgs/baxter_core_msgs/SolvePositionIK.h:8:10: fatal error: ros/service_traits.h: No such file or directory
[1.902s]     8 | #include <ros/service_traits.h>
[1.902s]       |          ^~~~~~~~~~~~~~~~~~~~~~
[1.902s] compilation terminated.
[1.903s] compilation terminated.
[1.903s] gmake[2]: *** [CMakeFiles/bridge.dir/build.make:104: CMakeFiles/bridge.dir/src/monitor.cpp.o] Error 1
[1.903s] gmake[2]: *** Waiting for unfinished jobs....
[1.903s] gmake[2]: *** [CMakeFiles/bridge.dir/build.make:76: CMakeFiles/bridge.dir/src/baxter_bridge.cpp.o] Error 1
[1.903s] In file included from /shared_ws/src/baxter_bridge/include/baxter_bridge/bridge_1to2.h:4,
[1.903s]                  from /shared_ws/src/baxter_bridge/src/factory_1to2.cpp:2:
[1.903s] /shared_ws/src/baxter_bridge/include/baxter_bridge/bridge.h:4:10: fatal error: ros/node_handle.h: No such file or directory
[1.903s]     4 | #include <ros/node_handle.h>
[1.903s]       |          ^~~~~~~~~~~~~~~~~~~
[1.903s] compilation terminated.
[1.903s] gmake[2]: *** [CMakeFiles/bridge.dir/build.make:132: CMakeFiles/bridge.dir/src/factory_1to2.cpp.o] Error 1
[1.904s] /shared_ws/src/baxter_bridge/src/bridge.cpp:1:10: fatal error: ros/node_handle.h: No such file or directory
[1.904s]     1 | #include <ros/node_handle.h>
[1.904s]       |          ^~~~~~~~~~~~~~~~~~~
[1.904s] compilation terminated.
[1.904s] gmake[2]: *** [CMakeFiles/bridge.dir/build.make:90: CMakeFiles/bridge.dir/src/bridge.cpp.o] Error 1
[1.904s] In file included from /shared_ws/src/baxter_bridge/include/baxter_bridge/bridge_2to1.h:4,
[1.904s]                  from /shared_ws/src/baxter_bridge/src/factory_2to1.cpp:2:
[1.904s] /shared_ws/src/baxter_bridge/include/baxter_bridge/bridge.h:4:10: fatal error: ros/node_handle.h: No such file or directory
[1.905s]     4 | #include <ros/node_handle.h>
[1.905s]       |          ^~~~~~~~~~~~~~~~~~~
[1.905s] compilation terminated.
[1.905s] gmake[2]: *** [CMakeFiles/bridge.dir/build.make:146: CMakeFiles/bridge.dir/src/factory_2to1.cpp.o] Error 1
[1.919s] [ 74%] Linking CXX shared library libbaxter_bridge__rosidl_typesupport_fastrtps_cpp.so
[1.939s] [ 74%] Built target baxter_bridge__rosidl_typesupport_introspection_cpp
[1.956s] [ 76%] Linking CXX shared library libbaxter_bridge__rosidl_typesupport_fastrtps_c.so
[1.974s] [ 76%] Built target baxter_bridge__rosidl_typesupport_fastrtps_cpp
[1.974s] In file included from /shared_ws/src/baxter_bridge/src/topic_poller.cpp:1:
[1.974s] /shared_ws/src/baxter_bridge/include/baxter_bridge/topic_poller.h:6:10: fatal error: ros/ros.h: No such file or directory
[1.974s]     6 | #include <ros/ros.h>
[1.974s]       |          ^~~~~~~~~~~
[1.974s] compilation terminated.
[1.975s] gmake[2]: *** [CMakeFiles/bridge.dir/build.make:160: CMakeFiles/bridge.dir/src/topic_poller.cpp.o] Error 1
[1.994s] In file included from /shared_ws/src/baxter_bridge/include/baxter_bridge/factory.h:8,
[1.994s]                  from /shared_ws/src/baxter_bridge/src/factory.cpp:1:
[1.994s] /shared_ws/src/baxter_bridge/include/baxter_bridge/bridge.h:4:10: fatal error: ros/node_handle.h: No such file or directory
[1.994s]     4 | #include <ros/node_handle.h>
[1.994s]       |          ^~~~~~~~~~~~~~~~~~~
[1.994s] compilation terminated.
[1.995s] gmake[2]: *** [CMakeFiles/bridge.dir/build.make:118: CMakeFiles/bridge.dir/src/factory.cpp.o] Error 1
[1.995s] gmake[1]: *** [CMakeFiles/Makefile2:593: CMakeFiles/bridge.dir/all] Error 2
[1.995s] gmake[1]: *** Waiting for unfinished jobs....
[2.004s] [ 76%] Built target baxter_bridge__rosidl_typesupport_fastrtps_c
[2.005s] gmake: *** [Makefile:146: all] Error 2
[2.006s] Invoked command in '/shared_ws/build/baxter_bridge' returned '2': AMENT_PREFIX_PATH=/shared_ws/install/baxter_maintenance_msgs:/shared_ws/install/baxter_core_msgs:${AMENT_PREFIX_PATH} CMAKE_PREFIX_PATH=/shared_ws/install/baxter_maintenance_msgs:/shared_ws/install/baxter_core_msgs:/opt/ros/humble LD_LIBRARY_PATH=/shared_ws/install/baxter_maintenance_msgs/lib:/shared_ws/install/baxter_core_msgs/lib:${LD_LIBRARY_PATH} PYTHONPATH=/shared_ws/install/baxter_maintenance_msgs/local/lib/python3.10/dist-packages:/shared_ws/install/baxter_core_msgs/local/lib/python3.10/dist-packages:${PYTHONPATH} /usr/bin/cmake --build /shared_ws/build/baxter_bridge -- -j16 -l16
