[0.013s] Invoking command in '/shared_ws/build/baxter_description': AMENT_PREFIX_PATH=/shared_ws/install/rethink_ee_description:${AMENT_PREFIX_PATH} CMAKE_PREFIX_PATH=/shared_ws/install/rethink_ee_description:/opt/ros/humble /usr/bin/cmake --build /shared_ws/build/baxter_description -- -j16 -l16
[0.040s] Invoked command in '/shared_ws/build/baxter_description' returned '0': AMENT_PREFIX_PATH=/shared_ws/install/rethink_ee_description:${AMENT_PREFIX_PATH} CMAKE_PREFIX_PATH=/shared_ws/install/rethink_ee_description:/opt/ros/humble /usr/bin/cmake --build /shared_ws/build/baxter_description -- -j16 -l16
[0.045s] Invoking command in '/shared_ws/build/baxter_description': AMENT_PREFIX_PATH=/shared_ws/install/rethink_ee_description:${AMENT_PREFIX_PATH} CMAKE_PREFIX_PATH=/shared_ws/install/rethink_ee_description:/opt/ros/humble /usr/bin/cmake --install /shared_ws/build/baxter_description
[0.052s] -- Install configuration: ""
[0.052s] -- Up-to-date: /shared_ws/install/baxter_description/share/baxter_description/environment/resource_paths.dsv
[0.052s] -- Up-to-date: /shared_ws/install/baxter_description/share/baxter_description/meshes
[0.052s] -- Up-to-date: /shared_ws/install/baxter_description/share/baxter_description/meshes/lower_shoulder
[0.052s] -- Up-to-date: /shared_ws/install/baxter_description/share/baxter_description/meshes/lower_shoulder/S1.DAE
[0.052s] -- Up-to-date: /shared_ws/install/baxter_description/share/baxter_description/meshes/lower_shoulder/S1.STL
[0.053s] -- Up-to-date: /shared_ws/install/baxter_description/share/baxter_description/meshes/upper_shoulder
[0.053s] -- Up-to-date: /shared_ws/install/baxter_description/share/baxter_description/meshes/upper_shoulder/S0.STL
[0.053s] -- Up-to-date: /shared_ws/install/baxter_description/share/baxter_description/meshes/upper_shoulder/S0.DAE
[0.054s] -- Up-to-date: /shared_ws/install/baxter_description/share/baxter_description/meshes/torso
[0.054s] -- Up-to-date: /shared_ws/install/baxter_description/share/baxter_description/meshes/torso/base_link_collision.STL
[0.054s] -- Up-to-date: /shared_ws/install/baxter_description/share/baxter_description/meshes/torso/base_link.DAE
[0.054s] -- Up-to-date: /shared_ws/install/baxter_description/share/baxter_description/meshes/torso/base_link.STL
[0.054s] -- Up-to-date: /shared_ws/install/baxter_description/share/baxter_description/meshes/torso/base_link_collision.DAE
[0.055s] -- Up-to-date: /shared_ws/install/baxter_description/share/baxter_description/meshes/upper_forearm
[0.055s] -- Up-to-date: /shared_ws/install/baxter_description/share/baxter_description/meshes/upper_forearm/W0.STL
[0.055s] -- Up-to-date: /shared_ws/install/baxter_description/share/baxter_description/meshes/upper_forearm/W0.DAE
[0.055s] -- Up-to-date: /shared_ws/install/baxter_description/share/baxter_description/meshes/lower_forearm
[0.055s] -- Up-to-date: /shared_ws/install/baxter_description/share/baxter_description/meshes/lower_forearm/W1.DAE
[0.056s] -- Up-to-date: /shared_ws/install/baxter_description/share/baxter_description/meshes/lower_forearm/W1.STL
[0.056s] -- Up-to-date: /shared_ws/install/baxter_description/share/baxter_description/meshes/lower_elbow
[0.056s] -- Up-to-date: /shared_ws/install/baxter_description/share/baxter_description/meshes/lower_elbow/E1.STL
[0.056s] -- Up-to-date: /shared_ws/install/baxter_description/share/baxter_description/meshes/lower_elbow/E1.DAE
[0.056s] -- Up-to-date: /shared_ws/install/baxter_description/share/baxter_description/meshes/wrist
[0.057s] -- Up-to-date: /shared_ws/install/baxter_description/share/baxter_description/meshes/wrist/W2.DAE
[0.057s] -- Up-to-date: /shared_ws/install/baxter_description/share/baxter_description/meshes/wrist/W2.STL
[0.057s] -- Up-to-date: /shared_ws/install/baxter_description/share/baxter_description/meshes/base
[0.057s] -- Up-to-date: /shared_ws/install/baxter_description/share/baxter_description/meshes/base/pedestal_link_collision.STL
[0.057s] -- Up-to-date: /shared_ws/install/baxter_description/share/baxter_description/meshes/base/PEDESTAL.DAE
[0.058s] -- Up-to-date: /shared_ws/install/baxter_description/share/baxter_description/meshes/base/pedestal_link_collision.DAE
[0.058s] -- Up-to-date: /shared_ws/install/baxter_description/share/baxter_description/meshes/base/PEDESTAL.STL
[0.058s] -- Up-to-date: /shared_ws/install/baxter_description/share/baxter_description/meshes/upper_elbow
[0.059s] -- Up-to-date: /shared_ws/install/baxter_description/share/baxter_description/meshes/upper_elbow/E0.STL
[0.059s] -- Up-to-date: /shared_ws/install/baxter_description/share/baxter_description/meshes/upper_elbow/E0.DAE
[0.059s] -- Up-to-date: /shared_ws/install/baxter_description/share/baxter_description/meshes/head
[0.059s] -- Up-to-date: /shared_ws/install/baxter_description/share/baxter_description/meshes/head/H0.STL
[0.059s] -- Up-to-date: /shared_ws/install/baxter_description/share/baxter_description/meshes/head/H1.STL
[0.059s] -- Up-to-date: /shared_ws/install/baxter_description/share/baxter_description/meshes/head/H0.DAE
[0.059s] -- Up-to-date: /shared_ws/install/baxter_description/share/baxter_description/meshes/head/H1.DAE
[0.059s] -- Up-to-date: /shared_ws/install/baxter_description/share/baxter_description/urdf
[0.059s] -- Up-to-date: /shared_ws/install/baxter_description/share/baxter_description/urdf/baxter.urdf.xacro
[0.059s] -- Up-to-date: /shared_ws/install/baxter_description/share/baxter_description/urdf/gazebosim.urdf.xacro
[0.059s] -- Up-to-date: /shared_ws/install/baxter_description/share/baxter_description/urdf/right_end_effector.urdf.xacro
[0.059s] -- Up-to-date: /shared_ws/install/baxter_description/share/baxter_description/urdf/left_end_effector.urdf.xacro
[0.060s] -- Up-to-date: /shared_ws/install/baxter_description/share/baxter_description/urdf/pedestal
[0.060s] -- Up-to-date: /shared_ws/install/baxter_description/share/baxter_description/urdf/pedestal/pedestal.xacro
[0.060s] -- Up-to-date: /shared_ws/install/baxter_description/share/baxter_description/urdf/baxter_base
[0.060s] -- Up-to-date: /shared_ws/install/baxter_description/share/baxter_description/urdf/baxter_base/baxter_base.urdf.xacro
[0.060s] -- Up-to-date: /shared_ws/install/baxter_description/share/baxter_description/launch
[0.060s] -- Up-to-date: /shared_ws/install/baxter_description/share/baxter_description/launch/config.rviz
[0.060s] -- Up-to-date: /shared_ws/install/baxter_description/share/baxter_description/launch/rviz_launch.py
[0.060s] -- Up-to-date: /shared_ws/install/baxter_description/share/baxter_description/launch/baxter_state_publisher_launch.py
[0.060s] -- Up-to-date: /shared_ws/install/baxter_description/share/ament_index/resource_index/package_run_dependencies/baxter_description
[0.060s] -- Up-to-date: /shared_ws/install/baxter_description/share/ament_index/resource_index/parent_prefix_path/baxter_description
[0.061s] -- Up-to-date: /shared_ws/install/baxter_description/share/baxter_description/environment/ament_prefix_path.sh
[0.061s] -- Up-to-date: /shared_ws/install/baxter_description/share/baxter_description/environment/ament_prefix_path.dsv
[0.061s] -- Up-to-date: /shared_ws/install/baxter_description/share/baxter_description/environment/path.sh
[0.061s] -- Up-to-date: /shared_ws/install/baxter_description/share/baxter_description/environment/path.dsv
[0.061s] -- Up-to-date: /shared_ws/install/baxter_description/share/baxter_description/local_setup.bash
[0.061s] -- Up-to-date: /shared_ws/install/baxter_description/share/baxter_description/local_setup.sh
[0.061s] -- Up-to-date: /shared_ws/install/baxter_description/share/baxter_description/local_setup.zsh
[0.061s] -- Up-to-date: /shared_ws/install/baxter_description/share/baxter_description/local_setup.dsv
[0.061s] -- Installing: /shared_ws/install/baxter_description/share/baxter_description/package.dsv
[0.062s] -- Up-to-date: /shared_ws/install/baxter_description/share/ament_index/resource_index/packages/baxter_description
[0.062s] -- Up-to-date: /shared_ws/install/baxter_description/share/baxter_description/cmake/baxter_descriptionConfig.cmake
[0.062s] -- Up-to-date: /shared_ws/install/baxter_description/share/baxter_description/cmake/baxter_descriptionConfig-version.cmake
[0.062s] -- Up-to-date: /shared_ws/install/baxter_description/share/baxter_description/package.xml
[0.062s] Invoked command in '/shared_ws/build/baxter_description' returned '0': AMENT_PREFIX_PATH=/shared_ws/install/rethink_ee_description:${AMENT_PREFIX_PATH} CMAKE_PREFIX_PATH=/shared_ws/install/rethink_ee_description:/opt/ros/humble /usr/bin/cmake --install /shared_ws/build/baxter_description
