[0.008s] Invoking command in '/shared_ws/build/baxter_moveit_config': AMENT_PREFIX_PATH=/shared_ws/install/baxter_description:/shared_ws/install/rethink_ee_description:${AMENT_PREFIX_PATH} CMAKE_PREFIX_PATH=/shared_ws/install/baxter_description:/shared_ws/install/rethink_ee_description:/opt/ros/humble /usr/bin/cmake --build /shared_ws/build/baxter_moveit_config -- -j16 -l16
[0.030s] Invoked command in '/shared_ws/build/baxter_moveit_config' returned '0': AMENT_PREFIX_PATH=/shared_ws/install/baxter_description:/shared_ws/install/rethink_ee_description:${AMENT_PREFIX_PATH} CMAKE_PREFIX_PATH=/shared_ws/install/baxter_description:/shared_ws/install/rethink_ee_description:/opt/ros/humble /usr/bin/cmake --build /shared_ws/build/baxter_moveit_config -- -j16 -l16
[0.036s] Invoking command in '/shared_ws/build/baxter_moveit_config': AMENT_PREFIX_PATH=/shared_ws/install/baxter_description:/shared_ws/install/rethink_ee_description:${AMENT_PREFIX_PATH} CMAKE_PREFIX_PATH=/shared_ws/install/baxter_description:/shared_ws/install/rethink_ee_description:/opt/ros/humble /usr/bin/cmake --install /shared_ws/build/baxter_moveit_config
[0.041s] -- Install configuration: ""
[0.041s] -- Up-to-date: /shared_ws/install/baxter_moveit_config/share/baxter_moveit_config/config
[0.041s] -- Up-to-date: /shared_ws/install/baxter_moveit_config/share/baxter_moveit_config/config/moveit_controllers.yaml
[0.041s] -- Installing: /shared_ws/install/baxter_moveit_config/share/baxter_moveit_config/config/joint_limits.yaml
[0.041s] -- Installing: /shared_ws/install/baxter_moveit_config/share/baxter_moveit_config/config/kinematics.yaml
[0.041s] -- Up-to-date: /shared_ws/install/baxter_moveit_config/share/baxter_moveit_config/config/controllers.yaml
[0.042s] -- Up-to-date: /shared_ws/install/baxter_moveit_config/share/baxter_moveit_config/config/ompl_planning.yaml
[0.042s] -- Up-to-date: /shared_ws/install/baxter_moveit_config/share/baxter_moveit_config/launch
[0.042s] -- Up-to-date: /shared_ws/install/baxter_moveit_config/share/baxter_moveit_config/launch/demo.launch.py
[0.042s] -- Up-to-date: /shared_ws/install/baxter_moveit_config/share/baxter_moveit_config/launch/move_group.launch.py
[0.042s] -- Up-to-date: /shared_ws/install/baxter_moveit_config/share/baxter_moveit_config/launch/baxter_real.launch.py
[0.042s] -- Up-to-date: /shared_ws/install/baxter_moveit_config/share/baxter_moveit_config/srdf
[0.042s] -- Up-to-date: /shared_ws/install/baxter_moveit_config/share/baxter_moveit_config/srdf/baxter.srdf
[0.042s] -- Up-to-date: /shared_ws/install/baxter_moveit_config/share/ament_index/resource_index/package_run_dependencies/baxter_moveit_config
[0.042s] -- Up-to-date: /shared_ws/install/baxter_moveit_config/share/ament_index/resource_index/parent_prefix_path/baxter_moveit_config
[0.042s] -- Up-to-date: /shared_ws/install/baxter_moveit_config/share/baxter_moveit_config/environment/ament_prefix_path.sh
[0.042s] -- Up-to-date: /shared_ws/install/baxter_moveit_config/share/baxter_moveit_config/environment/ament_prefix_path.dsv
[0.042s] -- Up-to-date: /shared_ws/install/baxter_moveit_config/share/baxter_moveit_config/environment/path.sh
[0.042s] -- Up-to-date: /shared_ws/install/baxter_moveit_config/share/baxter_moveit_config/environment/path.dsv
[0.042s] -- Up-to-date: /shared_ws/install/baxter_moveit_config/share/baxter_moveit_config/local_setup.bash
[0.042s] -- Up-to-date: /shared_ws/install/baxter_moveit_config/share/baxter_moveit_config/local_setup.sh
[0.042s] -- Up-to-date: /shared_ws/install/baxter_moveit_config/share/baxter_moveit_config/local_setup.zsh
[0.042s] -- Up-to-date: /shared_ws/install/baxter_moveit_config/share/baxter_moveit_config/local_setup.dsv
[0.043s] -- Installing: /shared_ws/install/baxter_moveit_config/share/baxter_moveit_config/package.dsv
[0.043s] -- Up-to-date: /shared_ws/install/baxter_moveit_config/share/ament_index/resource_index/packages/baxter_moveit_config
[0.043s] -- Up-to-date: /shared_ws/install/baxter_moveit_config/share/baxter_moveit_config/cmake/baxter_moveit_configConfig.cmake
[0.043s] -- Up-to-date: /shared_ws/install/baxter_moveit_config/share/baxter_moveit_config/cmake/baxter_moveit_configConfig-version.cmake
[0.043s] -- Up-to-date: /shared_ws/install/baxter_moveit_config/share/baxter_moveit_config/package.xml
[0.043s] Invoked command in '/shared_ws/build/baxter_moveit_config' returned '0': AMENT_PREFIX_PATH=/shared_ws/install/baxter_description:/shared_ws/install/rethink_ee_description:${AMENT_PREFIX_PATH} CMAKE_PREFIX_PATH=/shared_ws/install/baxter_description:/shared_ws/install/rethink_ee_description:/opt/ros/humble /usr/bin/cmake --install /shared_ws/build/baxter_moveit_config
