[  1%] Generating C code for ROS interfaces
[  1%] Generating C++ code for ROS interfaces
[  1%] Built target ament_cmake_python_copy_baxter_core_msgs
running egg_info
creating baxter_core_msgs.egg-info
writing baxter_core_msgs.egg-info/PKG-INFO
writing dependency_links to baxter_core_msgs.egg-info/dependency_links.txt
writing top-level names to baxter_core_msgs.egg-info/top_level.txt
writing manifest file 'baxter_core_msgs.egg-info/SOURCES.txt'
reading manifest file 'baxter_core_msgs.egg-info/SOURCES.txt'
writing manifest file 'baxter_core_msgs.egg-info/SOURCES.txt'
[  1%] Built target ament_cmake_python_build_baxter_core_msgs_egg
[  1%] Building C object CMakeFiles/baxter_core_msgs__rosidl_generator_c.dir/rosidl_generator_c/baxter_core_msgs/msg/detail/end_effector_properties__functions.c.o
[  2%] Building C object CMakeFiles/baxter_core_msgs__rosidl_generator_c.dir/rosidl_generator_c/baxter_core_msgs/msg/detail/analog_output_command__functions.c.o
[  2%] Building C object CMakeFiles/baxter_core_msgs__rosidl_generator_c.dir/rosidl_generator_c/baxter_core_msgs/msg/detail/end_effector_state__functions.c.o
[  2%] Building C object CMakeFiles/baxter_core_msgs__rosidl_generator_c.dir/rosidl_generator_c/baxter_core_msgs/msg/detail/navigator_state__functions.c.o
[  2%] Building C object CMakeFiles/baxter_core_msgs__rosidl_generator_c.dir/rosidl_generator_c/baxter_core_msgs/msg/detail/end_effector_command__functions.c.o
[  3%] Building C object CMakeFiles/baxter_core_msgs__rosidl_generator_c.dir/rosidl_generator_c/baxter_core_msgs/msg/detail/digital_io_states__functions.c.o
[  3%] Building C object CMakeFiles/baxter_core_msgs__rosidl_generator_c.dir/rosidl_generator_c/baxter_core_msgs/msg/detail/endpoint_state__functions.c.o
[  3%] Building C object CMakeFiles/baxter_core_msgs__rosidl_generator_c.dir/rosidl_generator_c/baxter_core_msgs/msg/detail/collision_detection_state__functions.c.o
[  4%] Building C object CMakeFiles/baxter_core_msgs__rosidl_generator_c.dir/rosidl_generator_c/baxter_core_msgs/msg/detail/sea_joint_state__functions.c.o
[  5%] Building C object CMakeFiles/baxter_core_msgs__rosidl_generator_c.dir/rosidl_generator_c/baxter_core_msgs/msg/detail/urdf_configuration__functions.c.o
[  5%] Building C object CMakeFiles/baxter_core_msgs__rosidl_generator_c.dir/rosidl_generator_c/baxter_core_msgs/msg/detail/camera_control__functions.c.o
[  5%] Building C object CMakeFiles/baxter_core_msgs__rosidl_generator_c.dir/rosidl_generator_c/baxter_core_msgs/msg/detail/collision_avoidance_state__functions.c.o
[  5%] Building C object CMakeFiles/baxter_core_msgs__rosidl_generator_c.dir/rosidl_generator_c/baxter_core_msgs/msg/detail/navigator_states__functions.c.o
[  6%] Building C object CMakeFiles/baxter_core_msgs__rosidl_generator_c.dir/rosidl_generator_c/baxter_core_msgs/msg/detail/analog_io_state__functions.c.o
[  6%] Building C object CMakeFiles/baxter_core_msgs__rosidl_generator_c.dir/rosidl_generator_c/baxter_core_msgs/msg/detail/camera_settings__functions.c.o
[  6%] Building C object CMakeFiles/baxter_core_msgs__rosidl_generator_c.dir/rosidl_generator_c/baxter_core_msgs/msg/detail/joint_command__functions.c.o
[  7%] Building C object CMakeFiles/baxter_core_msgs__rosidl_generator_c.dir/rosidl_generator_c/baxter_core_msgs/msg/detail/digital_io_state__functions.c.o
[  7%] Building C object CMakeFiles/baxter_core_msgs__rosidl_generator_c.dir/rosidl_generator_c/baxter_core_msgs/msg/detail/robust_controller_status__functions.c.o
[  7%] Building C object CMakeFiles/baxter_core_msgs__rosidl_generator_c.dir/rosidl_generator_c/baxter_core_msgs/msg/detail/assembly_states__functions.c.o
[  8%] Building C object CMakeFiles/baxter_core_msgs__rosidl_generator_c.dir/rosidl_generator_c/baxter_core_msgs/msg/detail/digital_output_command__functions.c.o
[  8%] Building C object CMakeFiles/baxter_core_msgs__rosidl_generator_c.dir/rosidl_generator_c/baxter_core_msgs/msg/detail/assembly_state__functions.c.o
[  9%] Building C object CMakeFiles/baxter_core_msgs__rosidl_generator_c.dir/rosidl_generator_c/baxter_core_msgs/msg/detail/head_pan_command__functions.c.o
[  9%] Building C object CMakeFiles/baxter_core_msgs__rosidl_generator_c.dir/rosidl_generator_c/baxter_core_msgs/msg/detail/head_state__functions.c.o
[  9%] Building C object CMakeFiles/baxter_core_msgs__rosidl_generator_c.dir/rosidl_generator_c/baxter_core_msgs/msg/detail/analog_io_states__functions.c.o
[ 10%] Building C object CMakeFiles/baxter_core_msgs__rosidl_generator_c.dir/rosidl_generator_c/baxter_core_msgs/msg/detail/bridge_publisher__functions.c.o
[ 10%] Building C object CMakeFiles/baxter_core_msgs__rosidl_generator_c.dir/rosidl_generator_c/baxter_core_msgs/msg/detail/endpoint_states__functions.c.o
[ 10%] Building C object CMakeFiles/baxter_core_msgs__rosidl_generator_c.dir/rosidl_generator_c/baxter_core_msgs/srv/detail/list_cameras__functions.c.o
[ 11%] Building C object CMakeFiles/baxter_core_msgs__rosidl_generator_c.dir/rosidl_generator_c/baxter_core_msgs/srv/detail/close_camera__functions.c.o
[ 11%] Building C object CMakeFiles/baxter_core_msgs__rosidl_generator_c.dir/rosidl_generator_c/baxter_core_msgs/srv/detail/open_camera__functions.c.o
[ 11%] Building C object CMakeFiles/baxter_core_msgs__rosidl_generator_c.dir/rosidl_generator_c/baxter_core_msgs/srv/detail/bridge_publishers_force__functions.c.o
[ 11%] Building C object CMakeFiles/baxter_core_msgs__rosidl_generator_c.dir/rosidl_generator_c/baxter_core_msgs/srv/detail/solve_position_ik__functions.c.o
[ 12%] Building C object CMakeFiles/baxter_core_msgs__rosidl_generator_c.dir/rosidl_generator_c/baxter_core_msgs/srv/detail/bridge_publishers_auth__functions.c.o
[ 12%] Built target baxter_core_msgs__cpp
[ 12%] Linking C shared library libbaxter_core_msgs__rosidl_generator_c.so
[ 12%] Generating C++ type support dispatch for ROS interfaces
[ 13%] Generating C++ type support for eProsima Fast-RTPS
[ 14%] Generating C++ introspection for ROS interfaces
[ 14%] Built target baxter_core_msgs__rosidl_generator_c
[ 16%] Generating C type support for eProsima Fast-RTPS
[ 16%] Generating C type support dispatch for ROS interfaces
[ 17%] Generating C introspection for ROS interfaces
[ 17%] Building CXX object CMakeFiles/baxter_core_msgs__rosidl_typesupport_c.dir/rosidl_typesupport_c/baxter_core_msgs/msg/end_effector_state__type_support.cpp.o
[ 17%] Building CXX object CMakeFiles/baxter_core_msgs__rosidl_typesupport_c.dir/rosidl_typesupport_c/baxter_core_msgs/msg/end_effector_properties__type_support.cpp.o
[ 18%] Building CXX object CMakeFiles/baxter_core_msgs__rosidl_typesupport_c.dir/rosidl_typesupport_c/baxter_core_msgs/msg/digital_io_states__type_support.cpp.o
[ 18%] Building CXX object CMakeFiles/baxter_core_msgs__rosidl_typesupport_c.dir/rosidl_typesupport_c/baxter_core_msgs/msg/navigator_state__type_support.cpp.o
[ 18%] Building CXX object CMakeFiles/baxter_core_msgs__rosidl_typesupport_c.dir/rosidl_typesupport_c/baxter_core_msgs/msg/end_effector_command__type_support.cpp.o
[ 18%] Building CXX object CMakeFiles/baxter_core_msgs__rosidl_typesupport_c.dir/rosidl_typesupport_c/baxter_core_msgs/msg/endpoint_state__type_support.cpp.o
[ 19%] Building CXX object CMakeFiles/baxter_core_msgs__rosidl_typesupport_c.dir/rosidl_typesupport_c/baxter_core_msgs/msg/analog_output_command__type_support.cpp.o
[ 19%] Building CXX object CMakeFiles/baxter_core_msgs__rosidl_typesupport_c.dir/rosidl_typesupport_c/baxter_core_msgs/msg/collision_avoidance_state__type_support.cpp.o
[ 20%] Building CXX object CMakeFiles/baxter_core_msgs__rosidl_typesupport_c.dir/rosidl_typesupport_c/baxter_core_msgs/msg/sea_joint_state__type_support.cpp.o
[ 21%] Building CXX object CMakeFiles/baxter_core_msgs__rosidl_typesupport_c.dir/rosidl_typesupport_c/baxter_core_msgs/msg/urdf_configuration__type_support.cpp.o
[ 21%] Building CXX object CMakeFiles/baxter_core_msgs__rosidl_typesupport_c.dir/rosidl_typesupport_c/baxter_core_msgs/msg/collision_detection_state__type_support.cpp.o
[ 21%] Building CXX object CMakeFiles/baxter_core_msgs__rosidl_typesupport_c.dir/rosidl_typesupport_c/baxter_core_msgs/msg/navigator_states__type_support.cpp.o
[ 21%] Building CXX object CMakeFiles/baxter_core_msgs__rosidl_typesupport_c.dir/rosidl_typesupport_c/baxter_core_msgs/msg/camera_settings__type_support.cpp.o
[ 21%] Building CXX object CMakeFiles/baxter_core_msgs__rosidl_typesupport_c.dir/rosidl_typesupport_c/baxter_core_msgs/msg/joint_command__type_support.cpp.o
[ 21%] Building CXX object CMakeFiles/baxter_core_msgs__rosidl_typesupport_c.dir/rosidl_typesupport_c/baxter_core_msgs/msg/camera_control__type_support.cpp.o
[ 22%] Building CXX object CMakeFiles/baxter_core_msgs__rosidl_typesupport_c.dir/rosidl_typesupport_c/baxter_core_msgs/msg/analog_io_state__type_support.cpp.o
[ 22%] Building CXX object CMakeFiles/baxter_core_msgs__rosidl_typesupport_c.dir/rosidl_typesupport_c/baxter_core_msgs/msg/robust_controller_status__type_support.cpp.o
[ 23%] Building CXX object CMakeFiles/baxter_core_msgs__rosidl_typesupport_c.dir/rosidl_typesupport_c/baxter_core_msgs/msg/digital_io_state__type_support.cpp.o
[ 23%] Building CXX object CMakeFiles/baxter_core_msgs__rosidl_typesupport_c.dir/rosidl_typesupport_c/baxter_core_msgs/msg/assembly_states__type_support.cpp.o
[ 23%] Building CXX object CMakeFiles/baxter_core_msgs__rosidl_typesupport_c.dir/rosidl_typesupport_c/baxter_core_msgs/msg/head_pan_command__type_support.cpp.o
[ 24%] Building CXX object CMakeFiles/baxter_core_msgs__rosidl_typesupport_c.dir/rosidl_typesupport_c/baxter_core_msgs/msg/digital_output_command__type_support.cpp.o
[ 24%] Building CXX object CMakeFiles/baxter_core_msgs__rosidl_typesupport_c.dir/rosidl_typesupport_c/baxter_core_msgs/msg/assembly_state__type_support.cpp.o
[ 25%] Building CXX object CMakeFiles/baxter_core_msgs__rosidl_typesupport_c.dir/rosidl_typesupport_c/baxter_core_msgs/msg/head_state__type_support.cpp.o
[ 25%] Building CXX object CMakeFiles/baxter_core_msgs__rosidl_typesupport_c.dir/rosidl_typesupport_c/baxter_core_msgs/msg/analog_io_states__type_support.cpp.o
[ 26%] Building CXX object CMakeFiles/baxter_core_msgs__rosidl_typesupport_c.dir/rosidl_typesupport_c/baxter_core_msgs/msg/bridge_publisher__type_support.cpp.o
[ 26%] Building CXX object CMakeFiles/baxter_core_msgs__rosidl_typesupport_c.dir/rosidl_typesupport_c/baxter_core_msgs/msg/endpoint_states__type_support.cpp.o
[ 26%] Building CXX object CMakeFiles/baxter_core_msgs__rosidl_typesupport_c.dir/rosidl_typesupport_c/baxter_core_msgs/srv/list_cameras__type_support.cpp.o
[ 27%] Building CXX object CMakeFiles/baxter_core_msgs__rosidl_typesupport_c.dir/rosidl_typesupport_c/baxter_core_msgs/srv/close_camera__type_support.cpp.o
[ 28%] Building CXX object CMakeFiles/baxter_core_msgs__rosidl_typesupport_c.dir/rosidl_typesupport_c/baxter_core_msgs/srv/bridge_publishers_auth__type_support.cpp.o
[ 28%] Building CXX object CMakeFiles/baxter_core_msgs__rosidl_typesupport_c.dir/rosidl_typesupport_c/baxter_core_msgs/srv/bridge_publishers_force__type_support.cpp.o
[ 28%] Building CXX object CMakeFiles/baxter_core_msgs__rosidl_typesupport_c.dir/rosidl_typesupport_c/baxter_core_msgs/srv/open_camera__type_support.cpp.o
[ 28%] Building CXX object CMakeFiles/baxter_core_msgs__rosidl_typesupport_c.dir/rosidl_typesupport_c/baxter_core_msgs/srv/solve_position_ik__type_support.cpp.o
[ 28%] Linking CXX shared library libbaxter_core_msgs__rosidl_typesupport_c.so
[ 29%] Building CXX object CMakeFiles/baxter_core_msgs__rosidl_typesupport_cpp.dir/rosidl_typesupport_cpp/baxter_core_msgs/msg/digital_io_states__type_support.cpp.o
[ 29%] Building CXX object CMakeFiles/baxter_core_msgs__rosidl_typesupport_cpp.dir/rosidl_typesupport_cpp/baxter_core_msgs/msg/end_effector_properties__type_support.cpp.o
[ 30%] Building CXX object CMakeFiles/baxter_core_msgs__rosidl_typesupport_cpp.dir/rosidl_typesupport_cpp/baxter_core_msgs/msg/end_effector_command__type_support.cpp.o
[ 31%] Building CXX object CMakeFiles/baxter_core_msgs__rosidl_typesupport_cpp.dir/rosidl_typesupport_cpp/baxter_core_msgs/msg/analog_output_command__type_support.cpp.o
[ 31%] Building CXX object CMakeFiles/baxter_core_msgs__rosidl_typesupport_cpp.dir/rosidl_typesupport_cpp/baxter_core_msgs/msg/endpoint_state__type_support.cpp.o
[ 31%] Building CXX object CMakeFiles/baxter_core_msgs__rosidl_typesupport_cpp.dir/rosidl_typesupport_cpp/baxter_core_msgs/msg/collision_detection_state__type_support.cpp.o
[ 31%] Building CXX object CMakeFiles/baxter_core_msgs__rosidl_typesupport_cpp.dir/rosidl_typesupport_cpp/baxter_core_msgs/msg/end_effector_state__type_support.cpp.o
[ 31%] Building CXX object CMakeFiles/baxter_core_msgs__rosidl_typesupport_cpp.dir/rosidl_typesupport_cpp/baxter_core_msgs/msg/collision_avoidance_state__type_support.cpp.o
[ 32%] Building CXX object CMakeFiles/baxter_core_msgs__rosidl_typesupport_cpp.dir/rosidl_typesupport_cpp/baxter_core_msgs/msg/sea_joint_state__type_support.cpp.o
[ 32%] Building CXX object CMakeFiles/baxter_core_msgs__rosidl_typesupport_cpp.dir/rosidl_typesupport_cpp/baxter_core_msgs/msg/navigator_state__type_support.cpp.o
[ 32%] Building CXX object CMakeFiles/baxter_core_msgs__rosidl_typesupport_cpp.dir/rosidl_typesupport_cpp/baxter_core_msgs/msg/urdf_configuration__type_support.cpp.o
[ 32%] Built target baxter_core_msgs__rosidl_typesupport_c
[ 33%] Building CXX object CMakeFiles/baxter_core_msgs__rosidl_typesupport_cpp.dir/rosidl_typesupport_cpp/baxter_core_msgs/msg/camera_control__type_support.cpp.o
[ 33%] Building CXX object CMakeFiles/baxter_core_msgs__rosidl_typesupport_cpp.dir/rosidl_typesupport_cpp/baxter_core_msgs/msg/navigator_states__type_support.cpp.o
[ 34%] Building CXX object CMakeFiles/baxter_core_msgs__rosidl_typesupport_cpp.dir/rosidl_typesupport_cpp/baxter_core_msgs/msg/analog_io_state__type_support.cpp.o
[ 34%] Building CXX object CMakeFiles/baxter_core_msgs__rosidl_typesupport_cpp.dir/rosidl_typesupport_cpp/baxter_core_msgs/msg/camera_settings__type_support.cpp.o
[ 34%] Building CXX object CMakeFiles/baxter_core_msgs__rosidl_typesupport_cpp.dir/rosidl_typesupport_cpp/baxter_core_msgs/msg/joint_command__type_support.cpp.o
[ 35%] Building CXX object CMakeFiles/baxter_core_msgs__rosidl_typesupport_cpp.dir/rosidl_typesupport_cpp/baxter_core_msgs/msg/digital_io_state__type_support.cpp.o
[ 35%] Building CXX object CMakeFiles/baxter_core_msgs__rosidl_typesupport_cpp.dir/rosidl_typesupport_cpp/baxter_core_msgs/msg/robust_controller_status__type_support.cpp.o
[ 35%] Building CXX object CMakeFiles/baxter_core_msgs__rosidl_typesupport_cpp.dir/rosidl_typesupport_cpp/baxter_core_msgs/msg/assembly_states__type_support.cpp.o
[ 36%] Building CXX object CMakeFiles/baxter_core_msgs__rosidl_typesupport_cpp.dir/rosidl_typesupport_cpp/baxter_core_msgs/msg/digital_output_command__type_support.cpp.o
[ 36%] Building CXX object CMakeFiles/baxter_core_msgs__rosidl_typesupport_cpp.dir/rosidl_typesupport_cpp/baxter_core_msgs/msg/head_pan_command__type_support.cpp.o
[ 36%] Building CXX object CMakeFiles/baxter_core_msgs__rosidl_typesupport_cpp.dir/rosidl_typesupport_cpp/baxter_core_msgs/msg/assembly_state__type_support.cpp.o
[ 37%] Building CXX object CMakeFiles/baxter_core_msgs__rosidl_typesupport_cpp.dir/rosidl_typesupport_cpp/baxter_core_msgs/msg/head_state__type_support.cpp.o
[ 37%] Building CXX object CMakeFiles/baxter_core_msgs__rosidl_typesupport_cpp.dir/rosidl_typesupport_cpp/baxter_core_msgs/msg/analog_io_states__type_support.cpp.o
[ 37%] Building CXX object CMakeFiles/baxter_core_msgs__rosidl_typesupport_cpp.dir/rosidl_typesupport_cpp/baxter_core_msgs/msg/bridge_publisher__type_support.cpp.o
[ 38%] Building CXX object CMakeFiles/baxter_core_msgs__rosidl_typesupport_cpp.dir/rosidl_typesupport_cpp/baxter_core_msgs/msg/endpoint_states__type_support.cpp.o
[ 38%] Building CXX object CMakeFiles/baxter_core_msgs__rosidl_typesupport_cpp.dir/rosidl_typesupport_cpp/baxter_core_msgs/srv/list_cameras__type_support.cpp.o
[ 39%] Building CXX object CMakeFiles/baxter_core_msgs__rosidl_typesupport_cpp.dir/rosidl_typesupport_cpp/baxter_core_msgs/srv/close_camera__type_support.cpp.o
[ 39%] Building CXX object CMakeFiles/baxter_core_msgs__rosidl_typesupport_cpp.dir/rosidl_typesupport_cpp/baxter_core_msgs/srv/open_camera__type_support.cpp.o
[ 39%] Building CXX object CMakeFiles/baxter_core_msgs__rosidl_typesupport_cpp.dir/rosidl_typesupport_cpp/baxter_core_msgs/srv/bridge_publishers_force__type_support.cpp.o
[ 40%] Building CXX object CMakeFiles/baxter_core_msgs__rosidl_typesupport_cpp.dir/rosidl_typesupport_cpp/baxter_core_msgs/srv/bridge_publishers_auth__type_support.cpp.o
[ 40%] Building CXX object CMakeFiles/baxter_core_msgs__rosidl_typesupport_cpp.dir/rosidl_typesupport_cpp/baxter_core_msgs/srv/solve_position_ik__type_support.cpp.o
[ 40%] Building C object CMakeFiles/baxter_core_msgs__rosidl_typesupport_introspection_c.dir/rosidl_typesupport_introspection_c/baxter_core_msgs/msg/detail/end_effector_state__type_support.c.o
[ 40%] Building C object CMakeFiles/baxter_core_msgs__rosidl_typesupport_introspection_c.dir/rosidl_typesupport_introspection_c/baxter_core_msgs/msg/detail/end_effector_properties__type_support.c.o
[ 41%] Building C object CMakeFiles/baxter_core_msgs__rosidl_typesupport_introspection_c.dir/rosidl_typesupport_introspection_c/baxter_core_msgs/msg/detail/digital_io_states__type_support.c.o
[ 41%] Building C object CMakeFiles/baxter_core_msgs__rosidl_typesupport_introspection_c.dir/rosidl_typesupport_introspection_c/baxter_core_msgs/msg/detail/end_effector_command__type_support.c.o
[ 42%] Building C object CMakeFiles/baxter_core_msgs__rosidl_typesupport_introspection_c.dir/rosidl_typesupport_introspection_c/baxter_core_msgs/msg/detail/navigator_state__type_support.c.o
[ 42%] Building C object CMakeFiles/baxter_core_msgs__rosidl_typesupport_introspection_c.dir/rosidl_typesupport_introspection_c/baxter_core_msgs/msg/detail/analog_output_command__type_support.c.o
[ 43%] Building C object CMakeFiles/baxter_core_msgs__rosidl_typesupport_introspection_c.dir/rosidl_typesupport_introspection_c/baxter_core_msgs/msg/detail/collision_detection_state__type_support.c.o
[ 43%] Building C object CMakeFiles/baxter_core_msgs__rosidl_typesupport_introspection_c.dir/rosidl_typesupport_introspection_c/baxter_core_msgs/msg/detail/endpoint_state__type_support.c.o
[ 43%] Building C object CMakeFiles/baxter_core_msgs__rosidl_typesupport_introspection_c.dir/rosidl_typesupport_introspection_c/baxter_core_msgs/msg/detail/sea_joint_state__type_support.c.o
[ 43%] Building C object CMakeFiles/baxter_core_msgs__rosidl_typesupport_introspection_c.dir/rosidl_typesupport_introspection_c/baxter_core_msgs/msg/detail/collision_avoidance_state__type_support.c.o
[ 44%] Building C object CMakeFiles/baxter_core_msgs__rosidl_typesupport_introspection_c.dir/rosidl_typesupport_introspection_c/baxter_core_msgs/msg/detail/urdf_configuration__type_support.c.o
[ 44%] Building C object CMakeFiles/baxter_core_msgs__rosidl_typesupport_introspection_c.dir/rosidl_typesupport_introspection_c/baxter_core_msgs/msg/detail/camera_control__type_support.c.o
[ 44%] Building C object CMakeFiles/baxter_core_msgs__rosidl_typesupport_introspection_c.dir/rosidl_typesupport_introspection_c/baxter_core_msgs/msg/detail/navigator_states__type_support.c.o
[ 45%] Building C object CMakeFiles/baxter_core_msgs__rosidl_typesupport_introspection_c.dir/rosidl_typesupport_introspection_c/baxter_core_msgs/msg/detail/analog_io_state__type_support.c.o
[ 45%] Building C object CMakeFiles/baxter_core_msgs__rosidl_typesupport_introspection_c.dir/rosidl_typesupport_introspection_c/baxter_core_msgs/msg/detail/camera_settings__type_support.c.o
[ 46%] Building C object CMakeFiles/baxter_core_msgs__rosidl_typesupport_introspection_c.dir/rosidl_typesupport_introspection_c/baxter_core_msgs/msg/detail/joint_command__type_support.c.o
[ 46%] Building CXX object CMakeFiles/baxter_core_msgs__rosidl_typesupport_fastrtps_c.dir/rosidl_typesupport_fastrtps_c/baxter_core_msgs/msg/detail/end_effector_state__type_support_c.cpp.o
[ 46%] Building C object CMakeFiles/baxter_core_msgs__rosidl_typesupport_introspection_c.dir/rosidl_typesupport_introspection_c/baxter_core_msgs/msg/detail/digital_io_state__type_support.c.o
[ 46%] Building C object CMakeFiles/baxter_core_msgs__rosidl_typesupport_introspection_c.dir/rosidl_typesupport_introspection_c/baxter_core_msgs/msg/detail/robust_controller_status__type_support.c.o
[ 47%] Building C object CMakeFiles/baxter_core_msgs__rosidl_typesupport_introspection_c.dir/rosidl_typesupport_introspection_c/baxter_core_msgs/msg/detail/assembly_states__type_support.c.o
[ 47%] Building C object CMakeFiles/baxter_core_msgs__rosidl_typesupport_introspection_c.dir/rosidl_typesupport_introspection_c/baxter_core_msgs/msg/detail/head_pan_command__type_support.c.o
[ 47%] Building C object CMakeFiles/baxter_core_msgs__rosidl_typesupport_introspection_c.dir/rosidl_typesupport_introspection_c/baxter_core_msgs/msg/detail/digital_output_command__type_support.c.o
[ 48%] Building C object CMakeFiles/baxter_core_msgs__rosidl_typesupport_introspection_c.dir/rosidl_typesupport_introspection_c/baxter_core_msgs/msg/detail/assembly_state__type_support.c.o
[ 48%] Building C object CMakeFiles/baxter_core_msgs__rosidl_typesupport_introspection_c.dir/rosidl_typesupport_introspection_c/baxter_core_msgs/msg/detail/head_state__type_support.c.o
[ 48%] Building CXX object CMakeFiles/baxter_core_msgs__rosidl_typesupport_fastrtps_c.dir/rosidl_typesupport_fastrtps_c/baxter_core_msgs/msg/detail/end_effector_properties__type_support_c.cpp.o
[ 48%] Building C object CMakeFiles/baxter_core_msgs__rosidl_typesupport_introspection_c.dir/rosidl_typesupport_introspection_c/baxter_core_msgs/msg/detail/analog_io_states__type_support.c.o
[ 49%] Building C object CMakeFiles/baxter_core_msgs__rosidl_typesupport_introspection_c.dir/rosidl_typesupport_introspection_c/baxter_core_msgs/msg/detail/bridge_publisher__type_support.c.o
[ 49%] Building C object CMakeFiles/baxter_core_msgs__rosidl_typesupport_introspection_c.dir/rosidl_typesupport_introspection_c/baxter_core_msgs/msg/detail/endpoint_states__type_support.c.o
[ 49%] Building C object CMakeFiles/baxter_core_msgs__rosidl_typesupport_introspection_c.dir/rosidl_typesupport_introspection_c/baxter_core_msgs/srv/detail/list_cameras__type_support.c.o
[ 50%] Building C object CMakeFiles/baxter_core_msgs__rosidl_typesupport_introspection_c.dir/rosidl_typesupport_introspection_c/baxter_core_msgs/srv/detail/close_camera__type_support.c.o
[ 50%] Linking CXX shared library libbaxter_core_msgs__rosidl_typesupport_cpp.so
[ 50%] Building C object CMakeFiles/baxter_core_msgs__rosidl_typesupport_introspection_c.dir/rosidl_typesupport_introspection_c/baxter_core_msgs/srv/detail/open_camera__type_support.c.o
[ 50%] Building C object CMakeFiles/baxter_core_msgs__rosidl_typesupport_introspection_c.dir/rosidl_typesupport_introspection_c/baxter_core_msgs/srv/detail/bridge_publishers_auth__type_support.c.o
[ 51%] Building C object CMakeFiles/baxter_core_msgs__rosidl_typesupport_introspection_c.dir/rosidl_typesupport_introspection_c/baxter_core_msgs/srv/detail/bridge_publishers_force__type_support.c.o
[ 51%] Building C object CMakeFiles/baxter_core_msgs__rosidl_typesupport_introspection_c.dir/rosidl_typesupport_introspection_c/baxter_core_msgs/srv/detail/solve_position_ik__type_support.c.o
[ 52%] Building CXX object CMakeFiles/baxter_core_msgs__rosidl_typesupport_fastrtps_c.dir/rosidl_typesupport_fastrtps_c/baxter_core_msgs/msg/detail/digital_io_states__type_support_c.cpp.o
[ 52%] Building CXX object CMakeFiles/baxter_core_msgs__rosidl_typesupport_fastrtps_c.dir/rosidl_typesupport_fastrtps_c/baxter_core_msgs/msg/detail/end_effector_command__type_support_c.cpp.o
[ 52%] Building CXX object CMakeFiles/baxter_core_msgs__rosidl_typesupport_fastrtps_c.dir/rosidl_typesupport_fastrtps_c/baxter_core_msgs/msg/detail/navigator_state__type_support_c.cpp.o
[ 53%] Building CXX object CMakeFiles/baxter_core_msgs__rosidl_typesupport_fastrtps_c.dir/rosidl_typesupport_fastrtps_c/baxter_core_msgs/msg/detail/analog_output_command__type_support_c.cpp.o
[ 53%] Building CXX object CMakeFiles/baxter_core_msgs__rosidl_typesupport_fastrtps_c.dir/rosidl_typesupport_fastrtps_c/baxter_core_msgs/msg/detail/endpoint_state__type_support_c.cpp.o
[ 53%] Built target baxter_core_msgs__rosidl_typesupport_cpp
[ 54%] Building CXX object CMakeFiles/baxter_core_msgs__rosidl_typesupport_fastrtps_c.dir/rosidl_typesupport_fastrtps_c/baxter_core_msgs/msg/detail/collision_detection_state__type_support_c.cpp.o
[ 55%] Linking C shared library libbaxter_core_msgs__rosidl_typesupport_introspection_c.so
[ 55%] Building CXX object CMakeFiles/baxter_core_msgs__rosidl_typesupport_fastrtps_c.dir/rosidl_typesupport_fastrtps_c/baxter_core_msgs/msg/detail/sea_joint_state__type_support_c.cpp.o
[ 55%] Building CXX object CMakeFiles/baxter_core_msgs__rosidl_typesupport_fastrtps_c.dir/rosidl_typesupport_fastrtps_c/baxter_core_msgs/msg/detail/collision_avoidance_state__type_support_c.cpp.o
[ 55%] Building CXX object CMakeFiles/baxter_core_msgs__rosidl_typesupport_introspection_cpp.dir/rosidl_typesupport_introspection_cpp/baxter_core_msgs/msg/detail/end_effector_state__type_support.cpp.o
[ 55%] Building CXX object CMakeFiles/baxter_core_msgs__rosidl_typesupport_introspection_cpp.dir/rosidl_typesupport_introspection_cpp/baxter_core_msgs/msg/detail/end_effector_properties__type_support.cpp.o
[ 55%] Building CXX object CMakeFiles/baxter_core_msgs__rosidl_typesupport_fastrtps_c.dir/rosidl_typesupport_fastrtps_c/baxter_core_msgs/msg/detail/camera_control__type_support_c.cpp.o
[ 56%] Building CXX object CMakeFiles/baxter_core_msgs__rosidl_typesupport_fastrtps_c.dir/rosidl_typesupport_fastrtps_c/baxter_core_msgs/msg/detail/urdf_configuration__type_support_c.cpp.o
[ 56%] Building CXX object CMakeFiles/baxter_core_msgs__rosidl_typesupport_fastrtps_cpp.dir/rosidl_typesupport_fastrtps_cpp/baxter_core_msgs/msg/detail/dds_fastrtps/end_effector_state__type_support.cpp.o
[ 56%] Built target baxter_core_msgs__rosidl_typesupport_introspection_c
[ 56%] Building CXX object CMakeFiles/baxter_core_msgs__rosidl_typesupport_fastrtps_cpp.dir/rosidl_typesupport_fastrtps_cpp/baxter_core_msgs/msg/detail/dds_fastrtps/end_effector_properties__type_support.cpp.o
[ 56%] Building CXX object CMakeFiles/baxter_core_msgs__rosidl_typesupport_fastrtps_c.dir/rosidl_typesupport_fastrtps_c/baxter_core_msgs/msg/detail/navigator_states__type_support_c.cpp.o
[ 57%] Building CXX object CMakeFiles/baxter_core_msgs__rosidl_typesupport_fastrtps_c.dir/rosidl_typesupport_fastrtps_c/baxter_core_msgs/msg/detail/analog_io_state__type_support_c.cpp.o
[ 57%] Building CXX object CMakeFiles/baxter_core_msgs__rosidl_typesupport_fastrtps_c.dir/rosidl_typesupport_fastrtps_c/baxter_core_msgs/msg/detail/camera_settings__type_support_c.cpp.o
[ 57%] Building CXX object CMakeFiles/baxter_core_msgs__rosidl_typesupport_fastrtps_c.dir/rosidl_typesupport_fastrtps_c/baxter_core_msgs/msg/detail/joint_command__type_support_c.cpp.o
[ 58%] Building CXX object CMakeFiles/baxter_core_msgs__rosidl_typesupport_fastrtps_c.dir/rosidl_typesupport_fastrtps_c/baxter_core_msgs/msg/detail/digital_io_state__type_support_c.cpp.o
[ 58%] Building CXX object CMakeFiles/baxter_core_msgs__rosidl_typesupport_fastrtps_c.dir/rosidl_typesupport_fastrtps_c/baxter_core_msgs/msg/detail/robust_controller_status__type_support_c.cpp.o
[ 58%] Building CXX object CMakeFiles/baxter_core_msgs__rosidl_typesupport_fastrtps_c.dir/rosidl_typesupport_fastrtps_c/baxter_core_msgs/msg/detail/assembly_states__type_support_c.cpp.o
[ 59%] Building CXX object CMakeFiles/baxter_core_msgs__rosidl_typesupport_fastrtps_c.dir/rosidl_typesupport_fastrtps_c/baxter_core_msgs/msg/detail/digital_output_command__type_support_c.cpp.o
[ 59%] Building CXX object CMakeFiles/baxter_core_msgs__rosidl_typesupport_fastrtps_c.dir/rosidl_typesupport_fastrtps_c/baxter_core_msgs/msg/detail/head_pan_command__type_support_c.cpp.o
[ 60%] Building CXX object CMakeFiles/baxter_core_msgs__rosidl_typesupport_fastrtps_c.dir/rosidl_typesupport_fastrtps_c/baxter_core_msgs/msg/detail/assembly_state__type_support_c.cpp.o
[ 60%] Building CXX object CMakeFiles/baxter_core_msgs__rosidl_typesupport_fastrtps_c.dir/rosidl_typesupport_fastrtps_c/baxter_core_msgs/msg/detail/head_state__type_support_c.cpp.o
[ 61%] Building CXX object CMakeFiles/baxter_core_msgs__rosidl_typesupport_introspection_cpp.dir/rosidl_typesupport_introspection_cpp/baxter_core_msgs/msg/detail/digital_io_states__type_support.cpp.o
[ 61%] Building CXX object CMakeFiles/baxter_core_msgs__rosidl_typesupport_fastrtps_c.dir/rosidl_typesupport_fastrtps_c/baxter_core_msgs/msg/detail/analog_io_states__type_support_c.cpp.o
[ 61%] Building CXX object CMakeFiles/baxter_core_msgs__rosidl_typesupport_introspection_cpp.dir/rosidl_typesupport_introspection_cpp/baxter_core_msgs/msg/detail/end_effector_command__type_support.cpp.o
[ 62%] Building CXX object CMakeFiles/baxter_core_msgs__rosidl_typesupport_fastrtps_cpp.dir/rosidl_typesupport_fastrtps_cpp/baxter_core_msgs/msg/detail/dds_fastrtps/digital_io_states__type_support.cpp.o
[ 62%] Building CXX object CMakeFiles/baxter_core_msgs__rosidl_typesupport_fastrtps_cpp.dir/rosidl_typesupport_fastrtps_cpp/baxter_core_msgs/msg/detail/dds_fastrtps/end_effector_command__type_support.cpp.o
[ 63%] Building CXX object CMakeFiles/baxter_core_msgs__rosidl_typesupport_fastrtps_c.dir/rosidl_typesupport_fastrtps_c/baxter_core_msgs/msg/detail/bridge_publisher__type_support_c.cpp.o
[ 63%] Building CXX object CMakeFiles/baxter_core_msgs__rosidl_typesupport_fastrtps_cpp.dir/rosidl_typesupport_fastrtps_cpp/baxter_core_msgs/msg/detail/dds_fastrtps/navigator_state__type_support.cpp.o
[ 63%] Building CXX object CMakeFiles/baxter_core_msgs__rosidl_typesupport_fastrtps_c.dir/rosidl_typesupport_fastrtps_c/baxter_core_msgs/msg/detail/endpoint_states__type_support_c.cpp.o
[ 63%] Building CXX object CMakeFiles/baxter_core_msgs__rosidl_typesupport_fastrtps_c.dir/rosidl_typesupport_fastrtps_c/baxter_core_msgs/srv/detail/list_cameras__type_support_c.cpp.o
[ 64%] Building CXX object CMakeFiles/baxter_core_msgs__rosidl_typesupport_fastrtps_c.dir/rosidl_typesupport_fastrtps_c/baxter_core_msgs/srv/detail/close_camera__type_support_c.cpp.o
[ 65%] Building CXX object CMakeFiles/baxter_core_msgs__rosidl_typesupport_fastrtps_c.dir/rosidl_typesupport_fastrtps_c/baxter_core_msgs/srv/detail/bridge_publishers_auth__type_support_c.cpp.o
[ 65%] Building CXX object CMakeFiles/baxter_core_msgs__rosidl_typesupport_fastrtps_c.dir/rosidl_typesupport_fastrtps_c/baxter_core_msgs/srv/detail/bridge_publishers_force__type_support_c.cpp.o
[ 65%] Building CXX object CMakeFiles/baxter_core_msgs__rosidl_typesupport_fastrtps_c.dir/rosidl_typesupport_fastrtps_c/baxter_core_msgs/srv/detail/open_camera__type_support_c.cpp.o
[ 65%] Building CXX object CMakeFiles/baxter_core_msgs__rosidl_typesupport_fastrtps_c.dir/rosidl_typesupport_fastrtps_c/baxter_core_msgs/srv/detail/solve_position_ik__type_support_c.cpp.o
[ 66%] Building CXX object CMakeFiles/baxter_core_msgs__rosidl_typesupport_fastrtps_cpp.dir/rosidl_typesupport_fastrtps_cpp/baxter_core_msgs/msg/detail/dds_fastrtps/analog_output_command__type_support.cpp.o
[ 66%] Building CXX object CMakeFiles/baxter_core_msgs__rosidl_typesupport_fastrtps_cpp.dir/rosidl_typesupport_fastrtps_cpp/baxter_core_msgs/msg/detail/dds_fastrtps/endpoint_state__type_support.cpp.o
[ 66%] Building CXX object CMakeFiles/baxter_core_msgs__rosidl_typesupport_introspection_cpp.dir/rosidl_typesupport_introspection_cpp/baxter_core_msgs/msg/detail/navigator_state__type_support.cpp.o
[ 67%] Building CXX object CMakeFiles/baxter_core_msgs__rosidl_typesupport_introspection_cpp.dir/rosidl_typesupport_introspection_cpp/baxter_core_msgs/msg/detail/analog_output_command__type_support.cpp.o
[ 67%] Building CXX object CMakeFiles/baxter_core_msgs__rosidl_typesupport_introspection_cpp.dir/rosidl_typesupport_introspection_cpp/baxter_core_msgs/msg/detail/endpoint_state__type_support.cpp.o
[ 67%] Building CXX object CMakeFiles/baxter_core_msgs__rosidl_typesupport_fastrtps_cpp.dir/rosidl_typesupport_fastrtps_cpp/baxter_core_msgs/msg/detail/dds_fastrtps/collision_detection_state__type_support.cpp.o
[ 68%] Building CXX object CMakeFiles/baxter_core_msgs__rosidl_typesupport_fastrtps_cpp.dir/rosidl_typesupport_fastrtps_cpp/baxter_core_msgs/msg/detail/dds_fastrtps/sea_joint_state__type_support.cpp.o
[ 69%] Building CXX object CMakeFiles/baxter_core_msgs__rosidl_typesupport_introspection_cpp.dir/rosidl_typesupport_introspection_cpp/baxter_core_msgs/msg/detail/collision_detection_state__type_support.cpp.o
[ 69%] Building CXX object CMakeFiles/baxter_core_msgs__rosidl_typesupport_introspection_cpp.dir/rosidl_typesupport_introspection_cpp/baxter_core_msgs/msg/detail/sea_joint_state__type_support.cpp.o
[ 69%] Building CXX object CMakeFiles/baxter_core_msgs__rosidl_typesupport_fastrtps_cpp.dir/rosidl_typesupport_fastrtps_cpp/baxter_core_msgs/msg/detail/dds_fastrtps/collision_avoidance_state__type_support.cpp.o
[ 70%] Building CXX object CMakeFiles/baxter_core_msgs__rosidl_typesupport_fastrtps_cpp.dir/rosidl_typesupport_fastrtps_cpp/baxter_core_msgs/msg/detail/dds_fastrtps/urdf_configuration__type_support.cpp.o
[ 70%] Building CXX object CMakeFiles/baxter_core_msgs__rosidl_typesupport_fastrtps_cpp.dir/rosidl_typesupport_fastrtps_cpp/baxter_core_msgs/msg/detail/dds_fastrtps/camera_control__type_support.cpp.o
[ 70%] Building CXX object CMakeFiles/baxter_core_msgs__rosidl_typesupport_fastrtps_cpp.dir/rosidl_typesupport_fastrtps_cpp/baxter_core_msgs/msg/detail/dds_fastrtps/navigator_states__type_support.cpp.o
[ 71%] Building CXX object CMakeFiles/baxter_core_msgs__rosidl_typesupport_fastrtps_cpp.dir/rosidl_typesupport_fastrtps_cpp/baxter_core_msgs/msg/detail/dds_fastrtps/analog_io_state__type_support.cpp.o
[ 72%] Linking CXX shared library libbaxter_core_msgs__rosidl_typesupport_fastrtps_c.so
[ 72%] Building CXX object CMakeFiles/baxter_core_msgs__rosidl_typesupport_introspection_cpp.dir/rosidl_typesupport_introspection_cpp/baxter_core_msgs/msg/detail/collision_avoidance_state__type_support.cpp.o
[ 72%] Building CXX object CMakeFiles/baxter_core_msgs__rosidl_typesupport_fastrtps_cpp.dir/rosidl_typesupport_fastrtps_cpp/baxter_core_msgs/msg/detail/dds_fastrtps/camera_settings__type_support.cpp.o
[ 72%] Built target baxter_core_msgs__rosidl_typesupport_fastrtps_c
[ 73%] Building CXX object CMakeFiles/baxter_core_msgs__rosidl_typesupport_fastrtps_cpp.dir/rosidl_typesupport_fastrtps_cpp/baxter_core_msgs/msg/detail/dds_fastrtps/digital_io_state__type_support.cpp.o
[ 73%] Building CXX object CMakeFiles/baxter_core_msgs__rosidl_typesupport_fastrtps_cpp.dir/rosidl_typesupport_fastrtps_cpp/baxter_core_msgs/msg/detail/dds_fastrtps/joint_command__type_support.cpp.o
[ 74%] Building CXX object CMakeFiles/baxter_core_msgs__rosidl_typesupport_introspection_cpp.dir/rosidl_typesupport_introspection_cpp/baxter_core_msgs/msg/detail/urdf_configuration__type_support.cpp.o
[ 74%] Building CXX object CMakeFiles/baxter_core_msgs__rosidl_typesupport_introspection_cpp.dir/rosidl_typesupport_introspection_cpp/baxter_core_msgs/msg/detail/camera_control__type_support.cpp.o
[ 75%] Building CXX object CMakeFiles/baxter_core_msgs__rosidl_typesupport_introspection_cpp.dir/rosidl_typesupport_introspection_cpp/baxter_core_msgs/msg/detail/analog_io_state__type_support.cpp.o
[ 75%] Building CXX object CMakeFiles/baxter_core_msgs__rosidl_typesupport_introspection_cpp.dir/rosidl_typesupport_introspection_cpp/baxter_core_msgs/msg/detail/navigator_states__type_support.cpp.o
[ 75%] Building CXX object CMakeFiles/baxter_core_msgs__rosidl_typesupport_fastrtps_cpp.dir/rosidl_typesupport_fastrtps_cpp/baxter_core_msgs/msg/detail/dds_fastrtps/robust_controller_status__type_support.cpp.o
[ 75%] Building CXX object CMakeFiles/baxter_core_msgs__rosidl_typesupport_fastrtps_cpp.dir/rosidl_typesupport_fastrtps_cpp/baxter_core_msgs/msg/detail/dds_fastrtps/assembly_states__type_support.cpp.o
[ 76%] Building CXX object CMakeFiles/baxter_core_msgs__rosidl_typesupport_fastrtps_cpp.dir/rosidl_typesupport_fastrtps_cpp/baxter_core_msgs/msg/detail/dds_fastrtps/digital_output_command__type_support.cpp.o
[ 76%] Building CXX object CMakeFiles/baxter_core_msgs__rosidl_typesupport_fastrtps_cpp.dir/rosidl_typesupport_fastrtps_cpp/baxter_core_msgs/msg/detail/dds_fastrtps/head_pan_command__type_support.cpp.o
[ 76%] Building CXX object CMakeFiles/baxter_core_msgs__rosidl_typesupport_fastrtps_cpp.dir/rosidl_typesupport_fastrtps_cpp/baxter_core_msgs/msg/detail/dds_fastrtps/assembly_state__type_support.cpp.o
[ 76%] Building CXX object CMakeFiles/baxter_core_msgs__rosidl_typesupport_introspection_cpp.dir/rosidl_typesupport_introspection_cpp/baxter_core_msgs/msg/detail/camera_settings__type_support.cpp.o
[ 77%] Building CXX object CMakeFiles/baxter_core_msgs__rosidl_typesupport_fastrtps_cpp.dir/rosidl_typesupport_fastrtps_cpp/baxter_core_msgs/msg/detail/dds_fastrtps/head_state__type_support.cpp.o
[ 77%] Building CXX object CMakeFiles/baxter_core_msgs__rosidl_typesupport_fastrtps_cpp.dir/rosidl_typesupport_fastrtps_cpp/baxter_core_msgs/msg/detail/dds_fastrtps/analog_io_states__type_support.cpp.o
[ 77%] Building CXX object CMakeFiles/baxter_core_msgs__rosidl_typesupport_introspection_cpp.dir/rosidl_typesupport_introspection_cpp/baxter_core_msgs/msg/detail/joint_command__type_support.cpp.o
[ 77%] Building CXX object CMakeFiles/baxter_core_msgs__rosidl_typesupport_fastrtps_cpp.dir/rosidl_typesupport_fastrtps_cpp/baxter_core_msgs/msg/detail/dds_fastrtps/endpoint_states__type_support.cpp.o
[ 78%] Building CXX object CMakeFiles/baxter_core_msgs__rosidl_typesupport_fastrtps_cpp.dir/rosidl_typesupport_fastrtps_cpp/baxter_core_msgs/msg/detail/dds_fastrtps/bridge_publisher__type_support.cpp.o
[ 79%] Building CXX object CMakeFiles/baxter_core_msgs__rosidl_typesupport_introspection_cpp.dir/rosidl_typesupport_introspection_cpp/baxter_core_msgs/msg/detail/digital_io_state__type_support.cpp.o
[ 79%] Building CXX object CMakeFiles/baxter_core_msgs__rosidl_typesupport_introspection_cpp.dir/rosidl_typesupport_introspection_cpp/baxter_core_msgs/msg/detail/robust_controller_status__type_support.cpp.o
[ 79%] Building CXX object CMakeFiles/baxter_core_msgs__rosidl_typesupport_introspection_cpp.dir/rosidl_typesupport_introspection_cpp/baxter_core_msgs/msg/detail/assembly_states__type_support.cpp.o
[ 79%] Building CXX object CMakeFiles/baxter_core_msgs__rosidl_typesupport_fastrtps_cpp.dir/rosidl_typesupport_fastrtps_cpp/baxter_core_msgs/srv/detail/dds_fastrtps/list_cameras__type_support.cpp.o
[ 80%] Building CXX object CMakeFiles/baxter_core_msgs__rosidl_typesupport_fastrtps_cpp.dir/rosidl_typesupport_fastrtps_cpp/baxter_core_msgs/srv/detail/dds_fastrtps/close_camera__type_support.cpp.o
[ 80%] Building CXX object CMakeFiles/baxter_core_msgs__rosidl_typesupport_fastrtps_cpp.dir/rosidl_typesupport_fastrtps_cpp/baxter_core_msgs/srv/detail/dds_fastrtps/open_camera__type_support.cpp.o
[ 80%] Building CXX object CMakeFiles/baxter_core_msgs__rosidl_typesupport_fastrtps_cpp.dir/rosidl_typesupport_fastrtps_cpp/baxter_core_msgs/srv/detail/dds_fastrtps/bridge_publishers_force__type_support.cpp.o
[ 81%] Building CXX object CMakeFiles/baxter_core_msgs__rosidl_typesupport_fastrtps_cpp.dir/rosidl_typesupport_fastrtps_cpp/baxter_core_msgs/srv/detail/dds_fastrtps/bridge_publishers_auth__type_support.cpp.o
[ 82%] Building CXX object CMakeFiles/baxter_core_msgs__rosidl_typesupport_introspection_cpp.dir/rosidl_typesupport_introspection_cpp/baxter_core_msgs/msg/detail/digital_output_command__type_support.cpp.o
[ 82%] Building CXX object CMakeFiles/baxter_core_msgs__rosidl_typesupport_introspection_cpp.dir/rosidl_typesupport_introspection_cpp/baxter_core_msgs/msg/detail/head_pan_command__type_support.cpp.o
[ 82%] Building CXX object CMakeFiles/baxter_core_msgs__rosidl_typesupport_fastrtps_cpp.dir/rosidl_typesupport_fastrtps_cpp/baxter_core_msgs/srv/detail/dds_fastrtps/solve_position_ik__type_support.cpp.o
[ 83%] Building CXX object CMakeFiles/baxter_core_msgs__rosidl_typesupport_introspection_cpp.dir/rosidl_typesupport_introspection_cpp/baxter_core_msgs/msg/detail/assembly_state__type_support.cpp.o
[ 83%] Building CXX object CMakeFiles/baxter_core_msgs__rosidl_typesupport_introspection_cpp.dir/rosidl_typesupport_introspection_cpp/baxter_core_msgs/msg/detail/head_state__type_support.cpp.o
[ 83%] Building CXX object CMakeFiles/baxter_core_msgs__rosidl_typesupport_introspection_cpp.dir/rosidl_typesupport_introspection_cpp/baxter_core_msgs/msg/detail/analog_io_states__type_support.cpp.o
[ 84%] Building CXX object CMakeFiles/baxter_core_msgs__rosidl_typesupport_introspection_cpp.dir/rosidl_typesupport_introspection_cpp/baxter_core_msgs/msg/detail/bridge_publisher__type_support.cpp.o
[ 84%] Building CXX object CMakeFiles/baxter_core_msgs__rosidl_typesupport_introspection_cpp.dir/rosidl_typesupport_introspection_cpp/baxter_core_msgs/msg/detail/endpoint_states__type_support.cpp.o
[ 84%] Building CXX object CMakeFiles/baxter_core_msgs__rosidl_typesupport_introspection_cpp.dir/rosidl_typesupport_introspection_cpp/baxter_core_msgs/srv/detail/list_cameras__type_support.cpp.o
[ 85%] Building CXX object CMakeFiles/baxter_core_msgs__rosidl_typesupport_introspection_cpp.dir/rosidl_typesupport_introspection_cpp/baxter_core_msgs/srv/detail/close_camera__type_support.cpp.o
[ 85%] Building CXX object CMakeFiles/baxter_core_msgs__rosidl_typesupport_introspection_cpp.dir/rosidl_typesupport_introspection_cpp/baxter_core_msgs/srv/detail/open_camera__type_support.cpp.o
[ 85%] Building CXX object CMakeFiles/baxter_core_msgs__rosidl_typesupport_introspection_cpp.dir/rosidl_typesupport_introspection_cpp/baxter_core_msgs/srv/detail/bridge_publishers_force__type_support.cpp.o
[ 86%] Building CXX object CMakeFiles/baxter_core_msgs__rosidl_typesupport_introspection_cpp.dir/rosidl_typesupport_introspection_cpp/baxter_core_msgs/srv/detail/bridge_publishers_auth__type_support.cpp.o
[ 86%] Building CXX object CMakeFiles/baxter_core_msgs__rosidl_typesupport_introspection_cpp.dir/rosidl_typesupport_introspection_cpp/baxter_core_msgs/srv/detail/solve_position_ik__type_support.cpp.o
[ 86%] Linking CXX shared library libbaxter_core_msgs__rosidl_typesupport_fastrtps_cpp.so
[ 86%] Built target baxter_core_msgs__rosidl_typesupport_fastrtps_cpp
[ 87%] Linking CXX shared library libbaxter_core_msgs__rosidl_typesupport_introspection_cpp.so
[ 87%] Built target baxter_core_msgs__rosidl_typesupport_introspection_cpp
[ 87%] Built target baxter_core_msgs
[ 87%] Generating Python code for ROS interfaces
[ 87%] Built target baxter_core_msgs__py
[ 87%] Building C object CMakeFiles/baxter_core_msgs__rosidl_generator_py.dir/rosidl_generator_py/baxter_core_msgs/msg/_navigator_state_s.c.o
[ 88%] Building C object CMakeFiles/baxter_core_msgs__rosidl_generator_py.dir/rosidl_generator_py/baxter_core_msgs/msg/_end_effector_state_s.c.o
[ 88%] Building C object CMakeFiles/baxter_core_msgs__rosidl_generator_py.dir/rosidl_generator_py/baxter_core_msgs/msg/_digital_io_states_s.c.o
[ 90%] Building C object CMakeFiles/baxter_core_msgs__rosidl_generator_py.dir/rosidl_generator_py/baxter_core_msgs/msg/_analog_output_command_s.c.o
[ 90%] Building C object CMakeFiles/baxter_core_msgs__rosidl_generator_py.dir/rosidl_generator_py/baxter_core_msgs/msg/_end_effector_command_s.c.o
[ 90%] Building C object CMakeFiles/baxter_core_msgs__rosidl_generator_py.dir/rosidl_generator_py/baxter_core_msgs/msg/_endpoint_state_s.c.o
[ 90%] Building C object CMakeFiles/baxter_core_msgs__rosidl_generator_py.dir/rosidl_generator_py/baxter_core_msgs/msg/_collision_detection_state_s.c.o
[ 90%] Building C object CMakeFiles/baxter_core_msgs__rosidl_generator_py.dir/rosidl_generator_py/baxter_core_msgs/msg/_end_effector_properties_s.c.o
[ 91%] Building C object CMakeFiles/baxter_core_msgs__rosidl_generator_py.dir/rosidl_generator_py/baxter_core_msgs/msg/_sea_joint_state_s.c.o
[ 91%] Building C object CMakeFiles/baxter_core_msgs__rosidl_generator_py.dir/rosidl_generator_py/baxter_core_msgs/msg/_urdf_configuration_s.c.o
[ 91%] Building C object CMakeFiles/baxter_core_msgs__rosidl_generator_py.dir/rosidl_generator_py/baxter_core_msgs/msg/_collision_avoidance_state_s.c.o
[ 92%] Building C object CMakeFiles/baxter_core_msgs__rosidl_generator_py.dir/rosidl_generator_py/baxter_core_msgs/msg/_camera_control_s.c.o
[ 92%] Building C object CMakeFiles/baxter_core_msgs__rosidl_generator_py.dir/rosidl_generator_py/baxter_core_msgs/msg/_navigator_states_s.c.o
[ 92%] Building C object CMakeFiles/baxter_core_msgs__rosidl_generator_py.dir/rosidl_generator_py/baxter_core_msgs/msg/_analog_io_state_s.c.o
[ 93%] Building C object CMakeFiles/baxter_core_msgs__rosidl_generator_py.dir/rosidl_generator_py/baxter_core_msgs/msg/_camera_settings_s.c.o
[ 93%] Building C object CMakeFiles/baxter_core_msgs__rosidl_generator_py.dir/rosidl_generator_py/baxter_core_msgs/msg/_joint_command_s.c.o
[ 93%] Building C object CMakeFiles/baxter_core_msgs__rosidl_generator_py.dir/rosidl_generator_py/baxter_core_msgs/msg/_digital_io_state_s.c.o
[ 94%] Building C object CMakeFiles/baxter_core_msgs__rosidl_generator_py.dir/rosidl_generator_py/baxter_core_msgs/msg/_robust_controller_status_s.c.o
[ 94%] Building C object CMakeFiles/baxter_core_msgs__rosidl_generator_py.dir/rosidl_generator_py/baxter_core_msgs/msg/_assembly_states_s.c.o
[ 94%] Building C object CMakeFiles/baxter_core_msgs__rosidl_generator_py.dir/rosidl_generator_py/baxter_core_msgs/msg/_head_pan_command_s.c.o
[ 95%] Building C object CMakeFiles/baxter_core_msgs__rosidl_generator_py.dir/rosidl_generator_py/baxter_core_msgs/msg/_digital_output_command_s.c.o
[ 95%] Building C object CMakeFiles/baxter_core_msgs__rosidl_generator_py.dir/rosidl_generator_py/baxter_core_msgs/msg/_assembly_state_s.c.o
[ 95%] Building C object CMakeFiles/baxter_core_msgs__rosidl_generator_py.dir/rosidl_generator_py/baxter_core_msgs/msg/_bridge_publisher_s.c.o
[ 95%] Building C object CMakeFiles/baxter_core_msgs__rosidl_generator_py.dir/rosidl_generator_py/baxter_core_msgs/msg/_analog_io_states_s.c.o
[ 96%] Building C object CMakeFiles/baxter_core_msgs__rosidl_generator_py.dir/rosidl_generator_py/baxter_core_msgs/msg/_endpoint_states_s.c.o
[ 97%] Building C object CMakeFiles/baxter_core_msgs__rosidl_generator_py.dir/rosidl_generator_py/baxter_core_msgs/msg/_head_state_s.c.o
[ 97%] Building C object CMakeFiles/baxter_core_msgs__rosidl_generator_py.dir/rosidl_generator_py/baxter_core_msgs/srv/_list_cameras_s.c.o
[ 97%] Building C object CMakeFiles/baxter_core_msgs__rosidl_generator_py.dir/rosidl_generator_py/baxter_core_msgs/srv/_close_camera_s.c.o
[ 98%] Building C object CMakeFiles/baxter_core_msgs__rosidl_generator_py.dir/rosidl_generator_py/baxter_core_msgs/srv/_open_camera_s.c.o
[ 98%] Building C object CMakeFiles/baxter_core_msgs__rosidl_generator_py.dir/rosidl_generator_py/baxter_core_msgs/srv/_bridge_publishers_force_s.c.o
[ 99%] Building C object CMakeFiles/baxter_core_msgs__rosidl_generator_py.dir/rosidl_generator_py/baxter_core_msgs/srv/_bridge_publishers_auth_s.c.o
[ 99%] Building C object CMakeFiles/baxter_core_msgs__rosidl_generator_py.dir/rosidl_generator_py/baxter_core_msgs/srv/_solve_position_ik_s.c.o
[ 99%] Linking C shared library rosidl_generator_py/baxter_core_msgs/libbaxter_core_msgs__rosidl_generator_py.so
[ 99%] Built target baxter_core_msgs__rosidl_generator_py
[ 99%] Building C object CMakeFiles/baxter_core_msgs__rosidl_typesupport_fastrtps_c__pyext.dir/rosidl_generator_py/baxter_core_msgs/_baxter_core_msgs_s.ep.rosidl_typesupport_fastrtps_c.c.o
[100%] Building C object CMakeFiles/baxter_core_msgs__rosidl_typesupport_c__pyext.dir/rosidl_generator_py/baxter_core_msgs/_baxter_core_msgs_s.ep.rosidl_typesupport_c.c.o
[100%] Building C object CMakeFiles/baxter_core_msgs__rosidl_typesupport_introspection_c__pyext.dir/rosidl_generator_py/baxter_core_msgs/_baxter_core_msgs_s.ep.rosidl_typesupport_introspection_c.c.o
[100%] Linking C shared library rosidl_generator_py/baxter_core_msgs/baxter_core_msgs_s__rosidl_typesupport_c.cpython-310-x86_64-linux-gnu.so
[100%] Linking C shared library rosidl_generator_py/baxter_core_msgs/baxter_core_msgs_s__rosidl_typesupport_fastrtps_c.cpython-310-x86_64-linux-gnu.so
[100%] Linking C shared library rosidl_generator_py/baxter_core_msgs/baxter_core_msgs_s__rosidl_typesupport_introspection_c.cpython-310-x86_64-linux-gnu.so
[100%] Built target baxter_core_msgs__rosidl_typesupport_c__pyext
[100%] Built target baxter_core_msgs__rosidl_typesupport_fastrtps_c__pyext
[100%] Built target baxter_core_msgs__rosidl_typesupport_introspection_c__pyext
