[0.008s] Invoking command in '/shared_ws/build/baxter_bridge': AMENT_PREFIX_PATH=/shared_ws/install/baxter_maintenance_msgs:/shared_ws/install/baxter_core_msgs:${AMENT_PREFIX_PATH} CMAKE_PREFIX_PATH=/shared_ws/install/baxter_maintenance_msgs:/shared_ws/install/baxter_core_msgs:/opt/ros/humble LD_LIBRARY_PATH=/shared_ws/install/baxter_maintenance_msgs/lib:/shared_ws/install/baxter_core_msgs/lib:${LD_LIBRARY_PATH} PYTHONPATH=/shared_ws/install/baxter_maintenance_msgs/local/lib/python3.10/dist-packages:/shared_ws/install/baxter_core_msgs/local/lib/python3.10/dist-packages:${PYTHONPATH} /usr/bin/cmake /shared_ws/src/baxter_bridge -DCMAKE_INSTALL_PREFIX=/shared_ws/install/baxter_bridge
[0.017s] -- Found ament_cmake_auto: 1.3.11 (/opt/ros/humble/share/ament_cmake_auto/cmake)
[0.159s] -- Using all available rosidl_typesupport_c: rosidl_typesupport_fastrtps_c;rosidl_typesupport_introspection_c
[0.161s] -- Found rosidl_adapter: 3.1.6 (/opt/ros/humble/share/rosidl_adapter/cmake)
[0.181s] -- Using all available rosidl_typesupport_cpp: rosidl_typesupport_fastrtps_cpp;rosidl_typesupport_introspection_cpp
[0.237s] -- Found rmw_implementation_cmake: 6.1.2 (/opt/ros/humble/share/rmw_implementation_cmake/cmake)
[0.239s] -- Found rmw_fastrtps_cpp: 6.2.7 (/opt/ros/humble/share/rmw_fastrtps_cpp/cmake)
[0.304s] -- Using RMW implementation 'rmw_fastrtps_cpp' as default
[0.425s] -- Found eigen3_cmake_module: 0.1.1 (/opt/ros/humble/share/eigen3_cmake_module/cmake)
[0.426s] -- Ensuring Eigen3 include directory is part of orocos-kdl CMake target
[0.629s] -- Found ament_cmake_ros: 0.10.0 (/opt/ros/humble/share/ament_cmake_ros/cmake)
[0.732s] -- Using all available rosidl_typesupport_c: rosidl_typesupport_fastrtps_c;rosidl_typesupport_introspection_c
[0.887s] -- Using all available rosidl_typesupport_cpp: rosidl_typesupport_fastrtps_cpp;rosidl_typesupport_introspection_cpp
[0.898s] -- Found python_cmake_module: 0.10.0 (/opt/ros/humble/share/python_cmake_module/cmake)
[0.909s] -- Using PYTHON_EXECUTABLE: /usr/bin/python3
[0.909s] -- Using PYTHON_INCLUDE_DIRS: /usr/include/python3.10
[0.909s] -- Using PYTHON_LIBRARIES: /usr/lib/x86_64-linux-gnu/libpython3.10.so
[0.922s] CMake Error at CMakeLists.txt:50 (find_package):
[0.922s]   By not providing "FindOpenCV.cmake" in CMAKE_MODULE_PATH this project has
[0.922s]   asked CMake to find a package configuration file provided by "OpenCV", but
[0.922s]   CMake did not find one.
[0.922s] 
[0.922s]   Could not find a package configuration file provided by "OpenCV" with any
[0.922s]   of the following names:
[0.922s] 
[0.922s]     OpenCVConfig.cmake
[0.922s]     opencv-config.cmake
[0.922s] 
[0.922s]   Add the installation prefix of "OpenCV" to CMAKE_PREFIX_PATH or set
[0.922s]   "OpenCV_DIR" to a directory containing one of the above files.  If "OpenCV"
[0.922s]   provides a separate development package or SDK, be sure it has been
[0.922s]   installed.
[0.922s] 
[0.923s] 
[0.923s] -- Configuring incomplete, errors occurred!
[0.923s] See also "/shared_ws/build/baxter_bridge/CMakeFiles/CMakeOutput.log".
[0.927s] Invoked command in '/shared_ws/build/baxter_bridge' returned '1': AMENT_PREFIX_PATH=/shared_ws/install/baxter_maintenance_msgs:/shared_ws/install/baxter_core_msgs:${AMENT_PREFIX_PATH} CMAKE_PREFIX_PATH=/shared_ws/install/baxter_maintenance_msgs:/shared_ws/install/baxter_core_msgs:/opt/ros/humble LD_LIBRARY_PATH=/shared_ws/install/baxter_maintenance_msgs/lib:/shared_ws/install/baxter_core_msgs/lib:${LD_LIBRARY_PATH} PYTHONPATH=/shared_ws/install/baxter_maintenance_msgs/local/lib/python3.10/dist-packages:/shared_ws/install/baxter_core_msgs/local/lib/python3.10/dist-packages:${PYTHONPATH} /usr/bin/cmake /shared_ws/src/baxter_bridge -DCMAKE_INSTALL_PREFIX=/shared_ws/install/baxter_bridge
